<?xml version="1.0" encoding="utf-8" ?>
<!DOCTYPE html PUBLIC "-//W3C//DTD XHTML 1.0 Strict//EN"
        "http://www.w3.org/TR/xhtml1/DTD/xhtml1-strict.dtd">
<html xmlns="http://www.w3.org/1999/xhtml" xml:lang="" lang="">
<head>
  <title>Test Results Report - Run test on Chrome browser</title>
  <meta http-equiv="Content-Type" content="text/html;charset=utf-8" />
  <meta name="description" content="TestNG unit test results." />
  <link href="reportng.css" rel="stylesheet" type="text/css" />
    <script type="text/javascript" src="reportng.js"></script>
</head>
<body>
<h1>Run test on Chrome browser</h1>
<p>
  Test duration: 1867.994s
</p>



  <table class="resultsTable">
    <tr><th colspan="3" class="header failed">Failed Tests</th></tr>
          <tr>
        <td colspan="3" class="group">uk.co.sytner.hompage.JumpPoint</td>
      </tr>
            
<tr>
  <td class="method">
                  TC_18_JumpPoints_001_Alpina
      </td>
  <td class="duration">
    30.273s
  </td>
  <td class="result">
        
    
            <div class="testOutput">
                        2020-09-20 19:50:48,323 INFO&nbsp; uk.co.sytner.hompage.JumpPoint - JumpPoint Alpine - VP: Verify if Alpina jump point is displayed<br/>
<br />
                                2020-09-20 19:50:48,361 INFO&nbsp; uk.co.sytner.hompage.JumpPoint - ===PASSED==<br/>
<br />
                                2020-09-20 19:50:48,361 INFO&nbsp; uk.co.sytner.hompage.JumpPoint - JumpPoint Alpine - Step 01: Move On Alpina jump point<br/>
<br />
                  </div>
    

        <a href="javascript:toggleElement('exception-0', 'block')" title="Click to expand/collapse"><b>org.openqa.selenium.TimeoutException: Expected condition failed: waiting for visibility of element located by By.xpath: //div[contains(@class, &apos;jump module alpina&apos;)]//span[@class = &apos;content&apos;] (tried for 30 second(s) with 500 MILLISECONDS interval)<br/>
Build info: version: &apos;3.9.1&apos;, revision: &apos;63f7b50&apos;, time: &apos;2018-02-07T22:25:02.294Z&apos;<br/>
System info: host: &apos;S056005530&apos;, ip: &apos;10.0.0.222&apos;, os.name: &apos;Windows 10&apos;, os.arch: &apos;amd64&apos;, os.version: &apos;10.0&apos;, java.version: &apos;1.8.0_261&apos;<br/>
Driver info: org.openqa.selenium.chrome.ChromeDriver<br/>
Capabilities {acceptInsecureCerts: false, browserName: chrome, browserVersion: 85.0.4183.102, chrome: {chromedriverVersion: 85.0.4183.87 (cd6713ebf92fa..., userDataDir: C:\Users\TRI~1.NGU\AppData\...}, goog:chromeOptions: {debuggerAddress: localhost:58794}, javascriptEnabled: true, networkConnectionEnabled: false, pageLoadStrategy: normal, platform: WINDOWS, platformName: WINDOWS, proxy: Proxy(), setWindowRect: true, strictFileInteractability: false, timeouts: {implicit: 0, pageLoad: 300000, script: 30000}, unhandledPromptBehavior: dismiss and notify, webauthn:virtualAuthenticators: true}<br/>
Session ID: 98e910f4238f751e82dbd12355e92feb</b></a><br />
    <div class="stackTrace" id="exception-0">
              org.openqa.selenium.support.ui.WebDriverWait.timeoutException(WebDriverWait.java:82)<br />
              org.openqa.selenium.support.ui.FluentWait.until(FluentWait.java:231)<br />
              commons.AbstractPage.hoverMouseToElement(AbstractPage.java:443)<br />
              pageobject.HomePageObjects.moveToAnyJumpPoint(HomePageObjects.java:34)<br />
              uk.co.sytner.hompage.JumpPoint.TC_18_JumpPoints_001_Alpina(JumpPoint.java:31)<br />
              sun.reflect.NativeMethodAccessorImpl.invoke0(Native Method)<br />
              sun.reflect.NativeMethodAccessorImpl.invoke(NativeMethodAccessorImpl.java:62)<br />
              sun.reflect.DelegatingMethodAccessorImpl.invoke(DelegatingMethodAccessorImpl.java:43)<br />
              java.lang.reflect.Method.invoke(Method.java:498)<br />
              org.testng.internal.MethodInvocationHelper.invokeMethod(MethodInvocationHelper.java:86)<br />
              org.testng.internal.Invoker.invokeMethod(Invoker.java:643)<br />
              org.testng.internal.Invoker.retryFailed(Invoker.java:967)<br />
              org.testng.internal.Invoker.invokeTestMethods(Invoker.java:1146)<br />
              org.testng.internal.TestMethodWorker.invokeTestMethods(TestMethodWorker.java:129)<br />
              org.testng.internal.TestMethodWorker.run(TestMethodWorker.java:112)<br />
              org.testng.TestRunner.privateRun(TestRunner.java:782)<br />
              org.testng.TestRunner.run(TestRunner.java:632)<br />
              org.testng.SuiteRunner.runTest(SuiteRunner.java:366)<br />
              org.testng.SuiteRunner.runSequentially(SuiteRunner.java:361)<br />
              org.testng.SuiteRunner.privateRun(SuiteRunner.java:319)<br />
              org.testng.SuiteRunner.run(SuiteRunner.java:268)<br />
              org.testng.SuiteRunnerWorker.runSuite(SuiteRunnerWorker.java:52)<br />
              org.testng.SuiteRunnerWorker.run(SuiteRunnerWorker.java:86)<br />
              org.testng.TestNG.runSuitesSequentially(TestNG.java:1244)<br />
              org.testng.TestNG.runSuitesLocally(TestNG.java:1169)<br />
              org.testng.TestNG.run(TestNG.java:1064)<br />
              org.apache.maven.surefire.testng.TestNGExecutor.run(TestNGExecutor.java:282)<br />
              org.apache.maven.surefire.testng.TestNGXmlTestSuite.execute(TestNGXmlTestSuite.java:83)<br />
              org.apache.maven.surefire.testng.TestNGProvider.invoke(TestNGProvider.java:114)<br />
              org.apache.maven.surefire.booter.ForkedBooter.invokeProviderInSameClassLoader(ForkedBooter.java:286)<br />
              org.apache.maven.surefire.booter.ForkedBooter.runSuitesInProcess(ForkedBooter.java:240)<br />
              org.apache.maven.surefire.booter.ForkedBooter.main(ForkedBooter.java:121)<br />
                </div>
      </td>
</tr>
<tr>
  <td class="method">
                  TC_19_JumpPoints_002_Audi
      </td>
  <td class="duration">
    30.291s
  </td>
  <td class="result">
        
    
            <div class="testOutput">
                        2020-09-20 19:52:18,998 INFO&nbsp; uk.co.sytner.hompage.JumpPoint - JumpPoint Alpine - VP: Verify if Audi jump point is displayed<br/>
<br />
                                2020-09-20 19:52:19,050 INFO&nbsp; uk.co.sytner.hompage.JumpPoint - ===PASSED==<br/>
<br />
                                2020-09-20 19:52:19,050 INFO&nbsp; uk.co.sytner.hompage.JumpPoint - JumpPoint Alpine - Step 01: Move On Audi jump point<br/>
<br />
                  </div>
    

        <a href="javascript:toggleElement('exception-1', 'block')" title="Click to expand/collapse"><b>org.openqa.selenium.TimeoutException: Expected condition failed: waiting for visibility of element located by By.xpath: //div[contains(@class, &apos;jump module audi&apos;)]//span[@class = &apos;content&apos;] (tried for 30 second(s) with 500 MILLISECONDS interval)<br/>
Build info: version: &apos;3.9.1&apos;, revision: &apos;63f7b50&apos;, time: &apos;2018-02-07T22:25:02.294Z&apos;<br/>
System info: host: &apos;S056005530&apos;, ip: &apos;10.0.0.222&apos;, os.name: &apos;Windows 10&apos;, os.arch: &apos;amd64&apos;, os.version: &apos;10.0&apos;, java.version: &apos;1.8.0_261&apos;<br/>
Driver info: org.openqa.selenium.chrome.ChromeDriver<br/>
Capabilities {acceptInsecureCerts: false, browserName: chrome, browserVersion: 85.0.4183.102, chrome: {chromedriverVersion: 85.0.4183.87 (cd6713ebf92fa..., userDataDir: C:\Users\TRI~1.NGU\AppData\...}, goog:chromeOptions: {debuggerAddress: localhost:58794}, javascriptEnabled: true, networkConnectionEnabled: false, pageLoadStrategy: normal, platform: WINDOWS, platformName: WINDOWS, proxy: Proxy(), setWindowRect: true, strictFileInteractability: false, timeouts: {implicit: 0, pageLoad: 300000, script: 30000}, unhandledPromptBehavior: dismiss and notify, webauthn:virtualAuthenticators: true}<br/>
Session ID: 98e910f4238f751e82dbd12355e92feb</b></a><br />
    <div class="stackTrace" id="exception-1">
              org.openqa.selenium.support.ui.WebDriverWait.timeoutException(WebDriverWait.java:82)<br />
              org.openqa.selenium.support.ui.FluentWait.until(FluentWait.java:231)<br />
              commons.AbstractPage.hoverMouseToElement(AbstractPage.java:443)<br />
              pageobject.HomePageObjects.moveToAnyJumpPoint(HomePageObjects.java:34)<br />
              uk.co.sytner.hompage.JumpPoint.TC_19_JumpPoints_002_Audi(JumpPoint.java:52)<br />
              sun.reflect.NativeMethodAccessorImpl.invoke0(Native Method)<br />
              sun.reflect.NativeMethodAccessorImpl.invoke(NativeMethodAccessorImpl.java:62)<br />
              sun.reflect.DelegatingMethodAccessorImpl.invoke(DelegatingMethodAccessorImpl.java:43)<br />
              java.lang.reflect.Method.invoke(Method.java:498)<br />
              org.testng.internal.MethodInvocationHelper.invokeMethod(MethodInvocationHelper.java:86)<br />
              org.testng.internal.Invoker.invokeMethod(Invoker.java:643)<br />
              org.testng.internal.Invoker.retryFailed(Invoker.java:967)<br />
              org.testng.internal.Invoker.invokeTestMethods(Invoker.java:1146)<br />
              org.testng.internal.TestMethodWorker.invokeTestMethods(TestMethodWorker.java:129)<br />
              org.testng.internal.TestMethodWorker.run(TestMethodWorker.java:112)<br />
              org.testng.TestRunner.privateRun(TestRunner.java:782)<br />
              org.testng.TestRunner.run(TestRunner.java:632)<br />
              org.testng.SuiteRunner.runTest(SuiteRunner.java:366)<br />
              org.testng.SuiteRunner.runSequentially(SuiteRunner.java:361)<br />
              org.testng.SuiteRunner.privateRun(SuiteRunner.java:319)<br />
              org.testng.SuiteRunner.run(SuiteRunner.java:268)<br />
              org.testng.SuiteRunnerWorker.runSuite(SuiteRunnerWorker.java:52)<br />
              org.testng.SuiteRunnerWorker.run(SuiteRunnerWorker.java:86)<br />
              org.testng.TestNG.runSuitesSequentially(TestNG.java:1244)<br />
              org.testng.TestNG.runSuitesLocally(TestNG.java:1169)<br />
              org.testng.TestNG.run(TestNG.java:1064)<br />
              org.apache.maven.surefire.testng.TestNGExecutor.run(TestNGExecutor.java:282)<br />
              org.apache.maven.surefire.testng.TestNGXmlTestSuite.execute(TestNGXmlTestSuite.java:83)<br />
              org.apache.maven.surefire.testng.TestNGProvider.invoke(TestNGProvider.java:114)<br />
              org.apache.maven.surefire.booter.ForkedBooter.invokeProviderInSameClassLoader(ForkedBooter.java:286)<br />
              org.apache.maven.surefire.booter.ForkedBooter.runSuitesInProcess(ForkedBooter.java:240)<br />
              org.apache.maven.surefire.booter.ForkedBooter.main(ForkedBooter.java:121)<br />
                </div>
      </td>
</tr>
<tr>
  <td class="method">
                  TC_20_JumpPoints_003_Bentley
      </td>
  <td class="duration">
    30.305s
  </td>
  <td class="result">
        
    
            <div class="testOutput">
                        2020-09-20 19:53:50,143 INFO&nbsp; uk.co.sytner.hompage.JumpPoint - JumpPoint Alpine - VP: Verify if Bentley jump point is displayed<br/>
<br />
                                2020-09-20 19:53:50,203 INFO&nbsp; uk.co.sytner.hompage.JumpPoint - ===PASSED==<br/>
<br />
                                2020-09-20 19:53:50,203 INFO&nbsp; uk.co.sytner.hompage.JumpPoint - JumpPoint Alpine - Step 01: Move On Bentley jump point<br/>
<br />
                  </div>
    

        <a href="javascript:toggleElement('exception-2', 'block')" title="Click to expand/collapse"><b>org.openqa.selenium.TimeoutException: Expected condition failed: waiting for visibility of element located by By.xpath: //div[contains(@class, &apos;jump module bentley&apos;)]//span[@class = &apos;content&apos;] (tried for 30 second(s) with 500 MILLISECONDS interval)<br/>
Build info: version: &apos;3.9.1&apos;, revision: &apos;63f7b50&apos;, time: &apos;2018-02-07T22:25:02.294Z&apos;<br/>
System info: host: &apos;S056005530&apos;, ip: &apos;10.0.0.222&apos;, os.name: &apos;Windows 10&apos;, os.arch: &apos;amd64&apos;, os.version: &apos;10.0&apos;, java.version: &apos;1.8.0_261&apos;<br/>
Driver info: org.openqa.selenium.chrome.ChromeDriver<br/>
Capabilities {acceptInsecureCerts: false, browserName: chrome, browserVersion: 85.0.4183.102, chrome: {chromedriverVersion: 85.0.4183.87 (cd6713ebf92fa..., userDataDir: C:\Users\TRI~1.NGU\AppData\...}, goog:chromeOptions: {debuggerAddress: localhost:58794}, javascriptEnabled: true, networkConnectionEnabled: false, pageLoadStrategy: normal, platform: WINDOWS, platformName: WINDOWS, proxy: Proxy(), setWindowRect: true, strictFileInteractability: false, timeouts: {implicit: 0, pageLoad: 300000, script: 30000}, unhandledPromptBehavior: dismiss and notify, webauthn:virtualAuthenticators: true}<br/>
Session ID: 98e910f4238f751e82dbd12355e92feb</b></a><br />
    <div class="stackTrace" id="exception-2">
              org.openqa.selenium.support.ui.WebDriverWait.timeoutException(WebDriverWait.java:82)<br />
              org.openqa.selenium.support.ui.FluentWait.until(FluentWait.java:231)<br />
              commons.AbstractPage.hoverMouseToElement(AbstractPage.java:443)<br />
              pageobject.HomePageObjects.moveToAnyJumpPoint(HomePageObjects.java:34)<br />
              uk.co.sytner.hompage.JumpPoint.TC_20_JumpPoints_003_Bentley(JumpPoint.java:73)<br />
              sun.reflect.NativeMethodAccessorImpl.invoke0(Native Method)<br />
              sun.reflect.NativeMethodAccessorImpl.invoke(NativeMethodAccessorImpl.java:62)<br />
              sun.reflect.DelegatingMethodAccessorImpl.invoke(DelegatingMethodAccessorImpl.java:43)<br />
              java.lang.reflect.Method.invoke(Method.java:498)<br />
              org.testng.internal.MethodInvocationHelper.invokeMethod(MethodInvocationHelper.java:86)<br />
              org.testng.internal.Invoker.invokeMethod(Invoker.java:643)<br />
              org.testng.internal.Invoker.retryFailed(Invoker.java:967)<br />
              org.testng.internal.Invoker.invokeTestMethods(Invoker.java:1146)<br />
              org.testng.internal.TestMethodWorker.invokeTestMethods(TestMethodWorker.java:129)<br />
              org.testng.internal.TestMethodWorker.run(TestMethodWorker.java:112)<br />
              org.testng.TestRunner.privateRun(TestRunner.java:782)<br />
              org.testng.TestRunner.run(TestRunner.java:632)<br />
              org.testng.SuiteRunner.runTest(SuiteRunner.java:366)<br />
              org.testng.SuiteRunner.runSequentially(SuiteRunner.java:361)<br />
              org.testng.SuiteRunner.privateRun(SuiteRunner.java:319)<br />
              org.testng.SuiteRunner.run(SuiteRunner.java:268)<br />
              org.testng.SuiteRunnerWorker.runSuite(SuiteRunnerWorker.java:52)<br />
              org.testng.SuiteRunnerWorker.run(SuiteRunnerWorker.java:86)<br />
              org.testng.TestNG.runSuitesSequentially(TestNG.java:1244)<br />
              org.testng.TestNG.runSuitesLocally(TestNG.java:1169)<br />
              org.testng.TestNG.run(TestNG.java:1064)<br />
              org.apache.maven.surefire.testng.TestNGExecutor.run(TestNGExecutor.java:282)<br />
              org.apache.maven.surefire.testng.TestNGXmlTestSuite.execute(TestNGXmlTestSuite.java:83)<br />
              org.apache.maven.surefire.testng.TestNGProvider.invoke(TestNGProvider.java:114)<br />
              org.apache.maven.surefire.booter.ForkedBooter.invokeProviderInSameClassLoader(ForkedBooter.java:286)<br />
              org.apache.maven.surefire.booter.ForkedBooter.runSuitesInProcess(ForkedBooter.java:240)<br />
              org.apache.maven.surefire.booter.ForkedBooter.main(ForkedBooter.java:121)<br />
                </div>
      </td>
</tr>
<tr>
  <td class="method">
                  TC_21_JumpPoints_004_BMW
      </td>
  <td class="duration">
    30.251s
  </td>
  <td class="result">
        
    
            <div class="testOutput">
                        2020-09-20 19:55:20,977 INFO&nbsp; uk.co.sytner.hompage.JumpPoint - JumpPoint Alpine - VP: Verify if BMW jump point is displayed<br/>
<br />
                                2020-09-20 19:55:21,010 INFO&nbsp; uk.co.sytner.hompage.JumpPoint - ===PASSED==<br/>
<br />
                                2020-09-20 19:55:21,010 INFO&nbsp; uk.co.sytner.hompage.JumpPoint - JumpPoint Alpine - Step 01: Move On BMW jump point<br/>
<br />
                  </div>
    

        <a href="javascript:toggleElement('exception-3', 'block')" title="Click to expand/collapse"><b>org.openqa.selenium.TimeoutException: Expected condition failed: waiting for visibility of element located by By.xpath: //div[contains(@class, &apos;jump module bmw&apos;)]//span[@class = &apos;content&apos;] (tried for 30 second(s) with 500 MILLISECONDS interval)<br/>
Build info: version: &apos;3.9.1&apos;, revision: &apos;63f7b50&apos;, time: &apos;2018-02-07T22:25:02.294Z&apos;<br/>
System info: host: &apos;S056005530&apos;, ip: &apos;10.0.0.222&apos;, os.name: &apos;Windows 10&apos;, os.arch: &apos;amd64&apos;, os.version: &apos;10.0&apos;, java.version: &apos;1.8.0_261&apos;<br/>
Driver info: org.openqa.selenium.chrome.ChromeDriver<br/>
Capabilities {acceptInsecureCerts: false, browserName: chrome, browserVersion: 85.0.4183.102, chrome: {chromedriverVersion: 85.0.4183.87 (cd6713ebf92fa..., userDataDir: C:\Users\TRI~1.NGU\AppData\...}, goog:chromeOptions: {debuggerAddress: localhost:58794}, javascriptEnabled: true, networkConnectionEnabled: false, pageLoadStrategy: normal, platform: WINDOWS, platformName: WINDOWS, proxy: Proxy(), setWindowRect: true, strictFileInteractability: false, timeouts: {implicit: 0, pageLoad: 300000, script: 30000}, unhandledPromptBehavior: dismiss and notify, webauthn:virtualAuthenticators: true}<br/>
Session ID: 98e910f4238f751e82dbd12355e92feb</b></a><br />
    <div class="stackTrace" id="exception-3">
              org.openqa.selenium.support.ui.WebDriverWait.timeoutException(WebDriverWait.java:82)<br />
              org.openqa.selenium.support.ui.FluentWait.until(FluentWait.java:231)<br />
              commons.AbstractPage.hoverMouseToElement(AbstractPage.java:443)<br />
              pageobject.HomePageObjects.moveToAnyJumpPoint(HomePageObjects.java:34)<br />
              uk.co.sytner.hompage.JumpPoint.TC_21_JumpPoints_004_BMW(JumpPoint.java:94)<br />
              sun.reflect.NativeMethodAccessorImpl.invoke0(Native Method)<br />
              sun.reflect.NativeMethodAccessorImpl.invoke(NativeMethodAccessorImpl.java:62)<br />
              sun.reflect.DelegatingMethodAccessorImpl.invoke(DelegatingMethodAccessorImpl.java:43)<br />
              java.lang.reflect.Method.invoke(Method.java:498)<br />
              org.testng.internal.MethodInvocationHelper.invokeMethod(MethodInvocationHelper.java:86)<br />
              org.testng.internal.Invoker.invokeMethod(Invoker.java:643)<br />
              org.testng.internal.Invoker.retryFailed(Invoker.java:967)<br />
              org.testng.internal.Invoker.invokeTestMethods(Invoker.java:1146)<br />
              org.testng.internal.TestMethodWorker.invokeTestMethods(TestMethodWorker.java:129)<br />
              org.testng.internal.TestMethodWorker.run(TestMethodWorker.java:112)<br />
              org.testng.TestRunner.privateRun(TestRunner.java:782)<br />
              org.testng.TestRunner.run(TestRunner.java:632)<br />
              org.testng.SuiteRunner.runTest(SuiteRunner.java:366)<br />
              org.testng.SuiteRunner.runSequentially(SuiteRunner.java:361)<br />
              org.testng.SuiteRunner.privateRun(SuiteRunner.java:319)<br />
              org.testng.SuiteRunner.run(SuiteRunner.java:268)<br />
              org.testng.SuiteRunnerWorker.runSuite(SuiteRunnerWorker.java:52)<br />
              org.testng.SuiteRunnerWorker.run(SuiteRunnerWorker.java:86)<br />
              org.testng.TestNG.runSuitesSequentially(TestNG.java:1244)<br />
              org.testng.TestNG.runSuitesLocally(TestNG.java:1169)<br />
              org.testng.TestNG.run(TestNG.java:1064)<br />
              org.apache.maven.surefire.testng.TestNGExecutor.run(TestNGExecutor.java:282)<br />
              org.apache.maven.surefire.testng.TestNGXmlTestSuite.execute(TestNGXmlTestSuite.java:83)<br />
              org.apache.maven.surefire.testng.TestNGProvider.invoke(TestNGProvider.java:114)<br />
              org.apache.maven.surefire.booter.ForkedBooter.invokeProviderInSameClassLoader(ForkedBooter.java:286)<br />
              org.apache.maven.surefire.booter.ForkedBooter.runSuitesInProcess(ForkedBooter.java:240)<br />
              org.apache.maven.surefire.booter.ForkedBooter.main(ForkedBooter.java:121)<br />
                </div>
      </td>
</tr>
<tr>
  <td class="method">
                  TC_22_JumpPoints_005_Ferrari
      </td>
  <td class="duration">
    30.264s
  </td>
  <td class="result">
        
    
            <div class="testOutput">
                        2020-09-20 19:56:51,920 INFO&nbsp; uk.co.sytner.hompage.JumpPoint - JumpPoint Alpine - VP: Verify if Ferrari jump point is displayed<br/>
<br />
                                2020-09-20 19:56:51,961 INFO&nbsp; uk.co.sytner.hompage.JumpPoint - ===PASSED==<br/>
<br />
                                2020-09-20 19:56:51,961 INFO&nbsp; uk.co.sytner.hompage.JumpPoint - JumpPoint Alpine - Step 01: Move On Ferrari jump point<br/>
<br />
                  </div>
    

        <a href="javascript:toggleElement('exception-4', 'block')" title="Click to expand/collapse"><b>org.openqa.selenium.TimeoutException: Expected condition failed: waiting for visibility of element located by By.xpath: //div[contains(@class, &apos;jump module ferrari&apos;)]//span[@class = &apos;content&apos;] (tried for 30 second(s) with 500 MILLISECONDS interval)<br/>
Build info: version: &apos;3.9.1&apos;, revision: &apos;63f7b50&apos;, time: &apos;2018-02-07T22:25:02.294Z&apos;<br/>
System info: host: &apos;S056005530&apos;, ip: &apos;10.0.0.222&apos;, os.name: &apos;Windows 10&apos;, os.arch: &apos;amd64&apos;, os.version: &apos;10.0&apos;, java.version: &apos;1.8.0_261&apos;<br/>
Driver info: org.openqa.selenium.chrome.ChromeDriver<br/>
Capabilities {acceptInsecureCerts: false, browserName: chrome, browserVersion: 85.0.4183.102, chrome: {chromedriverVersion: 85.0.4183.87 (cd6713ebf92fa..., userDataDir: C:\Users\TRI~1.NGU\AppData\...}, goog:chromeOptions: {debuggerAddress: localhost:58794}, javascriptEnabled: true, networkConnectionEnabled: false, pageLoadStrategy: normal, platform: WINDOWS, platformName: WINDOWS, proxy: Proxy(), setWindowRect: true, strictFileInteractability: false, timeouts: {implicit: 0, pageLoad: 300000, script: 30000}, unhandledPromptBehavior: dismiss and notify, webauthn:virtualAuthenticators: true}<br/>
Session ID: 98e910f4238f751e82dbd12355e92feb</b></a><br />
    <div class="stackTrace" id="exception-4">
              org.openqa.selenium.support.ui.WebDriverWait.timeoutException(WebDriverWait.java:82)<br />
              org.openqa.selenium.support.ui.FluentWait.until(FluentWait.java:231)<br />
              commons.AbstractPage.hoverMouseToElement(AbstractPage.java:443)<br />
              pageobject.HomePageObjects.moveToAnyJumpPoint(HomePageObjects.java:34)<br />
              uk.co.sytner.hompage.JumpPoint.TC_22_JumpPoints_005_Ferrari(JumpPoint.java:115)<br />
              sun.reflect.NativeMethodAccessorImpl.invoke0(Native Method)<br />
              sun.reflect.NativeMethodAccessorImpl.invoke(NativeMethodAccessorImpl.java:62)<br />
              sun.reflect.DelegatingMethodAccessorImpl.invoke(DelegatingMethodAccessorImpl.java:43)<br />
              java.lang.reflect.Method.invoke(Method.java:498)<br />
              org.testng.internal.MethodInvocationHelper.invokeMethod(MethodInvocationHelper.java:86)<br />
              org.testng.internal.Invoker.invokeMethod(Invoker.java:643)<br />
              org.testng.internal.Invoker.retryFailed(Invoker.java:967)<br />
              org.testng.internal.Invoker.invokeTestMethods(Invoker.java:1146)<br />
              org.testng.internal.TestMethodWorker.invokeTestMethods(TestMethodWorker.java:129)<br />
              org.testng.internal.TestMethodWorker.run(TestMethodWorker.java:112)<br />
              org.testng.TestRunner.privateRun(TestRunner.java:782)<br />
              org.testng.TestRunner.run(TestRunner.java:632)<br />
              org.testng.SuiteRunner.runTest(SuiteRunner.java:366)<br />
              org.testng.SuiteRunner.runSequentially(SuiteRunner.java:361)<br />
              org.testng.SuiteRunner.privateRun(SuiteRunner.java:319)<br />
              org.testng.SuiteRunner.run(SuiteRunner.java:268)<br />
              org.testng.SuiteRunnerWorker.runSuite(SuiteRunnerWorker.java:52)<br />
              org.testng.SuiteRunnerWorker.run(SuiteRunnerWorker.java:86)<br />
              org.testng.TestNG.runSuitesSequentially(TestNG.java:1244)<br />
              org.testng.TestNG.runSuitesLocally(TestNG.java:1169)<br />
              org.testng.TestNG.run(TestNG.java:1064)<br />
              org.apache.maven.surefire.testng.TestNGExecutor.run(TestNGExecutor.java:282)<br />
              org.apache.maven.surefire.testng.TestNGXmlTestSuite.execute(TestNGXmlTestSuite.java:83)<br />
              org.apache.maven.surefire.testng.TestNGProvider.invoke(TestNGProvider.java:114)<br />
              org.apache.maven.surefire.booter.ForkedBooter.invokeProviderInSameClassLoader(ForkedBooter.java:286)<br />
              org.apache.maven.surefire.booter.ForkedBooter.runSuitesInProcess(ForkedBooter.java:240)<br />
              org.apache.maven.surefire.booter.ForkedBooter.main(ForkedBooter.java:121)<br />
                </div>
      </td>
</tr>
<tr>
  <td class="method">
                  TC_23_JumpPoints_006_AstonMartin
      </td>
  <td class="duration">
    30.214s
  </td>
  <td class="result">
        
    
            <div class="testOutput">
                        2020-09-20 19:58:04,371 INFO&nbsp; uk.co.sytner.hompage.JumpPoint - JumpPoint Alpine - VP: Verify if Aston Martin jump point is displayed<br/>
<br />
                                2020-09-20 19:58:04,405 INFO&nbsp; uk.co.sytner.hompage.JumpPoint - ===PASSED==<br/>
<br />
                                2020-09-20 19:58:04,405 INFO&nbsp; uk.co.sytner.hompage.JumpPoint - JumpPoint Alpine - Step 01: Move On Aston Martin jump point<br/>
<br />
                  </div>
    

        <a href="javascript:toggleElement('exception-5', 'block')" title="Click to expand/collapse"><b>org.openqa.selenium.TimeoutException: Expected condition failed: waiting for visibility of element located by By.xpath: //div[contains(@class, &apos;jump module aston-martin&apos;)]//span[@class = &apos;content&apos;] (tried for 30 second(s) with 500 MILLISECONDS interval)<br/>
Build info: version: &apos;3.9.1&apos;, revision: &apos;63f7b50&apos;, time: &apos;2018-02-07T22:25:02.294Z&apos;<br/>
System info: host: &apos;S056005530&apos;, ip: &apos;10.0.0.222&apos;, os.name: &apos;Windows 10&apos;, os.arch: &apos;amd64&apos;, os.version: &apos;10.0&apos;, java.version: &apos;1.8.0_261&apos;<br/>
Driver info: org.openqa.selenium.chrome.ChromeDriver<br/>
Capabilities {acceptInsecureCerts: false, browserName: chrome, browserVersion: 85.0.4183.102, chrome: {chromedriverVersion: 85.0.4183.87 (cd6713ebf92fa..., userDataDir: C:\Users\TRI~1.NGU\AppData\...}, goog:chromeOptions: {debuggerAddress: localhost:58794}, javascriptEnabled: true, networkConnectionEnabled: false, pageLoadStrategy: normal, platform: WINDOWS, platformName: WINDOWS, proxy: Proxy(), setWindowRect: true, strictFileInteractability: false, timeouts: {implicit: 0, pageLoad: 300000, script: 30000}, unhandledPromptBehavior: dismiss and notify, webauthn:virtualAuthenticators: true}<br/>
Session ID: 98e910f4238f751e82dbd12355e92feb</b></a><br />
    <div class="stackTrace" id="exception-5">
              org.openqa.selenium.support.ui.WebDriverWait.timeoutException(WebDriverWait.java:82)<br />
              org.openqa.selenium.support.ui.FluentWait.until(FluentWait.java:231)<br />
              commons.AbstractPage.hoverMouseToElement(AbstractPage.java:443)<br />
              pageobject.HomePageObjects.moveToAnyJumpPoint(HomePageObjects.java:34)<br />
              uk.co.sytner.hompage.JumpPoint.TC_23_JumpPoints_006_AstonMartin(JumpPoint.java:136)<br />
              sun.reflect.NativeMethodAccessorImpl.invoke0(Native Method)<br />
              sun.reflect.NativeMethodAccessorImpl.invoke(NativeMethodAccessorImpl.java:62)<br />
              sun.reflect.DelegatingMethodAccessorImpl.invoke(DelegatingMethodAccessorImpl.java:43)<br />
              java.lang.reflect.Method.invoke(Method.java:498)<br />
              org.testng.internal.MethodInvocationHelper.invokeMethod(MethodInvocationHelper.java:86)<br />
              org.testng.internal.Invoker.invokeMethod(Invoker.java:643)<br />
              org.testng.internal.Invoker.retryFailed(Invoker.java:967)<br />
              org.testng.internal.Invoker.invokeTestMethods(Invoker.java:1146)<br />
              org.testng.internal.TestMethodWorker.invokeTestMethods(TestMethodWorker.java:129)<br />
              org.testng.internal.TestMethodWorker.run(TestMethodWorker.java:112)<br />
              org.testng.TestRunner.privateRun(TestRunner.java:782)<br />
              org.testng.TestRunner.run(TestRunner.java:632)<br />
              org.testng.SuiteRunner.runTest(SuiteRunner.java:366)<br />
              org.testng.SuiteRunner.runSequentially(SuiteRunner.java:361)<br />
              org.testng.SuiteRunner.privateRun(SuiteRunner.java:319)<br />
              org.testng.SuiteRunner.run(SuiteRunner.java:268)<br />
              org.testng.SuiteRunnerWorker.runSuite(SuiteRunnerWorker.java:52)<br />
              org.testng.SuiteRunnerWorker.run(SuiteRunnerWorker.java:86)<br />
              org.testng.TestNG.runSuitesSequentially(TestNG.java:1244)<br />
              org.testng.TestNG.runSuitesLocally(TestNG.java:1169)<br />
              org.testng.TestNG.run(TestNG.java:1064)<br />
              org.apache.maven.surefire.testng.TestNGExecutor.run(TestNGExecutor.java:282)<br />
              org.apache.maven.surefire.testng.TestNGXmlTestSuite.execute(TestNGXmlTestSuite.java:83)<br />
              org.apache.maven.surefire.testng.TestNGProvider.invoke(TestNGProvider.java:114)<br />
              org.apache.maven.surefire.booter.ForkedBooter.invokeProviderInSameClassLoader(ForkedBooter.java:286)<br />
              org.apache.maven.surefire.booter.ForkedBooter.runSuitesInProcess(ForkedBooter.java:240)<br />
              org.apache.maven.surefire.booter.ForkedBooter.main(ForkedBooter.java:121)<br />
                </div>
      </td>
</tr>
<tr>
  <td class="method">
                  TC_24_JumpPoints_007_Jaguar
      </td>
  <td class="duration">
    30.251s
  </td>
  <td class="result">
        
    
            <div class="testOutput">
                        2020-09-20 19:59:34,858 INFO&nbsp; uk.co.sytner.hompage.JumpPoint - JumpPoint Alpine - VP: Verify if Jaguar jump point is displayed<br/>
<br />
                                2020-09-20 19:59:34,900 INFO&nbsp; uk.co.sytner.hompage.JumpPoint - ===PASSED==<br/>
<br />
                                2020-09-20 19:59:34,900 INFO&nbsp; uk.co.sytner.hompage.JumpPoint - JumpPoint Alpine - Step 01: Move On Jaguar jump point<br/>
<br />
                  </div>
    

        <a href="javascript:toggleElement('exception-6', 'block')" title="Click to expand/collapse"><b>org.openqa.selenium.TimeoutException: Expected condition failed: waiting for visibility of element located by By.xpath: //div[contains(@class, &apos;jump module jaguar&apos;)]//span[@class = &apos;content&apos;] (tried for 30 second(s) with 500 MILLISECONDS interval)<br/>
Build info: version: &apos;3.9.1&apos;, revision: &apos;63f7b50&apos;, time: &apos;2018-02-07T22:25:02.294Z&apos;<br/>
System info: host: &apos;S056005530&apos;, ip: &apos;10.0.0.222&apos;, os.name: &apos;Windows 10&apos;, os.arch: &apos;amd64&apos;, os.version: &apos;10.0&apos;, java.version: &apos;1.8.0_261&apos;<br/>
Driver info: org.openqa.selenium.chrome.ChromeDriver<br/>
Capabilities {acceptInsecureCerts: false, browserName: chrome, browserVersion: 85.0.4183.102, chrome: {chromedriverVersion: 85.0.4183.87 (cd6713ebf92fa..., userDataDir: C:\Users\TRI~1.NGU\AppData\...}, goog:chromeOptions: {debuggerAddress: localhost:58794}, javascriptEnabled: true, networkConnectionEnabled: false, pageLoadStrategy: normal, platform: WINDOWS, platformName: WINDOWS, proxy: Proxy(), setWindowRect: true, strictFileInteractability: false, timeouts: {implicit: 0, pageLoad: 300000, script: 30000}, unhandledPromptBehavior: dismiss and notify, webauthn:virtualAuthenticators: true}<br/>
Session ID: 98e910f4238f751e82dbd12355e92feb</b></a><br />
    <div class="stackTrace" id="exception-6">
              org.openqa.selenium.support.ui.WebDriverWait.timeoutException(WebDriverWait.java:82)<br />
              org.openqa.selenium.support.ui.FluentWait.until(FluentWait.java:231)<br />
              commons.AbstractPage.hoverMouseToElement(AbstractPage.java:443)<br />
              pageobject.HomePageObjects.moveToAnyJumpPoint(HomePageObjects.java:34)<br />
              uk.co.sytner.hompage.JumpPoint.TC_24_JumpPoints_007_Jaguar(JumpPoint.java:157)<br />
              sun.reflect.NativeMethodAccessorImpl.invoke0(Native Method)<br />
              sun.reflect.NativeMethodAccessorImpl.invoke(NativeMethodAccessorImpl.java:62)<br />
              sun.reflect.DelegatingMethodAccessorImpl.invoke(DelegatingMethodAccessorImpl.java:43)<br />
              java.lang.reflect.Method.invoke(Method.java:498)<br />
              org.testng.internal.MethodInvocationHelper.invokeMethod(MethodInvocationHelper.java:86)<br />
              org.testng.internal.Invoker.invokeMethod(Invoker.java:643)<br />
              org.testng.internal.Invoker.retryFailed(Invoker.java:967)<br />
              org.testng.internal.Invoker.invokeTestMethods(Invoker.java:1146)<br />
              org.testng.internal.TestMethodWorker.invokeTestMethods(TestMethodWorker.java:129)<br />
              org.testng.internal.TestMethodWorker.run(TestMethodWorker.java:112)<br />
              org.testng.TestRunner.privateRun(TestRunner.java:782)<br />
              org.testng.TestRunner.run(TestRunner.java:632)<br />
              org.testng.SuiteRunner.runTest(SuiteRunner.java:366)<br />
              org.testng.SuiteRunner.runSequentially(SuiteRunner.java:361)<br />
              org.testng.SuiteRunner.privateRun(SuiteRunner.java:319)<br />
              org.testng.SuiteRunner.run(SuiteRunner.java:268)<br />
              org.testng.SuiteRunnerWorker.runSuite(SuiteRunnerWorker.java:52)<br />
              org.testng.SuiteRunnerWorker.run(SuiteRunnerWorker.java:86)<br />
              org.testng.TestNG.runSuitesSequentially(TestNG.java:1244)<br />
              org.testng.TestNG.runSuitesLocally(TestNG.java:1169)<br />
              org.testng.TestNG.run(TestNG.java:1064)<br />
              org.apache.maven.surefire.testng.TestNGExecutor.run(TestNGExecutor.java:282)<br />
              org.apache.maven.surefire.testng.TestNGXmlTestSuite.execute(TestNGXmlTestSuite.java:83)<br />
              org.apache.maven.surefire.testng.TestNGProvider.invoke(TestNGProvider.java:114)<br />
              org.apache.maven.surefire.booter.ForkedBooter.invokeProviderInSameClassLoader(ForkedBooter.java:286)<br />
              org.apache.maven.surefire.booter.ForkedBooter.runSuitesInProcess(ForkedBooter.java:240)<br />
              org.apache.maven.surefire.booter.ForkedBooter.main(ForkedBooter.java:121)<br />
                </div>
      </td>
</tr>
<tr>
  <td class="method">
                  TC_25_JumpPoints_008_LandRover
      </td>
  <td class="duration">
    30.098s
  </td>
  <td class="result">
        
    
            <div class="testOutput">
                        2020-09-20 20:01:05,351 INFO&nbsp; uk.co.sytner.hompage.JumpPoint - JumpPoint Alpine - VP: Verify if LandRover jump point is displayed<br/>
<br />
                                2020-09-20 20:01:05,385 INFO&nbsp; uk.co.sytner.hompage.JumpPoint - ===PASSED==<br/>
<br />
                                2020-09-20 20:01:05,385 INFO&nbsp; uk.co.sytner.hompage.JumpPoint - JumpPoint Alpine - Step 01: Move On LandRover jump point<br/>
<br />
                  </div>
    

        <a href="javascript:toggleElement('exception-7', 'block')" title="Click to expand/collapse"><b>org.openqa.selenium.TimeoutException: Expected condition failed: waiting for visibility of element located by By.xpath: //div[contains(@class, &apos;jump module land-rover&apos;)]//span[@class = &apos;content&apos;] (tried for 30 second(s) with 500 MILLISECONDS interval)<br/>
Build info: version: &apos;3.9.1&apos;, revision: &apos;63f7b50&apos;, time: &apos;2018-02-07T22:25:02.294Z&apos;<br/>
System info: host: &apos;S056005530&apos;, ip: &apos;10.0.0.222&apos;, os.name: &apos;Windows 10&apos;, os.arch: &apos;amd64&apos;, os.version: &apos;10.0&apos;, java.version: &apos;1.8.0_261&apos;<br/>
Driver info: org.openqa.selenium.chrome.ChromeDriver<br/>
Capabilities {acceptInsecureCerts: false, browserName: chrome, browserVersion: 85.0.4183.102, chrome: {chromedriverVersion: 85.0.4183.87 (cd6713ebf92fa..., userDataDir: C:\Users\TRI~1.NGU\AppData\...}, goog:chromeOptions: {debuggerAddress: localhost:58794}, javascriptEnabled: true, networkConnectionEnabled: false, pageLoadStrategy: normal, platform: WINDOWS, platformName: WINDOWS, proxy: Proxy(), setWindowRect: true, strictFileInteractability: false, timeouts: {implicit: 0, pageLoad: 300000, script: 30000}, unhandledPromptBehavior: dismiss and notify, webauthn:virtualAuthenticators: true}<br/>
Session ID: 98e910f4238f751e82dbd12355e92feb</b></a><br />
    <div class="stackTrace" id="exception-7">
              org.openqa.selenium.support.ui.WebDriverWait.timeoutException(WebDriverWait.java:82)<br />
              org.openqa.selenium.support.ui.FluentWait.until(FluentWait.java:231)<br />
              commons.AbstractPage.hoverMouseToElement(AbstractPage.java:443)<br />
              pageobject.HomePageObjects.moveToAnyJumpPoint(HomePageObjects.java:34)<br />
              uk.co.sytner.hompage.JumpPoint.TC_25_JumpPoints_008_LandRover(JumpPoint.java:178)<br />
              sun.reflect.NativeMethodAccessorImpl.invoke0(Native Method)<br />
              sun.reflect.NativeMethodAccessorImpl.invoke(NativeMethodAccessorImpl.java:62)<br />
              sun.reflect.DelegatingMethodAccessorImpl.invoke(DelegatingMethodAccessorImpl.java:43)<br />
              java.lang.reflect.Method.invoke(Method.java:498)<br />
              org.testng.internal.MethodInvocationHelper.invokeMethod(MethodInvocationHelper.java:86)<br />
              org.testng.internal.Invoker.invokeMethod(Invoker.java:643)<br />
              org.testng.internal.Invoker.retryFailed(Invoker.java:967)<br />
              org.testng.internal.Invoker.invokeTestMethods(Invoker.java:1146)<br />
              org.testng.internal.TestMethodWorker.invokeTestMethods(TestMethodWorker.java:129)<br />
              org.testng.internal.TestMethodWorker.run(TestMethodWorker.java:112)<br />
              org.testng.TestRunner.privateRun(TestRunner.java:782)<br />
              org.testng.TestRunner.run(TestRunner.java:632)<br />
              org.testng.SuiteRunner.runTest(SuiteRunner.java:366)<br />
              org.testng.SuiteRunner.runSequentially(SuiteRunner.java:361)<br />
              org.testng.SuiteRunner.privateRun(SuiteRunner.java:319)<br />
              org.testng.SuiteRunner.run(SuiteRunner.java:268)<br />
              org.testng.SuiteRunnerWorker.runSuite(SuiteRunnerWorker.java:52)<br />
              org.testng.SuiteRunnerWorker.run(SuiteRunnerWorker.java:86)<br />
              org.testng.TestNG.runSuitesSequentially(TestNG.java:1244)<br />
              org.testng.TestNG.runSuitesLocally(TestNG.java:1169)<br />
              org.testng.TestNG.run(TestNG.java:1064)<br />
              org.apache.maven.surefire.testng.TestNGExecutor.run(TestNGExecutor.java:282)<br />
              org.apache.maven.surefire.testng.TestNGXmlTestSuite.execute(TestNGXmlTestSuite.java:83)<br />
              org.apache.maven.surefire.testng.TestNGProvider.invoke(TestNGProvider.java:114)<br />
              org.apache.maven.surefire.booter.ForkedBooter.invokeProviderInSameClassLoader(ForkedBooter.java:286)<br />
              org.apache.maven.surefire.booter.ForkedBooter.runSuitesInProcess(ForkedBooter.java:240)<br />
              org.apache.maven.surefire.booter.ForkedBooter.main(ForkedBooter.java:121)<br />
                </div>
      </td>
</tr>
<tr>
  <td class="method">
                  TC_26_JumpPoints_009_Lamborghini
      </td>
  <td class="duration">
    30.345s
  </td>
  <td class="result">
        
    
            <div class="testOutput">
                        2020-09-20 20:02:35,973 INFO&nbsp; uk.co.sytner.hompage.JumpPoint - JumpPoint Alpine - VP: Verify if Lamborghini jump point is displayed<br/>
<br />
                                2020-09-20 20:02:36,012 INFO&nbsp; uk.co.sytner.hompage.JumpPoint - ===PASSED==<br/>
<br />
                                2020-09-20 20:02:36,012 INFO&nbsp; uk.co.sytner.hompage.JumpPoint - JumpPoint Alpine - Step 01: Move On Lamborghini jump point<br/>
<br />
                  </div>
    

        <a href="javascript:toggleElement('exception-8', 'block')" title="Click to expand/collapse"><b>org.openqa.selenium.TimeoutException: Expected condition failed: waiting for visibility of element located by By.xpath: //div[contains(@class, &apos;jump module lamborghini&apos;)]//span[@class = &apos;content&apos;] (tried for 30 second(s) with 500 MILLISECONDS interval)<br/>
Build info: version: &apos;3.9.1&apos;, revision: &apos;63f7b50&apos;, time: &apos;2018-02-07T22:25:02.294Z&apos;<br/>
System info: host: &apos;S056005530&apos;, ip: &apos;10.0.0.222&apos;, os.name: &apos;Windows 10&apos;, os.arch: &apos;amd64&apos;, os.version: &apos;10.0&apos;, java.version: &apos;1.8.0_261&apos;<br/>
Driver info: org.openqa.selenium.chrome.ChromeDriver<br/>
Capabilities {acceptInsecureCerts: false, browserName: chrome, browserVersion: 85.0.4183.102, chrome: {chromedriverVersion: 85.0.4183.87 (cd6713ebf92fa..., userDataDir: C:\Users\TRI~1.NGU\AppData\...}, goog:chromeOptions: {debuggerAddress: localhost:58794}, javascriptEnabled: true, networkConnectionEnabled: false, pageLoadStrategy: normal, platform: WINDOWS, platformName: WINDOWS, proxy: Proxy(), setWindowRect: true, strictFileInteractability: false, timeouts: {implicit: 0, pageLoad: 300000, script: 30000}, unhandledPromptBehavior: dismiss and notify, webauthn:virtualAuthenticators: true}<br/>
Session ID: 98e910f4238f751e82dbd12355e92feb</b></a><br />
    <div class="stackTrace" id="exception-8">
              org.openqa.selenium.support.ui.WebDriverWait.timeoutException(WebDriverWait.java:82)<br />
              org.openqa.selenium.support.ui.FluentWait.until(FluentWait.java:231)<br />
              commons.AbstractPage.hoverMouseToElement(AbstractPage.java:443)<br />
              pageobject.HomePageObjects.moveToAnyJumpPoint(HomePageObjects.java:34)<br />
              uk.co.sytner.hompage.JumpPoint.TC_26_JumpPoints_009_Lamborghini(JumpPoint.java:199)<br />
              sun.reflect.NativeMethodAccessorImpl.invoke0(Native Method)<br />
              sun.reflect.NativeMethodAccessorImpl.invoke(NativeMethodAccessorImpl.java:62)<br />
              sun.reflect.DelegatingMethodAccessorImpl.invoke(DelegatingMethodAccessorImpl.java:43)<br />
              java.lang.reflect.Method.invoke(Method.java:498)<br />
              org.testng.internal.MethodInvocationHelper.invokeMethod(MethodInvocationHelper.java:86)<br />
              org.testng.internal.Invoker.invokeMethod(Invoker.java:643)<br />
              org.testng.internal.Invoker.retryFailed(Invoker.java:967)<br />
              org.testng.internal.Invoker.invokeTestMethods(Invoker.java:1146)<br />
              org.testng.internal.TestMethodWorker.invokeTestMethods(TestMethodWorker.java:129)<br />
              org.testng.internal.TestMethodWorker.run(TestMethodWorker.java:112)<br />
              org.testng.TestRunner.privateRun(TestRunner.java:782)<br />
              org.testng.TestRunner.run(TestRunner.java:632)<br />
              org.testng.SuiteRunner.runTest(SuiteRunner.java:366)<br />
              org.testng.SuiteRunner.runSequentially(SuiteRunner.java:361)<br />
              org.testng.SuiteRunner.privateRun(SuiteRunner.java:319)<br />
              org.testng.SuiteRunner.run(SuiteRunner.java:268)<br />
              org.testng.SuiteRunnerWorker.runSuite(SuiteRunnerWorker.java:52)<br />
              org.testng.SuiteRunnerWorker.run(SuiteRunnerWorker.java:86)<br />
              org.testng.TestNG.runSuitesSequentially(TestNG.java:1244)<br />
              org.testng.TestNG.runSuitesLocally(TestNG.java:1169)<br />
              org.testng.TestNG.run(TestNG.java:1064)<br />
              org.apache.maven.surefire.testng.TestNGExecutor.run(TestNGExecutor.java:282)<br />
              org.apache.maven.surefire.testng.TestNGXmlTestSuite.execute(TestNGXmlTestSuite.java:83)<br />
              org.apache.maven.surefire.testng.TestNGProvider.invoke(TestNGProvider.java:114)<br />
              org.apache.maven.surefire.booter.ForkedBooter.invokeProviderInSameClassLoader(ForkedBooter.java:286)<br />
              org.apache.maven.surefire.booter.ForkedBooter.runSuitesInProcess(ForkedBooter.java:240)<br />
              org.apache.maven.surefire.booter.ForkedBooter.main(ForkedBooter.java:121)<br />
                </div>
      </td>
</tr>
<tr>
  <td class="method">
                  TC_27_JumpPoints_010_SytnerSelect
      </td>
  <td class="duration">
    30.554s
  </td>
  <td class="result">
        
    
            <div class="testOutput">
                        2020-09-20 20:04:07,048 INFO&nbsp; uk.co.sytner.hompage.JumpPoint - JumpPoint Alpine - VP: Verify if Sytner Select jump point is displayed<br/>
<br />
                                2020-09-20 20:04:07,095 INFO&nbsp; uk.co.sytner.hompage.JumpPoint - ===PASSED==<br/>
<br />
                                2020-09-20 20:04:07,096 INFO&nbsp; uk.co.sytner.hompage.JumpPoint - JumpPoint Alpine - Step 01: Move On Sytner Select jump point<br/>
<br />
                  </div>
    

        <a href="javascript:toggleElement('exception-9', 'block')" title="Click to expand/collapse"><b>org.openqa.selenium.TimeoutException: Expected condition failed: waiting for visibility of element located by By.xpath: //div[contains(@class, &apos;jump module sytner-select&apos;)]//span[@class = &apos;content&apos;] (tried for 30 second(s) with 500 MILLISECONDS interval)<br/>
Build info: version: &apos;3.9.1&apos;, revision: &apos;63f7b50&apos;, time: &apos;2018-02-07T22:25:02.294Z&apos;<br/>
System info: host: &apos;S056005530&apos;, ip: &apos;10.0.0.222&apos;, os.name: &apos;Windows 10&apos;, os.arch: &apos;amd64&apos;, os.version: &apos;10.0&apos;, java.version: &apos;1.8.0_261&apos;<br/>
Driver info: org.openqa.selenium.chrome.ChromeDriver<br/>
Capabilities {acceptInsecureCerts: false, browserName: chrome, browserVersion: 85.0.4183.102, chrome: {chromedriverVersion: 85.0.4183.87 (cd6713ebf92fa..., userDataDir: C:\Users\TRI~1.NGU\AppData\...}, goog:chromeOptions: {debuggerAddress: localhost:58794}, javascriptEnabled: true, networkConnectionEnabled: false, pageLoadStrategy: normal, platform: WINDOWS, platformName: WINDOWS, proxy: Proxy(), setWindowRect: true, strictFileInteractability: false, timeouts: {implicit: 0, pageLoad: 300000, script: 30000}, unhandledPromptBehavior: dismiss and notify, webauthn:virtualAuthenticators: true}<br/>
Session ID: 98e910f4238f751e82dbd12355e92feb</b></a><br />
    <div class="stackTrace" id="exception-9">
              org.openqa.selenium.support.ui.WebDriverWait.timeoutException(WebDriverWait.java:82)<br />
              org.openqa.selenium.support.ui.FluentWait.until(FluentWait.java:231)<br />
              commons.AbstractPage.hoverMouseToElement(AbstractPage.java:443)<br />
              pageobject.HomePageObjects.moveToAnyJumpPoint(HomePageObjects.java:34)<br />
              uk.co.sytner.hompage.JumpPoint.TC_27_JumpPoints_010_SytnerSelect(JumpPoint.java:220)<br />
              sun.reflect.NativeMethodAccessorImpl.invoke0(Native Method)<br />
              sun.reflect.NativeMethodAccessorImpl.invoke(NativeMethodAccessorImpl.java:62)<br />
              sun.reflect.DelegatingMethodAccessorImpl.invoke(DelegatingMethodAccessorImpl.java:43)<br />
              java.lang.reflect.Method.invoke(Method.java:498)<br />
              org.testng.internal.MethodInvocationHelper.invokeMethod(MethodInvocationHelper.java:86)<br />
              org.testng.internal.Invoker.invokeMethod(Invoker.java:643)<br />
              org.testng.internal.Invoker.retryFailed(Invoker.java:967)<br />
              org.testng.internal.Invoker.invokeTestMethods(Invoker.java:1146)<br />
              org.testng.internal.TestMethodWorker.invokeTestMethods(TestMethodWorker.java:129)<br />
              org.testng.internal.TestMethodWorker.run(TestMethodWorker.java:112)<br />
              org.testng.TestRunner.privateRun(TestRunner.java:782)<br />
              org.testng.TestRunner.run(TestRunner.java:632)<br />
              org.testng.SuiteRunner.runTest(SuiteRunner.java:366)<br />
              org.testng.SuiteRunner.runSequentially(SuiteRunner.java:361)<br />
              org.testng.SuiteRunner.privateRun(SuiteRunner.java:319)<br />
              org.testng.SuiteRunner.run(SuiteRunner.java:268)<br />
              org.testng.SuiteRunnerWorker.runSuite(SuiteRunnerWorker.java:52)<br />
              org.testng.SuiteRunnerWorker.run(SuiteRunnerWorker.java:86)<br />
              org.testng.TestNG.runSuitesSequentially(TestNG.java:1244)<br />
              org.testng.TestNG.runSuitesLocally(TestNG.java:1169)<br />
              org.testng.TestNG.run(TestNG.java:1064)<br />
              org.apache.maven.surefire.testng.TestNGExecutor.run(TestNGExecutor.java:282)<br />
              org.apache.maven.surefire.testng.TestNGXmlTestSuite.execute(TestNGXmlTestSuite.java:83)<br />
              org.apache.maven.surefire.testng.TestNGProvider.invoke(TestNGProvider.java:114)<br />
              org.apache.maven.surefire.booter.ForkedBooter.invokeProviderInSameClassLoader(ForkedBooter.java:286)<br />
              org.apache.maven.surefire.booter.ForkedBooter.runSuitesInProcess(ForkedBooter.java:240)<br />
              org.apache.maven.surefire.booter.ForkedBooter.main(ForkedBooter.java:121)<br />
                </div>
      </td>
</tr>
<tr>
  <td class="method">
                  TC_28_JumpPoints_011_Maserati
      </td>
  <td class="duration">
    30.288s
  </td>
  <td class="result">
        
    
            <div class="testOutput">
                        2020-09-20 20:05:37,974 INFO&nbsp; uk.co.sytner.hompage.JumpPoint - JumpPoint Alpine - VP: Verify if Maserati jump point is displayed<br/>
<br />
                                2020-09-20 20:05:38,011 INFO&nbsp; uk.co.sytner.hompage.JumpPoint - ===PASSED==<br/>
<br />
                                2020-09-20 20:05:38,011 INFO&nbsp; uk.co.sytner.hompage.JumpPoint - JumpPoint Alpine - Step 01: Move On Maserati jump point<br/>
<br />
                  </div>
    

        <a href="javascript:toggleElement('exception-10', 'block')" title="Click to expand/collapse"><b>org.openqa.selenium.TimeoutException: Expected condition failed: waiting for visibility of element located by By.xpath: //div[contains(@class, &apos;jump module maserati&apos;)]//span[@class = &apos;content&apos;] (tried for 30 second(s) with 500 MILLISECONDS interval)<br/>
Build info: version: &apos;3.9.1&apos;, revision: &apos;63f7b50&apos;, time: &apos;2018-02-07T22:25:02.294Z&apos;<br/>
System info: host: &apos;S056005530&apos;, ip: &apos;10.0.0.222&apos;, os.name: &apos;Windows 10&apos;, os.arch: &apos;amd64&apos;, os.version: &apos;10.0&apos;, java.version: &apos;1.8.0_261&apos;<br/>
Driver info: org.openqa.selenium.chrome.ChromeDriver<br/>
Capabilities {acceptInsecureCerts: false, browserName: chrome, browserVersion: 85.0.4183.102, chrome: {chromedriverVersion: 85.0.4183.87 (cd6713ebf92fa..., userDataDir: C:\Users\TRI~1.NGU\AppData\...}, goog:chromeOptions: {debuggerAddress: localhost:58794}, javascriptEnabled: true, networkConnectionEnabled: false, pageLoadStrategy: normal, platform: WINDOWS, platformName: WINDOWS, proxy: Proxy(), setWindowRect: true, strictFileInteractability: false, timeouts: {implicit: 0, pageLoad: 300000, script: 30000}, unhandledPromptBehavior: dismiss and notify, webauthn:virtualAuthenticators: true}<br/>
Session ID: 98e910f4238f751e82dbd12355e92feb</b></a><br />
    <div class="stackTrace" id="exception-10">
              org.openqa.selenium.support.ui.WebDriverWait.timeoutException(WebDriverWait.java:82)<br />
              org.openqa.selenium.support.ui.FluentWait.until(FluentWait.java:231)<br />
              commons.AbstractPage.hoverMouseToElement(AbstractPage.java:443)<br />
              pageobject.HomePageObjects.moveToAnyJumpPoint(HomePageObjects.java:34)<br />
              uk.co.sytner.hompage.JumpPoint.TC_28_JumpPoints_011_Maserati(JumpPoint.java:241)<br />
              sun.reflect.NativeMethodAccessorImpl.invoke0(Native Method)<br />
              sun.reflect.NativeMethodAccessorImpl.invoke(NativeMethodAccessorImpl.java:62)<br />
              sun.reflect.DelegatingMethodAccessorImpl.invoke(DelegatingMethodAccessorImpl.java:43)<br />
              java.lang.reflect.Method.invoke(Method.java:498)<br />
              org.testng.internal.MethodInvocationHelper.invokeMethod(MethodInvocationHelper.java:86)<br />
              org.testng.internal.Invoker.invokeMethod(Invoker.java:643)<br />
              org.testng.internal.Invoker.retryFailed(Invoker.java:967)<br />
              org.testng.internal.Invoker.invokeTestMethods(Invoker.java:1146)<br />
              org.testng.internal.TestMethodWorker.invokeTestMethods(TestMethodWorker.java:129)<br />
              org.testng.internal.TestMethodWorker.run(TestMethodWorker.java:112)<br />
              org.testng.TestRunner.privateRun(TestRunner.java:782)<br />
              org.testng.TestRunner.run(TestRunner.java:632)<br />
              org.testng.SuiteRunner.runTest(SuiteRunner.java:366)<br />
              org.testng.SuiteRunner.runSequentially(SuiteRunner.java:361)<br />
              org.testng.SuiteRunner.privateRun(SuiteRunner.java:319)<br />
              org.testng.SuiteRunner.run(SuiteRunner.java:268)<br />
              org.testng.SuiteRunnerWorker.runSuite(SuiteRunnerWorker.java:52)<br />
              org.testng.SuiteRunnerWorker.run(SuiteRunnerWorker.java:86)<br />
              org.testng.TestNG.runSuitesSequentially(TestNG.java:1244)<br />
              org.testng.TestNG.runSuitesLocally(TestNG.java:1169)<br />
              org.testng.TestNG.run(TestNG.java:1064)<br />
              org.apache.maven.surefire.testng.TestNGExecutor.run(TestNGExecutor.java:282)<br />
              org.apache.maven.surefire.testng.TestNGXmlTestSuite.execute(TestNGXmlTestSuite.java:83)<br />
              org.apache.maven.surefire.testng.TestNGProvider.invoke(TestNGProvider.java:114)<br />
              org.apache.maven.surefire.booter.ForkedBooter.invokeProviderInSameClassLoader(ForkedBooter.java:286)<br />
              org.apache.maven.surefire.booter.ForkedBooter.runSuitesInProcess(ForkedBooter.java:240)<br />
              org.apache.maven.surefire.booter.ForkedBooter.main(ForkedBooter.java:121)<br />
                </div>
      </td>
</tr>
<tr>
  <td class="method">
                  TC_29_JumpPoints_012_McLaren
      </td>
  <td class="duration">
    30.339s
  </td>
  <td class="result">
        
    
            <div class="testOutput">
                        2020-09-20 20:07:08,789 INFO&nbsp; uk.co.sytner.hompage.JumpPoint - JumpPoint Alpine - VP: Verify if McLaren jump point is displayed<br/>
<br />
                                2020-09-20 20:07:08,825 INFO&nbsp; uk.co.sytner.hompage.JumpPoint - ===PASSED==<br/>
<br />
                                2020-09-20 20:07:08,825 INFO&nbsp; uk.co.sytner.hompage.JumpPoint - JumpPoint Alpine - Step 01: Move On McLaren jump point<br/>
<br />
                  </div>
    

        <a href="javascript:toggleElement('exception-11', 'block')" title="Click to expand/collapse"><b>org.openqa.selenium.TimeoutException: Expected condition failed: waiting for visibility of element located by By.xpath: //div[contains(@class, &apos;jump module mclaren&apos;)]//span[@class = &apos;content&apos;] (tried for 30 second(s) with 500 MILLISECONDS interval)<br/>
Build info: version: &apos;3.9.1&apos;, revision: &apos;63f7b50&apos;, time: &apos;2018-02-07T22:25:02.294Z&apos;<br/>
System info: host: &apos;S056005530&apos;, ip: &apos;10.0.0.222&apos;, os.name: &apos;Windows 10&apos;, os.arch: &apos;amd64&apos;, os.version: &apos;10.0&apos;, java.version: &apos;1.8.0_261&apos;<br/>
Driver info: org.openqa.selenium.chrome.ChromeDriver<br/>
Capabilities {acceptInsecureCerts: false, browserName: chrome, browserVersion: 85.0.4183.102, chrome: {chromedriverVersion: 85.0.4183.87 (cd6713ebf92fa..., userDataDir: C:\Users\TRI~1.NGU\AppData\...}, goog:chromeOptions: {debuggerAddress: localhost:58794}, javascriptEnabled: true, networkConnectionEnabled: false, pageLoadStrategy: normal, platform: WINDOWS, platformName: WINDOWS, proxy: Proxy(), setWindowRect: true, strictFileInteractability: false, timeouts: {implicit: 0, pageLoad: 300000, script: 30000}, unhandledPromptBehavior: dismiss and notify, webauthn:virtualAuthenticators: true}<br/>
Session ID: 98e910f4238f751e82dbd12355e92feb</b></a><br />
    <div class="stackTrace" id="exception-11">
              org.openqa.selenium.support.ui.WebDriverWait.timeoutException(WebDriverWait.java:82)<br />
              org.openqa.selenium.support.ui.FluentWait.until(FluentWait.java:231)<br />
              commons.AbstractPage.hoverMouseToElement(AbstractPage.java:443)<br />
              pageobject.HomePageObjects.moveToAnyJumpPoint(HomePageObjects.java:34)<br />
              uk.co.sytner.hompage.JumpPoint.TC_29_JumpPoints_012_McLaren(JumpPoint.java:262)<br />
              sun.reflect.NativeMethodAccessorImpl.invoke0(Native Method)<br />
              sun.reflect.NativeMethodAccessorImpl.invoke(NativeMethodAccessorImpl.java:62)<br />
              sun.reflect.DelegatingMethodAccessorImpl.invoke(DelegatingMethodAccessorImpl.java:43)<br />
              java.lang.reflect.Method.invoke(Method.java:498)<br />
              org.testng.internal.MethodInvocationHelper.invokeMethod(MethodInvocationHelper.java:86)<br />
              org.testng.internal.Invoker.invokeMethod(Invoker.java:643)<br />
              org.testng.internal.Invoker.retryFailed(Invoker.java:967)<br />
              org.testng.internal.Invoker.invokeTestMethods(Invoker.java:1146)<br />
              org.testng.internal.TestMethodWorker.invokeTestMethods(TestMethodWorker.java:129)<br />
              org.testng.internal.TestMethodWorker.run(TestMethodWorker.java:112)<br />
              org.testng.TestRunner.privateRun(TestRunner.java:782)<br />
              org.testng.TestRunner.run(TestRunner.java:632)<br />
              org.testng.SuiteRunner.runTest(SuiteRunner.java:366)<br />
              org.testng.SuiteRunner.runSequentially(SuiteRunner.java:361)<br />
              org.testng.SuiteRunner.privateRun(SuiteRunner.java:319)<br />
              org.testng.SuiteRunner.run(SuiteRunner.java:268)<br />
              org.testng.SuiteRunnerWorker.runSuite(SuiteRunnerWorker.java:52)<br />
              org.testng.SuiteRunnerWorker.run(SuiteRunnerWorker.java:86)<br />
              org.testng.TestNG.runSuitesSequentially(TestNG.java:1244)<br />
              org.testng.TestNG.runSuitesLocally(TestNG.java:1169)<br />
              org.testng.TestNG.run(TestNG.java:1064)<br />
              org.apache.maven.surefire.testng.TestNGExecutor.run(TestNGExecutor.java:282)<br />
              org.apache.maven.surefire.testng.TestNGXmlTestSuite.execute(TestNGXmlTestSuite.java:83)<br />
              org.apache.maven.surefire.testng.TestNGProvider.invoke(TestNGProvider.java:114)<br />
              org.apache.maven.surefire.booter.ForkedBooter.invokeProviderInSameClassLoader(ForkedBooter.java:286)<br />
              org.apache.maven.surefire.booter.ForkedBooter.runSuitesInProcess(ForkedBooter.java:240)<br />
              org.apache.maven.surefire.booter.ForkedBooter.main(ForkedBooter.java:121)<br />
                </div>
      </td>
</tr>
<tr>
  <td class="method">
                  TC_30_JumpPoints_013_MercedesBenz
      </td>
  <td class="duration">
    30.498s
  </td>
  <td class="result">
        
    
            <div class="testOutput">
                        2020-09-20 20:08:40,073 INFO&nbsp; uk.co.sytner.hompage.JumpPoint - JumpPoint Alpine - VP: Verify if MercedesBenz jump point is displayed<br/>
<br />
                                2020-09-20 20:08:40,113 INFO&nbsp; uk.co.sytner.hompage.JumpPoint - ===PASSED==<br/>
<br />
                                2020-09-20 20:08:40,113 INFO&nbsp; uk.co.sytner.hompage.JumpPoint - JumpPoint Alpine - Step 01: Move On MercedesBenz jump point<br/>
<br />
                  </div>
    

        <a href="javascript:toggleElement('exception-12', 'block')" title="Click to expand/collapse"><b>org.openqa.selenium.TimeoutException: Expected condition failed: waiting for visibility of element located by By.xpath: //div[contains(@class, &apos;jump module mercedes-benz&apos;)]//span[@class = &apos;content&apos;] (tried for 30 second(s) with 500 MILLISECONDS interval)<br/>
Build info: version: &apos;3.9.1&apos;, revision: &apos;63f7b50&apos;, time: &apos;2018-02-07T22:25:02.294Z&apos;<br/>
System info: host: &apos;S056005530&apos;, ip: &apos;10.0.0.222&apos;, os.name: &apos;Windows 10&apos;, os.arch: &apos;amd64&apos;, os.version: &apos;10.0&apos;, java.version: &apos;1.8.0_261&apos;<br/>
Driver info: org.openqa.selenium.chrome.ChromeDriver<br/>
Capabilities {acceptInsecureCerts: false, browserName: chrome, browserVersion: 85.0.4183.102, chrome: {chromedriverVersion: 85.0.4183.87 (cd6713ebf92fa..., userDataDir: C:\Users\TRI~1.NGU\AppData\...}, goog:chromeOptions: {debuggerAddress: localhost:58794}, javascriptEnabled: true, networkConnectionEnabled: false, pageLoadStrategy: normal, platform: WINDOWS, platformName: WINDOWS, proxy: Proxy(), setWindowRect: true, strictFileInteractability: false, timeouts: {implicit: 0, pageLoad: 300000, script: 30000}, unhandledPromptBehavior: dismiss and notify, webauthn:virtualAuthenticators: true}<br/>
Session ID: 98e910f4238f751e82dbd12355e92feb</b></a><br />
    <div class="stackTrace" id="exception-12">
              org.openqa.selenium.support.ui.WebDriverWait.timeoutException(WebDriverWait.java:82)<br />
              org.openqa.selenium.support.ui.FluentWait.until(FluentWait.java:231)<br />
              commons.AbstractPage.hoverMouseToElement(AbstractPage.java:443)<br />
              pageobject.HomePageObjects.moveToAnyJumpPoint(HomePageObjects.java:34)<br />
              uk.co.sytner.hompage.JumpPoint.TC_30_JumpPoints_013_MercedesBenz(JumpPoint.java:283)<br />
              sun.reflect.NativeMethodAccessorImpl.invoke0(Native Method)<br />
              sun.reflect.NativeMethodAccessorImpl.invoke(NativeMethodAccessorImpl.java:62)<br />
              sun.reflect.DelegatingMethodAccessorImpl.invoke(DelegatingMethodAccessorImpl.java:43)<br />
              java.lang.reflect.Method.invoke(Method.java:498)<br />
              org.testng.internal.MethodInvocationHelper.invokeMethod(MethodInvocationHelper.java:86)<br />
              org.testng.internal.Invoker.invokeMethod(Invoker.java:643)<br />
              org.testng.internal.Invoker.retryFailed(Invoker.java:967)<br />
              org.testng.internal.Invoker.invokeTestMethods(Invoker.java:1146)<br />
              org.testng.internal.TestMethodWorker.invokeTestMethods(TestMethodWorker.java:129)<br />
              org.testng.internal.TestMethodWorker.run(TestMethodWorker.java:112)<br />
              org.testng.TestRunner.privateRun(TestRunner.java:782)<br />
              org.testng.TestRunner.run(TestRunner.java:632)<br />
              org.testng.SuiteRunner.runTest(SuiteRunner.java:366)<br />
              org.testng.SuiteRunner.runSequentially(SuiteRunner.java:361)<br />
              org.testng.SuiteRunner.privateRun(SuiteRunner.java:319)<br />
              org.testng.SuiteRunner.run(SuiteRunner.java:268)<br />
              org.testng.SuiteRunnerWorker.runSuite(SuiteRunnerWorker.java:52)<br />
              org.testng.SuiteRunnerWorker.run(SuiteRunnerWorker.java:86)<br />
              org.testng.TestNG.runSuitesSequentially(TestNG.java:1244)<br />
              org.testng.TestNG.runSuitesLocally(TestNG.java:1169)<br />
              org.testng.TestNG.run(TestNG.java:1064)<br />
              org.apache.maven.surefire.testng.TestNGExecutor.run(TestNGExecutor.java:282)<br />
              org.apache.maven.surefire.testng.TestNGXmlTestSuite.execute(TestNGXmlTestSuite.java:83)<br />
              org.apache.maven.surefire.testng.TestNGProvider.invoke(TestNGProvider.java:114)<br />
              org.apache.maven.surefire.booter.ForkedBooter.invokeProviderInSameClassLoader(ForkedBooter.java:286)<br />
              org.apache.maven.surefire.booter.ForkedBooter.runSuitesInProcess(ForkedBooter.java:240)<br />
              org.apache.maven.surefire.booter.ForkedBooter.main(ForkedBooter.java:121)<br />
                </div>
      </td>
</tr>
<tr>
  <td class="method">
                  TC_31_JumpPoints_014_Mini
      </td>
  <td class="duration">
    30.395s
  </td>
  <td class="result">
        
    
            <div class="testOutput">
                        2020-09-20 20:10:11,385 INFO&nbsp; uk.co.sytner.hompage.JumpPoint - JumpPoint Alpine - VP: Verify if MINI jump point is displayed<br/>
<br />
                                2020-09-20 20:10:11,455 INFO&nbsp; uk.co.sytner.hompage.JumpPoint - ===PASSED==<br/>
<br />
                                2020-09-20 20:10:11,455 INFO&nbsp; uk.co.sytner.hompage.JumpPoint - JumpPoint Alpine - Step 01: Move On MINI jump point<br/>
<br />
                  </div>
    

        <a href="javascript:toggleElement('exception-13', 'block')" title="Click to expand/collapse"><b>org.openqa.selenium.TimeoutException: Expected condition failed: waiting for visibility of element located by By.xpath: //div[contains(@class, &apos;jump module mini&apos;)]//span[@class = &apos;content&apos;] (tried for 30 second(s) with 500 MILLISECONDS interval)<br/>
Build info: version: &apos;3.9.1&apos;, revision: &apos;63f7b50&apos;, time: &apos;2018-02-07T22:25:02.294Z&apos;<br/>
System info: host: &apos;S056005530&apos;, ip: &apos;10.0.0.222&apos;, os.name: &apos;Windows 10&apos;, os.arch: &apos;amd64&apos;, os.version: &apos;10.0&apos;, java.version: &apos;1.8.0_261&apos;<br/>
Driver info: org.openqa.selenium.chrome.ChromeDriver<br/>
Capabilities {acceptInsecureCerts: false, browserName: chrome, browserVersion: 85.0.4183.102, chrome: {chromedriverVersion: 85.0.4183.87 (cd6713ebf92fa..., userDataDir: C:\Users\TRI~1.NGU\AppData\...}, goog:chromeOptions: {debuggerAddress: localhost:58794}, javascriptEnabled: true, networkConnectionEnabled: false, pageLoadStrategy: normal, platform: WINDOWS, platformName: WINDOWS, proxy: Proxy(), setWindowRect: true, strictFileInteractability: false, timeouts: {implicit: 0, pageLoad: 300000, script: 30000}, unhandledPromptBehavior: dismiss and notify, webauthn:virtualAuthenticators: true}<br/>
Session ID: 98e910f4238f751e82dbd12355e92feb</b></a><br />
    <div class="stackTrace" id="exception-13">
              org.openqa.selenium.support.ui.WebDriverWait.timeoutException(WebDriverWait.java:82)<br />
              org.openqa.selenium.support.ui.FluentWait.until(FluentWait.java:231)<br />
              commons.AbstractPage.hoverMouseToElement(AbstractPage.java:443)<br />
              pageobject.HomePageObjects.moveToAnyJumpPoint(HomePageObjects.java:34)<br />
              uk.co.sytner.hompage.JumpPoint.TC_31_JumpPoints_014_Mini(JumpPoint.java:304)<br />
              sun.reflect.NativeMethodAccessorImpl.invoke0(Native Method)<br />
              sun.reflect.NativeMethodAccessorImpl.invoke(NativeMethodAccessorImpl.java:62)<br />
              sun.reflect.DelegatingMethodAccessorImpl.invoke(DelegatingMethodAccessorImpl.java:43)<br />
              java.lang.reflect.Method.invoke(Method.java:498)<br />
              org.testng.internal.MethodInvocationHelper.invokeMethod(MethodInvocationHelper.java:86)<br />
              org.testng.internal.Invoker.invokeMethod(Invoker.java:643)<br />
              org.testng.internal.Invoker.retryFailed(Invoker.java:967)<br />
              org.testng.internal.Invoker.invokeTestMethods(Invoker.java:1146)<br />
              org.testng.internal.TestMethodWorker.invokeTestMethods(TestMethodWorker.java:129)<br />
              org.testng.internal.TestMethodWorker.run(TestMethodWorker.java:112)<br />
              org.testng.TestRunner.privateRun(TestRunner.java:782)<br />
              org.testng.TestRunner.run(TestRunner.java:632)<br />
              org.testng.SuiteRunner.runTest(SuiteRunner.java:366)<br />
              org.testng.SuiteRunner.runSequentially(SuiteRunner.java:361)<br />
              org.testng.SuiteRunner.privateRun(SuiteRunner.java:319)<br />
              org.testng.SuiteRunner.run(SuiteRunner.java:268)<br />
              org.testng.SuiteRunnerWorker.runSuite(SuiteRunnerWorker.java:52)<br />
              org.testng.SuiteRunnerWorker.run(SuiteRunnerWorker.java:86)<br />
              org.testng.TestNG.runSuitesSequentially(TestNG.java:1244)<br />
              org.testng.TestNG.runSuitesLocally(TestNG.java:1169)<br />
              org.testng.TestNG.run(TestNG.java:1064)<br />
              org.apache.maven.surefire.testng.TestNGExecutor.run(TestNGExecutor.java:282)<br />
              org.apache.maven.surefire.testng.TestNGXmlTestSuite.execute(TestNGXmlTestSuite.java:83)<br />
              org.apache.maven.surefire.testng.TestNGProvider.invoke(TestNGProvider.java:114)<br />
              org.apache.maven.surefire.booter.ForkedBooter.invokeProviderInSameClassLoader(ForkedBooter.java:286)<br />
              org.apache.maven.surefire.booter.ForkedBooter.runSuitesInProcess(ForkedBooter.java:240)<br />
              org.apache.maven.surefire.booter.ForkedBooter.main(ForkedBooter.java:121)<br />
                </div>
      </td>
</tr>
<tr>
  <td class="method">
                  TC_32_JumpPoints_015_Porsche
      </td>
  <td class="duration">
    30.391s
  </td>
  <td class="result">
        
    
            <div class="testOutput">
                        2020-09-20 20:11:42,323 INFO&nbsp; uk.co.sytner.hompage.JumpPoint - JumpPoint Alpine - VP: Verify if Porsche jump point is displayed<br/>
<br />
                                2020-09-20 20:11:42,367 INFO&nbsp; uk.co.sytner.hompage.JumpPoint - ===PASSED==<br/>
<br />
                                2020-09-20 20:11:42,367 INFO&nbsp; uk.co.sytner.hompage.JumpPoint - JumpPoint Alpine - Step 01: Move On Porsche jump point<br/>
<br />
                  </div>
    

        <a href="javascript:toggleElement('exception-14', 'block')" title="Click to expand/collapse"><b>org.openqa.selenium.TimeoutException: Expected condition failed: waiting for visibility of element located by By.xpath: //div[contains(@class, &apos;jump module porsche&apos;)]//span[@class = &apos;content&apos;] (tried for 30 second(s) with 500 MILLISECONDS interval)<br/>
Build info: version: &apos;3.9.1&apos;, revision: &apos;63f7b50&apos;, time: &apos;2018-02-07T22:25:02.294Z&apos;<br/>
System info: host: &apos;S056005530&apos;, ip: &apos;10.0.0.222&apos;, os.name: &apos;Windows 10&apos;, os.arch: &apos;amd64&apos;, os.version: &apos;10.0&apos;, java.version: &apos;1.8.0_261&apos;<br/>
Driver info: org.openqa.selenium.chrome.ChromeDriver<br/>
Capabilities {acceptInsecureCerts: false, browserName: chrome, browserVersion: 85.0.4183.102, chrome: {chromedriverVersion: 85.0.4183.87 (cd6713ebf92fa..., userDataDir: C:\Users\TRI~1.NGU\AppData\...}, goog:chromeOptions: {debuggerAddress: localhost:58794}, javascriptEnabled: true, networkConnectionEnabled: false, pageLoadStrategy: normal, platform: WINDOWS, platformName: WINDOWS, proxy: Proxy(), setWindowRect: true, strictFileInteractability: false, timeouts: {implicit: 0, pageLoad: 300000, script: 30000}, unhandledPromptBehavior: dismiss and notify, webauthn:virtualAuthenticators: true}<br/>
Session ID: 98e910f4238f751e82dbd12355e92feb</b></a><br />
    <div class="stackTrace" id="exception-14">
              org.openqa.selenium.support.ui.WebDriverWait.timeoutException(WebDriverWait.java:82)<br />
              org.openqa.selenium.support.ui.FluentWait.until(FluentWait.java:231)<br />
              commons.AbstractPage.hoverMouseToElement(AbstractPage.java:443)<br />
              pageobject.HomePageObjects.moveToAnyJumpPoint(HomePageObjects.java:34)<br />
              uk.co.sytner.hompage.JumpPoint.TC_32_JumpPoints_015_Porsche(JumpPoint.java:325)<br />
              sun.reflect.NativeMethodAccessorImpl.invoke0(Native Method)<br />
              sun.reflect.NativeMethodAccessorImpl.invoke(NativeMethodAccessorImpl.java:62)<br />
              sun.reflect.DelegatingMethodAccessorImpl.invoke(DelegatingMethodAccessorImpl.java:43)<br />
              java.lang.reflect.Method.invoke(Method.java:498)<br />
              org.testng.internal.MethodInvocationHelper.invokeMethod(MethodInvocationHelper.java:86)<br />
              org.testng.internal.Invoker.invokeMethod(Invoker.java:643)<br />
              org.testng.internal.Invoker.retryFailed(Invoker.java:967)<br />
              org.testng.internal.Invoker.invokeTestMethods(Invoker.java:1146)<br />
              org.testng.internal.TestMethodWorker.invokeTestMethods(TestMethodWorker.java:129)<br />
              org.testng.internal.TestMethodWorker.run(TestMethodWorker.java:112)<br />
              org.testng.TestRunner.privateRun(TestRunner.java:782)<br />
              org.testng.TestRunner.run(TestRunner.java:632)<br />
              org.testng.SuiteRunner.runTest(SuiteRunner.java:366)<br />
              org.testng.SuiteRunner.runSequentially(SuiteRunner.java:361)<br />
              org.testng.SuiteRunner.privateRun(SuiteRunner.java:319)<br />
              org.testng.SuiteRunner.run(SuiteRunner.java:268)<br />
              org.testng.SuiteRunnerWorker.runSuite(SuiteRunnerWorker.java:52)<br />
              org.testng.SuiteRunnerWorker.run(SuiteRunnerWorker.java:86)<br />
              org.testng.TestNG.runSuitesSequentially(TestNG.java:1244)<br />
              org.testng.TestNG.runSuitesLocally(TestNG.java:1169)<br />
              org.testng.TestNG.run(TestNG.java:1064)<br />
              org.apache.maven.surefire.testng.TestNGExecutor.run(TestNGExecutor.java:282)<br />
              org.apache.maven.surefire.testng.TestNGXmlTestSuite.execute(TestNGXmlTestSuite.java:83)<br />
              org.apache.maven.surefire.testng.TestNGProvider.invoke(TestNGProvider.java:114)<br />
              org.apache.maven.surefire.booter.ForkedBooter.invokeProviderInSameClassLoader(ForkedBooter.java:286)<br />
              org.apache.maven.surefire.booter.ForkedBooter.runSuitesInProcess(ForkedBooter.java:240)<br />
              org.apache.maven.surefire.booter.ForkedBooter.main(ForkedBooter.java:121)<br />
                </div>
      </td>
</tr>
<tr>
  <td class="method">
                  TC_33_JumpPoints_016_RollsRoyce
      </td>
  <td class="duration">
    30.170s
  </td>
  <td class="result">
        
    
            <div class="testOutput">
                        2020-09-20 20:13:13,148 INFO&nbsp; uk.co.sytner.hompage.JumpPoint - JumpPoint Alpine - VP: Verify if Rolls Royce jump point is displayed<br/>
<br />
                                2020-09-20 20:13:13,181 INFO&nbsp; uk.co.sytner.hompage.JumpPoint - ===PASSED==<br/>
<br />
                                2020-09-20 20:13:13,181 INFO&nbsp; uk.co.sytner.hompage.JumpPoint - JumpPoint Alpine - Step 01: Move On Rolls Royce jump point<br/>
<br />
                  </div>
    

        <a href="javascript:toggleElement('exception-15', 'block')" title="Click to expand/collapse"><b>org.openqa.selenium.TimeoutException: Expected condition failed: waiting for visibility of element located by By.xpath: //div[contains(@class, &apos;jump module rolls-royce&apos;)]//span[@class = &apos;content&apos;] (tried for 30 second(s) with 500 MILLISECONDS interval)<br/>
Build info: version: &apos;3.9.1&apos;, revision: &apos;63f7b50&apos;, time: &apos;2018-02-07T22:25:02.294Z&apos;<br/>
System info: host: &apos;S056005530&apos;, ip: &apos;10.0.0.222&apos;, os.name: &apos;Windows 10&apos;, os.arch: &apos;amd64&apos;, os.version: &apos;10.0&apos;, java.version: &apos;1.8.0_261&apos;<br/>
Driver info: org.openqa.selenium.chrome.ChromeDriver<br/>
Capabilities {acceptInsecureCerts: false, browserName: chrome, browserVersion: 85.0.4183.102, chrome: {chromedriverVersion: 85.0.4183.87 (cd6713ebf92fa..., userDataDir: C:\Users\TRI~1.NGU\AppData\...}, goog:chromeOptions: {debuggerAddress: localhost:58794}, javascriptEnabled: true, networkConnectionEnabled: false, pageLoadStrategy: normal, platform: WINDOWS, platformName: WINDOWS, proxy: Proxy(), setWindowRect: true, strictFileInteractability: false, timeouts: {implicit: 0, pageLoad: 300000, script: 30000}, unhandledPromptBehavior: dismiss and notify, webauthn:virtualAuthenticators: true}<br/>
Session ID: 98e910f4238f751e82dbd12355e92feb</b></a><br />
    <div class="stackTrace" id="exception-15">
              org.openqa.selenium.support.ui.WebDriverWait.timeoutException(WebDriverWait.java:82)<br />
              org.openqa.selenium.support.ui.FluentWait.until(FluentWait.java:231)<br />
              commons.AbstractPage.hoverMouseToElement(AbstractPage.java:443)<br />
              pageobject.HomePageObjects.moveToAnyJumpPoint(HomePageObjects.java:34)<br />
              uk.co.sytner.hompage.JumpPoint.TC_33_JumpPoints_016_RollsRoyce(JumpPoint.java:346)<br />
              sun.reflect.NativeMethodAccessorImpl.invoke0(Native Method)<br />
              sun.reflect.NativeMethodAccessorImpl.invoke(NativeMethodAccessorImpl.java:62)<br />
              sun.reflect.DelegatingMethodAccessorImpl.invoke(DelegatingMethodAccessorImpl.java:43)<br />
              java.lang.reflect.Method.invoke(Method.java:498)<br />
              org.testng.internal.MethodInvocationHelper.invokeMethod(MethodInvocationHelper.java:86)<br />
              org.testng.internal.Invoker.invokeMethod(Invoker.java:643)<br />
              org.testng.internal.Invoker.retryFailed(Invoker.java:967)<br />
              org.testng.internal.Invoker.invokeTestMethods(Invoker.java:1146)<br />
              org.testng.internal.TestMethodWorker.invokeTestMethods(TestMethodWorker.java:129)<br />
              org.testng.internal.TestMethodWorker.run(TestMethodWorker.java:112)<br />
              org.testng.TestRunner.privateRun(TestRunner.java:782)<br />
              org.testng.TestRunner.run(TestRunner.java:632)<br />
              org.testng.SuiteRunner.runTest(SuiteRunner.java:366)<br />
              org.testng.SuiteRunner.runSequentially(SuiteRunner.java:361)<br />
              org.testng.SuiteRunner.privateRun(SuiteRunner.java:319)<br />
              org.testng.SuiteRunner.run(SuiteRunner.java:268)<br />
              org.testng.SuiteRunnerWorker.runSuite(SuiteRunnerWorker.java:52)<br />
              org.testng.SuiteRunnerWorker.run(SuiteRunnerWorker.java:86)<br />
              org.testng.TestNG.runSuitesSequentially(TestNG.java:1244)<br />
              org.testng.TestNG.runSuitesLocally(TestNG.java:1169)<br />
              org.testng.TestNG.run(TestNG.java:1064)<br />
              org.apache.maven.surefire.testng.TestNGExecutor.run(TestNGExecutor.java:282)<br />
              org.apache.maven.surefire.testng.TestNGXmlTestSuite.execute(TestNGXmlTestSuite.java:83)<br />
              org.apache.maven.surefire.testng.TestNGProvider.invoke(TestNGProvider.java:114)<br />
              org.apache.maven.surefire.booter.ForkedBooter.invokeProviderInSameClassLoader(ForkedBooter.java:286)<br />
              org.apache.maven.surefire.booter.ForkedBooter.runSuitesInProcess(ForkedBooter.java:240)<br />
              org.apache.maven.surefire.booter.ForkedBooter.main(ForkedBooter.java:121)<br />
                </div>
      </td>
</tr>
<tr>
  <td class="method">
                  TC_34_JumpPoints_017_Seat
      </td>
  <td class="duration">
    30.167s
  </td>
  <td class="result">
        
    
            <div class="testOutput">
                        2020-09-20 20:14:43,784 INFO&nbsp; uk.co.sytner.hompage.JumpPoint - JumpPoint Alpine - VP: Verify if SEAT jump point is displayed<br/>
<br />
                                2020-09-20 20:14:43,816 INFO&nbsp; uk.co.sytner.hompage.JumpPoint - ===PASSED==<br/>
<br />
                                2020-09-20 20:14:43,816 INFO&nbsp; uk.co.sytner.hompage.JumpPoint - JumpPoint Alpine - Step 01: Move On SEAT jump point<br/>
<br />
                  </div>
    

        <a href="javascript:toggleElement('exception-16', 'block')" title="Click to expand/collapse"><b>org.openqa.selenium.TimeoutException: Expected condition failed: waiting for visibility of element located by By.xpath: //div[contains(@class, &apos;jump module seat&apos;)]//span[@class = &apos;content&apos;] (tried for 30 second(s) with 500 MILLISECONDS interval)<br/>
Build info: version: &apos;3.9.1&apos;, revision: &apos;63f7b50&apos;, time: &apos;2018-02-07T22:25:02.294Z&apos;<br/>
System info: host: &apos;S056005530&apos;, ip: &apos;10.0.0.222&apos;, os.name: &apos;Windows 10&apos;, os.arch: &apos;amd64&apos;, os.version: &apos;10.0&apos;, java.version: &apos;1.8.0_261&apos;<br/>
Driver info: org.openqa.selenium.chrome.ChromeDriver<br/>
Capabilities {acceptInsecureCerts: false, browserName: chrome, browserVersion: 85.0.4183.102, chrome: {chromedriverVersion: 85.0.4183.87 (cd6713ebf92fa..., userDataDir: C:\Users\TRI~1.NGU\AppData\...}, goog:chromeOptions: {debuggerAddress: localhost:58794}, javascriptEnabled: true, networkConnectionEnabled: false, pageLoadStrategy: normal, platform: WINDOWS, platformName: WINDOWS, proxy: Proxy(), setWindowRect: true, strictFileInteractability: false, timeouts: {implicit: 0, pageLoad: 300000, script: 30000}, unhandledPromptBehavior: dismiss and notify, webauthn:virtualAuthenticators: true}<br/>
Session ID: 98e910f4238f751e82dbd12355e92feb</b></a><br />
    <div class="stackTrace" id="exception-16">
              org.openqa.selenium.support.ui.WebDriverWait.timeoutException(WebDriverWait.java:82)<br />
              org.openqa.selenium.support.ui.FluentWait.until(FluentWait.java:231)<br />
              commons.AbstractPage.hoverMouseToElement(AbstractPage.java:443)<br />
              pageobject.HomePageObjects.moveToAnyJumpPoint(HomePageObjects.java:34)<br />
              uk.co.sytner.hompage.JumpPoint.TC_34_JumpPoints_017_Seat(JumpPoint.java:367)<br />
              sun.reflect.NativeMethodAccessorImpl.invoke0(Native Method)<br />
              sun.reflect.NativeMethodAccessorImpl.invoke(NativeMethodAccessorImpl.java:62)<br />
              sun.reflect.DelegatingMethodAccessorImpl.invoke(DelegatingMethodAccessorImpl.java:43)<br />
              java.lang.reflect.Method.invoke(Method.java:498)<br />
              org.testng.internal.MethodInvocationHelper.invokeMethod(MethodInvocationHelper.java:86)<br />
              org.testng.internal.Invoker.invokeMethod(Invoker.java:643)<br />
              org.testng.internal.Invoker.retryFailed(Invoker.java:967)<br />
              org.testng.internal.Invoker.invokeTestMethods(Invoker.java:1146)<br />
              org.testng.internal.TestMethodWorker.invokeTestMethods(TestMethodWorker.java:129)<br />
              org.testng.internal.TestMethodWorker.run(TestMethodWorker.java:112)<br />
              org.testng.TestRunner.privateRun(TestRunner.java:782)<br />
              org.testng.TestRunner.run(TestRunner.java:632)<br />
              org.testng.SuiteRunner.runTest(SuiteRunner.java:366)<br />
              org.testng.SuiteRunner.runSequentially(SuiteRunner.java:361)<br />
              org.testng.SuiteRunner.privateRun(SuiteRunner.java:319)<br />
              org.testng.SuiteRunner.run(SuiteRunner.java:268)<br />
              org.testng.SuiteRunnerWorker.runSuite(SuiteRunnerWorker.java:52)<br />
              org.testng.SuiteRunnerWorker.run(SuiteRunnerWorker.java:86)<br />
              org.testng.TestNG.runSuitesSequentially(TestNG.java:1244)<br />
              org.testng.TestNG.runSuitesLocally(TestNG.java:1169)<br />
              org.testng.TestNG.run(TestNG.java:1064)<br />
              org.apache.maven.surefire.testng.TestNGExecutor.run(TestNGExecutor.java:282)<br />
              org.apache.maven.surefire.testng.TestNGXmlTestSuite.execute(TestNGXmlTestSuite.java:83)<br />
              org.apache.maven.surefire.testng.TestNGProvider.invoke(TestNGProvider.java:114)<br />
              org.apache.maven.surefire.booter.ForkedBooter.invokeProviderInSameClassLoader(ForkedBooter.java:286)<br />
              org.apache.maven.surefire.booter.ForkedBooter.runSuitesInProcess(ForkedBooter.java:240)<br />
              org.apache.maven.surefire.booter.ForkedBooter.main(ForkedBooter.java:121)<br />
                </div>
      </td>
</tr>
<tr>
  <td class="method">
                  TC_35_JumpPoints_018_Skoda
      </td>
  <td class="duration">
    30.218s
  </td>
  <td class="result">
        
    
            <div class="testOutput">
                        2020-09-20 20:16:14,799 INFO&nbsp; uk.co.sytner.hompage.JumpPoint - JumpPoint Alpine - VP: Verify if Skoda jump point is displayed<br/>
<br />
                                2020-09-20 20:16:14,832 INFO&nbsp; uk.co.sytner.hompage.JumpPoint - ===PASSED==<br/>
<br />
                                2020-09-20 20:16:14,832 INFO&nbsp; uk.co.sytner.hompage.JumpPoint - JumpPoint Alpine - Step 01: Move On Skoda jump point<br/>
<br />
                  </div>
    

        <a href="javascript:toggleElement('exception-17', 'block')" title="Click to expand/collapse"><b>org.openqa.selenium.TimeoutException: Expected condition failed: waiting for visibility of element located by By.xpath: //div[contains(@class, &apos;jump module skoda&apos;)]//span[@class = &apos;content&apos;] (tried for 30 second(s) with 500 MILLISECONDS interval)<br/>
Build info: version: &apos;3.9.1&apos;, revision: &apos;63f7b50&apos;, time: &apos;2018-02-07T22:25:02.294Z&apos;<br/>
System info: host: &apos;S056005530&apos;, ip: &apos;10.0.0.222&apos;, os.name: &apos;Windows 10&apos;, os.arch: &apos;amd64&apos;, os.version: &apos;10.0&apos;, java.version: &apos;1.8.0_261&apos;<br/>
Driver info: org.openqa.selenium.chrome.ChromeDriver<br/>
Capabilities {acceptInsecureCerts: false, browserName: chrome, browserVersion: 85.0.4183.102, chrome: {chromedriverVersion: 85.0.4183.87 (cd6713ebf92fa..., userDataDir: C:\Users\TRI~1.NGU\AppData\...}, goog:chromeOptions: {debuggerAddress: localhost:58794}, javascriptEnabled: true, networkConnectionEnabled: false, pageLoadStrategy: normal, platform: WINDOWS, platformName: WINDOWS, proxy: Proxy(), setWindowRect: true, strictFileInteractability: false, timeouts: {implicit: 0, pageLoad: 300000, script: 30000}, unhandledPromptBehavior: dismiss and notify, webauthn:virtualAuthenticators: true}<br/>
Session ID: 98e910f4238f751e82dbd12355e92feb</b></a><br />
    <div class="stackTrace" id="exception-17">
              org.openqa.selenium.support.ui.WebDriverWait.timeoutException(WebDriverWait.java:82)<br />
              org.openqa.selenium.support.ui.FluentWait.until(FluentWait.java:231)<br />
              commons.AbstractPage.hoverMouseToElement(AbstractPage.java:443)<br />
              pageobject.HomePageObjects.moveToAnyJumpPoint(HomePageObjects.java:34)<br />
              uk.co.sytner.hompage.JumpPoint.TC_35_JumpPoints_018_Skoda(JumpPoint.java:388)<br />
              sun.reflect.NativeMethodAccessorImpl.invoke0(Native Method)<br />
              sun.reflect.NativeMethodAccessorImpl.invoke(NativeMethodAccessorImpl.java:62)<br />
              sun.reflect.DelegatingMethodAccessorImpl.invoke(DelegatingMethodAccessorImpl.java:43)<br />
              java.lang.reflect.Method.invoke(Method.java:498)<br />
              org.testng.internal.MethodInvocationHelper.invokeMethod(MethodInvocationHelper.java:86)<br />
              org.testng.internal.Invoker.invokeMethod(Invoker.java:643)<br />
              org.testng.internal.Invoker.retryFailed(Invoker.java:967)<br />
              org.testng.internal.Invoker.invokeTestMethods(Invoker.java:1146)<br />
              org.testng.internal.TestMethodWorker.invokeTestMethods(TestMethodWorker.java:129)<br />
              org.testng.internal.TestMethodWorker.run(TestMethodWorker.java:112)<br />
              org.testng.TestRunner.privateRun(TestRunner.java:782)<br />
              org.testng.TestRunner.run(TestRunner.java:632)<br />
              org.testng.SuiteRunner.runTest(SuiteRunner.java:366)<br />
              org.testng.SuiteRunner.runSequentially(SuiteRunner.java:361)<br />
              org.testng.SuiteRunner.privateRun(SuiteRunner.java:319)<br />
              org.testng.SuiteRunner.run(SuiteRunner.java:268)<br />
              org.testng.SuiteRunnerWorker.runSuite(SuiteRunnerWorker.java:52)<br />
              org.testng.SuiteRunnerWorker.run(SuiteRunnerWorker.java:86)<br />
              org.testng.TestNG.runSuitesSequentially(TestNG.java:1244)<br />
              org.testng.TestNG.runSuitesLocally(TestNG.java:1169)<br />
              org.testng.TestNG.run(TestNG.java:1064)<br />
              org.apache.maven.surefire.testng.TestNGExecutor.run(TestNGExecutor.java:282)<br />
              org.apache.maven.surefire.testng.TestNGXmlTestSuite.execute(TestNGXmlTestSuite.java:83)<br />
              org.apache.maven.surefire.testng.TestNGProvider.invoke(TestNGProvider.java:114)<br />
              org.apache.maven.surefire.booter.ForkedBooter.invokeProviderInSameClassLoader(ForkedBooter.java:286)<br />
              org.apache.maven.surefire.booter.ForkedBooter.runSuitesInProcess(ForkedBooter.java:240)<br />
              org.apache.maven.surefire.booter.ForkedBooter.main(ForkedBooter.java:121)<br />
                </div>
      </td>
</tr>
<tr>
  <td class="method">
                  TC_36_JumpPoints_019_Smart
      </td>
  <td class="duration">
    30.201s
  </td>
  <td class="result">
        
    
            <div class="testOutput">
                        2020-09-20 20:17:45,485 INFO&nbsp; uk.co.sytner.hompage.JumpPoint - JumpPoint Alpine - VP: Verify if smart jump point is displayed<br/>
<br />
                                2020-09-20 20:17:45,517 INFO&nbsp; uk.co.sytner.hompage.JumpPoint - ===PASSED==<br/>
<br />
                                2020-09-20 20:17:45,517 INFO&nbsp; uk.co.sytner.hompage.JumpPoint - JumpPoint Alpine - Step 01: Move On smart jump point<br/>
<br />
                  </div>
    

        <a href="javascript:toggleElement('exception-18', 'block')" title="Click to expand/collapse"><b>org.openqa.selenium.TimeoutException: Expected condition failed: waiting for visibility of element located by By.xpath: //div[contains(@class, &apos;jump module smart&apos;)]//span[@class = &apos;content&apos;] (tried for 30 second(s) with 500 MILLISECONDS interval)<br/>
Build info: version: &apos;3.9.1&apos;, revision: &apos;63f7b50&apos;, time: &apos;2018-02-07T22:25:02.294Z&apos;<br/>
System info: host: &apos;S056005530&apos;, ip: &apos;10.0.0.222&apos;, os.name: &apos;Windows 10&apos;, os.arch: &apos;amd64&apos;, os.version: &apos;10.0&apos;, java.version: &apos;1.8.0_261&apos;<br/>
Driver info: org.openqa.selenium.chrome.ChromeDriver<br/>
Capabilities {acceptInsecureCerts: false, browserName: chrome, browserVersion: 85.0.4183.102, chrome: {chromedriverVersion: 85.0.4183.87 (cd6713ebf92fa..., userDataDir: C:\Users\TRI~1.NGU\AppData\...}, goog:chromeOptions: {debuggerAddress: localhost:58794}, javascriptEnabled: true, networkConnectionEnabled: false, pageLoadStrategy: normal, platform: WINDOWS, platformName: WINDOWS, proxy: Proxy(), setWindowRect: true, strictFileInteractability: false, timeouts: {implicit: 0, pageLoad: 300000, script: 30000}, unhandledPromptBehavior: dismiss and notify, webauthn:virtualAuthenticators: true}<br/>
Session ID: 98e910f4238f751e82dbd12355e92feb</b></a><br />
    <div class="stackTrace" id="exception-18">
              org.openqa.selenium.support.ui.WebDriverWait.timeoutException(WebDriverWait.java:82)<br />
              org.openqa.selenium.support.ui.FluentWait.until(FluentWait.java:231)<br />
              commons.AbstractPage.hoverMouseToElement(AbstractPage.java:443)<br />
              pageobject.HomePageObjects.moveToAnyJumpPoint(HomePageObjects.java:34)<br />
              uk.co.sytner.hompage.JumpPoint.TC_36_JumpPoints_019_Smart(JumpPoint.java:409)<br />
              sun.reflect.NativeMethodAccessorImpl.invoke0(Native Method)<br />
              sun.reflect.NativeMethodAccessorImpl.invoke(NativeMethodAccessorImpl.java:62)<br />
              sun.reflect.DelegatingMethodAccessorImpl.invoke(DelegatingMethodAccessorImpl.java:43)<br />
              java.lang.reflect.Method.invoke(Method.java:498)<br />
              org.testng.internal.MethodInvocationHelper.invokeMethod(MethodInvocationHelper.java:86)<br />
              org.testng.internal.Invoker.invokeMethod(Invoker.java:643)<br />
              org.testng.internal.Invoker.retryFailed(Invoker.java:967)<br />
              org.testng.internal.Invoker.invokeTestMethods(Invoker.java:1146)<br />
              org.testng.internal.TestMethodWorker.invokeTestMethods(TestMethodWorker.java:129)<br />
              org.testng.internal.TestMethodWorker.run(TestMethodWorker.java:112)<br />
              org.testng.TestRunner.privateRun(TestRunner.java:782)<br />
              org.testng.TestRunner.run(TestRunner.java:632)<br />
              org.testng.SuiteRunner.runTest(SuiteRunner.java:366)<br />
              org.testng.SuiteRunner.runSequentially(SuiteRunner.java:361)<br />
              org.testng.SuiteRunner.privateRun(SuiteRunner.java:319)<br />
              org.testng.SuiteRunner.run(SuiteRunner.java:268)<br />
              org.testng.SuiteRunnerWorker.runSuite(SuiteRunnerWorker.java:52)<br />
              org.testng.SuiteRunnerWorker.run(SuiteRunnerWorker.java:86)<br />
              org.testng.TestNG.runSuitesSequentially(TestNG.java:1244)<br />
              org.testng.TestNG.runSuitesLocally(TestNG.java:1169)<br />
              org.testng.TestNG.run(TestNG.java:1064)<br />
              org.apache.maven.surefire.testng.TestNGExecutor.run(TestNGExecutor.java:282)<br />
              org.apache.maven.surefire.testng.TestNGXmlTestSuite.execute(TestNGXmlTestSuite.java:83)<br />
              org.apache.maven.surefire.testng.TestNGProvider.invoke(TestNGProvider.java:114)<br />
              org.apache.maven.surefire.booter.ForkedBooter.invokeProviderInSameClassLoader(ForkedBooter.java:286)<br />
              org.apache.maven.surefire.booter.ForkedBooter.runSuitesInProcess(ForkedBooter.java:240)<br />
              org.apache.maven.surefire.booter.ForkedBooter.main(ForkedBooter.java:121)<br />
                </div>
      </td>
</tr>
<tr>
  <td class="method">
                  TC_37_JumpPoints_020_Volkswagen
      </td>
  <td class="duration">
    10.006s
  </td>
  <td class="result">
        
    
            <div class="testOutput">
                        2020-09-20 20:18:35,751 INFO&nbsp; uk.co.sytner.hompage.JumpPoint - JumpPoint Alpine - VP: Verify if Volkswagen jump point is displayed<br/>
<br />
                  </div>
    

        <a href="javascript:toggleElement('exception-19', 'block')" title="Click to expand/collapse"><b>org.openqa.selenium.TimeoutException: Expected condition failed: waiting for visibility of element located by By.xpath: //div[contains(@class, &apos;jump module volkswagen&apos;)] (tried for 10 second(s) with 500 MILLISECONDS interval)<br/>
Build info: version: &apos;3.9.1&apos;, revision: &apos;63f7b50&apos;, time: &apos;2018-02-07T22:25:02.294Z&apos;<br/>
System info: host: &apos;S056005530&apos;, ip: &apos;10.0.0.222&apos;, os.name: &apos;Windows 10&apos;, os.arch: &apos;amd64&apos;, os.version: &apos;10.0&apos;, java.version: &apos;1.8.0_261&apos;<br/>
Driver info: org.openqa.selenium.chrome.ChromeDriver<br/>
Capabilities {acceptInsecureCerts: false, browserName: chrome, browserVersion: 85.0.4183.102, chrome: {chromedriverVersion: 85.0.4183.87 (cd6713ebf92fa..., userDataDir: C:\Users\TRI~1.NGU\AppData\...}, goog:chromeOptions: {debuggerAddress: localhost:58794}, javascriptEnabled: true, networkConnectionEnabled: false, pageLoadStrategy: normal, platform: WINDOWS, platformName: WINDOWS, proxy: Proxy(), setWindowRect: true, strictFileInteractability: false, timeouts: {implicit: 0, pageLoad: 300000, script: 30000}, unhandledPromptBehavior: dismiss and notify, webauthn:virtualAuthenticators: true}<br/>
Session ID: 98e910f4238f751e82dbd12355e92feb</b></a><br />
    <div class="stackTrace" id="exception-19">
              org.openqa.selenium.support.ui.WebDriverWait.timeoutException(WebDriverWait.java:82)<br />
              org.openqa.selenium.support.ui.FluentWait.until(FluentWait.java:231)<br />
              commons.AbstractPage.isElementDisplayed(AbstractPage.java:354)<br />
              pageobject.HomePageObjects.isSpecificJumpPointDisplayed(HomePageObjects.java:29)<br />
              uk.co.sytner.hompage.JumpPoint.TC_37_JumpPoints_020_Volkswagen(JumpPoint.java:427)<br />
              sun.reflect.NativeMethodAccessorImpl.invoke0(Native Method)<br />
              sun.reflect.NativeMethodAccessorImpl.invoke(NativeMethodAccessorImpl.java:62)<br />
              sun.reflect.DelegatingMethodAccessorImpl.invoke(DelegatingMethodAccessorImpl.java:43)<br />
              java.lang.reflect.Method.invoke(Method.java:498)<br />
              org.testng.internal.MethodInvocationHelper.invokeMethod(MethodInvocationHelper.java:86)<br />
              org.testng.internal.Invoker.invokeMethod(Invoker.java:643)<br />
              org.testng.internal.Invoker.retryFailed(Invoker.java:967)<br />
              org.testng.internal.Invoker.invokeTestMethods(Invoker.java:1146)<br />
              org.testng.internal.TestMethodWorker.invokeTestMethods(TestMethodWorker.java:129)<br />
              org.testng.internal.TestMethodWorker.run(TestMethodWorker.java:112)<br />
              org.testng.TestRunner.privateRun(TestRunner.java:782)<br />
              org.testng.TestRunner.run(TestRunner.java:632)<br />
              org.testng.SuiteRunner.runTest(SuiteRunner.java:366)<br />
              org.testng.SuiteRunner.runSequentially(SuiteRunner.java:361)<br />
              org.testng.SuiteRunner.privateRun(SuiteRunner.java:319)<br />
              org.testng.SuiteRunner.run(SuiteRunner.java:268)<br />
              org.testng.SuiteRunnerWorker.runSuite(SuiteRunnerWorker.java:52)<br />
              org.testng.SuiteRunnerWorker.run(SuiteRunnerWorker.java:86)<br />
              org.testng.TestNG.runSuitesSequentially(TestNG.java:1244)<br />
              org.testng.TestNG.runSuitesLocally(TestNG.java:1169)<br />
              org.testng.TestNG.run(TestNG.java:1064)<br />
              org.apache.maven.surefire.testng.TestNGExecutor.run(TestNGExecutor.java:282)<br />
              org.apache.maven.surefire.testng.TestNGXmlTestSuite.execute(TestNGXmlTestSuite.java:83)<br />
              org.apache.maven.surefire.testng.TestNGProvider.invoke(TestNGProvider.java:114)<br />
              org.apache.maven.surefire.booter.ForkedBooter.invokeProviderInSameClassLoader(ForkedBooter.java:286)<br />
              org.apache.maven.surefire.booter.ForkedBooter.runSuitesInProcess(ForkedBooter.java:240)<br />
              org.apache.maven.surefire.booter.ForkedBooter.main(ForkedBooter.java:121)<br />
                </div>
      </td>
</tr>
<tr>
  <td class="method">
                  TC_38_JumpPoints_021_VolkswagenCommercial
      </td>
  <td class="duration">
    10.071s
  </td>
  <td class="result">
        
    
            <div class="testOutput">
                        2020-09-20 20:19:05,860 INFO&nbsp; uk.co.sytner.hompage.JumpPoint - JumpPoint Alpine - VP: Verify if Volkswagen Commercial jump point is displayed<br/>
<br />
                  </div>
    

        <a href="javascript:toggleElement('exception-20', 'block')" title="Click to expand/collapse"><b>org.openqa.selenium.TimeoutException: Expected condition failed: waiting for visibility of element located by By.xpath: //div[contains(@class, &apos;jump module volkswagen-commercial&apos;)] (tried for 10 second(s) with 500 MILLISECONDS interval)<br/>
Build info: version: &apos;3.9.1&apos;, revision: &apos;63f7b50&apos;, time: &apos;2018-02-07T22:25:02.294Z&apos;<br/>
System info: host: &apos;S056005530&apos;, ip: &apos;10.0.0.222&apos;, os.name: &apos;Windows 10&apos;, os.arch: &apos;amd64&apos;, os.version: &apos;10.0&apos;, java.version: &apos;1.8.0_261&apos;<br/>
Driver info: org.openqa.selenium.chrome.ChromeDriver<br/>
Capabilities {acceptInsecureCerts: false, browserName: chrome, browserVersion: 85.0.4183.102, chrome: {chromedriverVersion: 85.0.4183.87 (cd6713ebf92fa..., userDataDir: C:\Users\TRI~1.NGU\AppData\...}, goog:chromeOptions: {debuggerAddress: localhost:58794}, javascriptEnabled: true, networkConnectionEnabled: false, pageLoadStrategy: normal, platform: WINDOWS, platformName: WINDOWS, proxy: Proxy(), setWindowRect: true, strictFileInteractability: false, timeouts: {implicit: 0, pageLoad: 300000, script: 30000}, unhandledPromptBehavior: dismiss and notify, webauthn:virtualAuthenticators: true}<br/>
Session ID: 98e910f4238f751e82dbd12355e92feb</b></a><br />
    <div class="stackTrace" id="exception-20">
              org.openqa.selenium.support.ui.WebDriverWait.timeoutException(WebDriverWait.java:82)<br />
              org.openqa.selenium.support.ui.FluentWait.until(FluentWait.java:231)<br />
              commons.AbstractPage.isElementDisplayed(AbstractPage.java:354)<br />
              pageobject.HomePageObjects.isSpecificJumpPointDisplayed(HomePageObjects.java:29)<br />
              uk.co.sytner.hompage.JumpPoint.TC_38_JumpPoints_021_VolkswagenCommercial(JumpPoint.java:448)<br />
              sun.reflect.NativeMethodAccessorImpl.invoke0(Native Method)<br />
              sun.reflect.NativeMethodAccessorImpl.invoke(NativeMethodAccessorImpl.java:62)<br />
              sun.reflect.DelegatingMethodAccessorImpl.invoke(DelegatingMethodAccessorImpl.java:43)<br />
              java.lang.reflect.Method.invoke(Method.java:498)<br />
              org.testng.internal.MethodInvocationHelper.invokeMethod(MethodInvocationHelper.java:86)<br />
              org.testng.internal.Invoker.invokeMethod(Invoker.java:643)<br />
              org.testng.internal.Invoker.retryFailed(Invoker.java:967)<br />
              org.testng.internal.Invoker.invokeTestMethods(Invoker.java:1146)<br />
              org.testng.internal.TestMethodWorker.invokeTestMethods(TestMethodWorker.java:129)<br />
              org.testng.internal.TestMethodWorker.run(TestMethodWorker.java:112)<br />
              org.testng.TestRunner.privateRun(TestRunner.java:782)<br />
              org.testng.TestRunner.run(TestRunner.java:632)<br />
              org.testng.SuiteRunner.runTest(SuiteRunner.java:366)<br />
              org.testng.SuiteRunner.runSequentially(SuiteRunner.java:361)<br />
              org.testng.SuiteRunner.privateRun(SuiteRunner.java:319)<br />
              org.testng.SuiteRunner.run(SuiteRunner.java:268)<br />
              org.testng.SuiteRunnerWorker.runSuite(SuiteRunnerWorker.java:52)<br />
              org.testng.SuiteRunnerWorker.run(SuiteRunnerWorker.java:86)<br />
              org.testng.TestNG.runSuitesSequentially(TestNG.java:1244)<br />
              org.testng.TestNG.runSuitesLocally(TestNG.java:1169)<br />
              org.testng.TestNG.run(TestNG.java:1064)<br />
              org.apache.maven.surefire.testng.TestNGExecutor.run(TestNGExecutor.java:282)<br />
              org.apache.maven.surefire.testng.TestNGXmlTestSuite.execute(TestNGXmlTestSuite.java:83)<br />
              org.apache.maven.surefire.testng.TestNGProvider.invoke(TestNGProvider.java:114)<br />
              org.apache.maven.surefire.booter.ForkedBooter.invokeProviderInSameClassLoader(ForkedBooter.java:286)<br />
              org.apache.maven.surefire.booter.ForkedBooter.runSuitesInProcess(ForkedBooter.java:240)<br />
              org.apache.maven.surefire.booter.ForkedBooter.main(ForkedBooter.java:121)<br />
                </div>
      </td>
</tr>
<tr>
  <td class="method">
                  TC_39_JumpPoints_022_Volvo
      </td>
  <td class="duration">
    30.095s
  </td>
  <td class="result">
        
    
            <div class="testOutput">
                        2020-09-20 20:20:16,264 INFO&nbsp; uk.co.sytner.hompage.JumpPoint - JumpPoint Alpine - VP: Verify if Volvo jump point is displayed<br/>
<br />
                                2020-09-20 20:20:16,308 INFO&nbsp; uk.co.sytner.hompage.JumpPoint - ===PASSED==<br/>
<br />
                                2020-09-20 20:20:16,308 INFO&nbsp; uk.co.sytner.hompage.JumpPoint - JumpPoint Alpine - Step 01: Move On Volvo jump point<br/>
<br />
                  </div>
    

        <a href="javascript:toggleElement('exception-21', 'block')" title="Click to expand/collapse"><b>org.openqa.selenium.TimeoutException: Expected condition failed: waiting for visibility of element located by By.xpath: //div[contains(@class, &apos;jump module volvo&apos;)]//span[@class = &apos;content&apos;] (tried for 30 second(s) with 500 MILLISECONDS interval)<br/>
Build info: version: &apos;3.9.1&apos;, revision: &apos;63f7b50&apos;, time: &apos;2018-02-07T22:25:02.294Z&apos;<br/>
System info: host: &apos;S056005530&apos;, ip: &apos;10.0.0.222&apos;, os.name: &apos;Windows 10&apos;, os.arch: &apos;amd64&apos;, os.version: &apos;10.0&apos;, java.version: &apos;1.8.0_261&apos;<br/>
Driver info: org.openqa.selenium.chrome.ChromeDriver<br/>
Capabilities {acceptInsecureCerts: false, browserName: chrome, browserVersion: 85.0.4183.102, chrome: {chromedriverVersion: 85.0.4183.87 (cd6713ebf92fa..., userDataDir: C:\Users\TRI~1.NGU\AppData\...}, goog:chromeOptions: {debuggerAddress: localhost:58794}, javascriptEnabled: true, networkConnectionEnabled: false, pageLoadStrategy: normal, platform: WINDOWS, platformName: WINDOWS, proxy: Proxy(), setWindowRect: true, strictFileInteractability: false, timeouts: {implicit: 0, pageLoad: 300000, script: 30000}, unhandledPromptBehavior: dismiss and notify, webauthn:virtualAuthenticators: true}<br/>
Session ID: 98e910f4238f751e82dbd12355e92feb</b></a><br />
    <div class="stackTrace" id="exception-21">
              org.openqa.selenium.support.ui.WebDriverWait.timeoutException(WebDriverWait.java:82)<br />
              org.openqa.selenium.support.ui.FluentWait.until(FluentWait.java:231)<br />
              commons.AbstractPage.hoverMouseToElement(AbstractPage.java:443)<br />
              pageobject.HomePageObjects.moveToAnyJumpPoint(HomePageObjects.java:34)<br />
              uk.co.sytner.hompage.JumpPoint.TC_39_JumpPoints_022_Volvo(JumpPoint.java:472)<br />
              sun.reflect.NativeMethodAccessorImpl.invoke0(Native Method)<br />
              sun.reflect.NativeMethodAccessorImpl.invoke(NativeMethodAccessorImpl.java:62)<br />
              sun.reflect.DelegatingMethodAccessorImpl.invoke(DelegatingMethodAccessorImpl.java:43)<br />
              java.lang.reflect.Method.invoke(Method.java:498)<br />
              org.testng.internal.MethodInvocationHelper.invokeMethod(MethodInvocationHelper.java:86)<br />
              org.testng.internal.Invoker.invokeMethod(Invoker.java:643)<br />
              org.testng.internal.Invoker.retryFailed(Invoker.java:967)<br />
              org.testng.internal.Invoker.invokeTestMethods(Invoker.java:1146)<br />
              org.testng.internal.TestMethodWorker.invokeTestMethods(TestMethodWorker.java:129)<br />
              org.testng.internal.TestMethodWorker.run(TestMethodWorker.java:112)<br />
              org.testng.TestRunner.privateRun(TestRunner.java:782)<br />
              org.testng.TestRunner.run(TestRunner.java:632)<br />
              org.testng.SuiteRunner.runTest(SuiteRunner.java:366)<br />
              org.testng.SuiteRunner.runSequentially(SuiteRunner.java:361)<br />
              org.testng.SuiteRunner.privateRun(SuiteRunner.java:319)<br />
              org.testng.SuiteRunner.run(SuiteRunner.java:268)<br />
              org.testng.SuiteRunnerWorker.runSuite(SuiteRunnerWorker.java:52)<br />
              org.testng.SuiteRunnerWorker.run(SuiteRunnerWorker.java:86)<br />
              org.testng.TestNG.runSuitesSequentially(TestNG.java:1244)<br />
              org.testng.TestNG.runSuitesLocally(TestNG.java:1169)<br />
              org.testng.TestNG.run(TestNG.java:1064)<br />
              org.apache.maven.surefire.testng.TestNGExecutor.run(TestNGExecutor.java:282)<br />
              org.apache.maven.surefire.testng.TestNGXmlTestSuite.execute(TestNGXmlTestSuite.java:83)<br />
              org.apache.maven.surefire.testng.TestNGProvider.invoke(TestNGProvider.java:114)<br />
              org.apache.maven.surefire.booter.ForkedBooter.invokeProviderInSameClassLoader(ForkedBooter.java:286)<br />
              org.apache.maven.surefire.booter.ForkedBooter.runSuitesInProcess(ForkedBooter.java:240)<br />
              org.apache.maven.surefire.booter.ForkedBooter.main(ForkedBooter.java:121)<br />
                </div>
      </td>
</tr>
      </table>

  <table class="resultsTable" width="100%">
    <tr><th colspan="3" class="header skipped">Skipped Tests</th></tr>
          <tr>
        <td colspan="3" class="group">uk.co.sytner.hompage.JumpPoint</td>
      </tr>
            
<tr>
  <td class="method">
                  TC_18_JumpPoints_001_Alpina
      </td>
  <td class="duration">
    30.803s
  </td>
  <td class="result">
                               
    
            <div class="testOutput">
                        2020-09-20 19:49:47,341 INFO&nbsp; uk.co.sytner.hompage.JumpPoint - JumpPoint Alpine - VP: Verify if Alpina jump point is displayed<br/>
<br />
                                2020-09-20 19:49:47,782 INFO&nbsp; uk.co.sytner.hompage.JumpPoint - ===PASSED==<br/>
<br />
                                2020-09-20 19:49:47,783 INFO&nbsp; uk.co.sytner.hompage.JumpPoint - JumpPoint Alpine - Step 01: Move On Alpina jump point<br/>
<br />
                  </div>
    

      </td>
</tr>
<tr>
  <td class="method">
                  TC_18_JumpPoints_001_Alpina
      </td>
  <td class="duration">
    30.180s
  </td>
  <td class="result">
                               
    
            <div class="testOutput">
                        2020-09-20 19:50:18,143 INFO&nbsp; uk.co.sytner.hompage.JumpPoint - JumpPoint Alpine - VP: Verify if Alpina jump point is displayed<br/>
<br />
                                2020-09-20 19:50:18,188 INFO&nbsp; uk.co.sytner.hompage.JumpPoint - ===PASSED==<br/>
<br />
                                2020-09-20 19:50:18,188 INFO&nbsp; uk.co.sytner.hompage.JumpPoint - JumpPoint Alpine - Step 01: Move On Alpina jump point<br/>
<br />
                  </div>
    

      </td>
</tr>
<tr>
  <td class="method">
                  TC_19_JumpPoints_002_Audi
      </td>
  <td class="duration">
    30.169s
  </td>
  <td class="result">
                               
    
            <div class="testOutput">
                        2020-09-20 19:51:18,602 INFO&nbsp; uk.co.sytner.hompage.JumpPoint - JumpPoint Alpine - VP: Verify if Audi jump point is displayed<br/>
<br />
                                2020-09-20 19:51:18,644 INFO&nbsp; uk.co.sytner.hompage.JumpPoint - ===PASSED==<br/>
<br />
                                2020-09-20 19:51:18,644 INFO&nbsp; uk.co.sytner.hompage.JumpPoint - JumpPoint Alpine - Step 01: Move On Audi jump point<br/>
<br />
                  </div>
    

      </td>
</tr>
<tr>
  <td class="method">
                  TC_19_JumpPoints_002_Audi
      </td>
  <td class="duration">
    30.226s
  </td>
  <td class="result">
                               
    
            <div class="testOutput">
                        2020-09-20 19:51:48,771 INFO&nbsp; uk.co.sytner.hompage.JumpPoint - JumpPoint Alpine - VP: Verify if Audi jump point is displayed<br/>
<br />
                                2020-09-20 19:51:48,805 INFO&nbsp; uk.co.sytner.hompage.JumpPoint - ===PASSED==<br/>
<br />
                                2020-09-20 19:51:48,805 INFO&nbsp; uk.co.sytner.hompage.JumpPoint - JumpPoint Alpine - Step 01: Move On Audi jump point<br/>
<br />
                  </div>
    

      </td>
</tr>
<tr>
  <td class="method">
                  TC_20_JumpPoints_003_Bentley
      </td>
  <td class="duration">
    30.515s
  </td>
  <td class="result">
                               
    
            <div class="testOutput">
                        2020-09-20 19:52:49,292 INFO&nbsp; uk.co.sytner.hompage.JumpPoint - JumpPoint Alpine - VP: Verify if Bentley jump point is displayed<br/>
<br />
                                2020-09-20 19:52:49,342 INFO&nbsp; uk.co.sytner.hompage.JumpPoint - ===PASSED==<br/>
<br />
                                2020-09-20 19:52:49,342 INFO&nbsp; uk.co.sytner.hompage.JumpPoint - JumpPoint Alpine - Step 01: Move On Bentley jump point<br/>
<br />
                  </div>
    

      </td>
</tr>
<tr>
  <td class="method">
                  TC_20_JumpPoints_003_Bentley
      </td>
  <td class="duration">
    30.335s
  </td>
  <td class="result">
                               
    
            <div class="testOutput">
                        2020-09-20 19:53:19,807 INFO&nbsp; uk.co.sytner.hompage.JumpPoint - JumpPoint Alpine - VP: Verify if Bentley jump point is displayed<br/>
<br />
                                2020-09-20 19:53:19,847 INFO&nbsp; uk.co.sytner.hompage.JumpPoint - ===PASSED==<br/>
<br />
                                2020-09-20 19:53:19,847 INFO&nbsp; uk.co.sytner.hompage.JumpPoint - JumpPoint Alpine - Step 01: Move On Bentley jump point<br/>
<br />
                  </div>
    

      </td>
</tr>
<tr>
  <td class="method">
                  TC_21_JumpPoints_004_BMW
      </td>
  <td class="duration">
    30.332s
  </td>
  <td class="result">
                               
    
            <div class="testOutput">
                        2020-09-20 19:54:50,644 INFO&nbsp; uk.co.sytner.hompage.JumpPoint - JumpPoint Alpine - VP: Verify if BMW jump point is displayed<br/>
<br />
                                2020-09-20 19:54:50,678 INFO&nbsp; uk.co.sytner.hompage.JumpPoint - ===PASSED==<br/>
<br />
                                2020-09-20 19:54:50,679 INFO&nbsp; uk.co.sytner.hompage.JumpPoint - JumpPoint Alpine - Step 01: Move On BMW jump point<br/>
<br />
                  </div>
    

      </td>
</tr>
<tr>
  <td class="method">
                  TC_21_JumpPoints_004_BMW
      </td>
  <td class="duration">
    30.195s
  </td>
  <td class="result">
                               
    
            <div class="testOutput">
                        2020-09-20 19:54:20,448 INFO&nbsp; uk.co.sytner.hompage.JumpPoint - JumpPoint Alpine - VP: Verify if BMW jump point is displayed<br/>
<br />
                                2020-09-20 19:54:20,489 INFO&nbsp; uk.co.sytner.hompage.JumpPoint - ===PASSED==<br/>
<br />
                                2020-09-20 19:54:20,489 INFO&nbsp; uk.co.sytner.hompage.JumpPoint - JumpPoint Alpine - Step 01: Move On BMW jump point<br/>
<br />
                  </div>
    

      </td>
</tr>
<tr>
  <td class="method">
                  TC_22_JumpPoints_005_Ferrari
      </td>
  <td class="duration">
    30.570s
  </td>
  <td class="result">
                               
    
            <div class="testOutput">
                        2020-09-20 19:56:21,350 INFO&nbsp; uk.co.sytner.hompage.JumpPoint - JumpPoint Alpine - VP: Verify if Ferrari jump point is displayed<br/>
<br />
                                2020-09-20 19:56:21,385 INFO&nbsp; uk.co.sytner.hompage.JumpPoint - ===PASSED==<br/>
<br />
                                2020-09-20 19:56:21,385 INFO&nbsp; uk.co.sytner.hompage.JumpPoint - JumpPoint Alpine - Step 01: Move On Ferrari jump point<br/>
<br />
                  </div>
    

      </td>
</tr>
<tr>
  <td class="method">
                  TC_22_JumpPoints_005_Ferrari
      </td>
  <td class="duration">
    30.122s
  </td>
  <td class="result">
                               
    
            <div class="testOutput">
                        2020-09-20 19:55:51,228 INFO&nbsp; uk.co.sytner.hompage.JumpPoint - JumpPoint Alpine - VP: Verify if Ferrari jump point is displayed<br/>
<br />
                                2020-09-20 19:55:51,269 INFO&nbsp; uk.co.sytner.hompage.JumpPoint - ===PASSED==<br/>
<br />
                                2020-09-20 19:55:51,269 INFO&nbsp; uk.co.sytner.hompage.JumpPoint - JumpPoint Alpine - Step 01: Move On Ferrari jump point<br/>
<br />
                  </div>
    

      </td>
</tr>
<tr>
  <td class="method">
                  TC_23_JumpPoints_006_AstonMartin
      </td>
  <td class="duration">
    11.851s
  </td>
  <td class="result">
                               
    
            <div class="testOutput">
                        2020-09-20 19:57:52,520 INFO&nbsp; uk.co.sytner.hompage.JumpPoint - JumpPoint Alpine - VP: Verify if Aston Martin jump point is displayed<br/>
<br />
                                2020-09-20 19:57:52,561 INFO&nbsp; uk.co.sytner.hompage.JumpPoint - ===PASSED==<br/>
<br />
                                2020-09-20 19:57:52,561 INFO&nbsp; uk.co.sytner.hompage.JumpPoint - JumpPoint Alpine - Step 01: Move On Aston Martin jump point<br/>
<br />
                                2020-09-20 19:57:54,276 INFO&nbsp; uk.co.sytner.hompage.JumpPoint - JumpPoint Alpine - VP: Verify if Aston Martin icon is displayed<br/>
<br />
                  </div>
    

      </td>
</tr>
<tr>
  <td class="method">
                  TC_23_JumpPoints_006_AstonMartin
      </td>
  <td class="duration">
    30.335s
  </td>
  <td class="result">
                               
    
            <div class="testOutput">
                        2020-09-20 19:57:22,185 INFO&nbsp; uk.co.sytner.hompage.JumpPoint - JumpPoint Alpine - VP: Verify if Aston Martin jump point is displayed<br/>
<br />
                                2020-09-20 19:57:22,253 INFO&nbsp; uk.co.sytner.hompage.JumpPoint - ===PASSED==<br/>
<br />
                                2020-09-20 19:57:22,253 INFO&nbsp; uk.co.sytner.hompage.JumpPoint - JumpPoint Alpine - Step 01: Move On Aston Martin jump point<br/>
<br />
                  </div>
    

      </td>
</tr>
<tr>
  <td class="method">
                  TC_24_JumpPoints_007_Jaguar
      </td>
  <td class="duration">
    30.111s
  </td>
  <td class="result">
                               
    
            <div class="testOutput">
                        2020-09-20 19:59:04,747 INFO&nbsp; uk.co.sytner.hompage.JumpPoint - JumpPoint Alpine - VP: Verify if Jaguar jump point is displayed<br/>
<br />
                                2020-09-20 19:59:04,784 INFO&nbsp; uk.co.sytner.hompage.JumpPoint - ===PASSED==<br/>
<br />
                                2020-09-20 19:59:04,784 INFO&nbsp; uk.co.sytner.hompage.JumpPoint - JumpPoint Alpine - Step 01: Move On Jaguar jump point<br/>
<br />
                  </div>
    

      </td>
</tr>
<tr>
  <td class="method">
                  TC_24_JumpPoints_007_Jaguar
      </td>
  <td class="duration">
    30.162s
  </td>
  <td class="result">
                               
    
            <div class="testOutput">
                        2020-09-20 19:58:34,585 INFO&nbsp; uk.co.sytner.hompage.JumpPoint - JumpPoint Alpine - VP: Verify if Jaguar jump point is displayed<br/>
<br />
                                2020-09-20 19:58:34,627 INFO&nbsp; uk.co.sytner.hompage.JumpPoint - ===PASSED==<br/>
<br />
                                2020-09-20 19:58:34,627 INFO&nbsp; uk.co.sytner.hompage.JumpPoint - JumpPoint Alpine - Step 01: Move On Jaguar jump point<br/>
<br />
                  </div>
    

      </td>
</tr>
<tr>
  <td class="method">
                  TC_25_JumpPoints_008_LandRover
      </td>
  <td class="duration">
    30.102s
  </td>
  <td class="result">
                               
    
            <div class="testOutput">
                        2020-09-20 20:00:35,249 INFO&nbsp; uk.co.sytner.hompage.JumpPoint - JumpPoint Alpine - VP: Verify if LandRover jump point is displayed<br/>
<br />
                                2020-09-20 20:00:35,282 INFO&nbsp; uk.co.sytner.hompage.JumpPoint - ===PASSED==<br/>
<br />
                                2020-09-20 20:00:35,282 INFO&nbsp; uk.co.sytner.hompage.JumpPoint - JumpPoint Alpine - Step 01: Move On LandRover jump point<br/>
<br />
                  </div>
    

      </td>
</tr>
<tr>
  <td class="method">
                  TC_25_JumpPoints_008_LandRover
      </td>
  <td class="duration">
    30.140s
  </td>
  <td class="result">
                               
    
            <div class="testOutput">
                        2020-09-20 20:00:05,109 INFO&nbsp; uk.co.sytner.hompage.JumpPoint - JumpPoint Alpine - VP: Verify if LandRover jump point is displayed<br/>
<br />
                                2020-09-20 20:00:05,166 INFO&nbsp; uk.co.sytner.hompage.JumpPoint - ===PASSED==<br/>
<br />
                                2020-09-20 20:00:05,166 INFO&nbsp; uk.co.sytner.hompage.JumpPoint - JumpPoint Alpine - Step 01: Move On LandRover jump point<br/>
<br />
                  </div>
    

      </td>
</tr>
<tr>
  <td class="method">
                  TC_26_JumpPoints_009_Lamborghini
      </td>
  <td class="duration">
    30.221s
  </td>
  <td class="result">
                               
    
            <div class="testOutput">
                        2020-09-20 20:01:35,449 INFO&nbsp; uk.co.sytner.hompage.JumpPoint - JumpPoint Alpine - VP: Verify if Lamborghini jump point is displayed<br/>
<br />
                                2020-09-20 20:01:35,489 INFO&nbsp; uk.co.sytner.hompage.JumpPoint - ===PASSED==<br/>
<br />
                                2020-09-20 20:01:35,489 INFO&nbsp; uk.co.sytner.hompage.JumpPoint - JumpPoint Alpine - Step 01: Move On Lamborghini jump point<br/>
<br />
                  </div>
    

      </td>
</tr>
<tr>
  <td class="method">
                  TC_26_JumpPoints_009_Lamborghini
      </td>
  <td class="duration">
    30.302s
  </td>
  <td class="result">
                               
    
            <div class="testOutput">
                        2020-09-20 20:02:05,670 INFO&nbsp; uk.co.sytner.hompage.JumpPoint - JumpPoint Alpine - VP: Verify if Lamborghini jump point is displayed<br/>
<br />
                                2020-09-20 20:02:05,705 INFO&nbsp; uk.co.sytner.hompage.JumpPoint - ===PASSED==<br/>
<br />
                                2020-09-20 20:02:05,705 INFO&nbsp; uk.co.sytner.hompage.JumpPoint - JumpPoint Alpine - Step 01: Move On Lamborghini jump point<br/>
<br />
                  </div>
    

      </td>
</tr>
<tr>
  <td class="method">
                  TC_27_JumpPoints_010_SytnerSelect
      </td>
  <td class="duration">
    30.299s
  </td>
  <td class="result">
                               
    
            <div class="testOutput">
                        2020-09-20 20:03:36,749 INFO&nbsp; uk.co.sytner.hompage.JumpPoint - JumpPoint Alpine - VP: Verify if Sytner Select jump point is displayed<br/>
<br />
                                2020-09-20 20:03:36,785 INFO&nbsp; uk.co.sytner.hompage.JumpPoint - ===PASSED==<br/>
<br />
                                2020-09-20 20:03:36,785 INFO&nbsp; uk.co.sytner.hompage.JumpPoint - JumpPoint Alpine - Step 01: Move On Sytner Select jump point<br/>
<br />
                  </div>
    

      </td>
</tr>
<tr>
  <td class="method">
                  TC_27_JumpPoints_010_SytnerSelect
      </td>
  <td class="duration">
    30.432s
  </td>
  <td class="result">
                               
    
            <div class="testOutput">
                        2020-09-20 20:03:06,317 INFO&nbsp; uk.co.sytner.hompage.JumpPoint - JumpPoint Alpine - VP: Verify if Sytner Select jump point is displayed<br/>
<br />
                                2020-09-20 20:03:06,358 INFO&nbsp; uk.co.sytner.hompage.JumpPoint - ===PASSED==<br/>
<br />
                                2020-09-20 20:03:06,358 INFO&nbsp; uk.co.sytner.hompage.JumpPoint - JumpPoint Alpine - Step 01: Move On Sytner Select jump point<br/>
<br />
                  </div>
    

      </td>
</tr>
<tr>
  <td class="method">
                  TC_28_JumpPoints_011_Maserati
      </td>
  <td class="duration">
    30.253s
  </td>
  <td class="result">
                               
    
            <div class="testOutput">
                        2020-09-20 20:04:37,603 INFO&nbsp; uk.co.sytner.hompage.JumpPoint - JumpPoint Alpine - VP: Verify if Maserati jump point is displayed<br/>
<br />
                                2020-09-20 20:04:37,655 INFO&nbsp; uk.co.sytner.hompage.JumpPoint - ===PASSED==<br/>
<br />
                                2020-09-20 20:04:37,655 INFO&nbsp; uk.co.sytner.hompage.JumpPoint - JumpPoint Alpine - Step 01: Move On Maserati jump point<br/>
<br />
                  </div>
    

      </td>
</tr>
<tr>
  <td class="method">
                  TC_28_JumpPoints_011_Maserati
      </td>
  <td class="duration">
    30.118s
  </td>
  <td class="result">
                               
    
            <div class="testOutput">
                        2020-09-20 20:05:07,856 INFO&nbsp; uk.co.sytner.hompage.JumpPoint - JumpPoint Alpine - VP: Verify if Maserati jump point is displayed<br/>
<br />
                                2020-09-20 20:05:07,916 INFO&nbsp; uk.co.sytner.hompage.JumpPoint - ===PASSED==<br/>
<br />
                                2020-09-20 20:05:07,916 INFO&nbsp; uk.co.sytner.hompage.JumpPoint - JumpPoint Alpine - Step 01: Move On Maserati jump point<br/>
<br />
                  </div>
    

      </td>
</tr>
<tr>
  <td class="method">
                  TC_29_JumpPoints_012_McLaren
      </td>
  <td class="duration">
    30.321s
  </td>
  <td class="result">
                               
    
            <div class="testOutput">
                        2020-09-20 20:06:38,467 INFO&nbsp; uk.co.sytner.hompage.JumpPoint - JumpPoint Alpine - VP: Verify if McLaren jump point is displayed<br/>
<br />
                                2020-09-20 20:06:38,500 INFO&nbsp; uk.co.sytner.hompage.JumpPoint - ===PASSED==<br/>
<br />
                                2020-09-20 20:06:38,501 INFO&nbsp; uk.co.sytner.hompage.JumpPoint - JumpPoint Alpine - Step 01: Move On McLaren jump point<br/>
<br />
                  </div>
    

      </td>
</tr>
<tr>
  <td class="method">
                  TC_29_JumpPoints_012_McLaren
      </td>
  <td class="duration">
    30.205s
  </td>
  <td class="result">
                               
    
            <div class="testOutput">
                        2020-09-20 20:06:08,262 INFO&nbsp; uk.co.sytner.hompage.JumpPoint - JumpPoint Alpine - VP: Verify if McLaren jump point is displayed<br/>
<br />
                                2020-09-20 20:06:08,309 INFO&nbsp; uk.co.sytner.hompage.JumpPoint - ===PASSED==<br/>
<br />
                                2020-09-20 20:06:08,309 INFO&nbsp; uk.co.sytner.hompage.JumpPoint - JumpPoint Alpine - Step 01: Move On McLaren jump point<br/>
<br />
                  </div>
    

      </td>
</tr>
<tr>
  <td class="method">
                  TC_30_JumpPoints_013_MercedesBenz
      </td>
  <td class="duration">
    30.510s
  </td>
  <td class="result">
                               
    
            <div class="testOutput">
                        2020-09-20 20:07:39,129 INFO&nbsp; uk.co.sytner.hompage.JumpPoint - JumpPoint Alpine - VP: Verify if MercedesBenz jump point is displayed<br/>
<br />
                                2020-09-20 20:07:39,172 INFO&nbsp; uk.co.sytner.hompage.JumpPoint - ===PASSED==<br/>
<br />
                                2020-09-20 20:07:39,172 INFO&nbsp; uk.co.sytner.hompage.JumpPoint - JumpPoint Alpine - Step 01: Move On MercedesBenz jump point<br/>
<br />
                  </div>
    

      </td>
</tr>
<tr>
  <td class="method">
                  TC_30_JumpPoints_013_MercedesBenz
      </td>
  <td class="duration">
    30.434s
  </td>
  <td class="result">
                               
    
            <div class="testOutput">
                        2020-09-20 20:08:09,639 INFO&nbsp; uk.co.sytner.hompage.JumpPoint - JumpPoint Alpine - VP: Verify if MercedesBenz jump point is displayed<br/>
<br />
                                2020-09-20 20:08:09,679 INFO&nbsp; uk.co.sytner.hompage.JumpPoint - ===PASSED==<br/>
<br />
                                2020-09-20 20:08:09,679 INFO&nbsp; uk.co.sytner.hompage.JumpPoint - JumpPoint Alpine - Step 01: Move On MercedesBenz jump point<br/>
<br />
                  </div>
    

      </td>
</tr>
<tr>
  <td class="method">
                  TC_31_JumpPoints_014_Mini
      </td>
  <td class="duration">
    30.436s
  </td>
  <td class="result">
                               
    
            <div class="testOutput">
                        2020-09-20 20:09:10,572 INFO&nbsp; uk.co.sytner.hompage.JumpPoint - JumpPoint Alpine - VP: Verify if MINI jump point is displayed<br/>
<br />
                                2020-09-20 20:09:10,615 INFO&nbsp; uk.co.sytner.hompage.JumpPoint - ===PASSED==<br/>
<br />
                                2020-09-20 20:09:10,615 INFO&nbsp; uk.co.sytner.hompage.JumpPoint - JumpPoint Alpine - Step 01: Move On MINI jump point<br/>
<br />
                  </div>
    

      </td>
</tr>
<tr>
  <td class="method">
                  TC_31_JumpPoints_014_Mini
      </td>
  <td class="duration">
    30.378s
  </td>
  <td class="result">
                               
    
            <div class="testOutput">
                        2020-09-20 20:09:41,007 INFO&nbsp; uk.co.sytner.hompage.JumpPoint - JumpPoint Alpine - VP: Verify if MINI jump point is displayed<br/>
<br />
                                2020-09-20 20:09:41,042 INFO&nbsp; uk.co.sytner.hompage.JumpPoint - ===PASSED==<br/>
<br />
                                2020-09-20 20:09:41,042 INFO&nbsp; uk.co.sytner.hompage.JumpPoint - JumpPoint Alpine - Step 01: Move On MINI jump point<br/>
<br />
                  </div>
    

      </td>
</tr>
<tr>
  <td class="method">
                  TC_32_JumpPoints_015_Porsche
      </td>
  <td class="duration">
    30.314s
  </td>
  <td class="result">
                               
    
            <div class="testOutput">
                        2020-09-20 20:10:41,781 INFO&nbsp; uk.co.sytner.hompage.JumpPoint - JumpPoint Alpine - VP: Verify if Porsche jump point is displayed<br/>
<br />
                                2020-09-20 20:10:41,828 INFO&nbsp; uk.co.sytner.hompage.JumpPoint - ===PASSED==<br/>
<br />
                                2020-09-20 20:10:41,828 INFO&nbsp; uk.co.sytner.hompage.JumpPoint - JumpPoint Alpine - Step 01: Move On Porsche jump point<br/>
<br />
                  </div>
    

      </td>
</tr>
<tr>
  <td class="method">
                  TC_32_JumpPoints_015_Porsche
      </td>
  <td class="duration">
    30.226s
  </td>
  <td class="result">
                               
    
            <div class="testOutput">
                        2020-09-20 20:11:12,096 INFO&nbsp; uk.co.sytner.hompage.JumpPoint - JumpPoint Alpine - VP: Verify if Porsche jump point is displayed<br/>
<br />
                                2020-09-20 20:11:12,128 INFO&nbsp; uk.co.sytner.hompage.JumpPoint - ===PASSED==<br/>
<br />
                                2020-09-20 20:11:12,128 INFO&nbsp; uk.co.sytner.hompage.JumpPoint - JumpPoint Alpine - Step 01: Move On Porsche jump point<br/>
<br />
                  </div>
    

      </td>
</tr>
<tr>
  <td class="method">
                  TC_33_JumpPoints_016_RollsRoyce
      </td>
  <td class="duration">
    30.235s
  </td>
  <td class="result">
                               
    
            <div class="testOutput">
                        2020-09-20 20:12:12,715 INFO&nbsp; uk.co.sytner.hompage.JumpPoint - JumpPoint Alpine - VP: Verify if Rolls Royce jump point is displayed<br/>
<br />
                                2020-09-20 20:12:12,757 INFO&nbsp; uk.co.sytner.hompage.JumpPoint - ===PASSED==<br/>
<br />
                                2020-09-20 20:12:12,757 INFO&nbsp; uk.co.sytner.hompage.JumpPoint - JumpPoint Alpine - Step 01: Move On Rolls Royce jump point<br/>
<br />
                  </div>
    

      </td>
</tr>
<tr>
  <td class="method">
                  TC_33_JumpPoints_016_RollsRoyce
      </td>
  <td class="duration">
    30.199s
  </td>
  <td class="result">
                               
    
            <div class="testOutput">
                        2020-09-20 20:12:42,950 INFO&nbsp; uk.co.sytner.hompage.JumpPoint - JumpPoint Alpine - VP: Verify if Rolls Royce jump point is displayed<br/>
<br />
                                2020-09-20 20:12:43,001 INFO&nbsp; uk.co.sytner.hompage.JumpPoint - ===PASSED==<br/>
<br />
                                2020-09-20 20:12:43,001 INFO&nbsp; uk.co.sytner.hompage.JumpPoint - JumpPoint Alpine - Step 01: Move On Rolls Royce jump point<br/>
<br />
                  </div>
    

      </td>
</tr>
<tr>
  <td class="method">
                  TC_34_JumpPoints_017_Seat
      </td>
  <td class="duration">
    30.244s
  </td>
  <td class="result">
                               
    
            <div class="testOutput">
                        2020-09-20 20:13:43,319 INFO&nbsp; uk.co.sytner.hompage.JumpPoint - JumpPoint Alpine - VP: Verify if SEAT jump point is displayed<br/>
<br />
                                2020-09-20 20:13:43,363 INFO&nbsp; uk.co.sytner.hompage.JumpPoint - ===PASSED==<br/>
<br />
                                2020-09-20 20:13:43,363 INFO&nbsp; uk.co.sytner.hompage.JumpPoint - JumpPoint Alpine - Step 01: Move On SEAT jump point<br/>
<br />
                  </div>
    

      </td>
</tr>
<tr>
  <td class="method">
                  TC_34_JumpPoints_017_Seat
      </td>
  <td class="duration">
    30.221s
  </td>
  <td class="result">
                               
    
            <div class="testOutput">
                        2020-09-20 20:14:13,563 INFO&nbsp; uk.co.sytner.hompage.JumpPoint - JumpPoint Alpine - VP: Verify if SEAT jump point is displayed<br/>
<br />
                                2020-09-20 20:14:13,607 INFO&nbsp; uk.co.sytner.hompage.JumpPoint - ===PASSED==<br/>
<br />
                                2020-09-20 20:14:13,607 INFO&nbsp; uk.co.sytner.hompage.JumpPoint - JumpPoint Alpine - Step 01: Move On SEAT jump point<br/>
<br />
                  </div>
    

      </td>
</tr>
<tr>
  <td class="method">
                  TC_35_JumpPoints_018_Skoda
      </td>
  <td class="duration">
    30.564s
  </td>
  <td class="result">
                               
    
            <div class="testOutput">
                        2020-09-20 20:15:44,235 INFO&nbsp; uk.co.sytner.hompage.JumpPoint - JumpPoint Alpine - VP: Verify if Skoda jump point is displayed<br/>
<br />
                                2020-09-20 20:15:44,282 INFO&nbsp; uk.co.sytner.hompage.JumpPoint - ===PASSED==<br/>
<br />
                                2020-09-20 20:15:44,282 INFO&nbsp; uk.co.sytner.hompage.JumpPoint - JumpPoint Alpine - Step 01: Move On Skoda jump point<br/>
<br />
                  </div>
    

      </td>
</tr>
<tr>
  <td class="method">
                  TC_35_JumpPoints_018_Skoda
      </td>
  <td class="duration">
    30.282s
  </td>
  <td class="result">
                               
    
            <div class="testOutput">
                        2020-09-20 20:15:13,952 INFO&nbsp; uk.co.sytner.hompage.JumpPoint - JumpPoint Alpine - VP: Verify if Skoda jump point is displayed<br/>
<br />
                                2020-09-20 20:15:13,991 INFO&nbsp; uk.co.sytner.hompage.JumpPoint - ===PASSED==<br/>
<br />
                                2020-09-20 20:15:13,991 INFO&nbsp; uk.co.sytner.hompage.JumpPoint - JumpPoint Alpine - Step 01: Move On Skoda jump point<br/>
<br />
                  </div>
    

      </td>
</tr>
<tr>
  <td class="method">
                  TC_36_JumpPoints_019_Smart
      </td>
  <td class="duration">
    30.282s
  </td>
  <td class="result">
                               
    
            <div class="testOutput">
                        2020-09-20 20:17:15,203 INFO&nbsp; uk.co.sytner.hompage.JumpPoint - JumpPoint Alpine - VP: Verify if smart jump point is displayed<br/>
<br />
                                2020-09-20 20:17:15,235 INFO&nbsp; uk.co.sytner.hompage.JumpPoint - ===PASSED==<br/>
<br />
                                2020-09-20 20:17:15,235 INFO&nbsp; uk.co.sytner.hompage.JumpPoint - JumpPoint Alpine - Step 01: Move On smart jump point<br/>
<br />
                  </div>
    

      </td>
</tr>
<tr>
  <td class="method">
                  TC_36_JumpPoints_019_Smart
      </td>
  <td class="duration">
    30.185s
  </td>
  <td class="result">
                               
    
            <div class="testOutput">
                        2020-09-20 20:16:45,017 INFO&nbsp; uk.co.sytner.hompage.JumpPoint - JumpPoint Alpine - VP: Verify if smart jump point is displayed<br/>
<br />
                                2020-09-20 20:16:45,057 INFO&nbsp; uk.co.sytner.hompage.JumpPoint - ===PASSED==<br/>
<br />
                                2020-09-20 20:16:45,057 INFO&nbsp; uk.co.sytner.hompage.JumpPoint - JumpPoint Alpine - Step 01: Move On smart jump point<br/>
<br />
                  </div>
    

      </td>
</tr>
<tr>
  <td class="method">
                  TC_37_JumpPoints_020_Volkswagen
      </td>
  <td class="duration">
    10.011s
  </td>
  <td class="result">
                               
    
            <div class="testOutput">
                        2020-09-20 20:18:25,740 INFO&nbsp; uk.co.sytner.hompage.JumpPoint - JumpPoint Alpine - VP: Verify if Volkswagen jump point is displayed<br/>
<br />
                  </div>
    

      </td>
</tr>
<tr>
  <td class="method">
                  TC_37_JumpPoints_020_Volkswagen
      </td>
  <td class="duration">
    10.053s
  </td>
  <td class="result">
                               
    
            <div class="testOutput">
                        2020-09-20 20:18:15,687 INFO&nbsp; uk.co.sytner.hompage.JumpPoint - JumpPoint Alpine - VP: Verify if Volkswagen jump point is displayed<br/>
<br />
                  </div>
    

      </td>
</tr>
<tr>
  <td class="method">
                  TC_38_JumpPoints_021_VolkswagenCommercial
      </td>
  <td class="duration">
    10.044s
  </td>
  <td class="result">
                               
    
            <div class="testOutput">
                        2020-09-20 20:18:45,759 INFO&nbsp; uk.co.sytner.hompage.JumpPoint - JumpPoint Alpine - VP: Verify if Volkswagen Commercial jump point is displayed<br/>
<br />
                  </div>
    

      </td>
</tr>
<tr>
  <td class="method">
                  TC_38_JumpPoints_021_VolkswagenCommercial
      </td>
  <td class="duration">
    10.057s
  </td>
  <td class="result">
                               
    
            <div class="testOutput">
                        2020-09-20 20:18:55,802 INFO&nbsp; uk.co.sytner.hompage.JumpPoint - JumpPoint Alpine - VP: Verify if Volkswagen Commercial jump point is displayed<br/>
<br />
                  </div>
    

      </td>
</tr>
<tr>
  <td class="method">
                  TC_39_JumpPoints_022_Volvo
      </td>
  <td class="duration">
    30.140s
  </td>
  <td class="result">
                               
    
            <div class="testOutput">
                        2020-09-20 20:19:46,124 INFO&nbsp; uk.co.sytner.hompage.JumpPoint - JumpPoint Alpine - VP: Verify if Volvo jump point is displayed<br/>
<br />
                                2020-09-20 20:19:46,159 INFO&nbsp; uk.co.sytner.hompage.JumpPoint - ===PASSED==<br/>
<br />
                                2020-09-20 20:19:46,159 INFO&nbsp; uk.co.sytner.hompage.JumpPoint - JumpPoint Alpine - Step 01: Move On Volvo jump point<br/>
<br />
                  </div>
    

      </td>
</tr>
<tr>
  <td class="method">
                  TC_39_JumpPoints_022_Volvo
      </td>
  <td class="duration">
    30.193s
  </td>
  <td class="result">
                               
    
            <div class="testOutput">
                        2020-09-20 20:19:15,931 INFO&nbsp; uk.co.sytner.hompage.JumpPoint - JumpPoint Alpine - VP: Verify if Volvo jump point is displayed<br/>
<br />
                                2020-09-20 20:19:15,982 INFO&nbsp; uk.co.sytner.hompage.JumpPoint - ===PASSED==<br/>
<br />
                                2020-09-20 20:19:15,982 INFO&nbsp; uk.co.sytner.hompage.JumpPoint - JumpPoint Alpine - Step 01: Move On Volvo jump point<br/>
<br />
                  </div>
    

      </td>
</tr>
      </table>

  
</body>
</html>
