<!DOCTYPE html PUBLIC "-//W3C//DTD XHTML 1.1//EN" "http://www.w3.org/TR/xhtml11/DTD/xhtml11.dtd">
<html xmlns="http://www.w3.org/1999/xhtml"><head><title>TestNG Report</title><style type="text/css">table {margin-bottom:10px;border-collapse:collapse;empty-cells:show}th,td {border:1px solid #009;padding:.25em .5em}th {vertical-align:bottom}td {vertical-align:top}table a {font-weight:bold}.stripe td {background-color: #E6EBF9}.num {text-align:right}.passedodd td {background-color: #3F3}.passedeven td {background-color: #0A0}.skippedodd td {background-color: #DDD}.skippedeven td {background-color: #CCC}.failedodd td,.attn {background-color: #F33}.failedeven td,.stripe .attn {background-color: #D00}.stacktrace {white-space:pre;font-family:monospace}.totop {font-size:85%;text-align:center;border-bottom:2px solid #000}</style></head><body><table><tr><th>Test</th><th># Passed</th><th># Skipped</th><th># Failed</th><th>Time (ms)</th><th>Included Groups</th><th>Excluded Groups</th></tr><tr><th colspan="7">Register and Verify</th></tr><tr><td><a href="#t0">Run test on Chrome browser</a></td><td class="num">0</td><td class="num attn">44</td><td class="num attn">22</td><td class="num">1,868,029</td><td></td><td></td></tr></table><table><thead><tr><th>Class</th><th>Method</th><th>Start</th><th>Time (ms)</th></tr></thead><tbody><tr><th colspan="4">Register and Verify</th></tr></tbody><tbody id="t0"><tr><th colspan="4">Run test on Chrome browser &#8212; failed</th></tr><tr class="failedeven"><td rowspan="22">uk.co.sytner.hompage.JumpPoint</td><td><a href="#m0">TC_18_JumpPoints_001_Alpina</a></td><td rowspan="1">1600645848323</td><td rowspan="1">30273</td></tr><tr class="failedeven"><td><a href="#m1">TC_19_JumpPoints_002_Audi</a></td><td rowspan="1">1600645938998</td><td rowspan="1">30291</td></tr><tr class="failedeven"><td><a href="#m2">TC_20_JumpPoints_003_Bentley</a></td><td rowspan="1">1600646030142</td><td rowspan="1">30305</td></tr><tr class="failedeven"><td><a href="#m3">TC_21_JumpPoints_004_BMW</a></td><td rowspan="1">1600646120977</td><td rowspan="1">30251</td></tr><tr class="failedeven"><td><a href="#m4">TC_22_JumpPoints_005_Ferrari</a></td><td rowspan="1">1600646211920</td><td rowspan="1">30264</td></tr><tr class="failedeven"><td><a href="#m5">TC_23_JumpPoints_006_AstonMartin</a></td><td rowspan="1">1600646284371</td><td rowspan="1">30214</td></tr><tr class="failedeven"><td><a href="#m6">TC_24_JumpPoints_007_Jaguar</a></td><td rowspan="1">1600646374858</td><td rowspan="1">30251</td></tr><tr class="failedeven"><td><a href="#m7">TC_25_JumpPoints_008_LandRover</a></td><td rowspan="1">1600646465351</td><td rowspan="1">30098</td></tr><tr class="failedeven"><td><a href="#m8">TC_26_JumpPoints_009_Lamborghini</a></td><td rowspan="1">1600646555972</td><td rowspan="1">30345</td></tr><tr class="failedeven"><td><a href="#m9">TC_27_JumpPoints_010_SytnerSelect</a></td><td rowspan="1">1600646647048</td><td rowspan="1">30554</td></tr><tr class="failedeven"><td><a href="#m10">TC_28_JumpPoints_011_Maserati</a></td><td rowspan="1">1600646737974</td><td rowspan="1">30288</td></tr><tr class="failedeven"><td><a href="#m11">TC_29_JumpPoints_012_McLaren</a></td><td rowspan="1">1600646828789</td><td rowspan="1">30339</td></tr><tr class="failedeven"><td><a href="#m12">TC_30_JumpPoints_013_MercedesBenz</a></td><td rowspan="1">1600646920073</td><td rowspan="1">30498</td></tr><tr class="failedeven"><td><a href="#m13">TC_31_JumpPoints_014_Mini</a></td><td rowspan="1">1600647011385</td><td rowspan="1">30395</td></tr><tr class="failedeven"><td><a href="#m14">TC_32_JumpPoints_015_Porsche</a></td><td rowspan="1">1600647102323</td><td rowspan="1">30391</td></tr><tr class="failedeven"><td><a href="#m15">TC_33_JumpPoints_016_RollsRoyce</a></td><td rowspan="1">1600647193148</td><td rowspan="1">30170</td></tr><tr class="failedeven"><td><a href="#m16">TC_34_JumpPoints_017_Seat</a></td><td rowspan="1">1600647283784</td><td rowspan="1">30167</td></tr><tr class="failedeven"><td><a href="#m17">TC_35_JumpPoints_018_Skoda</a></td><td rowspan="1">1600647374799</td><td rowspan="1">30218</td></tr><tr class="failedeven"><td><a href="#m18">TC_36_JumpPoints_019_Smart</a></td><td rowspan="1">1600647465485</td><td rowspan="1">30201</td></tr><tr class="failedeven"><td><a href="#m19">TC_37_JumpPoints_020_Volkswagen</a></td><td rowspan="1">1600647515751</td><td rowspan="1">10006</td></tr><tr class="failedeven"><td><a href="#m20">TC_38_JumpPoints_021_VolkswagenCommercial</a></td><td rowspan="1">1600647545859</td><td rowspan="1">10071</td></tr><tr class="failedeven"><td><a href="#m21">TC_39_JumpPoints_022_Volvo</a></td><td rowspan="1">1600647616264</td><td rowspan="1">30095</td></tr><tr><th colspan="4">Run test on Chrome browser &#8212; skipped</th></tr><tr class="skippedeven"><td rowspan="44">uk.co.sytner.hompage.JumpPoint</td><td><a href="#m22">TC_18_JumpPoints_001_Alpina</a></td><td rowspan="2">1600645818143</td><td rowspan="2">30180</td></tr><tr class="skippedeven"><td><a href="#m23">TC_18_JumpPoints_001_Alpina</a></td></tr><tr class="skippedeven"><td><a href="#m24">TC_19_JumpPoints_002_Audi</a></td><td rowspan="2">1600645908771</td><td rowspan="2">30226</td></tr><tr class="skippedeven"><td><a href="#m25">TC_19_JumpPoints_002_Audi</a></td></tr><tr class="skippedeven"><td><a href="#m26">TC_20_JumpPoints_003_Bentley</a></td><td rowspan="2">1600645999807</td><td rowspan="2">30335</td></tr><tr class="skippedeven"><td><a href="#m27">TC_20_JumpPoints_003_Bentley</a></td></tr><tr class="skippedeven"><td><a href="#m28">TC_21_JumpPoints_004_BMW</a></td><td rowspan="2">1600646060448</td><td rowspan="2">30195</td></tr><tr class="skippedeven"><td><a href="#m29">TC_21_JumpPoints_004_BMW</a></td></tr><tr class="skippedeven"><td><a href="#m30">TC_22_JumpPoints_005_Ferrari</a></td><td rowspan="2">1600646151228</td><td rowspan="2">30122</td></tr><tr class="skippedeven"><td><a href="#m31">TC_22_JumpPoints_005_Ferrari</a></td></tr><tr class="skippedeven"><td><a href="#m32">TC_23_JumpPoints_006_AstonMartin</a></td><td rowspan="2">1600646242185</td><td rowspan="2">30335</td></tr><tr class="skippedeven"><td><a href="#m33">TC_23_JumpPoints_006_AstonMartin</a></td></tr><tr class="skippedeven"><td><a href="#m34">TC_24_JumpPoints_007_Jaguar</a></td><td rowspan="2">1600646314585</td><td rowspan="2">30162</td></tr><tr class="skippedeven"><td><a href="#m35">TC_24_JumpPoints_007_Jaguar</a></td></tr><tr class="skippedeven"><td><a href="#m36">TC_25_JumpPoints_008_LandRover</a></td><td rowspan="2">1600646405109</td><td rowspan="2">30140</td></tr><tr class="skippedeven"><td><a href="#m37">TC_25_JumpPoints_008_LandRover</a></td></tr><tr class="skippedeven"><td><a href="#m38">TC_26_JumpPoints_009_Lamborghini</a></td><td rowspan="2">1600646525670</td><td rowspan="2">30302</td></tr><tr class="skippedeven"><td><a href="#m39">TC_26_JumpPoints_009_Lamborghini</a></td></tr><tr class="skippedeven"><td><a href="#m40">TC_27_JumpPoints_010_SytnerSelect</a></td><td rowspan="2">1600646586317</td><td rowspan="2">30432</td></tr><tr class="skippedeven"><td><a href="#m41">TC_27_JumpPoints_010_SytnerSelect</a></td></tr><tr class="skippedeven"><td><a href="#m42">TC_28_JumpPoints_011_Maserati</a></td><td rowspan="2">1600646707856</td><td rowspan="2">30118</td></tr><tr class="skippedeven"><td><a href="#m43">TC_28_JumpPoints_011_Maserati</a></td></tr><tr class="skippedeven"><td><a href="#m44">TC_29_JumpPoints_012_McLaren</a></td><td rowspan="2">1600646768262</td><td rowspan="2">30205</td></tr><tr class="skippedeven"><td><a href="#m45">TC_29_JumpPoints_012_McLaren</a></td></tr><tr class="skippedeven"><td><a href="#m46">TC_30_JumpPoints_013_MercedesBenz</a></td><td rowspan="2">1600646889639</td><td rowspan="2">30434</td></tr><tr class="skippedeven"><td><a href="#m47">TC_30_JumpPoints_013_MercedesBenz</a></td></tr><tr class="skippedeven"><td><a href="#m48">TC_31_JumpPoints_014_Mini</a></td><td rowspan="2">1600646981007</td><td rowspan="2">30378</td></tr><tr class="skippedeven"><td><a href="#m49">TC_31_JumpPoints_014_Mini</a></td></tr><tr class="skippedeven"><td><a href="#m50">TC_32_JumpPoints_015_Porsche</a></td><td rowspan="2">1600647072096</td><td rowspan="2">30226</td></tr><tr class="skippedeven"><td><a href="#m51">TC_32_JumpPoints_015_Porsche</a></td></tr><tr class="skippedeven"><td><a href="#m52">TC_33_JumpPoints_016_RollsRoyce</a></td><td rowspan="2">1600647162949</td><td rowspan="2">30199</td></tr><tr class="skippedeven"><td><a href="#m53">TC_33_JumpPoints_016_RollsRoyce</a></td></tr><tr class="skippedeven"><td><a href="#m54">TC_34_JumpPoints_017_Seat</a></td><td rowspan="2">1600647253563</td><td rowspan="2">30221</td></tr><tr class="skippedeven"><td><a href="#m55">TC_34_JumpPoints_017_Seat</a></td></tr><tr class="skippedeven"><td><a href="#m56">TC_35_JumpPoints_018_Skoda</a></td><td rowspan="2">1600647313952</td><td rowspan="2">30282</td></tr><tr class="skippedeven"><td><a href="#m57">TC_35_JumpPoints_018_Skoda</a></td></tr><tr class="skippedeven"><td><a href="#m58">TC_36_JumpPoints_019_Smart</a></td><td rowspan="2">1600647405017</td><td rowspan="2">30185</td></tr><tr class="skippedeven"><td><a href="#m59">TC_36_JumpPoints_019_Smart</a></td></tr><tr class="skippedeven"><td><a href="#m60">TC_37_JumpPoints_020_Volkswagen</a></td><td rowspan="2">1600647495687</td><td rowspan="2">10053</td></tr><tr class="skippedeven"><td><a href="#m61">TC_37_JumpPoints_020_Volkswagen</a></td></tr><tr class="skippedeven"><td><a href="#m62">TC_38_JumpPoints_021_VolkswagenCommercial</a></td><td rowspan="2">1600647535802</td><td rowspan="2">10057</td></tr><tr class="skippedeven"><td><a href="#m63">TC_38_JumpPoints_021_VolkswagenCommercial</a></td></tr><tr class="skippedeven"><td><a href="#m64">TC_39_JumpPoints_022_Volvo</a></td><td rowspan="2">1600647555931</td><td rowspan="2">30193</td></tr><tr class="skippedeven"><td><a href="#m65">TC_39_JumpPoints_022_Volvo</a></td></tr></tbody></table><h2>Run test on Chrome browser</h2><h3 id="m0">uk.co.sytner.hompage.JumpPoint#TC_18_JumpPoints_001_Alpina</h3><table class="result"><tr><th>Messages</th></tr><tr><td><div class="messages">2020-09-20 19:50:48,323 INFO  uk.co.sytner.hompage.JumpPoint - JumpPoint Alpine - VP: Verify if Alpina jump point is displayed
<br/>2020-09-20 19:50:48,361 INFO  uk.co.sytner.hompage.JumpPoint - ===PASSED==
<br/>2020-09-20 19:50:48,361 INFO  uk.co.sytner.hompage.JumpPoint - JumpPoint Alpine - Step 01: Move On Alpina jump point
</div></td></tr><tr><th>Exception</th></tr><tr><td><div class="stacktrace">org.openqa.selenium.TimeoutException: Expected condition failed: waiting for visibility of element located by By.xpath: //div[contains(@class, &apos;jump module alpina&apos;)]//span[@class = &apos;content&apos;] (tried for 30 second(s) with 500 MILLISECONDS interval)
Build info: version: &apos;3.9.1&apos;, revision: &apos;63f7b50&apos;, time: &apos;2018-02-07T22:25:02.294Z&apos;
System info: host: &apos;S056005530&apos;, ip: &apos;10.0.0.222&apos;, os.name: &apos;Windows 10&apos;, os.arch: &apos;amd64&apos;, os.version: &apos;10.0&apos;, java.version: &apos;1.8.0_261&apos;
Driver info: org.openqa.selenium.chrome.ChromeDriver
Capabilities {acceptInsecureCerts: false, browserName: chrome, browserVersion: 85.0.4183.102, chrome: {chromedriverVersion: 85.0.4183.87 (cd6713ebf92fa..., userDataDir: C:\Users\TRI~1.NGU\AppData\...}, goog:chromeOptions: {debuggerAddress: localhost:58794}, javascriptEnabled: true, networkConnectionEnabled: false, pageLoadStrategy: normal, platform: WINDOWS, platformName: WINDOWS, proxy: Proxy(), setWindowRect: true, strictFileInteractability: false, timeouts: {implicit: 0, pageLoad: 300000, script: 30000}, unhandledPromptBehavior: dismiss and notify, webauthn:virtualAuthenticators: true}
Session ID: 98e910f4238f751e82dbd12355e92feb
	at org.openqa.selenium.support.ui.WebDriverWait.timeoutException(WebDriverWait.java:82)
	at org.openqa.selenium.support.ui.FluentWait.until(FluentWait.java:231)
	at commons.AbstractPage.hoverMouseToElement(AbstractPage.java:443)
	at pageobject.HomePageObjects.moveToAnyJumpPoint(HomePageObjects.java:34)
	at uk.co.sytner.hompage.JumpPoint.TC_18_JumpPoints_001_Alpina(JumpPoint.java:31)
... Removed 27 stack frames</div></td></tr></table><p class="totop"><a href="#summary">back to summary</a></p><h3 id="m1">uk.co.sytner.hompage.JumpPoint#TC_19_JumpPoints_002_Audi</h3><table class="result"><tr><th>Messages</th></tr><tr><td><div class="messages">2020-09-20 19:52:18,998 INFO  uk.co.sytner.hompage.JumpPoint - JumpPoint Alpine - VP: Verify if Audi jump point is displayed
<br/>2020-09-20 19:52:19,050 INFO  uk.co.sytner.hompage.JumpPoint - ===PASSED==
<br/>2020-09-20 19:52:19,050 INFO  uk.co.sytner.hompage.JumpPoint - JumpPoint Alpine - Step 01: Move On Audi jump point
</div></td></tr><tr><th>Exception</th></tr><tr><td><div class="stacktrace">org.openqa.selenium.TimeoutException: Expected condition failed: waiting for visibility of element located by By.xpath: //div[contains(@class, &apos;jump module audi&apos;)]//span[@class = &apos;content&apos;] (tried for 30 second(s) with 500 MILLISECONDS interval)
Build info: version: &apos;3.9.1&apos;, revision: &apos;63f7b50&apos;, time: &apos;2018-02-07T22:25:02.294Z&apos;
System info: host: &apos;S056005530&apos;, ip: &apos;10.0.0.222&apos;, os.name: &apos;Windows 10&apos;, os.arch: &apos;amd64&apos;, os.version: &apos;10.0&apos;, java.version: &apos;1.8.0_261&apos;
Driver info: org.openqa.selenium.chrome.ChromeDriver
Capabilities {acceptInsecureCerts: false, browserName: chrome, browserVersion: 85.0.4183.102, chrome: {chromedriverVersion: 85.0.4183.87 (cd6713ebf92fa..., userDataDir: C:\Users\TRI~1.NGU\AppData\...}, goog:chromeOptions: {debuggerAddress: localhost:58794}, javascriptEnabled: true, networkConnectionEnabled: false, pageLoadStrategy: normal, platform: WINDOWS, platformName: WINDOWS, proxy: Proxy(), setWindowRect: true, strictFileInteractability: false, timeouts: {implicit: 0, pageLoad: 300000, script: 30000}, unhandledPromptBehavior: dismiss and notify, webauthn:virtualAuthenticators: true}
Session ID: 98e910f4238f751e82dbd12355e92feb
	at org.openqa.selenium.support.ui.WebDriverWait.timeoutException(WebDriverWait.java:82)
	at org.openqa.selenium.support.ui.FluentWait.until(FluentWait.java:231)
	at commons.AbstractPage.hoverMouseToElement(AbstractPage.java:443)
	at pageobject.HomePageObjects.moveToAnyJumpPoint(HomePageObjects.java:34)
	at uk.co.sytner.hompage.JumpPoint.TC_19_JumpPoints_002_Audi(JumpPoint.java:52)
... Removed 27 stack frames</div></td></tr></table><p class="totop"><a href="#summary">back to summary</a></p><h3 id="m2">uk.co.sytner.hompage.JumpPoint#TC_20_JumpPoints_003_Bentley</h3><table class="result"><tr><th>Messages</th></tr><tr><td><div class="messages">2020-09-20 19:53:50,143 INFO  uk.co.sytner.hompage.JumpPoint - JumpPoint Alpine - VP: Verify if Bentley jump point is displayed
<br/>2020-09-20 19:53:50,203 INFO  uk.co.sytner.hompage.JumpPoint - ===PASSED==
<br/>2020-09-20 19:53:50,203 INFO  uk.co.sytner.hompage.JumpPoint - JumpPoint Alpine - Step 01: Move On Bentley jump point
</div></td></tr><tr><th>Exception</th></tr><tr><td><div class="stacktrace">org.openqa.selenium.TimeoutException: Expected condition failed: waiting for visibility of element located by By.xpath: //div[contains(@class, &apos;jump module bentley&apos;)]//span[@class = &apos;content&apos;] (tried for 30 second(s) with 500 MILLISECONDS interval)
Build info: version: &apos;3.9.1&apos;, revision: &apos;63f7b50&apos;, time: &apos;2018-02-07T22:25:02.294Z&apos;
System info: host: &apos;S056005530&apos;, ip: &apos;10.0.0.222&apos;, os.name: &apos;Windows 10&apos;, os.arch: &apos;amd64&apos;, os.version: &apos;10.0&apos;, java.version: &apos;1.8.0_261&apos;
Driver info: org.openqa.selenium.chrome.ChromeDriver
Capabilities {acceptInsecureCerts: false, browserName: chrome, browserVersion: 85.0.4183.102, chrome: {chromedriverVersion: 85.0.4183.87 (cd6713ebf92fa..., userDataDir: C:\Users\TRI~1.NGU\AppData\...}, goog:chromeOptions: {debuggerAddress: localhost:58794}, javascriptEnabled: true, networkConnectionEnabled: false, pageLoadStrategy: normal, platform: WINDOWS, platformName: WINDOWS, proxy: Proxy(), setWindowRect: true, strictFileInteractability: false, timeouts: {implicit: 0, pageLoad: 300000, script: 30000}, unhandledPromptBehavior: dismiss and notify, webauthn:virtualAuthenticators: true}
Session ID: 98e910f4238f751e82dbd12355e92feb
	at org.openqa.selenium.support.ui.WebDriverWait.timeoutException(WebDriverWait.java:82)
	at org.openqa.selenium.support.ui.FluentWait.until(FluentWait.java:231)
	at commons.AbstractPage.hoverMouseToElement(AbstractPage.java:443)
	at pageobject.HomePageObjects.moveToAnyJumpPoint(HomePageObjects.java:34)
	at uk.co.sytner.hompage.JumpPoint.TC_20_JumpPoints_003_Bentley(JumpPoint.java:73)
... Removed 27 stack frames</div></td></tr></table><p class="totop"><a href="#summary">back to summary</a></p><h3 id="m3">uk.co.sytner.hompage.JumpPoint#TC_21_JumpPoints_004_BMW</h3><table class="result"><tr><th>Messages</th></tr><tr><td><div class="messages">2020-09-20 19:55:20,977 INFO  uk.co.sytner.hompage.JumpPoint - JumpPoint Alpine - VP: Verify if BMW jump point is displayed
<br/>2020-09-20 19:55:21,010 INFO  uk.co.sytner.hompage.JumpPoint - ===PASSED==
<br/>2020-09-20 19:55:21,010 INFO  uk.co.sytner.hompage.JumpPoint - JumpPoint Alpine - Step 01: Move On BMW jump point
</div></td></tr><tr><th>Exception</th></tr><tr><td><div class="stacktrace">org.openqa.selenium.TimeoutException: Expected condition failed: waiting for visibility of element located by By.xpath: //div[contains(@class, &apos;jump module bmw&apos;)]//span[@class = &apos;content&apos;] (tried for 30 second(s) with 500 MILLISECONDS interval)
Build info: version: &apos;3.9.1&apos;, revision: &apos;63f7b50&apos;, time: &apos;2018-02-07T22:25:02.294Z&apos;
System info: host: &apos;S056005530&apos;, ip: &apos;10.0.0.222&apos;, os.name: &apos;Windows 10&apos;, os.arch: &apos;amd64&apos;, os.version: &apos;10.0&apos;, java.version: &apos;1.8.0_261&apos;
Driver info: org.openqa.selenium.chrome.ChromeDriver
Capabilities {acceptInsecureCerts: false, browserName: chrome, browserVersion: 85.0.4183.102, chrome: {chromedriverVersion: 85.0.4183.87 (cd6713ebf92fa..., userDataDir: C:\Users\TRI~1.NGU\AppData\...}, goog:chromeOptions: {debuggerAddress: localhost:58794}, javascriptEnabled: true, networkConnectionEnabled: false, pageLoadStrategy: normal, platform: WINDOWS, platformName: WINDOWS, proxy: Proxy(), setWindowRect: true, strictFileInteractability: false, timeouts: {implicit: 0, pageLoad: 300000, script: 30000}, unhandledPromptBehavior: dismiss and notify, webauthn:virtualAuthenticators: true}
Session ID: 98e910f4238f751e82dbd12355e92feb
	at org.openqa.selenium.support.ui.WebDriverWait.timeoutException(WebDriverWait.java:82)
	at org.openqa.selenium.support.ui.FluentWait.until(FluentWait.java:231)
	at commons.AbstractPage.hoverMouseToElement(AbstractPage.java:443)
	at pageobject.HomePageObjects.moveToAnyJumpPoint(HomePageObjects.java:34)
	at uk.co.sytner.hompage.JumpPoint.TC_21_JumpPoints_004_BMW(JumpPoint.java:94)
... Removed 27 stack frames</div></td></tr></table><p class="totop"><a href="#summary">back to summary</a></p><h3 id="m4">uk.co.sytner.hompage.JumpPoint#TC_22_JumpPoints_005_Ferrari</h3><table class="result"><tr><th>Messages</th></tr><tr><td><div class="messages">2020-09-20 19:56:51,920 INFO  uk.co.sytner.hompage.JumpPoint - JumpPoint Alpine - VP: Verify if Ferrari jump point is displayed
<br/>2020-09-20 19:56:51,961 INFO  uk.co.sytner.hompage.JumpPoint - ===PASSED==
<br/>2020-09-20 19:56:51,961 INFO  uk.co.sytner.hompage.JumpPoint - JumpPoint Alpine - Step 01: Move On Ferrari jump point
</div></td></tr><tr><th>Exception</th></tr><tr><td><div class="stacktrace">org.openqa.selenium.TimeoutException: Expected condition failed: waiting for visibility of element located by By.xpath: //div[contains(@class, &apos;jump module ferrari&apos;)]//span[@class = &apos;content&apos;] (tried for 30 second(s) with 500 MILLISECONDS interval)
Build info: version: &apos;3.9.1&apos;, revision: &apos;63f7b50&apos;, time: &apos;2018-02-07T22:25:02.294Z&apos;
System info: host: &apos;S056005530&apos;, ip: &apos;10.0.0.222&apos;, os.name: &apos;Windows 10&apos;, os.arch: &apos;amd64&apos;, os.version: &apos;10.0&apos;, java.version: &apos;1.8.0_261&apos;
Driver info: org.openqa.selenium.chrome.ChromeDriver
Capabilities {acceptInsecureCerts: false, browserName: chrome, browserVersion: 85.0.4183.102, chrome: {chromedriverVersion: 85.0.4183.87 (cd6713ebf92fa..., userDataDir: C:\Users\TRI~1.NGU\AppData\...}, goog:chromeOptions: {debuggerAddress: localhost:58794}, javascriptEnabled: true, networkConnectionEnabled: false, pageLoadStrategy: normal, platform: WINDOWS, platformName: WINDOWS, proxy: Proxy(), setWindowRect: true, strictFileInteractability: false, timeouts: {implicit: 0, pageLoad: 300000, script: 30000}, unhandledPromptBehavior: dismiss and notify, webauthn:virtualAuthenticators: true}
Session ID: 98e910f4238f751e82dbd12355e92feb
	at org.openqa.selenium.support.ui.WebDriverWait.timeoutException(WebDriverWait.java:82)
	at org.openqa.selenium.support.ui.FluentWait.until(FluentWait.java:231)
	at commons.AbstractPage.hoverMouseToElement(AbstractPage.java:443)
	at pageobject.HomePageObjects.moveToAnyJumpPoint(HomePageObjects.java:34)
	at uk.co.sytner.hompage.JumpPoint.TC_22_JumpPoints_005_Ferrari(JumpPoint.java:115)
... Removed 27 stack frames</div></td></tr></table><p class="totop"><a href="#summary">back to summary</a></p><h3 id="m5">uk.co.sytner.hompage.JumpPoint#TC_23_JumpPoints_006_AstonMartin</h3><table class="result"><tr><th>Messages</th></tr><tr><td><div class="messages">2020-09-20 19:58:04,371 INFO  uk.co.sytner.hompage.JumpPoint - JumpPoint Alpine - VP: Verify if Aston Martin jump point is displayed
<br/>2020-09-20 19:58:04,405 INFO  uk.co.sytner.hompage.JumpPoint - ===PASSED==
<br/>2020-09-20 19:58:04,405 INFO  uk.co.sytner.hompage.JumpPoint - JumpPoint Alpine - Step 01: Move On Aston Martin jump point
</div></td></tr><tr><th>Exception</th></tr><tr><td><div class="stacktrace">org.openqa.selenium.TimeoutException: Expected condition failed: waiting for visibility of element located by By.xpath: //div[contains(@class, &apos;jump module aston-martin&apos;)]//span[@class = &apos;content&apos;] (tried for 30 second(s) with 500 MILLISECONDS interval)
Build info: version: &apos;3.9.1&apos;, revision: &apos;63f7b50&apos;, time: &apos;2018-02-07T22:25:02.294Z&apos;
System info: host: &apos;S056005530&apos;, ip: &apos;10.0.0.222&apos;, os.name: &apos;Windows 10&apos;, os.arch: &apos;amd64&apos;, os.version: &apos;10.0&apos;, java.version: &apos;1.8.0_261&apos;
Driver info: org.openqa.selenium.chrome.ChromeDriver
Capabilities {acceptInsecureCerts: false, browserName: chrome, browserVersion: 85.0.4183.102, chrome: {chromedriverVersion: 85.0.4183.87 (cd6713ebf92fa..., userDataDir: C:\Users\TRI~1.NGU\AppData\...}, goog:chromeOptions: {debuggerAddress: localhost:58794}, javascriptEnabled: true, networkConnectionEnabled: false, pageLoadStrategy: normal, platform: WINDOWS, platformName: WINDOWS, proxy: Proxy(), setWindowRect: true, strictFileInteractability: false, timeouts: {implicit: 0, pageLoad: 300000, script: 30000}, unhandledPromptBehavior: dismiss and notify, webauthn:virtualAuthenticators: true}
Session ID: 98e910f4238f751e82dbd12355e92feb
	at org.openqa.selenium.support.ui.WebDriverWait.timeoutException(WebDriverWait.java:82)
	at org.openqa.selenium.support.ui.FluentWait.until(FluentWait.java:231)
	at commons.AbstractPage.hoverMouseToElement(AbstractPage.java:443)
	at pageobject.HomePageObjects.moveToAnyJumpPoint(HomePageObjects.java:34)
	at uk.co.sytner.hompage.JumpPoint.TC_23_JumpPoints_006_AstonMartin(JumpPoint.java:136)
... Removed 27 stack frames</div></td></tr></table><p class="totop"><a href="#summary">back to summary</a></p><h3 id="m6">uk.co.sytner.hompage.JumpPoint#TC_24_JumpPoints_007_Jaguar</h3><table class="result"><tr><th>Messages</th></tr><tr><td><div class="messages">2020-09-20 19:59:34,858 INFO  uk.co.sytner.hompage.JumpPoint - JumpPoint Alpine - VP: Verify if Jaguar jump point is displayed
<br/>2020-09-20 19:59:34,900 INFO  uk.co.sytner.hompage.JumpPoint - ===PASSED==
<br/>2020-09-20 19:59:34,900 INFO  uk.co.sytner.hompage.JumpPoint - JumpPoint Alpine - Step 01: Move On Jaguar jump point
</div></td></tr><tr><th>Exception</th></tr><tr><td><div class="stacktrace">org.openqa.selenium.TimeoutException: Expected condition failed: waiting for visibility of element located by By.xpath: //div[contains(@class, &apos;jump module jaguar&apos;)]//span[@class = &apos;content&apos;] (tried for 30 second(s) with 500 MILLISECONDS interval)
Build info: version: &apos;3.9.1&apos;, revision: &apos;63f7b50&apos;, time: &apos;2018-02-07T22:25:02.294Z&apos;
System info: host: &apos;S056005530&apos;, ip: &apos;10.0.0.222&apos;, os.name: &apos;Windows 10&apos;, os.arch: &apos;amd64&apos;, os.version: &apos;10.0&apos;, java.version: &apos;1.8.0_261&apos;
Driver info: org.openqa.selenium.chrome.ChromeDriver
Capabilities {acceptInsecureCerts: false, browserName: chrome, browserVersion: 85.0.4183.102, chrome: {chromedriverVersion: 85.0.4183.87 (cd6713ebf92fa..., userDataDir: C:\Users\TRI~1.NGU\AppData\...}, goog:chromeOptions: {debuggerAddress: localhost:58794}, javascriptEnabled: true, networkConnectionEnabled: false, pageLoadStrategy: normal, platform: WINDOWS, platformName: WINDOWS, proxy: Proxy(), setWindowRect: true, strictFileInteractability: false, timeouts: {implicit: 0, pageLoad: 300000, script: 30000}, unhandledPromptBehavior: dismiss and notify, webauthn:virtualAuthenticators: true}
Session ID: 98e910f4238f751e82dbd12355e92feb
	at org.openqa.selenium.support.ui.WebDriverWait.timeoutException(WebDriverWait.java:82)
	at org.openqa.selenium.support.ui.FluentWait.until(FluentWait.java:231)
	at commons.AbstractPage.hoverMouseToElement(AbstractPage.java:443)
	at pageobject.HomePageObjects.moveToAnyJumpPoint(HomePageObjects.java:34)
	at uk.co.sytner.hompage.JumpPoint.TC_24_JumpPoints_007_Jaguar(JumpPoint.java:157)
... Removed 27 stack frames</div></td></tr></table><p class="totop"><a href="#summary">back to summary</a></p><h3 id="m7">uk.co.sytner.hompage.JumpPoint#TC_25_JumpPoints_008_LandRover</h3><table class="result"><tr><th>Messages</th></tr><tr><td><div class="messages">2020-09-20 20:01:05,351 INFO  uk.co.sytner.hompage.JumpPoint - JumpPoint Alpine - VP: Verify if LandRover jump point is displayed
<br/>2020-09-20 20:01:05,385 INFO  uk.co.sytner.hompage.JumpPoint - ===PASSED==
<br/>2020-09-20 20:01:05,385 INFO  uk.co.sytner.hompage.JumpPoint - JumpPoint Alpine - Step 01: Move On LandRover jump point
</div></td></tr><tr><th>Exception</th></tr><tr><td><div class="stacktrace">org.openqa.selenium.TimeoutException: Expected condition failed: waiting for visibility of element located by By.xpath: //div[contains(@class, &apos;jump module land-rover&apos;)]//span[@class = &apos;content&apos;] (tried for 30 second(s) with 500 MILLISECONDS interval)
Build info: version: &apos;3.9.1&apos;, revision: &apos;63f7b50&apos;, time: &apos;2018-02-07T22:25:02.294Z&apos;
System info: host: &apos;S056005530&apos;, ip: &apos;10.0.0.222&apos;, os.name: &apos;Windows 10&apos;, os.arch: &apos;amd64&apos;, os.version: &apos;10.0&apos;, java.version: &apos;1.8.0_261&apos;
Driver info: org.openqa.selenium.chrome.ChromeDriver
Capabilities {acceptInsecureCerts: false, browserName: chrome, browserVersion: 85.0.4183.102, chrome: {chromedriverVersion: 85.0.4183.87 (cd6713ebf92fa..., userDataDir: C:\Users\TRI~1.NGU\AppData\...}, goog:chromeOptions: {debuggerAddress: localhost:58794}, javascriptEnabled: true, networkConnectionEnabled: false, pageLoadStrategy: normal, platform: WINDOWS, platformName: WINDOWS, proxy: Proxy(), setWindowRect: true, strictFileInteractability: false, timeouts: {implicit: 0, pageLoad: 300000, script: 30000}, unhandledPromptBehavior: dismiss and notify, webauthn:virtualAuthenticators: true}
Session ID: 98e910f4238f751e82dbd12355e92feb
	at org.openqa.selenium.support.ui.WebDriverWait.timeoutException(WebDriverWait.java:82)
	at org.openqa.selenium.support.ui.FluentWait.until(FluentWait.java:231)
	at commons.AbstractPage.hoverMouseToElement(AbstractPage.java:443)
	at pageobject.HomePageObjects.moveToAnyJumpPoint(HomePageObjects.java:34)
	at uk.co.sytner.hompage.JumpPoint.TC_25_JumpPoints_008_LandRover(JumpPoint.java:178)
... Removed 27 stack frames</div></td></tr></table><p class="totop"><a href="#summary">back to summary</a></p><h3 id="m8">uk.co.sytner.hompage.JumpPoint#TC_26_JumpPoints_009_Lamborghini</h3><table class="result"><tr><th>Messages</th></tr><tr><td><div class="messages">2020-09-20 20:02:35,973 INFO  uk.co.sytner.hompage.JumpPoint - JumpPoint Alpine - VP: Verify if Lamborghini jump point is displayed
<br/>2020-09-20 20:02:36,012 INFO  uk.co.sytner.hompage.JumpPoint - ===PASSED==
<br/>2020-09-20 20:02:36,012 INFO  uk.co.sytner.hompage.JumpPoint - JumpPoint Alpine - Step 01: Move On Lamborghini jump point
</div></td></tr><tr><th>Exception</th></tr><tr><td><div class="stacktrace">org.openqa.selenium.TimeoutException: Expected condition failed: waiting for visibility of element located by By.xpath: //div[contains(@class, &apos;jump module lamborghini&apos;)]//span[@class = &apos;content&apos;] (tried for 30 second(s) with 500 MILLISECONDS interval)
Build info: version: &apos;3.9.1&apos;, revision: &apos;63f7b50&apos;, time: &apos;2018-02-07T22:25:02.294Z&apos;
System info: host: &apos;S056005530&apos;, ip: &apos;10.0.0.222&apos;, os.name: &apos;Windows 10&apos;, os.arch: &apos;amd64&apos;, os.version: &apos;10.0&apos;, java.version: &apos;1.8.0_261&apos;
Driver info: org.openqa.selenium.chrome.ChromeDriver
Capabilities {acceptInsecureCerts: false, browserName: chrome, browserVersion: 85.0.4183.102, chrome: {chromedriverVersion: 85.0.4183.87 (cd6713ebf92fa..., userDataDir: C:\Users\TRI~1.NGU\AppData\...}, goog:chromeOptions: {debuggerAddress: localhost:58794}, javascriptEnabled: true, networkConnectionEnabled: false, pageLoadStrategy: normal, platform: WINDOWS, platformName: WINDOWS, proxy: Proxy(), setWindowRect: true, strictFileInteractability: false, timeouts: {implicit: 0, pageLoad: 300000, script: 30000}, unhandledPromptBehavior: dismiss and notify, webauthn:virtualAuthenticators: true}
Session ID: 98e910f4238f751e82dbd12355e92feb
	at org.openqa.selenium.support.ui.WebDriverWait.timeoutException(WebDriverWait.java:82)
	at org.openqa.selenium.support.ui.FluentWait.until(FluentWait.java:231)
	at commons.AbstractPage.hoverMouseToElement(AbstractPage.java:443)
	at pageobject.HomePageObjects.moveToAnyJumpPoint(HomePageObjects.java:34)
	at uk.co.sytner.hompage.JumpPoint.TC_26_JumpPoints_009_Lamborghini(JumpPoint.java:199)
... Removed 27 stack frames</div></td></tr></table><p class="totop"><a href="#summary">back to summary</a></p><h3 id="m9">uk.co.sytner.hompage.JumpPoint#TC_27_JumpPoints_010_SytnerSelect</h3><table class="result"><tr><th>Messages</th></tr><tr><td><div class="messages">2020-09-20 20:04:07,048 INFO  uk.co.sytner.hompage.JumpPoint - JumpPoint Alpine - VP: Verify if Sytner Select jump point is displayed
<br/>2020-09-20 20:04:07,095 INFO  uk.co.sytner.hompage.JumpPoint - ===PASSED==
<br/>2020-09-20 20:04:07,096 INFO  uk.co.sytner.hompage.JumpPoint - JumpPoint Alpine - Step 01: Move On Sytner Select jump point
</div></td></tr><tr><th>Exception</th></tr><tr><td><div class="stacktrace">org.openqa.selenium.TimeoutException: Expected condition failed: waiting for visibility of element located by By.xpath: //div[contains(@class, &apos;jump module sytner-select&apos;)]//span[@class = &apos;content&apos;] (tried for 30 second(s) with 500 MILLISECONDS interval)
Build info: version: &apos;3.9.1&apos;, revision: &apos;63f7b50&apos;, time: &apos;2018-02-07T22:25:02.294Z&apos;
System info: host: &apos;S056005530&apos;, ip: &apos;10.0.0.222&apos;, os.name: &apos;Windows 10&apos;, os.arch: &apos;amd64&apos;, os.version: &apos;10.0&apos;, java.version: &apos;1.8.0_261&apos;
Driver info: org.openqa.selenium.chrome.ChromeDriver
Capabilities {acceptInsecureCerts: false, browserName: chrome, browserVersion: 85.0.4183.102, chrome: {chromedriverVersion: 85.0.4183.87 (cd6713ebf92fa..., userDataDir: C:\Users\TRI~1.NGU\AppData\...}, goog:chromeOptions: {debuggerAddress: localhost:58794}, javascriptEnabled: true, networkConnectionEnabled: false, pageLoadStrategy: normal, platform: WINDOWS, platformName: WINDOWS, proxy: Proxy(), setWindowRect: true, strictFileInteractability: false, timeouts: {implicit: 0, pageLoad: 300000, script: 30000}, unhandledPromptBehavior: dismiss and notify, webauthn:virtualAuthenticators: true}
Session ID: 98e910f4238f751e82dbd12355e92feb
	at org.openqa.selenium.support.ui.WebDriverWait.timeoutException(WebDriverWait.java:82)
	at org.openqa.selenium.support.ui.FluentWait.until(FluentWait.java:231)
	at commons.AbstractPage.hoverMouseToElement(AbstractPage.java:443)
	at pageobject.HomePageObjects.moveToAnyJumpPoint(HomePageObjects.java:34)
	at uk.co.sytner.hompage.JumpPoint.TC_27_JumpPoints_010_SytnerSelect(JumpPoint.java:220)
... Removed 27 stack frames</div></td></tr></table><p class="totop"><a href="#summary">back to summary</a></p><h3 id="m10">uk.co.sytner.hompage.JumpPoint#TC_28_JumpPoints_011_Maserati</h3><table class="result"><tr><th>Messages</th></tr><tr><td><div class="messages">2020-09-20 20:05:37,974 INFO  uk.co.sytner.hompage.JumpPoint - JumpPoint Alpine - VP: Verify if Maserati jump point is displayed
<br/>2020-09-20 20:05:38,011 INFO  uk.co.sytner.hompage.JumpPoint - ===PASSED==
<br/>2020-09-20 20:05:38,011 INFO  uk.co.sytner.hompage.JumpPoint - JumpPoint Alpine - Step 01: Move On Maserati jump point
</div></td></tr><tr><th>Exception</th></tr><tr><td><div class="stacktrace">org.openqa.selenium.TimeoutException: Expected condition failed: waiting for visibility of element located by By.xpath: //div[contains(@class, &apos;jump module maserati&apos;)]//span[@class = &apos;content&apos;] (tried for 30 second(s) with 500 MILLISECONDS interval)
Build info: version: &apos;3.9.1&apos;, revision: &apos;63f7b50&apos;, time: &apos;2018-02-07T22:25:02.294Z&apos;
System info: host: &apos;S056005530&apos;, ip: &apos;10.0.0.222&apos;, os.name: &apos;Windows 10&apos;, os.arch: &apos;amd64&apos;, os.version: &apos;10.0&apos;, java.version: &apos;1.8.0_261&apos;
Driver info: org.openqa.selenium.chrome.ChromeDriver
Capabilities {acceptInsecureCerts: false, browserName: chrome, browserVersion: 85.0.4183.102, chrome: {chromedriverVersion: 85.0.4183.87 (cd6713ebf92fa..., userDataDir: C:\Users\TRI~1.NGU\AppData\...}, goog:chromeOptions: {debuggerAddress: localhost:58794}, javascriptEnabled: true, networkConnectionEnabled: false, pageLoadStrategy: normal, platform: WINDOWS, platformName: WINDOWS, proxy: Proxy(), setWindowRect: true, strictFileInteractability: false, timeouts: {implicit: 0, pageLoad: 300000, script: 30000}, unhandledPromptBehavior: dismiss and notify, webauthn:virtualAuthenticators: true}
Session ID: 98e910f4238f751e82dbd12355e92feb
	at org.openqa.selenium.support.ui.WebDriverWait.timeoutException(WebDriverWait.java:82)
	at org.openqa.selenium.support.ui.FluentWait.until(FluentWait.java:231)
	at commons.AbstractPage.hoverMouseToElement(AbstractPage.java:443)
	at pageobject.HomePageObjects.moveToAnyJumpPoint(HomePageObjects.java:34)
	at uk.co.sytner.hompage.JumpPoint.TC_28_JumpPoints_011_Maserati(JumpPoint.java:241)
... Removed 27 stack frames</div></td></tr></table><p class="totop"><a href="#summary">back to summary</a></p><h3 id="m11">uk.co.sytner.hompage.JumpPoint#TC_29_JumpPoints_012_McLaren</h3><table class="result"><tr><th>Messages</th></tr><tr><td><div class="messages">2020-09-20 20:07:08,789 INFO  uk.co.sytner.hompage.JumpPoint - JumpPoint Alpine - VP: Verify if McLaren jump point is displayed
<br/>2020-09-20 20:07:08,825 INFO  uk.co.sytner.hompage.JumpPoint - ===PASSED==
<br/>2020-09-20 20:07:08,825 INFO  uk.co.sytner.hompage.JumpPoint - JumpPoint Alpine - Step 01: Move On McLaren jump point
</div></td></tr><tr><th>Exception</th></tr><tr><td><div class="stacktrace">org.openqa.selenium.TimeoutException: Expected condition failed: waiting for visibility of element located by By.xpath: //div[contains(@class, &apos;jump module mclaren&apos;)]//span[@class = &apos;content&apos;] (tried for 30 second(s) with 500 MILLISECONDS interval)
Build info: version: &apos;3.9.1&apos;, revision: &apos;63f7b50&apos;, time: &apos;2018-02-07T22:25:02.294Z&apos;
System info: host: &apos;S056005530&apos;, ip: &apos;10.0.0.222&apos;, os.name: &apos;Windows 10&apos;, os.arch: &apos;amd64&apos;, os.version: &apos;10.0&apos;, java.version: &apos;1.8.0_261&apos;
Driver info: org.openqa.selenium.chrome.ChromeDriver
Capabilities {acceptInsecureCerts: false, browserName: chrome, browserVersion: 85.0.4183.102, chrome: {chromedriverVersion: 85.0.4183.87 (cd6713ebf92fa..., userDataDir: C:\Users\TRI~1.NGU\AppData\...}, goog:chromeOptions: {debuggerAddress: localhost:58794}, javascriptEnabled: true, networkConnectionEnabled: false, pageLoadStrategy: normal, platform: WINDOWS, platformName: WINDOWS, proxy: Proxy(), setWindowRect: true, strictFileInteractability: false, timeouts: {implicit: 0, pageLoad: 300000, script: 30000}, unhandledPromptBehavior: dismiss and notify, webauthn:virtualAuthenticators: true}
Session ID: 98e910f4238f751e82dbd12355e92feb
	at org.openqa.selenium.support.ui.WebDriverWait.timeoutException(WebDriverWait.java:82)
	at org.openqa.selenium.support.ui.FluentWait.until(FluentWait.java:231)
	at commons.AbstractPage.hoverMouseToElement(AbstractPage.java:443)
	at pageobject.HomePageObjects.moveToAnyJumpPoint(HomePageObjects.java:34)
	at uk.co.sytner.hompage.JumpPoint.TC_29_JumpPoints_012_McLaren(JumpPoint.java:262)
... Removed 27 stack frames</div></td></tr></table><p class="totop"><a href="#summary">back to summary</a></p><h3 id="m12">uk.co.sytner.hompage.JumpPoint#TC_30_JumpPoints_013_MercedesBenz</h3><table class="result"><tr><th>Messages</th></tr><tr><td><div class="messages">2020-09-20 20:08:40,073 INFO  uk.co.sytner.hompage.JumpPoint - JumpPoint Alpine - VP: Verify if MercedesBenz jump point is displayed
<br/>2020-09-20 20:08:40,113 INFO  uk.co.sytner.hompage.JumpPoint - ===PASSED==
<br/>2020-09-20 20:08:40,113 INFO  uk.co.sytner.hompage.JumpPoint - JumpPoint Alpine - Step 01: Move On MercedesBenz jump point
</div></td></tr><tr><th>Exception</th></tr><tr><td><div class="stacktrace">org.openqa.selenium.TimeoutException: Expected condition failed: waiting for visibility of element located by By.xpath: //div[contains(@class, &apos;jump module mercedes-benz&apos;)]//span[@class = &apos;content&apos;] (tried for 30 second(s) with 500 MILLISECONDS interval)
Build info: version: &apos;3.9.1&apos;, revision: &apos;63f7b50&apos;, time: &apos;2018-02-07T22:25:02.294Z&apos;
System info: host: &apos;S056005530&apos;, ip: &apos;10.0.0.222&apos;, os.name: &apos;Windows 10&apos;, os.arch: &apos;amd64&apos;, os.version: &apos;10.0&apos;, java.version: &apos;1.8.0_261&apos;
Driver info: org.openqa.selenium.chrome.ChromeDriver
Capabilities {acceptInsecureCerts: false, browserName: chrome, browserVersion: 85.0.4183.102, chrome: {chromedriverVersion: 85.0.4183.87 (cd6713ebf92fa..., userDataDir: C:\Users\TRI~1.NGU\AppData\...}, goog:chromeOptions: {debuggerAddress: localhost:58794}, javascriptEnabled: true, networkConnectionEnabled: false, pageLoadStrategy: normal, platform: WINDOWS, platformName: WINDOWS, proxy: Proxy(), setWindowRect: true, strictFileInteractability: false, timeouts: {implicit: 0, pageLoad: 300000, script: 30000}, unhandledPromptBehavior: dismiss and notify, webauthn:virtualAuthenticators: true}
Session ID: 98e910f4238f751e82dbd12355e92feb
	at org.openqa.selenium.support.ui.WebDriverWait.timeoutException(WebDriverWait.java:82)
	at org.openqa.selenium.support.ui.FluentWait.until(FluentWait.java:231)
	at commons.AbstractPage.hoverMouseToElement(AbstractPage.java:443)
	at pageobject.HomePageObjects.moveToAnyJumpPoint(HomePageObjects.java:34)
	at uk.co.sytner.hompage.JumpPoint.TC_30_JumpPoints_013_MercedesBenz(JumpPoint.java:283)
... Removed 27 stack frames</div></td></tr></table><p class="totop"><a href="#summary">back to summary</a></p><h3 id="m13">uk.co.sytner.hompage.JumpPoint#TC_31_JumpPoints_014_Mini</h3><table class="result"><tr><th>Messages</th></tr><tr><td><div class="messages">2020-09-20 20:10:11,385 INFO  uk.co.sytner.hompage.JumpPoint - JumpPoint Alpine - VP: Verify if MINI jump point is displayed
<br/>2020-09-20 20:10:11,455 INFO  uk.co.sytner.hompage.JumpPoint - ===PASSED==
<br/>2020-09-20 20:10:11,455 INFO  uk.co.sytner.hompage.JumpPoint - JumpPoint Alpine - Step 01: Move On MINI jump point
</div></td></tr><tr><th>Exception</th></tr><tr><td><div class="stacktrace">org.openqa.selenium.TimeoutException: Expected condition failed: waiting for visibility of element located by By.xpath: //div[contains(@class, &apos;jump module mini&apos;)]//span[@class = &apos;content&apos;] (tried for 30 second(s) with 500 MILLISECONDS interval)
Build info: version: &apos;3.9.1&apos;, revision: &apos;63f7b50&apos;, time: &apos;2018-02-07T22:25:02.294Z&apos;
System info: host: &apos;S056005530&apos;, ip: &apos;10.0.0.222&apos;, os.name: &apos;Windows 10&apos;, os.arch: &apos;amd64&apos;, os.version: &apos;10.0&apos;, java.version: &apos;1.8.0_261&apos;
Driver info: org.openqa.selenium.chrome.ChromeDriver
Capabilities {acceptInsecureCerts: false, browserName: chrome, browserVersion: 85.0.4183.102, chrome: {chromedriverVersion: 85.0.4183.87 (cd6713ebf92fa..., userDataDir: C:\Users\TRI~1.NGU\AppData\...}, goog:chromeOptions: {debuggerAddress: localhost:58794}, javascriptEnabled: true, networkConnectionEnabled: false, pageLoadStrategy: normal, platform: WINDOWS, platformName: WINDOWS, proxy: Proxy(), setWindowRect: true, strictFileInteractability: false, timeouts: {implicit: 0, pageLoad: 300000, script: 30000}, unhandledPromptBehavior: dismiss and notify, webauthn:virtualAuthenticators: true}
Session ID: 98e910f4238f751e82dbd12355e92feb
	at org.openqa.selenium.support.ui.WebDriverWait.timeoutException(WebDriverWait.java:82)
	at org.openqa.selenium.support.ui.FluentWait.until(FluentWait.java:231)
	at commons.AbstractPage.hoverMouseToElement(AbstractPage.java:443)
	at pageobject.HomePageObjects.moveToAnyJumpPoint(HomePageObjects.java:34)
	at uk.co.sytner.hompage.JumpPoint.TC_31_JumpPoints_014_Mini(JumpPoint.java:304)
... Removed 27 stack frames</div></td></tr></table><p class="totop"><a href="#summary">back to summary</a></p><h3 id="m14">uk.co.sytner.hompage.JumpPoint#TC_32_JumpPoints_015_Porsche</h3><table class="result"><tr><th>Messages</th></tr><tr><td><div class="messages">2020-09-20 20:11:42,323 INFO  uk.co.sytner.hompage.JumpPoint - JumpPoint Alpine - VP: Verify if Porsche jump point is displayed
<br/>2020-09-20 20:11:42,367 INFO  uk.co.sytner.hompage.JumpPoint - ===PASSED==
<br/>2020-09-20 20:11:42,367 INFO  uk.co.sytner.hompage.JumpPoint - JumpPoint Alpine - Step 01: Move On Porsche jump point
</div></td></tr><tr><th>Exception</th></tr><tr><td><div class="stacktrace">org.openqa.selenium.TimeoutException: Expected condition failed: waiting for visibility of element located by By.xpath: //div[contains(@class, &apos;jump module porsche&apos;)]//span[@class = &apos;content&apos;] (tried for 30 second(s) with 500 MILLISECONDS interval)
Build info: version: &apos;3.9.1&apos;, revision: &apos;63f7b50&apos;, time: &apos;2018-02-07T22:25:02.294Z&apos;
System info: host: &apos;S056005530&apos;, ip: &apos;10.0.0.222&apos;, os.name: &apos;Windows 10&apos;, os.arch: &apos;amd64&apos;, os.version: &apos;10.0&apos;, java.version: &apos;1.8.0_261&apos;
Driver info: org.openqa.selenium.chrome.ChromeDriver
Capabilities {acceptInsecureCerts: false, browserName: chrome, browserVersion: 85.0.4183.102, chrome: {chromedriverVersion: 85.0.4183.87 (cd6713ebf92fa..., userDataDir: C:\Users\TRI~1.NGU\AppData\...}, goog:chromeOptions: {debuggerAddress: localhost:58794}, javascriptEnabled: true, networkConnectionEnabled: false, pageLoadStrategy: normal, platform: WINDOWS, platformName: WINDOWS, proxy: Proxy(), setWindowRect: true, strictFileInteractability: false, timeouts: {implicit: 0, pageLoad: 300000, script: 30000}, unhandledPromptBehavior: dismiss and notify, webauthn:virtualAuthenticators: true}
Session ID: 98e910f4238f751e82dbd12355e92feb
	at org.openqa.selenium.support.ui.WebDriverWait.timeoutException(WebDriverWait.java:82)
	at org.openqa.selenium.support.ui.FluentWait.until(FluentWait.java:231)
	at commons.AbstractPage.hoverMouseToElement(AbstractPage.java:443)
	at pageobject.HomePageObjects.moveToAnyJumpPoint(HomePageObjects.java:34)
	at uk.co.sytner.hompage.JumpPoint.TC_32_JumpPoints_015_Porsche(JumpPoint.java:325)
... Removed 27 stack frames</div></td></tr></table><p class="totop"><a href="#summary">back to summary</a></p><h3 id="m15">uk.co.sytner.hompage.JumpPoint#TC_33_JumpPoints_016_RollsRoyce</h3><table class="result"><tr><th>Messages</th></tr><tr><td><div class="messages">2020-09-20 20:13:13,148 INFO  uk.co.sytner.hompage.JumpPoint - JumpPoint Alpine - VP: Verify if Rolls Royce jump point is displayed
<br/>2020-09-20 20:13:13,181 INFO  uk.co.sytner.hompage.JumpPoint - ===PASSED==
<br/>2020-09-20 20:13:13,181 INFO  uk.co.sytner.hompage.JumpPoint - JumpPoint Alpine - Step 01: Move On Rolls Royce jump point
</div></td></tr><tr><th>Exception</th></tr><tr><td><div class="stacktrace">org.openqa.selenium.TimeoutException: Expected condition failed: waiting for visibility of element located by By.xpath: //div[contains(@class, &apos;jump module rolls-royce&apos;)]//span[@class = &apos;content&apos;] (tried for 30 second(s) with 500 MILLISECONDS interval)
Build info: version: &apos;3.9.1&apos;, revision: &apos;63f7b50&apos;, time: &apos;2018-02-07T22:25:02.294Z&apos;
System info: host: &apos;S056005530&apos;, ip: &apos;10.0.0.222&apos;, os.name: &apos;Windows 10&apos;, os.arch: &apos;amd64&apos;, os.version: &apos;10.0&apos;, java.version: &apos;1.8.0_261&apos;
Driver info: org.openqa.selenium.chrome.ChromeDriver
Capabilities {acceptInsecureCerts: false, browserName: chrome, browserVersion: 85.0.4183.102, chrome: {chromedriverVersion: 85.0.4183.87 (cd6713ebf92fa..., userDataDir: C:\Users\TRI~1.NGU\AppData\...}, goog:chromeOptions: {debuggerAddress: localhost:58794}, javascriptEnabled: true, networkConnectionEnabled: false, pageLoadStrategy: normal, platform: WINDOWS, platformName: WINDOWS, proxy: Proxy(), setWindowRect: true, strictFileInteractability: false, timeouts: {implicit: 0, pageLoad: 300000, script: 30000}, unhandledPromptBehavior: dismiss and notify, webauthn:virtualAuthenticators: true}
Session ID: 98e910f4238f751e82dbd12355e92feb
	at org.openqa.selenium.support.ui.WebDriverWait.timeoutException(WebDriverWait.java:82)
	at org.openqa.selenium.support.ui.FluentWait.until(FluentWait.java:231)
	at commons.AbstractPage.hoverMouseToElement(AbstractPage.java:443)
	at pageobject.HomePageObjects.moveToAnyJumpPoint(HomePageObjects.java:34)
	at uk.co.sytner.hompage.JumpPoint.TC_33_JumpPoints_016_RollsRoyce(JumpPoint.java:346)
... Removed 27 stack frames</div></td></tr></table><p class="totop"><a href="#summary">back to summary</a></p><h3 id="m16">uk.co.sytner.hompage.JumpPoint#TC_34_JumpPoints_017_Seat</h3><table class="result"><tr><th>Messages</th></tr><tr><td><div class="messages">2020-09-20 20:14:43,784 INFO  uk.co.sytner.hompage.JumpPoint - JumpPoint Alpine - VP: Verify if SEAT jump point is displayed
<br/>2020-09-20 20:14:43,816 INFO  uk.co.sytner.hompage.JumpPoint - ===PASSED==
<br/>2020-09-20 20:14:43,816 INFO  uk.co.sytner.hompage.JumpPoint - JumpPoint Alpine - Step 01: Move On SEAT jump point
</div></td></tr><tr><th>Exception</th></tr><tr><td><div class="stacktrace">org.openqa.selenium.TimeoutException: Expected condition failed: waiting for visibility of element located by By.xpath: //div[contains(@class, &apos;jump module seat&apos;)]//span[@class = &apos;content&apos;] (tried for 30 second(s) with 500 MILLISECONDS interval)
Build info: version: &apos;3.9.1&apos;, revision: &apos;63f7b50&apos;, time: &apos;2018-02-07T22:25:02.294Z&apos;
System info: host: &apos;S056005530&apos;, ip: &apos;10.0.0.222&apos;, os.name: &apos;Windows 10&apos;, os.arch: &apos;amd64&apos;, os.version: &apos;10.0&apos;, java.version: &apos;1.8.0_261&apos;
Driver info: org.openqa.selenium.chrome.ChromeDriver
Capabilities {acceptInsecureCerts: false, browserName: chrome, browserVersion: 85.0.4183.102, chrome: {chromedriverVersion: 85.0.4183.87 (cd6713ebf92fa..., userDataDir: C:\Users\TRI~1.NGU\AppData\...}, goog:chromeOptions: {debuggerAddress: localhost:58794}, javascriptEnabled: true, networkConnectionEnabled: false, pageLoadStrategy: normal, platform: WINDOWS, platformName: WINDOWS, proxy: Proxy(), setWindowRect: true, strictFileInteractability: false, timeouts: {implicit: 0, pageLoad: 300000, script: 30000}, unhandledPromptBehavior: dismiss and notify, webauthn:virtualAuthenticators: true}
Session ID: 98e910f4238f751e82dbd12355e92feb
	at org.openqa.selenium.support.ui.WebDriverWait.timeoutException(WebDriverWait.java:82)
	at org.openqa.selenium.support.ui.FluentWait.until(FluentWait.java:231)
	at commons.AbstractPage.hoverMouseToElement(AbstractPage.java:443)
	at pageobject.HomePageObjects.moveToAnyJumpPoint(HomePageObjects.java:34)
	at uk.co.sytner.hompage.JumpPoint.TC_34_JumpPoints_017_Seat(JumpPoint.java:367)
... Removed 27 stack frames</div></td></tr></table><p class="totop"><a href="#summary">back to summary</a></p><h3 id="m17">uk.co.sytner.hompage.JumpPoint#TC_35_JumpPoints_018_Skoda</h3><table class="result"><tr><th>Messages</th></tr><tr><td><div class="messages">2020-09-20 20:16:14,799 INFO  uk.co.sytner.hompage.JumpPoint - JumpPoint Alpine - VP: Verify if Skoda jump point is displayed
<br/>2020-09-20 20:16:14,832 INFO  uk.co.sytner.hompage.JumpPoint - ===PASSED==
<br/>2020-09-20 20:16:14,832 INFO  uk.co.sytner.hompage.JumpPoint - JumpPoint Alpine - Step 01: Move On Skoda jump point
</div></td></tr><tr><th>Exception</th></tr><tr><td><div class="stacktrace">org.openqa.selenium.TimeoutException: Expected condition failed: waiting for visibility of element located by By.xpath: //div[contains(@class, &apos;jump module skoda&apos;)]//span[@class = &apos;content&apos;] (tried for 30 second(s) with 500 MILLISECONDS interval)
Build info: version: &apos;3.9.1&apos;, revision: &apos;63f7b50&apos;, time: &apos;2018-02-07T22:25:02.294Z&apos;
System info: host: &apos;S056005530&apos;, ip: &apos;10.0.0.222&apos;, os.name: &apos;Windows 10&apos;, os.arch: &apos;amd64&apos;, os.version: &apos;10.0&apos;, java.version: &apos;1.8.0_261&apos;
Driver info: org.openqa.selenium.chrome.ChromeDriver
Capabilities {acceptInsecureCerts: false, browserName: chrome, browserVersion: 85.0.4183.102, chrome: {chromedriverVersion: 85.0.4183.87 (cd6713ebf92fa..., userDataDir: C:\Users\TRI~1.NGU\AppData\...}, goog:chromeOptions: {debuggerAddress: localhost:58794}, javascriptEnabled: true, networkConnectionEnabled: false, pageLoadStrategy: normal, platform: WINDOWS, platformName: WINDOWS, proxy: Proxy(), setWindowRect: true, strictFileInteractability: false, timeouts: {implicit: 0, pageLoad: 300000, script: 30000}, unhandledPromptBehavior: dismiss and notify, webauthn:virtualAuthenticators: true}
Session ID: 98e910f4238f751e82dbd12355e92feb
	at org.openqa.selenium.support.ui.WebDriverWait.timeoutException(WebDriverWait.java:82)
	at org.openqa.selenium.support.ui.FluentWait.until(FluentWait.java:231)
	at commons.AbstractPage.hoverMouseToElement(AbstractPage.java:443)
	at pageobject.HomePageObjects.moveToAnyJumpPoint(HomePageObjects.java:34)
	at uk.co.sytner.hompage.JumpPoint.TC_35_JumpPoints_018_Skoda(JumpPoint.java:388)
... Removed 27 stack frames</div></td></tr></table><p class="totop"><a href="#summary">back to summary</a></p><h3 id="m18">uk.co.sytner.hompage.JumpPoint#TC_36_JumpPoints_019_Smart</h3><table class="result"><tr><th>Messages</th></tr><tr><td><div class="messages">2020-09-20 20:17:45,485 INFO  uk.co.sytner.hompage.JumpPoint - JumpPoint Alpine - VP: Verify if smart jump point is displayed
<br/>2020-09-20 20:17:45,517 INFO  uk.co.sytner.hompage.JumpPoint - ===PASSED==
<br/>2020-09-20 20:17:45,517 INFO  uk.co.sytner.hompage.JumpPoint - JumpPoint Alpine - Step 01: Move On smart jump point
</div></td></tr><tr><th>Exception</th></tr><tr><td><div class="stacktrace">org.openqa.selenium.TimeoutException: Expected condition failed: waiting for visibility of element located by By.xpath: //div[contains(@class, &apos;jump module smart&apos;)]//span[@class = &apos;content&apos;] (tried for 30 second(s) with 500 MILLISECONDS interval)
Build info: version: &apos;3.9.1&apos;, revision: &apos;63f7b50&apos;, time: &apos;2018-02-07T22:25:02.294Z&apos;
System info: host: &apos;S056005530&apos;, ip: &apos;10.0.0.222&apos;, os.name: &apos;Windows 10&apos;, os.arch: &apos;amd64&apos;, os.version: &apos;10.0&apos;, java.version: &apos;1.8.0_261&apos;
Driver info: org.openqa.selenium.chrome.ChromeDriver
Capabilities {acceptInsecureCerts: false, browserName: chrome, browserVersion: 85.0.4183.102, chrome: {chromedriverVersion: 85.0.4183.87 (cd6713ebf92fa..., userDataDir: C:\Users\TRI~1.NGU\AppData\...}, goog:chromeOptions: {debuggerAddress: localhost:58794}, javascriptEnabled: true, networkConnectionEnabled: false, pageLoadStrategy: normal, platform: WINDOWS, platformName: WINDOWS, proxy: Proxy(), setWindowRect: true, strictFileInteractability: false, timeouts: {implicit: 0, pageLoad: 300000, script: 30000}, unhandledPromptBehavior: dismiss and notify, webauthn:virtualAuthenticators: true}
Session ID: 98e910f4238f751e82dbd12355e92feb
	at org.openqa.selenium.support.ui.WebDriverWait.timeoutException(WebDriverWait.java:82)
	at org.openqa.selenium.support.ui.FluentWait.until(FluentWait.java:231)
	at commons.AbstractPage.hoverMouseToElement(AbstractPage.java:443)
	at pageobject.HomePageObjects.moveToAnyJumpPoint(HomePageObjects.java:34)
	at uk.co.sytner.hompage.JumpPoint.TC_36_JumpPoints_019_Smart(JumpPoint.java:409)
... Removed 27 stack frames</div></td></tr></table><p class="totop"><a href="#summary">back to summary</a></p><h3 id="m19">uk.co.sytner.hompage.JumpPoint#TC_37_JumpPoints_020_Volkswagen</h3><table class="result"><tr><th>Messages</th></tr><tr><td><div class="messages">2020-09-20 20:18:35,751 INFO  uk.co.sytner.hompage.JumpPoint - JumpPoint Alpine - VP: Verify if Volkswagen jump point is displayed
</div></td></tr><tr><th>Exception</th></tr><tr><td><div class="stacktrace">org.openqa.selenium.TimeoutException: Expected condition failed: waiting for visibility of element located by By.xpath: //div[contains(@class, &apos;jump module volkswagen&apos;)] (tried for 10 second(s) with 500 MILLISECONDS interval)
Build info: version: &apos;3.9.1&apos;, revision: &apos;63f7b50&apos;, time: &apos;2018-02-07T22:25:02.294Z&apos;
System info: host: &apos;S056005530&apos;, ip: &apos;10.0.0.222&apos;, os.name: &apos;Windows 10&apos;, os.arch: &apos;amd64&apos;, os.version: &apos;10.0&apos;, java.version: &apos;1.8.0_261&apos;
Driver info: org.openqa.selenium.chrome.ChromeDriver
Capabilities {acceptInsecureCerts: false, browserName: chrome, browserVersion: 85.0.4183.102, chrome: {chromedriverVersion: 85.0.4183.87 (cd6713ebf92fa..., userDataDir: C:\Users\TRI~1.NGU\AppData\...}, goog:chromeOptions: {debuggerAddress: localhost:58794}, javascriptEnabled: true, networkConnectionEnabled: false, pageLoadStrategy: normal, platform: WINDOWS, platformName: WINDOWS, proxy: Proxy(), setWindowRect: true, strictFileInteractability: false, timeouts: {implicit: 0, pageLoad: 300000, script: 30000}, unhandledPromptBehavior: dismiss and notify, webauthn:virtualAuthenticators: true}
Session ID: 98e910f4238f751e82dbd12355e92feb
	at org.openqa.selenium.support.ui.WebDriverWait.timeoutException(WebDriverWait.java:82)
	at org.openqa.selenium.support.ui.FluentWait.until(FluentWait.java:231)
	at commons.AbstractPage.isElementDisplayed(AbstractPage.java:354)
	at pageobject.HomePageObjects.isSpecificJumpPointDisplayed(HomePageObjects.java:29)
	at uk.co.sytner.hompage.JumpPoint.TC_37_JumpPoints_020_Volkswagen(JumpPoint.java:427)
... Removed 27 stack frames</div></td></tr></table><p class="totop"><a href="#summary">back to summary</a></p><h3 id="m20">uk.co.sytner.hompage.JumpPoint#TC_38_JumpPoints_021_VolkswagenCommercial</h3><table class="result"><tr><th>Messages</th></tr><tr><td><div class="messages">2020-09-20 20:19:05,860 INFO  uk.co.sytner.hompage.JumpPoint - JumpPoint Alpine - VP: Verify if Volkswagen Commercial jump point is displayed
</div></td></tr><tr><th>Exception</th></tr><tr><td><div class="stacktrace">org.openqa.selenium.TimeoutException: Expected condition failed: waiting for visibility of element located by By.xpath: //div[contains(@class, &apos;jump module volkswagen-commercial&apos;)] (tried for 10 second(s) with 500 MILLISECONDS interval)
Build info: version: &apos;3.9.1&apos;, revision: &apos;63f7b50&apos;, time: &apos;2018-02-07T22:25:02.294Z&apos;
System info: host: &apos;S056005530&apos;, ip: &apos;10.0.0.222&apos;, os.name: &apos;Windows 10&apos;, os.arch: &apos;amd64&apos;, os.version: &apos;10.0&apos;, java.version: &apos;1.8.0_261&apos;
Driver info: org.openqa.selenium.chrome.ChromeDriver
Capabilities {acceptInsecureCerts: false, browserName: chrome, browserVersion: 85.0.4183.102, chrome: {chromedriverVersion: 85.0.4183.87 (cd6713ebf92fa..., userDataDir: C:\Users\TRI~1.NGU\AppData\...}, goog:chromeOptions: {debuggerAddress: localhost:58794}, javascriptEnabled: true, networkConnectionEnabled: false, pageLoadStrategy: normal, platform: WINDOWS, platformName: WINDOWS, proxy: Proxy(), setWindowRect: true, strictFileInteractability: false, timeouts: {implicit: 0, pageLoad: 300000, script: 30000}, unhandledPromptBehavior: dismiss and notify, webauthn:virtualAuthenticators: true}
Session ID: 98e910f4238f751e82dbd12355e92feb
	at org.openqa.selenium.support.ui.WebDriverWait.timeoutException(WebDriverWait.java:82)
	at org.openqa.selenium.support.ui.FluentWait.until(FluentWait.java:231)
	at commons.AbstractPage.isElementDisplayed(AbstractPage.java:354)
	at pageobject.HomePageObjects.isSpecificJumpPointDisplayed(HomePageObjects.java:29)
	at uk.co.sytner.hompage.JumpPoint.TC_38_JumpPoints_021_VolkswagenCommercial(JumpPoint.java:448)
... Removed 27 stack frames</div></td></tr></table><p class="totop"><a href="#summary">back to summary</a></p><h3 id="m21">uk.co.sytner.hompage.JumpPoint#TC_39_JumpPoints_022_Volvo</h3><table class="result"><tr><th>Messages</th></tr><tr><td><div class="messages">2020-09-20 20:20:16,264 INFO  uk.co.sytner.hompage.JumpPoint - JumpPoint Alpine - VP: Verify if Volvo jump point is displayed
<br/>2020-09-20 20:20:16,308 INFO  uk.co.sytner.hompage.JumpPoint - ===PASSED==
<br/>2020-09-20 20:20:16,308 INFO  uk.co.sytner.hompage.JumpPoint - JumpPoint Alpine - Step 01: Move On Volvo jump point
</div></td></tr><tr><th>Exception</th></tr><tr><td><div class="stacktrace">org.openqa.selenium.TimeoutException: Expected condition failed: waiting for visibility of element located by By.xpath: //div[contains(@class, &apos;jump module volvo&apos;)]//span[@class = &apos;content&apos;] (tried for 30 second(s) with 500 MILLISECONDS interval)
Build info: version: &apos;3.9.1&apos;, revision: &apos;63f7b50&apos;, time: &apos;2018-02-07T22:25:02.294Z&apos;
System info: host: &apos;S056005530&apos;, ip: &apos;10.0.0.222&apos;, os.name: &apos;Windows 10&apos;, os.arch: &apos;amd64&apos;, os.version: &apos;10.0&apos;, java.version: &apos;1.8.0_261&apos;
Driver info: org.openqa.selenium.chrome.ChromeDriver
Capabilities {acceptInsecureCerts: false, browserName: chrome, browserVersion: 85.0.4183.102, chrome: {chromedriverVersion: 85.0.4183.87 (cd6713ebf92fa..., userDataDir: C:\Users\TRI~1.NGU\AppData\...}, goog:chromeOptions: {debuggerAddress: localhost:58794}, javascriptEnabled: true, networkConnectionEnabled: false, pageLoadStrategy: normal, platform: WINDOWS, platformName: WINDOWS, proxy: Proxy(), setWindowRect: true, strictFileInteractability: false, timeouts: {implicit: 0, pageLoad: 300000, script: 30000}, unhandledPromptBehavior: dismiss and notify, webauthn:virtualAuthenticators: true}
Session ID: 98e910f4238f751e82dbd12355e92feb
	at org.openqa.selenium.support.ui.WebDriverWait.timeoutException(WebDriverWait.java:82)
	at org.openqa.selenium.support.ui.FluentWait.until(FluentWait.java:231)
	at commons.AbstractPage.hoverMouseToElement(AbstractPage.java:443)
	at pageobject.HomePageObjects.moveToAnyJumpPoint(HomePageObjects.java:34)
	at uk.co.sytner.hompage.JumpPoint.TC_39_JumpPoints_022_Volvo(JumpPoint.java:472)
... Removed 27 stack frames</div></td></tr></table><p class="totop"><a href="#summary">back to summary</a></p><h3 id="m22">uk.co.sytner.hompage.JumpPoint#TC_18_JumpPoints_001_Alpina</h3><table class="result"><tr><th>Messages</th></tr><tr><td><div class="messages">2020-09-20 19:50:18,143 INFO  uk.co.sytner.hompage.JumpPoint - JumpPoint Alpine - VP: Verify if Alpina jump point is displayed
<br/>2020-09-20 19:50:18,188 INFO  uk.co.sytner.hompage.JumpPoint - ===PASSED==
<br/>2020-09-20 19:50:18,188 INFO  uk.co.sytner.hompage.JumpPoint - JumpPoint Alpine - Step 01: Move On Alpina jump point
</div></td></tr><tr><th>Exception</th></tr><tr><td><div class="stacktrace">org.openqa.selenium.TimeoutException: Expected condition failed: waiting for visibility of element located by By.xpath: //div[contains(@class, &apos;jump module alpina&apos;)]//span[@class = &apos;content&apos;] (tried for 30 second(s) with 500 MILLISECONDS interval)
Build info: version: &apos;3.9.1&apos;, revision: &apos;63f7b50&apos;, time: &apos;2018-02-07T22:25:02.294Z&apos;
System info: host: &apos;S056005530&apos;, ip: &apos;10.0.0.222&apos;, os.name: &apos;Windows 10&apos;, os.arch: &apos;amd64&apos;, os.version: &apos;10.0&apos;, java.version: &apos;1.8.0_261&apos;
Driver info: org.openqa.selenium.chrome.ChromeDriver
Capabilities {acceptInsecureCerts: false, browserName: chrome, browserVersion: 85.0.4183.102, chrome: {chromedriverVersion: 85.0.4183.87 (cd6713ebf92fa..., userDataDir: C:\Users\TRI~1.NGU\AppData\...}, goog:chromeOptions: {debuggerAddress: localhost:58794}, javascriptEnabled: true, networkConnectionEnabled: false, pageLoadStrategy: normal, platform: WINDOWS, platformName: WINDOWS, proxy: Proxy(), setWindowRect: true, strictFileInteractability: false, timeouts: {implicit: 0, pageLoad: 300000, script: 30000}, unhandledPromptBehavior: dismiss and notify, webauthn:virtualAuthenticators: true}
Session ID: 98e910f4238f751e82dbd12355e92feb
	at org.openqa.selenium.support.ui.WebDriverWait.timeoutException(WebDriverWait.java:82)
	at org.openqa.selenium.support.ui.FluentWait.until(FluentWait.java:231)
	at commons.AbstractPage.hoverMouseToElement(AbstractPage.java:443)
	at pageobject.HomePageObjects.moveToAnyJumpPoint(HomePageObjects.java:34)
	at uk.co.sytner.hompage.JumpPoint.TC_18_JumpPoints_001_Alpina(JumpPoint.java:31)
... Removed 27 stack frames</div></td></tr></table><p class="totop"><a href="#summary">back to summary</a></p><h3 id="m23">uk.co.sytner.hompage.JumpPoint#TC_18_JumpPoints_001_Alpina</h3><table class="result"><tr><th>Messages</th></tr><tr><td><div class="messages">2020-09-20 19:49:47,341 INFO  uk.co.sytner.hompage.JumpPoint - JumpPoint Alpine - VP: Verify if Alpina jump point is displayed
<br/>2020-09-20 19:49:47,782 INFO  uk.co.sytner.hompage.JumpPoint - ===PASSED==
<br/>2020-09-20 19:49:47,783 INFO  uk.co.sytner.hompage.JumpPoint - JumpPoint Alpine - Step 01: Move On Alpina jump point
</div></td></tr><tr><th>Exception</th></tr><tr><td><div class="stacktrace">org.openqa.selenium.TimeoutException: Expected condition failed: waiting for visibility of element located by By.xpath: //div[contains(@class, &apos;jump module alpina&apos;)]//span[@class = &apos;content&apos;] (tried for 30 second(s) with 500 MILLISECONDS interval)
Build info: version: &apos;3.9.1&apos;, revision: &apos;63f7b50&apos;, time: &apos;2018-02-07T22:25:02.294Z&apos;
System info: host: &apos;S056005530&apos;, ip: &apos;10.0.0.222&apos;, os.name: &apos;Windows 10&apos;, os.arch: &apos;amd64&apos;, os.version: &apos;10.0&apos;, java.version: &apos;1.8.0_261&apos;
Driver info: org.openqa.selenium.chrome.ChromeDriver
Capabilities {acceptInsecureCerts: false, browserName: chrome, browserVersion: 85.0.4183.102, chrome: {chromedriverVersion: 85.0.4183.87 (cd6713ebf92fa..., userDataDir: C:\Users\TRI~1.NGU\AppData\...}, goog:chromeOptions: {debuggerAddress: localhost:58794}, javascriptEnabled: true, networkConnectionEnabled: false, pageLoadStrategy: normal, platform: WINDOWS, platformName: WINDOWS, proxy: Proxy(), setWindowRect: true, strictFileInteractability: false, timeouts: {implicit: 0, pageLoad: 300000, script: 30000}, unhandledPromptBehavior: dismiss and notify, webauthn:virtualAuthenticators: true}
Session ID: 98e910f4238f751e82dbd12355e92feb
	at org.openqa.selenium.support.ui.WebDriverWait.timeoutException(WebDriverWait.java:82)
	at org.openqa.selenium.support.ui.FluentWait.until(FluentWait.java:231)
	at commons.AbstractPage.hoverMouseToElement(AbstractPage.java:443)
	at pageobject.HomePageObjects.moveToAnyJumpPoint(HomePageObjects.java:34)
	at uk.co.sytner.hompage.JumpPoint.TC_18_JumpPoints_001_Alpina(JumpPoint.java:31)
... Removed 27 stack frames</div></td></tr></table><p class="totop"><a href="#summary">back to summary</a></p><h3 id="m24">uk.co.sytner.hompage.JumpPoint#TC_19_JumpPoints_002_Audi</h3><table class="result"><tr><th>Messages</th></tr><tr><td><div class="messages">2020-09-20 19:51:48,771 INFO  uk.co.sytner.hompage.JumpPoint - JumpPoint Alpine - VP: Verify if Audi jump point is displayed
<br/>2020-09-20 19:51:48,805 INFO  uk.co.sytner.hompage.JumpPoint - ===PASSED==
<br/>2020-09-20 19:51:48,805 INFO  uk.co.sytner.hompage.JumpPoint - JumpPoint Alpine - Step 01: Move On Audi jump point
</div></td></tr><tr><th>Exception</th></tr><tr><td><div class="stacktrace">org.openqa.selenium.TimeoutException: Expected condition failed: waiting for visibility of element located by By.xpath: //div[contains(@class, &apos;jump module audi&apos;)]//span[@class = &apos;content&apos;] (tried for 30 second(s) with 500 MILLISECONDS interval)
Build info: version: &apos;3.9.1&apos;, revision: &apos;63f7b50&apos;, time: &apos;2018-02-07T22:25:02.294Z&apos;
System info: host: &apos;S056005530&apos;, ip: &apos;10.0.0.222&apos;, os.name: &apos;Windows 10&apos;, os.arch: &apos;amd64&apos;, os.version: &apos;10.0&apos;, java.version: &apos;1.8.0_261&apos;
Driver info: org.openqa.selenium.chrome.ChromeDriver
Capabilities {acceptInsecureCerts: false, browserName: chrome, browserVersion: 85.0.4183.102, chrome: {chromedriverVersion: 85.0.4183.87 (cd6713ebf92fa..., userDataDir: C:\Users\TRI~1.NGU\AppData\...}, goog:chromeOptions: {debuggerAddress: localhost:58794}, javascriptEnabled: true, networkConnectionEnabled: false, pageLoadStrategy: normal, platform: WINDOWS, platformName: WINDOWS, proxy: Proxy(), setWindowRect: true, strictFileInteractability: false, timeouts: {implicit: 0, pageLoad: 300000, script: 30000}, unhandledPromptBehavior: dismiss and notify, webauthn:virtualAuthenticators: true}
Session ID: 98e910f4238f751e82dbd12355e92feb
	at org.openqa.selenium.support.ui.WebDriverWait.timeoutException(WebDriverWait.java:82)
	at org.openqa.selenium.support.ui.FluentWait.until(FluentWait.java:231)
	at commons.AbstractPage.hoverMouseToElement(AbstractPage.java:443)
	at pageobject.HomePageObjects.moveToAnyJumpPoint(HomePageObjects.java:34)
	at uk.co.sytner.hompage.JumpPoint.TC_19_JumpPoints_002_Audi(JumpPoint.java:52)
... Removed 27 stack frames</div></td></tr></table><p class="totop"><a href="#summary">back to summary</a></p><h3 id="m25">uk.co.sytner.hompage.JumpPoint#TC_19_JumpPoints_002_Audi</h3><table class="result"><tr><th>Messages</th></tr><tr><td><div class="messages">2020-09-20 19:51:18,602 INFO  uk.co.sytner.hompage.JumpPoint - JumpPoint Alpine - VP: Verify if Audi jump point is displayed
<br/>2020-09-20 19:51:18,644 INFO  uk.co.sytner.hompage.JumpPoint - ===PASSED==
<br/>2020-09-20 19:51:18,644 INFO  uk.co.sytner.hompage.JumpPoint - JumpPoint Alpine - Step 01: Move On Audi jump point
</div></td></tr><tr><th>Exception</th></tr><tr><td><div class="stacktrace">org.openqa.selenium.TimeoutException: Expected condition failed: waiting for visibility of element located by By.xpath: //div[contains(@class, &apos;jump module audi&apos;)]//span[@class = &apos;content&apos;] (tried for 30 second(s) with 500 MILLISECONDS interval)
Build info: version: &apos;3.9.1&apos;, revision: &apos;63f7b50&apos;, time: &apos;2018-02-07T22:25:02.294Z&apos;
System info: host: &apos;S056005530&apos;, ip: &apos;10.0.0.222&apos;, os.name: &apos;Windows 10&apos;, os.arch: &apos;amd64&apos;, os.version: &apos;10.0&apos;, java.version: &apos;1.8.0_261&apos;
Driver info: org.openqa.selenium.chrome.ChromeDriver
Capabilities {acceptInsecureCerts: false, browserName: chrome, browserVersion: 85.0.4183.102, chrome: {chromedriverVersion: 85.0.4183.87 (cd6713ebf92fa..., userDataDir: C:\Users\TRI~1.NGU\AppData\...}, goog:chromeOptions: {debuggerAddress: localhost:58794}, javascriptEnabled: true, networkConnectionEnabled: false, pageLoadStrategy: normal, platform: WINDOWS, platformName: WINDOWS, proxy: Proxy(), setWindowRect: true, strictFileInteractability: false, timeouts: {implicit: 0, pageLoad: 300000, script: 30000}, unhandledPromptBehavior: dismiss and notify, webauthn:virtualAuthenticators: true}
Session ID: 98e910f4238f751e82dbd12355e92feb
	at org.openqa.selenium.support.ui.WebDriverWait.timeoutException(WebDriverWait.java:82)
	at org.openqa.selenium.support.ui.FluentWait.until(FluentWait.java:231)
	at commons.AbstractPage.hoverMouseToElement(AbstractPage.java:443)
	at pageobject.HomePageObjects.moveToAnyJumpPoint(HomePageObjects.java:34)
	at uk.co.sytner.hompage.JumpPoint.TC_19_JumpPoints_002_Audi(JumpPoint.java:52)
... Removed 27 stack frames</div></td></tr></table><p class="totop"><a href="#summary">back to summary</a></p><h3 id="m26">uk.co.sytner.hompage.JumpPoint#TC_20_JumpPoints_003_Bentley</h3><table class="result"><tr><th>Messages</th></tr><tr><td><div class="messages">2020-09-20 19:53:19,807 INFO  uk.co.sytner.hompage.JumpPoint - JumpPoint Alpine - VP: Verify if Bentley jump point is displayed
<br/>2020-09-20 19:53:19,847 INFO  uk.co.sytner.hompage.JumpPoint - ===PASSED==
<br/>2020-09-20 19:53:19,847 INFO  uk.co.sytner.hompage.JumpPoint - JumpPoint Alpine - Step 01: Move On Bentley jump point
</div></td></tr><tr><th>Exception</th></tr><tr><td><div class="stacktrace">org.openqa.selenium.TimeoutException: Expected condition failed: waiting for visibility of element located by By.xpath: //div[contains(@class, &apos;jump module bentley&apos;)]//span[@class = &apos;content&apos;] (tried for 30 second(s) with 500 MILLISECONDS interval)
Build info: version: &apos;3.9.1&apos;, revision: &apos;63f7b50&apos;, time: &apos;2018-02-07T22:25:02.294Z&apos;
System info: host: &apos;S056005530&apos;, ip: &apos;10.0.0.222&apos;, os.name: &apos;Windows 10&apos;, os.arch: &apos;amd64&apos;, os.version: &apos;10.0&apos;, java.version: &apos;1.8.0_261&apos;
Driver info: org.openqa.selenium.chrome.ChromeDriver
Capabilities {acceptInsecureCerts: false, browserName: chrome, browserVersion: 85.0.4183.102, chrome: {chromedriverVersion: 85.0.4183.87 (cd6713ebf92fa..., userDataDir: C:\Users\TRI~1.NGU\AppData\...}, goog:chromeOptions: {debuggerAddress: localhost:58794}, javascriptEnabled: true, networkConnectionEnabled: false, pageLoadStrategy: normal, platform: WINDOWS, platformName: WINDOWS, proxy: Proxy(), setWindowRect: true, strictFileInteractability: false, timeouts: {implicit: 0, pageLoad: 300000, script: 30000}, unhandledPromptBehavior: dismiss and notify, webauthn:virtualAuthenticators: true}
Session ID: 98e910f4238f751e82dbd12355e92feb
	at org.openqa.selenium.support.ui.WebDriverWait.timeoutException(WebDriverWait.java:82)
	at org.openqa.selenium.support.ui.FluentWait.until(FluentWait.java:231)
	at commons.AbstractPage.hoverMouseToElement(AbstractPage.java:443)
	at pageobject.HomePageObjects.moveToAnyJumpPoint(HomePageObjects.java:34)
	at uk.co.sytner.hompage.JumpPoint.TC_20_JumpPoints_003_Bentley(JumpPoint.java:73)
... Removed 27 stack frames</div></td></tr></table><p class="totop"><a href="#summary">back to summary</a></p><h3 id="m27">uk.co.sytner.hompage.JumpPoint#TC_20_JumpPoints_003_Bentley</h3><table class="result"><tr><th>Messages</th></tr><tr><td><div class="messages">2020-09-20 19:52:49,292 INFO  uk.co.sytner.hompage.JumpPoint - JumpPoint Alpine - VP: Verify if Bentley jump point is displayed
<br/>2020-09-20 19:52:49,342 INFO  uk.co.sytner.hompage.JumpPoint - ===PASSED==
<br/>2020-09-20 19:52:49,342 INFO  uk.co.sytner.hompage.JumpPoint - JumpPoint Alpine - Step 01: Move On Bentley jump point
</div></td></tr><tr><th>Exception</th></tr><tr><td><div class="stacktrace">org.openqa.selenium.TimeoutException: Expected condition failed: waiting for visibility of element located by By.xpath: //div[contains(@class, &apos;jump module bentley&apos;)]//span[@class = &apos;content&apos;] (tried for 30 second(s) with 500 MILLISECONDS interval)
Build info: version: &apos;3.9.1&apos;, revision: &apos;63f7b50&apos;, time: &apos;2018-02-07T22:25:02.294Z&apos;
System info: host: &apos;S056005530&apos;, ip: &apos;10.0.0.222&apos;, os.name: &apos;Windows 10&apos;, os.arch: &apos;amd64&apos;, os.version: &apos;10.0&apos;, java.version: &apos;1.8.0_261&apos;
Driver info: org.openqa.selenium.chrome.ChromeDriver
Capabilities {acceptInsecureCerts: false, browserName: chrome, browserVersion: 85.0.4183.102, chrome: {chromedriverVersion: 85.0.4183.87 (cd6713ebf92fa..., userDataDir: C:\Users\TRI~1.NGU\AppData\...}, goog:chromeOptions: {debuggerAddress: localhost:58794}, javascriptEnabled: true, networkConnectionEnabled: false, pageLoadStrategy: normal, platform: WINDOWS, platformName: WINDOWS, proxy: Proxy(), setWindowRect: true, strictFileInteractability: false, timeouts: {implicit: 0, pageLoad: 300000, script: 30000}, unhandledPromptBehavior: dismiss and notify, webauthn:virtualAuthenticators: true}
Session ID: 98e910f4238f751e82dbd12355e92feb
	at org.openqa.selenium.support.ui.WebDriverWait.timeoutException(WebDriverWait.java:82)
	at org.openqa.selenium.support.ui.FluentWait.until(FluentWait.java:231)
	at commons.AbstractPage.hoverMouseToElement(AbstractPage.java:443)
	at pageobject.HomePageObjects.moveToAnyJumpPoint(HomePageObjects.java:34)
	at uk.co.sytner.hompage.JumpPoint.TC_20_JumpPoints_003_Bentley(JumpPoint.java:73)
... Removed 27 stack frames</div></td></tr></table><p class="totop"><a href="#summary">back to summary</a></p><h3 id="m28">uk.co.sytner.hompage.JumpPoint#TC_21_JumpPoints_004_BMW</h3><table class="result"><tr><th>Messages</th></tr><tr><td><div class="messages">2020-09-20 19:54:20,448 INFO  uk.co.sytner.hompage.JumpPoint - JumpPoint Alpine - VP: Verify if BMW jump point is displayed
<br/>2020-09-20 19:54:20,489 INFO  uk.co.sytner.hompage.JumpPoint - ===PASSED==
<br/>2020-09-20 19:54:20,489 INFO  uk.co.sytner.hompage.JumpPoint - JumpPoint Alpine - Step 01: Move On BMW jump point
</div></td></tr><tr><th>Exception</th></tr><tr><td><div class="stacktrace">org.openqa.selenium.TimeoutException: Expected condition failed: waiting for visibility of element located by By.xpath: //div[contains(@class, &apos;jump module bmw&apos;)]//span[@class = &apos;content&apos;] (tried for 30 second(s) with 500 MILLISECONDS interval)
Build info: version: &apos;3.9.1&apos;, revision: &apos;63f7b50&apos;, time: &apos;2018-02-07T22:25:02.294Z&apos;
System info: host: &apos;S056005530&apos;, ip: &apos;10.0.0.222&apos;, os.name: &apos;Windows 10&apos;, os.arch: &apos;amd64&apos;, os.version: &apos;10.0&apos;, java.version: &apos;1.8.0_261&apos;
Driver info: org.openqa.selenium.chrome.ChromeDriver
Capabilities {acceptInsecureCerts: false, browserName: chrome, browserVersion: 85.0.4183.102, chrome: {chromedriverVersion: 85.0.4183.87 (cd6713ebf92fa..., userDataDir: C:\Users\TRI~1.NGU\AppData\...}, goog:chromeOptions: {debuggerAddress: localhost:58794}, javascriptEnabled: true, networkConnectionEnabled: false, pageLoadStrategy: normal, platform: WINDOWS, platformName: WINDOWS, proxy: Proxy(), setWindowRect: true, strictFileInteractability: false, timeouts: {implicit: 0, pageLoad: 300000, script: 30000}, unhandledPromptBehavior: dismiss and notify, webauthn:virtualAuthenticators: true}
Session ID: 98e910f4238f751e82dbd12355e92feb
	at org.openqa.selenium.support.ui.WebDriverWait.timeoutException(WebDriverWait.java:82)
	at org.openqa.selenium.support.ui.FluentWait.until(FluentWait.java:231)
	at commons.AbstractPage.hoverMouseToElement(AbstractPage.java:443)
	at pageobject.HomePageObjects.moveToAnyJumpPoint(HomePageObjects.java:34)
	at uk.co.sytner.hompage.JumpPoint.TC_21_JumpPoints_004_BMW(JumpPoint.java:94)
... Removed 27 stack frames</div></td></tr></table><p class="totop"><a href="#summary">back to summary</a></p><h3 id="m29">uk.co.sytner.hompage.JumpPoint#TC_21_JumpPoints_004_BMW</h3><table class="result"><tr><th>Messages</th></tr><tr><td><div class="messages">2020-09-20 19:54:50,644 INFO  uk.co.sytner.hompage.JumpPoint - JumpPoint Alpine - VP: Verify if BMW jump point is displayed
<br/>2020-09-20 19:54:50,678 INFO  uk.co.sytner.hompage.JumpPoint - ===PASSED==
<br/>2020-09-20 19:54:50,679 INFO  uk.co.sytner.hompage.JumpPoint - JumpPoint Alpine - Step 01: Move On BMW jump point
</div></td></tr><tr><th>Exception</th></tr><tr><td><div class="stacktrace">org.openqa.selenium.TimeoutException: Expected condition failed: waiting for visibility of element located by By.xpath: //div[contains(@class, &apos;jump module bmw&apos;)]//span[@class = &apos;content&apos;] (tried for 30 second(s) with 500 MILLISECONDS interval)
Build info: version: &apos;3.9.1&apos;, revision: &apos;63f7b50&apos;, time: &apos;2018-02-07T22:25:02.294Z&apos;
System info: host: &apos;S056005530&apos;, ip: &apos;10.0.0.222&apos;, os.name: &apos;Windows 10&apos;, os.arch: &apos;amd64&apos;, os.version: &apos;10.0&apos;, java.version: &apos;1.8.0_261&apos;
Driver info: org.openqa.selenium.chrome.ChromeDriver
Capabilities {acceptInsecureCerts: false, browserName: chrome, browserVersion: 85.0.4183.102, chrome: {chromedriverVersion: 85.0.4183.87 (cd6713ebf92fa..., userDataDir: C:\Users\TRI~1.NGU\AppData\...}, goog:chromeOptions: {debuggerAddress: localhost:58794}, javascriptEnabled: true, networkConnectionEnabled: false, pageLoadStrategy: normal, platform: WINDOWS, platformName: WINDOWS, proxy: Proxy(), setWindowRect: true, strictFileInteractability: false, timeouts: {implicit: 0, pageLoad: 300000, script: 30000}, unhandledPromptBehavior: dismiss and notify, webauthn:virtualAuthenticators: true}
Session ID: 98e910f4238f751e82dbd12355e92feb
	at org.openqa.selenium.support.ui.WebDriverWait.timeoutException(WebDriverWait.java:82)
	at org.openqa.selenium.support.ui.FluentWait.until(FluentWait.java:231)
	at commons.AbstractPage.hoverMouseToElement(AbstractPage.java:443)
	at pageobject.HomePageObjects.moveToAnyJumpPoint(HomePageObjects.java:34)
	at uk.co.sytner.hompage.JumpPoint.TC_21_JumpPoints_004_BMW(JumpPoint.java:94)
... Removed 27 stack frames</div></td></tr></table><p class="totop"><a href="#summary">back to summary</a></p><h3 id="m30">uk.co.sytner.hompage.JumpPoint#TC_22_JumpPoints_005_Ferrari</h3><table class="result"><tr><th>Messages</th></tr><tr><td><div class="messages">2020-09-20 19:55:51,228 INFO  uk.co.sytner.hompage.JumpPoint - JumpPoint Alpine - VP: Verify if Ferrari jump point is displayed
<br/>2020-09-20 19:55:51,269 INFO  uk.co.sytner.hompage.JumpPoint - ===PASSED==
<br/>2020-09-20 19:55:51,269 INFO  uk.co.sytner.hompage.JumpPoint - JumpPoint Alpine - Step 01: Move On Ferrari jump point
</div></td></tr><tr><th>Exception</th></tr><tr><td><div class="stacktrace">org.openqa.selenium.TimeoutException: Expected condition failed: waiting for visibility of element located by By.xpath: //div[contains(@class, &apos;jump module ferrari&apos;)]//span[@class = &apos;content&apos;] (tried for 30 second(s) with 500 MILLISECONDS interval)
Build info: version: &apos;3.9.1&apos;, revision: &apos;63f7b50&apos;, time: &apos;2018-02-07T22:25:02.294Z&apos;
System info: host: &apos;S056005530&apos;, ip: &apos;10.0.0.222&apos;, os.name: &apos;Windows 10&apos;, os.arch: &apos;amd64&apos;, os.version: &apos;10.0&apos;, java.version: &apos;1.8.0_261&apos;
Driver info: org.openqa.selenium.chrome.ChromeDriver
Capabilities {acceptInsecureCerts: false, browserName: chrome, browserVersion: 85.0.4183.102, chrome: {chromedriverVersion: 85.0.4183.87 (cd6713ebf92fa..., userDataDir: C:\Users\TRI~1.NGU\AppData\...}, goog:chromeOptions: {debuggerAddress: localhost:58794}, javascriptEnabled: true, networkConnectionEnabled: false, pageLoadStrategy: normal, platform: WINDOWS, platformName: WINDOWS, proxy: Proxy(), setWindowRect: true, strictFileInteractability: false, timeouts: {implicit: 0, pageLoad: 300000, script: 30000}, unhandledPromptBehavior: dismiss and notify, webauthn:virtualAuthenticators: true}
Session ID: 98e910f4238f751e82dbd12355e92feb
	at org.openqa.selenium.support.ui.WebDriverWait.timeoutException(WebDriverWait.java:82)
	at org.openqa.selenium.support.ui.FluentWait.until(FluentWait.java:231)
	at commons.AbstractPage.hoverMouseToElement(AbstractPage.java:443)
	at pageobject.HomePageObjects.moveToAnyJumpPoint(HomePageObjects.java:34)
	at uk.co.sytner.hompage.JumpPoint.TC_22_JumpPoints_005_Ferrari(JumpPoint.java:115)
... Removed 27 stack frames</div></td></tr></table><p class="totop"><a href="#summary">back to summary</a></p><h3 id="m31">uk.co.sytner.hompage.JumpPoint#TC_22_JumpPoints_005_Ferrari</h3><table class="result"><tr><th>Messages</th></tr><tr><td><div class="messages">2020-09-20 19:56:21,350 INFO  uk.co.sytner.hompage.JumpPoint - JumpPoint Alpine - VP: Verify if Ferrari jump point is displayed
<br/>2020-09-20 19:56:21,385 INFO  uk.co.sytner.hompage.JumpPoint - ===PASSED==
<br/>2020-09-20 19:56:21,385 INFO  uk.co.sytner.hompage.JumpPoint - JumpPoint Alpine - Step 01: Move On Ferrari jump point
</div></td></tr><tr><th>Exception</th></tr><tr><td><div class="stacktrace">org.openqa.selenium.TimeoutException: Expected condition failed: waiting for visibility of element located by By.xpath: //div[contains(@class, &apos;jump module ferrari&apos;)]//span[@class = &apos;content&apos;] (tried for 30 second(s) with 500 MILLISECONDS interval)
Build info: version: &apos;3.9.1&apos;, revision: &apos;63f7b50&apos;, time: &apos;2018-02-07T22:25:02.294Z&apos;
System info: host: &apos;S056005530&apos;, ip: &apos;10.0.0.222&apos;, os.name: &apos;Windows 10&apos;, os.arch: &apos;amd64&apos;, os.version: &apos;10.0&apos;, java.version: &apos;1.8.0_261&apos;
Driver info: org.openqa.selenium.chrome.ChromeDriver
Capabilities {acceptInsecureCerts: false, browserName: chrome, browserVersion: 85.0.4183.102, chrome: {chromedriverVersion: 85.0.4183.87 (cd6713ebf92fa..., userDataDir: C:\Users\TRI~1.NGU\AppData\...}, goog:chromeOptions: {debuggerAddress: localhost:58794}, javascriptEnabled: true, networkConnectionEnabled: false, pageLoadStrategy: normal, platform: WINDOWS, platformName: WINDOWS, proxy: Proxy(), setWindowRect: true, strictFileInteractability: false, timeouts: {implicit: 0, pageLoad: 300000, script: 30000}, unhandledPromptBehavior: dismiss and notify, webauthn:virtualAuthenticators: true}
Session ID: 98e910f4238f751e82dbd12355e92feb
	at org.openqa.selenium.support.ui.WebDriverWait.timeoutException(WebDriverWait.java:82)
	at org.openqa.selenium.support.ui.FluentWait.until(FluentWait.java:231)
	at commons.AbstractPage.hoverMouseToElement(AbstractPage.java:443)
	at pageobject.HomePageObjects.moveToAnyJumpPoint(HomePageObjects.java:34)
	at uk.co.sytner.hompage.JumpPoint.TC_22_JumpPoints_005_Ferrari(JumpPoint.java:115)
... Removed 27 stack frames</div></td></tr></table><p class="totop"><a href="#summary">back to summary</a></p><h3 id="m32">uk.co.sytner.hompage.JumpPoint#TC_23_JumpPoints_006_AstonMartin</h3><table class="result"><tr><th>Messages</th></tr><tr><td><div class="messages">2020-09-20 19:57:22,185 INFO  uk.co.sytner.hompage.JumpPoint - JumpPoint Alpine - VP: Verify if Aston Martin jump point is displayed
<br/>2020-09-20 19:57:22,253 INFO  uk.co.sytner.hompage.JumpPoint - ===PASSED==
<br/>2020-09-20 19:57:22,253 INFO  uk.co.sytner.hompage.JumpPoint - JumpPoint Alpine - Step 01: Move On Aston Martin jump point
</div></td></tr><tr><th>Exception</th></tr><tr><td><div class="stacktrace">org.openqa.selenium.TimeoutException: Expected condition failed: waiting for visibility of element located by By.xpath: //div[contains(@class, &apos;jump module aston-martin&apos;)]//span[@class = &apos;content&apos;] (tried for 30 second(s) with 500 MILLISECONDS interval)
Build info: version: &apos;3.9.1&apos;, revision: &apos;63f7b50&apos;, time: &apos;2018-02-07T22:25:02.294Z&apos;
System info: host: &apos;S056005530&apos;, ip: &apos;10.0.0.222&apos;, os.name: &apos;Windows 10&apos;, os.arch: &apos;amd64&apos;, os.version: &apos;10.0&apos;, java.version: &apos;1.8.0_261&apos;
Driver info: org.openqa.selenium.chrome.ChromeDriver
Capabilities {acceptInsecureCerts: false, browserName: chrome, browserVersion: 85.0.4183.102, chrome: {chromedriverVersion: 85.0.4183.87 (cd6713ebf92fa..., userDataDir: C:\Users\TRI~1.NGU\AppData\...}, goog:chromeOptions: {debuggerAddress: localhost:58794}, javascriptEnabled: true, networkConnectionEnabled: false, pageLoadStrategy: normal, platform: WINDOWS, platformName: WINDOWS, proxy: Proxy(), setWindowRect: true, strictFileInteractability: false, timeouts: {implicit: 0, pageLoad: 300000, script: 30000}, unhandledPromptBehavior: dismiss and notify, webauthn:virtualAuthenticators: true}
Session ID: 98e910f4238f751e82dbd12355e92feb
	at org.openqa.selenium.support.ui.WebDriverWait.timeoutException(WebDriverWait.java:82)
	at org.openqa.selenium.support.ui.FluentWait.until(FluentWait.java:231)
	at commons.AbstractPage.hoverMouseToElement(AbstractPage.java:443)
	at pageobject.HomePageObjects.moveToAnyJumpPoint(HomePageObjects.java:34)
	at uk.co.sytner.hompage.JumpPoint.TC_23_JumpPoints_006_AstonMartin(JumpPoint.java:136)
... Removed 27 stack frames</div></td></tr></table><p class="totop"><a href="#summary">back to summary</a></p><h3 id="m33">uk.co.sytner.hompage.JumpPoint#TC_23_JumpPoints_006_AstonMartin</h3><table class="result"><tr><th>Messages</th></tr><tr><td><div class="messages">2020-09-20 19:57:52,520 INFO  uk.co.sytner.hompage.JumpPoint - JumpPoint Alpine - VP: Verify if Aston Martin jump point is displayed
<br/>2020-09-20 19:57:52,561 INFO  uk.co.sytner.hompage.JumpPoint - ===PASSED==
<br/>2020-09-20 19:57:52,561 INFO  uk.co.sytner.hompage.JumpPoint - JumpPoint Alpine - Step 01: Move On Aston Martin jump point
<br/>2020-09-20 19:57:54,276 INFO  uk.co.sytner.hompage.JumpPoint - JumpPoint Alpine - VP: Verify if Aston Martin icon is displayed
</div></td></tr><tr><th>Exception</th></tr><tr><td><div class="stacktrace">org.openqa.selenium.TimeoutException: Expected condition failed: waiting for visibility of element located by By.xpath: //div[contains(@class, &apos;jump module aston-martin&apos;)]//span[@class = &apos;content&apos;] (tried for 10 second(s) with 500 MILLISECONDS interval)
Build info: version: &apos;3.9.1&apos;, revision: &apos;63f7b50&apos;, time: &apos;2018-02-07T22:25:02.294Z&apos;
System info: host: &apos;S056005530&apos;, ip: &apos;10.0.0.222&apos;, os.name: &apos;Windows 10&apos;, os.arch: &apos;amd64&apos;, os.version: &apos;10.0&apos;, java.version: &apos;1.8.0_261&apos;
Driver info: org.openqa.selenium.chrome.ChromeDriver
Capabilities {acceptInsecureCerts: false, browserName: chrome, browserVersion: 85.0.4183.102, chrome: {chromedriverVersion: 85.0.4183.87 (cd6713ebf92fa..., userDataDir: C:\Users\TRI~1.NGU\AppData\...}, goog:chromeOptions: {debuggerAddress: localhost:58794}, javascriptEnabled: true, networkConnectionEnabled: false, pageLoadStrategy: normal, platform: WINDOWS, platformName: WINDOWS, proxy: Proxy(), setWindowRect: true, strictFileInteractability: false, timeouts: {implicit: 0, pageLoad: 300000, script: 30000}, unhandledPromptBehavior: dismiss and notify, webauthn:virtualAuthenticators: true}
Session ID: 98e910f4238f751e82dbd12355e92feb
	at org.openqa.selenium.support.ui.WebDriverWait.timeoutException(WebDriverWait.java:82)
	at org.openqa.selenium.support.ui.FluentWait.until(FluentWait.java:231)
	at commons.AbstractPage.isElementDisplayed(AbstractPage.java:354)
	at pageobject.HomePageObjects.isJumpPointIconDisplayed(HomePageObjects.java:38)
	at uk.co.sytner.hompage.JumpPoint.TC_23_JumpPoints_006_AstonMartin(JumpPoint.java:139)
... Removed 27 stack frames</div></td></tr></table><p class="totop"><a href="#summary">back to summary</a></p><h3 id="m34">uk.co.sytner.hompage.JumpPoint#TC_24_JumpPoints_007_Jaguar</h3><table class="result"><tr><th>Messages</th></tr><tr><td><div class="messages">2020-09-20 19:58:34,585 INFO  uk.co.sytner.hompage.JumpPoint - JumpPoint Alpine - VP: Verify if Jaguar jump point is displayed
<br/>2020-09-20 19:58:34,627 INFO  uk.co.sytner.hompage.JumpPoint - ===PASSED==
<br/>2020-09-20 19:58:34,627 INFO  uk.co.sytner.hompage.JumpPoint - JumpPoint Alpine - Step 01: Move On Jaguar jump point
</div></td></tr><tr><th>Exception</th></tr><tr><td><div class="stacktrace">org.openqa.selenium.TimeoutException: Expected condition failed: waiting for visibility of element located by By.xpath: //div[contains(@class, &apos;jump module jaguar&apos;)]//span[@class = &apos;content&apos;] (tried for 30 second(s) with 500 MILLISECONDS interval)
Build info: version: &apos;3.9.1&apos;, revision: &apos;63f7b50&apos;, time: &apos;2018-02-07T22:25:02.294Z&apos;
System info: host: &apos;S056005530&apos;, ip: &apos;10.0.0.222&apos;, os.name: &apos;Windows 10&apos;, os.arch: &apos;amd64&apos;, os.version: &apos;10.0&apos;, java.version: &apos;1.8.0_261&apos;
Driver info: org.openqa.selenium.chrome.ChromeDriver
Capabilities {acceptInsecureCerts: false, browserName: chrome, browserVersion: 85.0.4183.102, chrome: {chromedriverVersion: 85.0.4183.87 (cd6713ebf92fa..., userDataDir: C:\Users\TRI~1.NGU\AppData\...}, goog:chromeOptions: {debuggerAddress: localhost:58794}, javascriptEnabled: true, networkConnectionEnabled: false, pageLoadStrategy: normal, platform: WINDOWS, platformName: WINDOWS, proxy: Proxy(), setWindowRect: true, strictFileInteractability: false, timeouts: {implicit: 0, pageLoad: 300000, script: 30000}, unhandledPromptBehavior: dismiss and notify, webauthn:virtualAuthenticators: true}
Session ID: 98e910f4238f751e82dbd12355e92feb
	at org.openqa.selenium.support.ui.WebDriverWait.timeoutException(WebDriverWait.java:82)
	at org.openqa.selenium.support.ui.FluentWait.until(FluentWait.java:231)
	at commons.AbstractPage.hoverMouseToElement(AbstractPage.java:443)
	at pageobject.HomePageObjects.moveToAnyJumpPoint(HomePageObjects.java:34)
	at uk.co.sytner.hompage.JumpPoint.TC_24_JumpPoints_007_Jaguar(JumpPoint.java:157)
... Removed 27 stack frames</div></td></tr></table><p class="totop"><a href="#summary">back to summary</a></p><h3 id="m35">uk.co.sytner.hompage.JumpPoint#TC_24_JumpPoints_007_Jaguar</h3><table class="result"><tr><th>Messages</th></tr><tr><td><div class="messages">2020-09-20 19:59:04,747 INFO  uk.co.sytner.hompage.JumpPoint - JumpPoint Alpine - VP: Verify if Jaguar jump point is displayed
<br/>2020-09-20 19:59:04,784 INFO  uk.co.sytner.hompage.JumpPoint - ===PASSED==
<br/>2020-09-20 19:59:04,784 INFO  uk.co.sytner.hompage.JumpPoint - JumpPoint Alpine - Step 01: Move On Jaguar jump point
</div></td></tr><tr><th>Exception</th></tr><tr><td><div class="stacktrace">org.openqa.selenium.TimeoutException: Expected condition failed: waiting for visibility of element located by By.xpath: //div[contains(@class, &apos;jump module jaguar&apos;)]//span[@class = &apos;content&apos;] (tried for 30 second(s) with 500 MILLISECONDS interval)
Build info: version: &apos;3.9.1&apos;, revision: &apos;63f7b50&apos;, time: &apos;2018-02-07T22:25:02.294Z&apos;
System info: host: &apos;S056005530&apos;, ip: &apos;10.0.0.222&apos;, os.name: &apos;Windows 10&apos;, os.arch: &apos;amd64&apos;, os.version: &apos;10.0&apos;, java.version: &apos;1.8.0_261&apos;
Driver info: org.openqa.selenium.chrome.ChromeDriver
Capabilities {acceptInsecureCerts: false, browserName: chrome, browserVersion: 85.0.4183.102, chrome: {chromedriverVersion: 85.0.4183.87 (cd6713ebf92fa..., userDataDir: C:\Users\TRI~1.NGU\AppData\...}, goog:chromeOptions: {debuggerAddress: localhost:58794}, javascriptEnabled: true, networkConnectionEnabled: false, pageLoadStrategy: normal, platform: WINDOWS, platformName: WINDOWS, proxy: Proxy(), setWindowRect: true, strictFileInteractability: false, timeouts: {implicit: 0, pageLoad: 300000, script: 30000}, unhandledPromptBehavior: dismiss and notify, webauthn:virtualAuthenticators: true}
Session ID: 98e910f4238f751e82dbd12355e92feb
	at org.openqa.selenium.support.ui.WebDriverWait.timeoutException(WebDriverWait.java:82)
	at org.openqa.selenium.support.ui.FluentWait.until(FluentWait.java:231)
	at commons.AbstractPage.hoverMouseToElement(AbstractPage.java:443)
	at pageobject.HomePageObjects.moveToAnyJumpPoint(HomePageObjects.java:34)
	at uk.co.sytner.hompage.JumpPoint.TC_24_JumpPoints_007_Jaguar(JumpPoint.java:157)
... Removed 27 stack frames</div></td></tr></table><p class="totop"><a href="#summary">back to summary</a></p><h3 id="m36">uk.co.sytner.hompage.JumpPoint#TC_25_JumpPoints_008_LandRover</h3><table class="result"><tr><th>Messages</th></tr><tr><td><div class="messages">2020-09-20 20:00:05,109 INFO  uk.co.sytner.hompage.JumpPoint - JumpPoint Alpine - VP: Verify if LandRover jump point is displayed
<br/>2020-09-20 20:00:05,166 INFO  uk.co.sytner.hompage.JumpPoint - ===PASSED==
<br/>2020-09-20 20:00:05,166 INFO  uk.co.sytner.hompage.JumpPoint - JumpPoint Alpine - Step 01: Move On LandRover jump point
</div></td></tr><tr><th>Exception</th></tr><tr><td><div class="stacktrace">org.openqa.selenium.TimeoutException: Expected condition failed: waiting for visibility of element located by By.xpath: //div[contains(@class, &apos;jump module land-rover&apos;)]//span[@class = &apos;content&apos;] (tried for 30 second(s) with 500 MILLISECONDS interval)
Build info: version: &apos;3.9.1&apos;, revision: &apos;63f7b50&apos;, time: &apos;2018-02-07T22:25:02.294Z&apos;
System info: host: &apos;S056005530&apos;, ip: &apos;10.0.0.222&apos;, os.name: &apos;Windows 10&apos;, os.arch: &apos;amd64&apos;, os.version: &apos;10.0&apos;, java.version: &apos;1.8.0_261&apos;
Driver info: org.openqa.selenium.chrome.ChromeDriver
Capabilities {acceptInsecureCerts: false, browserName: chrome, browserVersion: 85.0.4183.102, chrome: {chromedriverVersion: 85.0.4183.87 (cd6713ebf92fa..., userDataDir: C:\Users\TRI~1.NGU\AppData\...}, goog:chromeOptions: {debuggerAddress: localhost:58794}, javascriptEnabled: true, networkConnectionEnabled: false, pageLoadStrategy: normal, platform: WINDOWS, platformName: WINDOWS, proxy: Proxy(), setWindowRect: true, strictFileInteractability: false, timeouts: {implicit: 0, pageLoad: 300000, script: 30000}, unhandledPromptBehavior: dismiss and notify, webauthn:virtualAuthenticators: true}
Session ID: 98e910f4238f751e82dbd12355e92feb
	at org.openqa.selenium.support.ui.WebDriverWait.timeoutException(WebDriverWait.java:82)
	at org.openqa.selenium.support.ui.FluentWait.until(FluentWait.java:231)
	at commons.AbstractPage.hoverMouseToElement(AbstractPage.java:443)
	at pageobject.HomePageObjects.moveToAnyJumpPoint(HomePageObjects.java:34)
	at uk.co.sytner.hompage.JumpPoint.TC_25_JumpPoints_008_LandRover(JumpPoint.java:178)
... Removed 27 stack frames</div></td></tr></table><p class="totop"><a href="#summary">back to summary</a></p><h3 id="m37">uk.co.sytner.hompage.JumpPoint#TC_25_JumpPoints_008_LandRover</h3><table class="result"><tr><th>Messages</th></tr><tr><td><div class="messages">2020-09-20 20:00:35,249 INFO  uk.co.sytner.hompage.JumpPoint - JumpPoint Alpine - VP: Verify if LandRover jump point is displayed
<br/>2020-09-20 20:00:35,282 INFO  uk.co.sytner.hompage.JumpPoint - ===PASSED==
<br/>2020-09-20 20:00:35,282 INFO  uk.co.sytner.hompage.JumpPoint - JumpPoint Alpine - Step 01: Move On LandRover jump point
</div></td></tr><tr><th>Exception</th></tr><tr><td><div class="stacktrace">org.openqa.selenium.TimeoutException: Expected condition failed: waiting for visibility of element located by By.xpath: //div[contains(@class, &apos;jump module land-rover&apos;)]//span[@class = &apos;content&apos;] (tried for 30 second(s) with 500 MILLISECONDS interval)
Build info: version: &apos;3.9.1&apos;, revision: &apos;63f7b50&apos;, time: &apos;2018-02-07T22:25:02.294Z&apos;
System info: host: &apos;S056005530&apos;, ip: &apos;10.0.0.222&apos;, os.name: &apos;Windows 10&apos;, os.arch: &apos;amd64&apos;, os.version: &apos;10.0&apos;, java.version: &apos;1.8.0_261&apos;
Driver info: org.openqa.selenium.chrome.ChromeDriver
Capabilities {acceptInsecureCerts: false, browserName: chrome, browserVersion: 85.0.4183.102, chrome: {chromedriverVersion: 85.0.4183.87 (cd6713ebf92fa..., userDataDir: C:\Users\TRI~1.NGU\AppData\...}, goog:chromeOptions: {debuggerAddress: localhost:58794}, javascriptEnabled: true, networkConnectionEnabled: false, pageLoadStrategy: normal, platform: WINDOWS, platformName: WINDOWS, proxy: Proxy(), setWindowRect: true, strictFileInteractability: false, timeouts: {implicit: 0, pageLoad: 300000, script: 30000}, unhandledPromptBehavior: dismiss and notify, webauthn:virtualAuthenticators: true}
Session ID: 98e910f4238f751e82dbd12355e92feb
	at org.openqa.selenium.support.ui.WebDriverWait.timeoutException(WebDriverWait.java:82)
	at org.openqa.selenium.support.ui.FluentWait.until(FluentWait.java:231)
	at commons.AbstractPage.hoverMouseToElement(AbstractPage.java:443)
	at pageobject.HomePageObjects.moveToAnyJumpPoint(HomePageObjects.java:34)
	at uk.co.sytner.hompage.JumpPoint.TC_25_JumpPoints_008_LandRover(JumpPoint.java:178)
... Removed 27 stack frames</div></td></tr></table><p class="totop"><a href="#summary">back to summary</a></p><h3 id="m38">uk.co.sytner.hompage.JumpPoint#TC_26_JumpPoints_009_Lamborghini</h3><table class="result"><tr><th>Messages</th></tr><tr><td><div class="messages">2020-09-20 20:02:05,670 INFO  uk.co.sytner.hompage.JumpPoint - JumpPoint Alpine - VP: Verify if Lamborghini jump point is displayed
<br/>2020-09-20 20:02:05,705 INFO  uk.co.sytner.hompage.JumpPoint - ===PASSED==
<br/>2020-09-20 20:02:05,705 INFO  uk.co.sytner.hompage.JumpPoint - JumpPoint Alpine - Step 01: Move On Lamborghini jump point
</div></td></tr><tr><th>Exception</th></tr><tr><td><div class="stacktrace">org.openqa.selenium.TimeoutException: Expected condition failed: waiting for visibility of element located by By.xpath: //div[contains(@class, &apos;jump module lamborghini&apos;)]//span[@class = &apos;content&apos;] (tried for 30 second(s) with 500 MILLISECONDS interval)
Build info: version: &apos;3.9.1&apos;, revision: &apos;63f7b50&apos;, time: &apos;2018-02-07T22:25:02.294Z&apos;
System info: host: &apos;S056005530&apos;, ip: &apos;10.0.0.222&apos;, os.name: &apos;Windows 10&apos;, os.arch: &apos;amd64&apos;, os.version: &apos;10.0&apos;, java.version: &apos;1.8.0_261&apos;
Driver info: org.openqa.selenium.chrome.ChromeDriver
Capabilities {acceptInsecureCerts: false, browserName: chrome, browserVersion: 85.0.4183.102, chrome: {chromedriverVersion: 85.0.4183.87 (cd6713ebf92fa..., userDataDir: C:\Users\TRI~1.NGU\AppData\...}, goog:chromeOptions: {debuggerAddress: localhost:58794}, javascriptEnabled: true, networkConnectionEnabled: false, pageLoadStrategy: normal, platform: WINDOWS, platformName: WINDOWS, proxy: Proxy(), setWindowRect: true, strictFileInteractability: false, timeouts: {implicit: 0, pageLoad: 300000, script: 30000}, unhandledPromptBehavior: dismiss and notify, webauthn:virtualAuthenticators: true}
Session ID: 98e910f4238f751e82dbd12355e92feb
	at org.openqa.selenium.support.ui.WebDriverWait.timeoutException(WebDriverWait.java:82)
	at org.openqa.selenium.support.ui.FluentWait.until(FluentWait.java:231)
	at commons.AbstractPage.hoverMouseToElement(AbstractPage.java:443)
	at pageobject.HomePageObjects.moveToAnyJumpPoint(HomePageObjects.java:34)
	at uk.co.sytner.hompage.JumpPoint.TC_26_JumpPoints_009_Lamborghini(JumpPoint.java:199)
... Removed 27 stack frames</div></td></tr></table><p class="totop"><a href="#summary">back to summary</a></p><h3 id="m39">uk.co.sytner.hompage.JumpPoint#TC_26_JumpPoints_009_Lamborghini</h3><table class="result"><tr><th>Messages</th></tr><tr><td><div class="messages">2020-09-20 20:01:35,449 INFO  uk.co.sytner.hompage.JumpPoint - JumpPoint Alpine - VP: Verify if Lamborghini jump point is displayed
<br/>2020-09-20 20:01:35,489 INFO  uk.co.sytner.hompage.JumpPoint - ===PASSED==
<br/>2020-09-20 20:01:35,489 INFO  uk.co.sytner.hompage.JumpPoint - JumpPoint Alpine - Step 01: Move On Lamborghini jump point
</div></td></tr><tr><th>Exception</th></tr><tr><td><div class="stacktrace">org.openqa.selenium.TimeoutException: Expected condition failed: waiting for visibility of element located by By.xpath: //div[contains(@class, &apos;jump module lamborghini&apos;)]//span[@class = &apos;content&apos;] (tried for 30 second(s) with 500 MILLISECONDS interval)
Build info: version: &apos;3.9.1&apos;, revision: &apos;63f7b50&apos;, time: &apos;2018-02-07T22:25:02.294Z&apos;
System info: host: &apos;S056005530&apos;, ip: &apos;10.0.0.222&apos;, os.name: &apos;Windows 10&apos;, os.arch: &apos;amd64&apos;, os.version: &apos;10.0&apos;, java.version: &apos;1.8.0_261&apos;
Driver info: org.openqa.selenium.chrome.ChromeDriver
Capabilities {acceptInsecureCerts: false, browserName: chrome, browserVersion: 85.0.4183.102, chrome: {chromedriverVersion: 85.0.4183.87 (cd6713ebf92fa..., userDataDir: C:\Users\TRI~1.NGU\AppData\...}, goog:chromeOptions: {debuggerAddress: localhost:58794}, javascriptEnabled: true, networkConnectionEnabled: false, pageLoadStrategy: normal, platform: WINDOWS, platformName: WINDOWS, proxy: Proxy(), setWindowRect: true, strictFileInteractability: false, timeouts: {implicit: 0, pageLoad: 300000, script: 30000}, unhandledPromptBehavior: dismiss and notify, webauthn:virtualAuthenticators: true}
Session ID: 98e910f4238f751e82dbd12355e92feb
	at org.openqa.selenium.support.ui.WebDriverWait.timeoutException(WebDriverWait.java:82)
	at org.openqa.selenium.support.ui.FluentWait.until(FluentWait.java:231)
	at commons.AbstractPage.hoverMouseToElement(AbstractPage.java:443)
	at pageobject.HomePageObjects.moveToAnyJumpPoint(HomePageObjects.java:34)
	at uk.co.sytner.hompage.JumpPoint.TC_26_JumpPoints_009_Lamborghini(JumpPoint.java:199)
... Removed 27 stack frames</div></td></tr></table><p class="totop"><a href="#summary">back to summary</a></p><h3 id="m40">uk.co.sytner.hompage.JumpPoint#TC_27_JumpPoints_010_SytnerSelect</h3><table class="result"><tr><th>Messages</th></tr><tr><td><div class="messages">2020-09-20 20:03:06,317 INFO  uk.co.sytner.hompage.JumpPoint - JumpPoint Alpine - VP: Verify if Sytner Select jump point is displayed
<br/>2020-09-20 20:03:06,358 INFO  uk.co.sytner.hompage.JumpPoint - ===PASSED==
<br/>2020-09-20 20:03:06,358 INFO  uk.co.sytner.hompage.JumpPoint - JumpPoint Alpine - Step 01: Move On Sytner Select jump point
</div></td></tr><tr><th>Exception</th></tr><tr><td><div class="stacktrace">org.openqa.selenium.TimeoutException: Expected condition failed: waiting for visibility of element located by By.xpath: //div[contains(@class, &apos;jump module sytner-select&apos;)]//span[@class = &apos;content&apos;] (tried for 30 second(s) with 500 MILLISECONDS interval)
Build info: version: &apos;3.9.1&apos;, revision: &apos;63f7b50&apos;, time: &apos;2018-02-07T22:25:02.294Z&apos;
System info: host: &apos;S056005530&apos;, ip: &apos;10.0.0.222&apos;, os.name: &apos;Windows 10&apos;, os.arch: &apos;amd64&apos;, os.version: &apos;10.0&apos;, java.version: &apos;1.8.0_261&apos;
Driver info: org.openqa.selenium.chrome.ChromeDriver
Capabilities {acceptInsecureCerts: false, browserName: chrome, browserVersion: 85.0.4183.102, chrome: {chromedriverVersion: 85.0.4183.87 (cd6713ebf92fa..., userDataDir: C:\Users\TRI~1.NGU\AppData\...}, goog:chromeOptions: {debuggerAddress: localhost:58794}, javascriptEnabled: true, networkConnectionEnabled: false, pageLoadStrategy: normal, platform: WINDOWS, platformName: WINDOWS, proxy: Proxy(), setWindowRect: true, strictFileInteractability: false, timeouts: {implicit: 0, pageLoad: 300000, script: 30000}, unhandledPromptBehavior: dismiss and notify, webauthn:virtualAuthenticators: true}
Session ID: 98e910f4238f751e82dbd12355e92feb
	at org.openqa.selenium.support.ui.WebDriverWait.timeoutException(WebDriverWait.java:82)
	at org.openqa.selenium.support.ui.FluentWait.until(FluentWait.java:231)
	at commons.AbstractPage.hoverMouseToElement(AbstractPage.java:443)
	at pageobject.HomePageObjects.moveToAnyJumpPoint(HomePageObjects.java:34)
	at uk.co.sytner.hompage.JumpPoint.TC_27_JumpPoints_010_SytnerSelect(JumpPoint.java:220)
... Removed 27 stack frames</div></td></tr></table><p class="totop"><a href="#summary">back to summary</a></p><h3 id="m41">uk.co.sytner.hompage.JumpPoint#TC_27_JumpPoints_010_SytnerSelect</h3><table class="result"><tr><th>Messages</th></tr><tr><td><div class="messages">2020-09-20 20:03:36,749 INFO  uk.co.sytner.hompage.JumpPoint - JumpPoint Alpine - VP: Verify if Sytner Select jump point is displayed
<br/>2020-09-20 20:03:36,785 INFO  uk.co.sytner.hompage.JumpPoint - ===PASSED==
<br/>2020-09-20 20:03:36,785 INFO  uk.co.sytner.hompage.JumpPoint - JumpPoint Alpine - Step 01: Move On Sytner Select jump point
</div></td></tr><tr><th>Exception</th></tr><tr><td><div class="stacktrace">org.openqa.selenium.TimeoutException: Expected condition failed: waiting for visibility of element located by By.xpath: //div[contains(@class, &apos;jump module sytner-select&apos;)]//span[@class = &apos;content&apos;] (tried for 30 second(s) with 500 MILLISECONDS interval)
Build info: version: &apos;3.9.1&apos;, revision: &apos;63f7b50&apos;, time: &apos;2018-02-07T22:25:02.294Z&apos;
System info: host: &apos;S056005530&apos;, ip: &apos;10.0.0.222&apos;, os.name: &apos;Windows 10&apos;, os.arch: &apos;amd64&apos;, os.version: &apos;10.0&apos;, java.version: &apos;1.8.0_261&apos;
Driver info: org.openqa.selenium.chrome.ChromeDriver
Capabilities {acceptInsecureCerts: false, browserName: chrome, browserVersion: 85.0.4183.102, chrome: {chromedriverVersion: 85.0.4183.87 (cd6713ebf92fa..., userDataDir: C:\Users\TRI~1.NGU\AppData\...}, goog:chromeOptions: {debuggerAddress: localhost:58794}, javascriptEnabled: true, networkConnectionEnabled: false, pageLoadStrategy: normal, platform: WINDOWS, platformName: WINDOWS, proxy: Proxy(), setWindowRect: true, strictFileInteractability: false, timeouts: {implicit: 0, pageLoad: 300000, script: 30000}, unhandledPromptBehavior: dismiss and notify, webauthn:virtualAuthenticators: true}
Session ID: 98e910f4238f751e82dbd12355e92feb
	at org.openqa.selenium.support.ui.WebDriverWait.timeoutException(WebDriverWait.java:82)
	at org.openqa.selenium.support.ui.FluentWait.until(FluentWait.java:231)
	at commons.AbstractPage.hoverMouseToElement(AbstractPage.java:443)
	at pageobject.HomePageObjects.moveToAnyJumpPoint(HomePageObjects.java:34)
	at uk.co.sytner.hompage.JumpPoint.TC_27_JumpPoints_010_SytnerSelect(JumpPoint.java:220)
... Removed 27 stack frames</div></td></tr></table><p class="totop"><a href="#summary">back to summary</a></p><h3 id="m42">uk.co.sytner.hompage.JumpPoint#TC_28_JumpPoints_011_Maserati</h3><table class="result"><tr><th>Messages</th></tr><tr><td><div class="messages">2020-09-20 20:05:07,856 INFO  uk.co.sytner.hompage.JumpPoint - JumpPoint Alpine - VP: Verify if Maserati jump point is displayed
<br/>2020-09-20 20:05:07,916 INFO  uk.co.sytner.hompage.JumpPoint - ===PASSED==
<br/>2020-09-20 20:05:07,916 INFO  uk.co.sytner.hompage.JumpPoint - JumpPoint Alpine - Step 01: Move On Maserati jump point
</div></td></tr><tr><th>Exception</th></tr><tr><td><div class="stacktrace">org.openqa.selenium.TimeoutException: Expected condition failed: waiting for visibility of element located by By.xpath: //div[contains(@class, &apos;jump module maserati&apos;)]//span[@class = &apos;content&apos;] (tried for 30 second(s) with 500 MILLISECONDS interval)
Build info: version: &apos;3.9.1&apos;, revision: &apos;63f7b50&apos;, time: &apos;2018-02-07T22:25:02.294Z&apos;
System info: host: &apos;S056005530&apos;, ip: &apos;10.0.0.222&apos;, os.name: &apos;Windows 10&apos;, os.arch: &apos;amd64&apos;, os.version: &apos;10.0&apos;, java.version: &apos;1.8.0_261&apos;
Driver info: org.openqa.selenium.chrome.ChromeDriver
Capabilities {acceptInsecureCerts: false, browserName: chrome, browserVersion: 85.0.4183.102, chrome: {chromedriverVersion: 85.0.4183.87 (cd6713ebf92fa..., userDataDir: C:\Users\TRI~1.NGU\AppData\...}, goog:chromeOptions: {debuggerAddress: localhost:58794}, javascriptEnabled: true, networkConnectionEnabled: false, pageLoadStrategy: normal, platform: WINDOWS, platformName: WINDOWS, proxy: Proxy(), setWindowRect: true, strictFileInteractability: false, timeouts: {implicit: 0, pageLoad: 300000, script: 30000}, unhandledPromptBehavior: dismiss and notify, webauthn:virtualAuthenticators: true}
Session ID: 98e910f4238f751e82dbd12355e92feb
	at org.openqa.selenium.support.ui.WebDriverWait.timeoutException(WebDriverWait.java:82)
	at org.openqa.selenium.support.ui.FluentWait.until(FluentWait.java:231)
	at commons.AbstractPage.hoverMouseToElement(AbstractPage.java:443)
	at pageobject.HomePageObjects.moveToAnyJumpPoint(HomePageObjects.java:34)
	at uk.co.sytner.hompage.JumpPoint.TC_28_JumpPoints_011_Maserati(JumpPoint.java:241)
... Removed 27 stack frames</div></td></tr></table><p class="totop"><a href="#summary">back to summary</a></p><h3 id="m43">uk.co.sytner.hompage.JumpPoint#TC_28_JumpPoints_011_Maserati</h3><table class="result"><tr><th>Messages</th></tr><tr><td><div class="messages">2020-09-20 20:04:37,603 INFO  uk.co.sytner.hompage.JumpPoint - JumpPoint Alpine - VP: Verify if Maserati jump point is displayed
<br/>2020-09-20 20:04:37,655 INFO  uk.co.sytner.hompage.JumpPoint - ===PASSED==
<br/>2020-09-20 20:04:37,655 INFO  uk.co.sytner.hompage.JumpPoint - JumpPoint Alpine - Step 01: Move On Maserati jump point
</div></td></tr><tr><th>Exception</th></tr><tr><td><div class="stacktrace">org.openqa.selenium.TimeoutException: Expected condition failed: waiting for visibility of element located by By.xpath: //div[contains(@class, &apos;jump module maserati&apos;)]//span[@class = &apos;content&apos;] (tried for 30 second(s) with 500 MILLISECONDS interval)
Build info: version: &apos;3.9.1&apos;, revision: &apos;63f7b50&apos;, time: &apos;2018-02-07T22:25:02.294Z&apos;
System info: host: &apos;S056005530&apos;, ip: &apos;10.0.0.222&apos;, os.name: &apos;Windows 10&apos;, os.arch: &apos;amd64&apos;, os.version: &apos;10.0&apos;, java.version: &apos;1.8.0_261&apos;
Driver info: org.openqa.selenium.chrome.ChromeDriver
Capabilities {acceptInsecureCerts: false, browserName: chrome, browserVersion: 85.0.4183.102, chrome: {chromedriverVersion: 85.0.4183.87 (cd6713ebf92fa..., userDataDir: C:\Users\TRI~1.NGU\AppData\...}, goog:chromeOptions: {debuggerAddress: localhost:58794}, javascriptEnabled: true, networkConnectionEnabled: false, pageLoadStrategy: normal, platform: WINDOWS, platformName: WINDOWS, proxy: Proxy(), setWindowRect: true, strictFileInteractability: false, timeouts: {implicit: 0, pageLoad: 300000, script: 30000}, unhandledPromptBehavior: dismiss and notify, webauthn:virtualAuthenticators: true}
Session ID: 98e910f4238f751e82dbd12355e92feb
	at org.openqa.selenium.support.ui.WebDriverWait.timeoutException(WebDriverWait.java:82)
	at org.openqa.selenium.support.ui.FluentWait.until(FluentWait.java:231)
	at commons.AbstractPage.hoverMouseToElement(AbstractPage.java:443)
	at pageobject.HomePageObjects.moveToAnyJumpPoint(HomePageObjects.java:34)
	at uk.co.sytner.hompage.JumpPoint.TC_28_JumpPoints_011_Maserati(JumpPoint.java:241)
... Removed 27 stack frames</div></td></tr></table><p class="totop"><a href="#summary">back to summary</a></p><h3 id="m44">uk.co.sytner.hompage.JumpPoint#TC_29_JumpPoints_012_McLaren</h3><table class="result"><tr><th>Messages</th></tr><tr><td><div class="messages">2020-09-20 20:06:08,262 INFO  uk.co.sytner.hompage.JumpPoint - JumpPoint Alpine - VP: Verify if McLaren jump point is displayed
<br/>2020-09-20 20:06:08,309 INFO  uk.co.sytner.hompage.JumpPoint - ===PASSED==
<br/>2020-09-20 20:06:08,309 INFO  uk.co.sytner.hompage.JumpPoint - JumpPoint Alpine - Step 01: Move On McLaren jump point
</div></td></tr><tr><th>Exception</th></tr><tr><td><div class="stacktrace">org.openqa.selenium.TimeoutException: Expected condition failed: waiting for visibility of element located by By.xpath: //div[contains(@class, &apos;jump module mclaren&apos;)]//span[@class = &apos;content&apos;] (tried for 30 second(s) with 500 MILLISECONDS interval)
Build info: version: &apos;3.9.1&apos;, revision: &apos;63f7b50&apos;, time: &apos;2018-02-07T22:25:02.294Z&apos;
System info: host: &apos;S056005530&apos;, ip: &apos;10.0.0.222&apos;, os.name: &apos;Windows 10&apos;, os.arch: &apos;amd64&apos;, os.version: &apos;10.0&apos;, java.version: &apos;1.8.0_261&apos;
Driver info: org.openqa.selenium.chrome.ChromeDriver
Capabilities {acceptInsecureCerts: false, browserName: chrome, browserVersion: 85.0.4183.102, chrome: {chromedriverVersion: 85.0.4183.87 (cd6713ebf92fa..., userDataDir: C:\Users\TRI~1.NGU\AppData\...}, goog:chromeOptions: {debuggerAddress: localhost:58794}, javascriptEnabled: true, networkConnectionEnabled: false, pageLoadStrategy: normal, platform: WINDOWS, platformName: WINDOWS, proxy: Proxy(), setWindowRect: true, strictFileInteractability: false, timeouts: {implicit: 0, pageLoad: 300000, script: 30000}, unhandledPromptBehavior: dismiss and notify, webauthn:virtualAuthenticators: true}
Session ID: 98e910f4238f751e82dbd12355e92feb
	at org.openqa.selenium.support.ui.WebDriverWait.timeoutException(WebDriverWait.java:82)
	at org.openqa.selenium.support.ui.FluentWait.until(FluentWait.java:231)
	at commons.AbstractPage.hoverMouseToElement(AbstractPage.java:443)
	at pageobject.HomePageObjects.moveToAnyJumpPoint(HomePageObjects.java:34)
	at uk.co.sytner.hompage.JumpPoint.TC_29_JumpPoints_012_McLaren(JumpPoint.java:262)
... Removed 27 stack frames</div></td></tr></table><p class="totop"><a href="#summary">back to summary</a></p><h3 id="m45">uk.co.sytner.hompage.JumpPoint#TC_29_JumpPoints_012_McLaren</h3><table class="result"><tr><th>Messages</th></tr><tr><td><div class="messages">2020-09-20 20:06:38,467 INFO  uk.co.sytner.hompage.JumpPoint - JumpPoint Alpine - VP: Verify if McLaren jump point is displayed
<br/>2020-09-20 20:06:38,500 INFO  uk.co.sytner.hompage.JumpPoint - ===PASSED==
<br/>2020-09-20 20:06:38,501 INFO  uk.co.sytner.hompage.JumpPoint - JumpPoint Alpine - Step 01: Move On McLaren jump point
</div></td></tr><tr><th>Exception</th></tr><tr><td><div class="stacktrace">org.openqa.selenium.TimeoutException: Expected condition failed: waiting for visibility of element located by By.xpath: //div[contains(@class, &apos;jump module mclaren&apos;)]//span[@class = &apos;content&apos;] (tried for 30 second(s) with 500 MILLISECONDS interval)
Build info: version: &apos;3.9.1&apos;, revision: &apos;63f7b50&apos;, time: &apos;2018-02-07T22:25:02.294Z&apos;
System info: host: &apos;S056005530&apos;, ip: &apos;10.0.0.222&apos;, os.name: &apos;Windows 10&apos;, os.arch: &apos;amd64&apos;, os.version: &apos;10.0&apos;, java.version: &apos;1.8.0_261&apos;
Driver info: org.openqa.selenium.chrome.ChromeDriver
Capabilities {acceptInsecureCerts: false, browserName: chrome, browserVersion: 85.0.4183.102, chrome: {chromedriverVersion: 85.0.4183.87 (cd6713ebf92fa..., userDataDir: C:\Users\TRI~1.NGU\AppData\...}, goog:chromeOptions: {debuggerAddress: localhost:58794}, javascriptEnabled: true, networkConnectionEnabled: false, pageLoadStrategy: normal, platform: WINDOWS, platformName: WINDOWS, proxy: Proxy(), setWindowRect: true, strictFileInteractability: false, timeouts: {implicit: 0, pageLoad: 300000, script: 30000}, unhandledPromptBehavior: dismiss and notify, webauthn:virtualAuthenticators: true}
Session ID: 98e910f4238f751e82dbd12355e92feb
	at org.openqa.selenium.support.ui.WebDriverWait.timeoutException(WebDriverWait.java:82)
	at org.openqa.selenium.support.ui.FluentWait.until(FluentWait.java:231)
	at commons.AbstractPage.hoverMouseToElement(AbstractPage.java:443)
	at pageobject.HomePageObjects.moveToAnyJumpPoint(HomePageObjects.java:34)
	at uk.co.sytner.hompage.JumpPoint.TC_29_JumpPoints_012_McLaren(JumpPoint.java:262)
... Removed 27 stack frames</div></td></tr></table><p class="totop"><a href="#summary">back to summary</a></p><h3 id="m46">uk.co.sytner.hompage.JumpPoint#TC_30_JumpPoints_013_MercedesBenz</h3><table class="result"><tr><th>Messages</th></tr><tr><td><div class="messages">2020-09-20 20:08:09,639 INFO  uk.co.sytner.hompage.JumpPoint - JumpPoint Alpine - VP: Verify if MercedesBenz jump point is displayed
<br/>2020-09-20 20:08:09,679 INFO  uk.co.sytner.hompage.JumpPoint - ===PASSED==
<br/>2020-09-20 20:08:09,679 INFO  uk.co.sytner.hompage.JumpPoint - JumpPoint Alpine - Step 01: Move On MercedesBenz jump point
</div></td></tr><tr><th>Exception</th></tr><tr><td><div class="stacktrace">org.openqa.selenium.TimeoutException: Expected condition failed: waiting for visibility of element located by By.xpath: //div[contains(@class, &apos;jump module mercedes-benz&apos;)]//span[@class = &apos;content&apos;] (tried for 30 second(s) with 500 MILLISECONDS interval)
Build info: version: &apos;3.9.1&apos;, revision: &apos;63f7b50&apos;, time: &apos;2018-02-07T22:25:02.294Z&apos;
System info: host: &apos;S056005530&apos;, ip: &apos;10.0.0.222&apos;, os.name: &apos;Windows 10&apos;, os.arch: &apos;amd64&apos;, os.version: &apos;10.0&apos;, java.version: &apos;1.8.0_261&apos;
Driver info: org.openqa.selenium.chrome.ChromeDriver
Capabilities {acceptInsecureCerts: false, browserName: chrome, browserVersion: 85.0.4183.102, chrome: {chromedriverVersion: 85.0.4183.87 (cd6713ebf92fa..., userDataDir: C:\Users\TRI~1.NGU\AppData\...}, goog:chromeOptions: {debuggerAddress: localhost:58794}, javascriptEnabled: true, networkConnectionEnabled: false, pageLoadStrategy: normal, platform: WINDOWS, platformName: WINDOWS, proxy: Proxy(), setWindowRect: true, strictFileInteractability: false, timeouts: {implicit: 0, pageLoad: 300000, script: 30000}, unhandledPromptBehavior: dismiss and notify, webauthn:virtualAuthenticators: true}
Session ID: 98e910f4238f751e82dbd12355e92feb
	at org.openqa.selenium.support.ui.WebDriverWait.timeoutException(WebDriverWait.java:82)
	at org.openqa.selenium.support.ui.FluentWait.until(FluentWait.java:231)
	at commons.AbstractPage.hoverMouseToElement(AbstractPage.java:443)
	at pageobject.HomePageObjects.moveToAnyJumpPoint(HomePageObjects.java:34)
	at uk.co.sytner.hompage.JumpPoint.TC_30_JumpPoints_013_MercedesBenz(JumpPoint.java:283)
... Removed 27 stack frames</div></td></tr></table><p class="totop"><a href="#summary">back to summary</a></p><h3 id="m47">uk.co.sytner.hompage.JumpPoint#TC_30_JumpPoints_013_MercedesBenz</h3><table class="result"><tr><th>Messages</th></tr><tr><td><div class="messages">2020-09-20 20:07:39,129 INFO  uk.co.sytner.hompage.JumpPoint - JumpPoint Alpine - VP: Verify if MercedesBenz jump point is displayed
<br/>2020-09-20 20:07:39,172 INFO  uk.co.sytner.hompage.JumpPoint - ===PASSED==
<br/>2020-09-20 20:07:39,172 INFO  uk.co.sytner.hompage.JumpPoint - JumpPoint Alpine - Step 01: Move On MercedesBenz jump point
</div></td></tr><tr><th>Exception</th></tr><tr><td><div class="stacktrace">org.openqa.selenium.TimeoutException: Expected condition failed: waiting for visibility of element located by By.xpath: //div[contains(@class, &apos;jump module mercedes-benz&apos;)]//span[@class = &apos;content&apos;] (tried for 30 second(s) with 500 MILLISECONDS interval)
Build info: version: &apos;3.9.1&apos;, revision: &apos;63f7b50&apos;, time: &apos;2018-02-07T22:25:02.294Z&apos;
System info: host: &apos;S056005530&apos;, ip: &apos;10.0.0.222&apos;, os.name: &apos;Windows 10&apos;, os.arch: &apos;amd64&apos;, os.version: &apos;10.0&apos;, java.version: &apos;1.8.0_261&apos;
Driver info: org.openqa.selenium.chrome.ChromeDriver
Capabilities {acceptInsecureCerts: false, browserName: chrome, browserVersion: 85.0.4183.102, chrome: {chromedriverVersion: 85.0.4183.87 (cd6713ebf92fa..., userDataDir: C:\Users\TRI~1.NGU\AppData\...}, goog:chromeOptions: {debuggerAddress: localhost:58794}, javascriptEnabled: true, networkConnectionEnabled: false, pageLoadStrategy: normal, platform: WINDOWS, platformName: WINDOWS, proxy: Proxy(), setWindowRect: true, strictFileInteractability: false, timeouts: {implicit: 0, pageLoad: 300000, script: 30000}, unhandledPromptBehavior: dismiss and notify, webauthn:virtualAuthenticators: true}
Session ID: 98e910f4238f751e82dbd12355e92feb
	at org.openqa.selenium.support.ui.WebDriverWait.timeoutException(WebDriverWait.java:82)
	at org.openqa.selenium.support.ui.FluentWait.until(FluentWait.java:231)
	at commons.AbstractPage.hoverMouseToElement(AbstractPage.java:443)
	at pageobject.HomePageObjects.moveToAnyJumpPoint(HomePageObjects.java:34)
	at uk.co.sytner.hompage.JumpPoint.TC_30_JumpPoints_013_MercedesBenz(JumpPoint.java:283)
... Removed 27 stack frames</div></td></tr></table><p class="totop"><a href="#summary">back to summary</a></p><h3 id="m48">uk.co.sytner.hompage.JumpPoint#TC_31_JumpPoints_014_Mini</h3><table class="result"><tr><th>Messages</th></tr><tr><td><div class="messages">2020-09-20 20:09:41,007 INFO  uk.co.sytner.hompage.JumpPoint - JumpPoint Alpine - VP: Verify if MINI jump point is displayed
<br/>2020-09-20 20:09:41,042 INFO  uk.co.sytner.hompage.JumpPoint - ===PASSED==
<br/>2020-09-20 20:09:41,042 INFO  uk.co.sytner.hompage.JumpPoint - JumpPoint Alpine - Step 01: Move On MINI jump point
</div></td></tr><tr><th>Exception</th></tr><tr><td><div class="stacktrace">org.openqa.selenium.TimeoutException: Expected condition failed: waiting for visibility of element located by By.xpath: //div[contains(@class, &apos;jump module mini&apos;)]//span[@class = &apos;content&apos;] (tried for 30 second(s) with 500 MILLISECONDS interval)
Build info: version: &apos;3.9.1&apos;, revision: &apos;63f7b50&apos;, time: &apos;2018-02-07T22:25:02.294Z&apos;
System info: host: &apos;S056005530&apos;, ip: &apos;10.0.0.222&apos;, os.name: &apos;Windows 10&apos;, os.arch: &apos;amd64&apos;, os.version: &apos;10.0&apos;, java.version: &apos;1.8.0_261&apos;
Driver info: org.openqa.selenium.chrome.ChromeDriver
Capabilities {acceptInsecureCerts: false, browserName: chrome, browserVersion: 85.0.4183.102, chrome: {chromedriverVersion: 85.0.4183.87 (cd6713ebf92fa..., userDataDir: C:\Users\TRI~1.NGU\AppData\...}, goog:chromeOptions: {debuggerAddress: localhost:58794}, javascriptEnabled: true, networkConnectionEnabled: false, pageLoadStrategy: normal, platform: WINDOWS, platformName: WINDOWS, proxy: Proxy(), setWindowRect: true, strictFileInteractability: false, timeouts: {implicit: 0, pageLoad: 300000, script: 30000}, unhandledPromptBehavior: dismiss and notify, webauthn:virtualAuthenticators: true}
Session ID: 98e910f4238f751e82dbd12355e92feb
	at org.openqa.selenium.support.ui.WebDriverWait.timeoutException(WebDriverWait.java:82)
	at org.openqa.selenium.support.ui.FluentWait.until(FluentWait.java:231)
	at commons.AbstractPage.hoverMouseToElement(AbstractPage.java:443)
	at pageobject.HomePageObjects.moveToAnyJumpPoint(HomePageObjects.java:34)
	at uk.co.sytner.hompage.JumpPoint.TC_31_JumpPoints_014_Mini(JumpPoint.java:304)
... Removed 27 stack frames</div></td></tr></table><p class="totop"><a href="#summary">back to summary</a></p><h3 id="m49">uk.co.sytner.hompage.JumpPoint#TC_31_JumpPoints_014_Mini</h3><table class="result"><tr><th>Messages</th></tr><tr><td><div class="messages">2020-09-20 20:09:10,572 INFO  uk.co.sytner.hompage.JumpPoint - JumpPoint Alpine - VP: Verify if MINI jump point is displayed
<br/>2020-09-20 20:09:10,615 INFO  uk.co.sytner.hompage.JumpPoint - ===PASSED==
<br/>2020-09-20 20:09:10,615 INFO  uk.co.sytner.hompage.JumpPoint - JumpPoint Alpine - Step 01: Move On MINI jump point
</div></td></tr><tr><th>Exception</th></tr><tr><td><div class="stacktrace">org.openqa.selenium.TimeoutException: Expected condition failed: waiting for visibility of element located by By.xpath: //div[contains(@class, &apos;jump module mini&apos;)]//span[@class = &apos;content&apos;] (tried for 30 second(s) with 500 MILLISECONDS interval)
Build info: version: &apos;3.9.1&apos;, revision: &apos;63f7b50&apos;, time: &apos;2018-02-07T22:25:02.294Z&apos;
System info: host: &apos;S056005530&apos;, ip: &apos;10.0.0.222&apos;, os.name: &apos;Windows 10&apos;, os.arch: &apos;amd64&apos;, os.version: &apos;10.0&apos;, java.version: &apos;1.8.0_261&apos;
Driver info: org.openqa.selenium.chrome.ChromeDriver
Capabilities {acceptInsecureCerts: false, browserName: chrome, browserVersion: 85.0.4183.102, chrome: {chromedriverVersion: 85.0.4183.87 (cd6713ebf92fa..., userDataDir: C:\Users\TRI~1.NGU\AppData\...}, goog:chromeOptions: {debuggerAddress: localhost:58794}, javascriptEnabled: true, networkConnectionEnabled: false, pageLoadStrategy: normal, platform: WINDOWS, platformName: WINDOWS, proxy: Proxy(), setWindowRect: true, strictFileInteractability: false, timeouts: {implicit: 0, pageLoad: 300000, script: 30000}, unhandledPromptBehavior: dismiss and notify, webauthn:virtualAuthenticators: true}
Session ID: 98e910f4238f751e82dbd12355e92feb
	at org.openqa.selenium.support.ui.WebDriverWait.timeoutException(WebDriverWait.java:82)
	at org.openqa.selenium.support.ui.FluentWait.until(FluentWait.java:231)
	at commons.AbstractPage.hoverMouseToElement(AbstractPage.java:443)
	at pageobject.HomePageObjects.moveToAnyJumpPoint(HomePageObjects.java:34)
	at uk.co.sytner.hompage.JumpPoint.TC_31_JumpPoints_014_Mini(JumpPoint.java:304)
... Removed 27 stack frames</div></td></tr></table><p class="totop"><a href="#summary">back to summary</a></p><h3 id="m50">uk.co.sytner.hompage.JumpPoint#TC_32_JumpPoints_015_Porsche</h3><table class="result"><tr><th>Messages</th></tr><tr><td><div class="messages">2020-09-20 20:11:12,096 INFO  uk.co.sytner.hompage.JumpPoint - JumpPoint Alpine - VP: Verify if Porsche jump point is displayed
<br/>2020-09-20 20:11:12,128 INFO  uk.co.sytner.hompage.JumpPoint - ===PASSED==
<br/>2020-09-20 20:11:12,128 INFO  uk.co.sytner.hompage.JumpPoint - JumpPoint Alpine - Step 01: Move On Porsche jump point
</div></td></tr><tr><th>Exception</th></tr><tr><td><div class="stacktrace">org.openqa.selenium.TimeoutException: Expected condition failed: waiting for visibility of element located by By.xpath: //div[contains(@class, &apos;jump module porsche&apos;)]//span[@class = &apos;content&apos;] (tried for 30 second(s) with 500 MILLISECONDS interval)
Build info: version: &apos;3.9.1&apos;, revision: &apos;63f7b50&apos;, time: &apos;2018-02-07T22:25:02.294Z&apos;
System info: host: &apos;S056005530&apos;, ip: &apos;10.0.0.222&apos;, os.name: &apos;Windows 10&apos;, os.arch: &apos;amd64&apos;, os.version: &apos;10.0&apos;, java.version: &apos;1.8.0_261&apos;
Driver info: org.openqa.selenium.chrome.ChromeDriver
Capabilities {acceptInsecureCerts: false, browserName: chrome, browserVersion: 85.0.4183.102, chrome: {chromedriverVersion: 85.0.4183.87 (cd6713ebf92fa..., userDataDir: C:\Users\TRI~1.NGU\AppData\...}, goog:chromeOptions: {debuggerAddress: localhost:58794}, javascriptEnabled: true, networkConnectionEnabled: false, pageLoadStrategy: normal, platform: WINDOWS, platformName: WINDOWS, proxy: Proxy(), setWindowRect: true, strictFileInteractability: false, timeouts: {implicit: 0, pageLoad: 300000, script: 30000}, unhandledPromptBehavior: dismiss and notify, webauthn:virtualAuthenticators: true}
Session ID: 98e910f4238f751e82dbd12355e92feb
	at org.openqa.selenium.support.ui.WebDriverWait.timeoutException(WebDriverWait.java:82)
	at org.openqa.selenium.support.ui.FluentWait.until(FluentWait.java:231)
	at commons.AbstractPage.hoverMouseToElement(AbstractPage.java:443)
	at pageobject.HomePageObjects.moveToAnyJumpPoint(HomePageObjects.java:34)
	at uk.co.sytner.hompage.JumpPoint.TC_32_JumpPoints_015_Porsche(JumpPoint.java:325)
... Removed 27 stack frames</div></td></tr></table><p class="totop"><a href="#summary">back to summary</a></p><h3 id="m51">uk.co.sytner.hompage.JumpPoint#TC_32_JumpPoints_015_Porsche</h3><table class="result"><tr><th>Messages</th></tr><tr><td><div class="messages">2020-09-20 20:10:41,781 INFO  uk.co.sytner.hompage.JumpPoint - JumpPoint Alpine - VP: Verify if Porsche jump point is displayed
<br/>2020-09-20 20:10:41,828 INFO  uk.co.sytner.hompage.JumpPoint - ===PASSED==
<br/>2020-09-20 20:10:41,828 INFO  uk.co.sytner.hompage.JumpPoint - JumpPoint Alpine - Step 01: Move On Porsche jump point
</div></td></tr><tr><th>Exception</th></tr><tr><td><div class="stacktrace">org.openqa.selenium.TimeoutException: Expected condition failed: waiting for visibility of element located by By.xpath: //div[contains(@class, &apos;jump module porsche&apos;)]//span[@class = &apos;content&apos;] (tried for 30 second(s) with 500 MILLISECONDS interval)
Build info: version: &apos;3.9.1&apos;, revision: &apos;63f7b50&apos;, time: &apos;2018-02-07T22:25:02.294Z&apos;
System info: host: &apos;S056005530&apos;, ip: &apos;10.0.0.222&apos;, os.name: &apos;Windows 10&apos;, os.arch: &apos;amd64&apos;, os.version: &apos;10.0&apos;, java.version: &apos;1.8.0_261&apos;
Driver info: org.openqa.selenium.chrome.ChromeDriver
Capabilities {acceptInsecureCerts: false, browserName: chrome, browserVersion: 85.0.4183.102, chrome: {chromedriverVersion: 85.0.4183.87 (cd6713ebf92fa..., userDataDir: C:\Users\TRI~1.NGU\AppData\...}, goog:chromeOptions: {debuggerAddress: localhost:58794}, javascriptEnabled: true, networkConnectionEnabled: false, pageLoadStrategy: normal, platform: WINDOWS, platformName: WINDOWS, proxy: Proxy(), setWindowRect: true, strictFileInteractability: false, timeouts: {implicit: 0, pageLoad: 300000, script: 30000}, unhandledPromptBehavior: dismiss and notify, webauthn:virtualAuthenticators: true}
Session ID: 98e910f4238f751e82dbd12355e92feb
	at org.openqa.selenium.support.ui.WebDriverWait.timeoutException(WebDriverWait.java:82)
	at org.openqa.selenium.support.ui.FluentWait.until(FluentWait.java:231)
	at commons.AbstractPage.hoverMouseToElement(AbstractPage.java:443)
	at pageobject.HomePageObjects.moveToAnyJumpPoint(HomePageObjects.java:34)
	at uk.co.sytner.hompage.JumpPoint.TC_32_JumpPoints_015_Porsche(JumpPoint.java:325)
... Removed 27 stack frames</div></td></tr></table><p class="totop"><a href="#summary">back to summary</a></p><h3 id="m52">uk.co.sytner.hompage.JumpPoint#TC_33_JumpPoints_016_RollsRoyce</h3><table class="result"><tr><th>Messages</th></tr><tr><td><div class="messages">2020-09-20 20:12:42,950 INFO  uk.co.sytner.hompage.JumpPoint - JumpPoint Alpine - VP: Verify if Rolls Royce jump point is displayed
<br/>2020-09-20 20:12:43,001 INFO  uk.co.sytner.hompage.JumpPoint - ===PASSED==
<br/>2020-09-20 20:12:43,001 INFO  uk.co.sytner.hompage.JumpPoint - JumpPoint Alpine - Step 01: Move On Rolls Royce jump point
</div></td></tr><tr><th>Exception</th></tr><tr><td><div class="stacktrace">org.openqa.selenium.TimeoutException: Expected condition failed: waiting for visibility of element located by By.xpath: //div[contains(@class, &apos;jump module rolls-royce&apos;)]//span[@class = &apos;content&apos;] (tried for 30 second(s) with 500 MILLISECONDS interval)
Build info: version: &apos;3.9.1&apos;, revision: &apos;63f7b50&apos;, time: &apos;2018-02-07T22:25:02.294Z&apos;
System info: host: &apos;S056005530&apos;, ip: &apos;10.0.0.222&apos;, os.name: &apos;Windows 10&apos;, os.arch: &apos;amd64&apos;, os.version: &apos;10.0&apos;, java.version: &apos;1.8.0_261&apos;
Driver info: org.openqa.selenium.chrome.ChromeDriver
Capabilities {acceptInsecureCerts: false, browserName: chrome, browserVersion: 85.0.4183.102, chrome: {chromedriverVersion: 85.0.4183.87 (cd6713ebf92fa..., userDataDir: C:\Users\TRI~1.NGU\AppData\...}, goog:chromeOptions: {debuggerAddress: localhost:58794}, javascriptEnabled: true, networkConnectionEnabled: false, pageLoadStrategy: normal, platform: WINDOWS, platformName: WINDOWS, proxy: Proxy(), setWindowRect: true, strictFileInteractability: false, timeouts: {implicit: 0, pageLoad: 300000, script: 30000}, unhandledPromptBehavior: dismiss and notify, webauthn:virtualAuthenticators: true}
Session ID: 98e910f4238f751e82dbd12355e92feb
	at org.openqa.selenium.support.ui.WebDriverWait.timeoutException(WebDriverWait.java:82)
	at org.openqa.selenium.support.ui.FluentWait.until(FluentWait.java:231)
	at commons.AbstractPage.hoverMouseToElement(AbstractPage.java:443)
	at pageobject.HomePageObjects.moveToAnyJumpPoint(HomePageObjects.java:34)
	at uk.co.sytner.hompage.JumpPoint.TC_33_JumpPoints_016_RollsRoyce(JumpPoint.java:346)
... Removed 27 stack frames</div></td></tr></table><p class="totop"><a href="#summary">back to summary</a></p><h3 id="m53">uk.co.sytner.hompage.JumpPoint#TC_33_JumpPoints_016_RollsRoyce</h3><table class="result"><tr><th>Messages</th></tr><tr><td><div class="messages">2020-09-20 20:12:12,715 INFO  uk.co.sytner.hompage.JumpPoint - JumpPoint Alpine - VP: Verify if Rolls Royce jump point is displayed
<br/>2020-09-20 20:12:12,757 INFO  uk.co.sytner.hompage.JumpPoint - ===PASSED==
<br/>2020-09-20 20:12:12,757 INFO  uk.co.sytner.hompage.JumpPoint - JumpPoint Alpine - Step 01: Move On Rolls Royce jump point
</div></td></tr><tr><th>Exception</th></tr><tr><td><div class="stacktrace">org.openqa.selenium.TimeoutException: Expected condition failed: waiting for visibility of element located by By.xpath: //div[contains(@class, &apos;jump module rolls-royce&apos;)]//span[@class = &apos;content&apos;] (tried for 30 second(s) with 500 MILLISECONDS interval)
Build info: version: &apos;3.9.1&apos;, revision: &apos;63f7b50&apos;, time: &apos;2018-02-07T22:25:02.294Z&apos;
System info: host: &apos;S056005530&apos;, ip: &apos;10.0.0.222&apos;, os.name: &apos;Windows 10&apos;, os.arch: &apos;amd64&apos;, os.version: &apos;10.0&apos;, java.version: &apos;1.8.0_261&apos;
Driver info: org.openqa.selenium.chrome.ChromeDriver
Capabilities {acceptInsecureCerts: false, browserName: chrome, browserVersion: 85.0.4183.102, chrome: {chromedriverVersion: 85.0.4183.87 (cd6713ebf92fa..., userDataDir: C:\Users\TRI~1.NGU\AppData\...}, goog:chromeOptions: {debuggerAddress: localhost:58794}, javascriptEnabled: true, networkConnectionEnabled: false, pageLoadStrategy: normal, platform: WINDOWS, platformName: WINDOWS, proxy: Proxy(), setWindowRect: true, strictFileInteractability: false, timeouts: {implicit: 0, pageLoad: 300000, script: 30000}, unhandledPromptBehavior: dismiss and notify, webauthn:virtualAuthenticators: true}
Session ID: 98e910f4238f751e82dbd12355e92feb
	at org.openqa.selenium.support.ui.WebDriverWait.timeoutException(WebDriverWait.java:82)
	at org.openqa.selenium.support.ui.FluentWait.until(FluentWait.java:231)
	at commons.AbstractPage.hoverMouseToElement(AbstractPage.java:443)
	at pageobject.HomePageObjects.moveToAnyJumpPoint(HomePageObjects.java:34)
	at uk.co.sytner.hompage.JumpPoint.TC_33_JumpPoints_016_RollsRoyce(JumpPoint.java:346)
... Removed 27 stack frames</div></td></tr></table><p class="totop"><a href="#summary">back to summary</a></p><h3 id="m54">uk.co.sytner.hompage.JumpPoint#TC_34_JumpPoints_017_Seat</h3><table class="result"><tr><th>Messages</th></tr><tr><td><div class="messages">2020-09-20 20:14:13,563 INFO  uk.co.sytner.hompage.JumpPoint - JumpPoint Alpine - VP: Verify if SEAT jump point is displayed
<br/>2020-09-20 20:14:13,607 INFO  uk.co.sytner.hompage.JumpPoint - ===PASSED==
<br/>2020-09-20 20:14:13,607 INFO  uk.co.sytner.hompage.JumpPoint - JumpPoint Alpine - Step 01: Move On SEAT jump point
</div></td></tr><tr><th>Exception</th></tr><tr><td><div class="stacktrace">org.openqa.selenium.TimeoutException: Expected condition failed: waiting for visibility of element located by By.xpath: //div[contains(@class, &apos;jump module seat&apos;)]//span[@class = &apos;content&apos;] (tried for 30 second(s) with 500 MILLISECONDS interval)
Build info: version: &apos;3.9.1&apos;, revision: &apos;63f7b50&apos;, time: &apos;2018-02-07T22:25:02.294Z&apos;
System info: host: &apos;S056005530&apos;, ip: &apos;10.0.0.222&apos;, os.name: &apos;Windows 10&apos;, os.arch: &apos;amd64&apos;, os.version: &apos;10.0&apos;, java.version: &apos;1.8.0_261&apos;
Driver info: org.openqa.selenium.chrome.ChromeDriver
Capabilities {acceptInsecureCerts: false, browserName: chrome, browserVersion: 85.0.4183.102, chrome: {chromedriverVersion: 85.0.4183.87 (cd6713ebf92fa..., userDataDir: C:\Users\TRI~1.NGU\AppData\...}, goog:chromeOptions: {debuggerAddress: localhost:58794}, javascriptEnabled: true, networkConnectionEnabled: false, pageLoadStrategy: normal, platform: WINDOWS, platformName: WINDOWS, proxy: Proxy(), setWindowRect: true, strictFileInteractability: false, timeouts: {implicit: 0, pageLoad: 300000, script: 30000}, unhandledPromptBehavior: dismiss and notify, webauthn:virtualAuthenticators: true}
Session ID: 98e910f4238f751e82dbd12355e92feb
	at org.openqa.selenium.support.ui.WebDriverWait.timeoutException(WebDriverWait.java:82)
	at org.openqa.selenium.support.ui.FluentWait.until(FluentWait.java:231)
	at commons.AbstractPage.hoverMouseToElement(AbstractPage.java:443)
	at pageobject.HomePageObjects.moveToAnyJumpPoint(HomePageObjects.java:34)
	at uk.co.sytner.hompage.JumpPoint.TC_34_JumpPoints_017_Seat(JumpPoint.java:367)
... Removed 27 stack frames</div></td></tr></table><p class="totop"><a href="#summary">back to summary</a></p><h3 id="m55">uk.co.sytner.hompage.JumpPoint#TC_34_JumpPoints_017_Seat</h3><table class="result"><tr><th>Messages</th></tr><tr><td><div class="messages">2020-09-20 20:13:43,319 INFO  uk.co.sytner.hompage.JumpPoint - JumpPoint Alpine - VP: Verify if SEAT jump point is displayed
<br/>2020-09-20 20:13:43,363 INFO  uk.co.sytner.hompage.JumpPoint - ===PASSED==
<br/>2020-09-20 20:13:43,363 INFO  uk.co.sytner.hompage.JumpPoint - JumpPoint Alpine - Step 01: Move On SEAT jump point
</div></td></tr><tr><th>Exception</th></tr><tr><td><div class="stacktrace">org.openqa.selenium.TimeoutException: Expected condition failed: waiting for visibility of element located by By.xpath: //div[contains(@class, &apos;jump module seat&apos;)]//span[@class = &apos;content&apos;] (tried for 30 second(s) with 500 MILLISECONDS interval)
Build info: version: &apos;3.9.1&apos;, revision: &apos;63f7b50&apos;, time: &apos;2018-02-07T22:25:02.294Z&apos;
System info: host: &apos;S056005530&apos;, ip: &apos;10.0.0.222&apos;, os.name: &apos;Windows 10&apos;, os.arch: &apos;amd64&apos;, os.version: &apos;10.0&apos;, java.version: &apos;1.8.0_261&apos;
Driver info: org.openqa.selenium.chrome.ChromeDriver
Capabilities {acceptInsecureCerts: false, browserName: chrome, browserVersion: 85.0.4183.102, chrome: {chromedriverVersion: 85.0.4183.87 (cd6713ebf92fa..., userDataDir: C:\Users\TRI~1.NGU\AppData\...}, goog:chromeOptions: {debuggerAddress: localhost:58794}, javascriptEnabled: true, networkConnectionEnabled: false, pageLoadStrategy: normal, platform: WINDOWS, platformName: WINDOWS, proxy: Proxy(), setWindowRect: true, strictFileInteractability: false, timeouts: {implicit: 0, pageLoad: 300000, script: 30000}, unhandledPromptBehavior: dismiss and notify, webauthn:virtualAuthenticators: true}
Session ID: 98e910f4238f751e82dbd12355e92feb
	at org.openqa.selenium.support.ui.WebDriverWait.timeoutException(WebDriverWait.java:82)
	at org.openqa.selenium.support.ui.FluentWait.until(FluentWait.java:231)
	at commons.AbstractPage.hoverMouseToElement(AbstractPage.java:443)
	at pageobject.HomePageObjects.moveToAnyJumpPoint(HomePageObjects.java:34)
	at uk.co.sytner.hompage.JumpPoint.TC_34_JumpPoints_017_Seat(JumpPoint.java:367)
... Removed 27 stack frames</div></td></tr></table><p class="totop"><a href="#summary">back to summary</a></p><h3 id="m56">uk.co.sytner.hompage.JumpPoint#TC_35_JumpPoints_018_Skoda</h3><table class="result"><tr><th>Messages</th></tr><tr><td><div class="messages">2020-09-20 20:15:13,952 INFO  uk.co.sytner.hompage.JumpPoint - JumpPoint Alpine - VP: Verify if Skoda jump point is displayed
<br/>2020-09-20 20:15:13,991 INFO  uk.co.sytner.hompage.JumpPoint - ===PASSED==
<br/>2020-09-20 20:15:13,991 INFO  uk.co.sytner.hompage.JumpPoint - JumpPoint Alpine - Step 01: Move On Skoda jump point
</div></td></tr><tr><th>Exception</th></tr><tr><td><div class="stacktrace">org.openqa.selenium.TimeoutException: Expected condition failed: waiting for visibility of element located by By.xpath: //div[contains(@class, &apos;jump module skoda&apos;)]//span[@class = &apos;content&apos;] (tried for 30 second(s) with 500 MILLISECONDS interval)
Build info: version: &apos;3.9.1&apos;, revision: &apos;63f7b50&apos;, time: &apos;2018-02-07T22:25:02.294Z&apos;
System info: host: &apos;S056005530&apos;, ip: &apos;10.0.0.222&apos;, os.name: &apos;Windows 10&apos;, os.arch: &apos;amd64&apos;, os.version: &apos;10.0&apos;, java.version: &apos;1.8.0_261&apos;
Driver info: org.openqa.selenium.chrome.ChromeDriver
Capabilities {acceptInsecureCerts: false, browserName: chrome, browserVersion: 85.0.4183.102, chrome: {chromedriverVersion: 85.0.4183.87 (cd6713ebf92fa..., userDataDir: C:\Users\TRI~1.NGU\AppData\...}, goog:chromeOptions: {debuggerAddress: localhost:58794}, javascriptEnabled: true, networkConnectionEnabled: false, pageLoadStrategy: normal, platform: WINDOWS, platformName: WINDOWS, proxy: Proxy(), setWindowRect: true, strictFileInteractability: false, timeouts: {implicit: 0, pageLoad: 300000, script: 30000}, unhandledPromptBehavior: dismiss and notify, webauthn:virtualAuthenticators: true}
Session ID: 98e910f4238f751e82dbd12355e92feb
	at org.openqa.selenium.support.ui.WebDriverWait.timeoutException(WebDriverWait.java:82)
	at org.openqa.selenium.support.ui.FluentWait.until(FluentWait.java:231)
	at commons.AbstractPage.hoverMouseToElement(AbstractPage.java:443)
	at pageobject.HomePageObjects.moveToAnyJumpPoint(HomePageObjects.java:34)
	at uk.co.sytner.hompage.JumpPoint.TC_35_JumpPoints_018_Skoda(JumpPoint.java:388)
... Removed 27 stack frames</div></td></tr></table><p class="totop"><a href="#summary">back to summary</a></p><h3 id="m57">uk.co.sytner.hompage.JumpPoint#TC_35_JumpPoints_018_Skoda</h3><table class="result"><tr><th>Messages</th></tr><tr><td><div class="messages">2020-09-20 20:15:44,235 INFO  uk.co.sytner.hompage.JumpPoint - JumpPoint Alpine - VP: Verify if Skoda jump point is displayed
<br/>2020-09-20 20:15:44,282 INFO  uk.co.sytner.hompage.JumpPoint - ===PASSED==
<br/>2020-09-20 20:15:44,282 INFO  uk.co.sytner.hompage.JumpPoint - JumpPoint Alpine - Step 01: Move On Skoda jump point
</div></td></tr><tr><th>Exception</th></tr><tr><td><div class="stacktrace">org.openqa.selenium.TimeoutException: Expected condition failed: waiting for visibility of element located by By.xpath: //div[contains(@class, &apos;jump module skoda&apos;)]//span[@class = &apos;content&apos;] (tried for 30 second(s) with 500 MILLISECONDS interval)
Build info: version: &apos;3.9.1&apos;, revision: &apos;63f7b50&apos;, time: &apos;2018-02-07T22:25:02.294Z&apos;
System info: host: &apos;S056005530&apos;, ip: &apos;10.0.0.222&apos;, os.name: &apos;Windows 10&apos;, os.arch: &apos;amd64&apos;, os.version: &apos;10.0&apos;, java.version: &apos;1.8.0_261&apos;
Driver info: org.openqa.selenium.chrome.ChromeDriver
Capabilities {acceptInsecureCerts: false, browserName: chrome, browserVersion: 85.0.4183.102, chrome: {chromedriverVersion: 85.0.4183.87 (cd6713ebf92fa..., userDataDir: C:\Users\TRI~1.NGU\AppData\...}, goog:chromeOptions: {debuggerAddress: localhost:58794}, javascriptEnabled: true, networkConnectionEnabled: false, pageLoadStrategy: normal, platform: WINDOWS, platformName: WINDOWS, proxy: Proxy(), setWindowRect: true, strictFileInteractability: false, timeouts: {implicit: 0, pageLoad: 300000, script: 30000}, unhandledPromptBehavior: dismiss and notify, webauthn:virtualAuthenticators: true}
Session ID: 98e910f4238f751e82dbd12355e92feb
	at org.openqa.selenium.support.ui.WebDriverWait.timeoutException(WebDriverWait.java:82)
	at org.openqa.selenium.support.ui.FluentWait.until(FluentWait.java:231)
	at commons.AbstractPage.hoverMouseToElement(AbstractPage.java:443)
	at pageobject.HomePageObjects.moveToAnyJumpPoint(HomePageObjects.java:34)
	at uk.co.sytner.hompage.JumpPoint.TC_35_JumpPoints_018_Skoda(JumpPoint.java:388)
... Removed 27 stack frames</div></td></tr></table><p class="totop"><a href="#summary">back to summary</a></p><h3 id="m58">uk.co.sytner.hompage.JumpPoint#TC_36_JumpPoints_019_Smart</h3><table class="result"><tr><th>Messages</th></tr><tr><td><div class="messages">2020-09-20 20:16:45,017 INFO  uk.co.sytner.hompage.JumpPoint - JumpPoint Alpine - VP: Verify if smart jump point is displayed
<br/>2020-09-20 20:16:45,057 INFO  uk.co.sytner.hompage.JumpPoint - ===PASSED==
<br/>2020-09-20 20:16:45,057 INFO  uk.co.sytner.hompage.JumpPoint - JumpPoint Alpine - Step 01: Move On smart jump point
</div></td></tr><tr><th>Exception</th></tr><tr><td><div class="stacktrace">org.openqa.selenium.TimeoutException: Expected condition failed: waiting for visibility of element located by By.xpath: //div[contains(@class, &apos;jump module smart&apos;)]//span[@class = &apos;content&apos;] (tried for 30 second(s) with 500 MILLISECONDS interval)
Build info: version: &apos;3.9.1&apos;, revision: &apos;63f7b50&apos;, time: &apos;2018-02-07T22:25:02.294Z&apos;
System info: host: &apos;S056005530&apos;, ip: &apos;10.0.0.222&apos;, os.name: &apos;Windows 10&apos;, os.arch: &apos;amd64&apos;, os.version: &apos;10.0&apos;, java.version: &apos;1.8.0_261&apos;
Driver info: org.openqa.selenium.chrome.ChromeDriver
Capabilities {acceptInsecureCerts: false, browserName: chrome, browserVersion: 85.0.4183.102, chrome: {chromedriverVersion: 85.0.4183.87 (cd6713ebf92fa..., userDataDir: C:\Users\TRI~1.NGU\AppData\...}, goog:chromeOptions: {debuggerAddress: localhost:58794}, javascriptEnabled: true, networkConnectionEnabled: false, pageLoadStrategy: normal, platform: WINDOWS, platformName: WINDOWS, proxy: Proxy(), setWindowRect: true, strictFileInteractability: false, timeouts: {implicit: 0, pageLoad: 300000, script: 30000}, unhandledPromptBehavior: dismiss and notify, webauthn:virtualAuthenticators: true}
Session ID: 98e910f4238f751e82dbd12355e92feb
	at org.openqa.selenium.support.ui.WebDriverWait.timeoutException(WebDriverWait.java:82)
	at org.openqa.selenium.support.ui.FluentWait.until(FluentWait.java:231)
	at commons.AbstractPage.hoverMouseToElement(AbstractPage.java:443)
	at pageobject.HomePageObjects.moveToAnyJumpPoint(HomePageObjects.java:34)
	at uk.co.sytner.hompage.JumpPoint.TC_36_JumpPoints_019_Smart(JumpPoint.java:409)
... Removed 27 stack frames</div></td></tr></table><p class="totop"><a href="#summary">back to summary</a></p><h3 id="m59">uk.co.sytner.hompage.JumpPoint#TC_36_JumpPoints_019_Smart</h3><table class="result"><tr><th>Messages</th></tr><tr><td><div class="messages">2020-09-20 20:17:15,203 INFO  uk.co.sytner.hompage.JumpPoint - JumpPoint Alpine - VP: Verify if smart jump point is displayed
<br/>2020-09-20 20:17:15,235 INFO  uk.co.sytner.hompage.JumpPoint - ===PASSED==
<br/>2020-09-20 20:17:15,235 INFO  uk.co.sytner.hompage.JumpPoint - JumpPoint Alpine - Step 01: Move On smart jump point
</div></td></tr><tr><th>Exception</th></tr><tr><td><div class="stacktrace">org.openqa.selenium.TimeoutException: Expected condition failed: waiting for visibility of element located by By.xpath: //div[contains(@class, &apos;jump module smart&apos;)]//span[@class = &apos;content&apos;] (tried for 30 second(s) with 500 MILLISECONDS interval)
Build info: version: &apos;3.9.1&apos;, revision: &apos;63f7b50&apos;, time: &apos;2018-02-07T22:25:02.294Z&apos;
System info: host: &apos;S056005530&apos;, ip: &apos;10.0.0.222&apos;, os.name: &apos;Windows 10&apos;, os.arch: &apos;amd64&apos;, os.version: &apos;10.0&apos;, java.version: &apos;1.8.0_261&apos;
Driver info: org.openqa.selenium.chrome.ChromeDriver
Capabilities {acceptInsecureCerts: false, browserName: chrome, browserVersion: 85.0.4183.102, chrome: {chromedriverVersion: 85.0.4183.87 (cd6713ebf92fa..., userDataDir: C:\Users\TRI~1.NGU\AppData\...}, goog:chromeOptions: {debuggerAddress: localhost:58794}, javascriptEnabled: true, networkConnectionEnabled: false, pageLoadStrategy: normal, platform: WINDOWS, platformName: WINDOWS, proxy: Proxy(), setWindowRect: true, strictFileInteractability: false, timeouts: {implicit: 0, pageLoad: 300000, script: 30000}, unhandledPromptBehavior: dismiss and notify, webauthn:virtualAuthenticators: true}
Session ID: 98e910f4238f751e82dbd12355e92feb
	at org.openqa.selenium.support.ui.WebDriverWait.timeoutException(WebDriverWait.java:82)
	at org.openqa.selenium.support.ui.FluentWait.until(FluentWait.java:231)
	at commons.AbstractPage.hoverMouseToElement(AbstractPage.java:443)
	at pageobject.HomePageObjects.moveToAnyJumpPoint(HomePageObjects.java:34)
	at uk.co.sytner.hompage.JumpPoint.TC_36_JumpPoints_019_Smart(JumpPoint.java:409)
... Removed 27 stack frames</div></td></tr></table><p class="totop"><a href="#summary">back to summary</a></p><h3 id="m60">uk.co.sytner.hompage.JumpPoint#TC_37_JumpPoints_020_Volkswagen</h3><table class="result"><tr><th>Messages</th></tr><tr><td><div class="messages">2020-09-20 20:18:15,687 INFO  uk.co.sytner.hompage.JumpPoint - JumpPoint Alpine - VP: Verify if Volkswagen jump point is displayed
</div></td></tr><tr><th>Exception</th></tr><tr><td><div class="stacktrace">org.openqa.selenium.TimeoutException: Expected condition failed: waiting for visibility of element located by By.xpath: //div[contains(@class, &apos;jump module volkswagen&apos;)] (tried for 10 second(s) with 500 MILLISECONDS interval)
Build info: version: &apos;3.9.1&apos;, revision: &apos;63f7b50&apos;, time: &apos;2018-02-07T22:25:02.294Z&apos;
System info: host: &apos;S056005530&apos;, ip: &apos;10.0.0.222&apos;, os.name: &apos;Windows 10&apos;, os.arch: &apos;amd64&apos;, os.version: &apos;10.0&apos;, java.version: &apos;1.8.0_261&apos;
Driver info: org.openqa.selenium.chrome.ChromeDriver
Capabilities {acceptInsecureCerts: false, browserName: chrome, browserVersion: 85.0.4183.102, chrome: {chromedriverVersion: 85.0.4183.87 (cd6713ebf92fa..., userDataDir: C:\Users\TRI~1.NGU\AppData\...}, goog:chromeOptions: {debuggerAddress: localhost:58794}, javascriptEnabled: true, networkConnectionEnabled: false, pageLoadStrategy: normal, platform: WINDOWS, platformName: WINDOWS, proxy: Proxy(), setWindowRect: true, strictFileInteractability: false, timeouts: {implicit: 0, pageLoad: 300000, script: 30000}, unhandledPromptBehavior: dismiss and notify, webauthn:virtualAuthenticators: true}
Session ID: 98e910f4238f751e82dbd12355e92feb
	at org.openqa.selenium.support.ui.WebDriverWait.timeoutException(WebDriverWait.java:82)
	at org.openqa.selenium.support.ui.FluentWait.until(FluentWait.java:231)
	at commons.AbstractPage.isElementDisplayed(AbstractPage.java:354)
	at pageobject.HomePageObjects.isSpecificJumpPointDisplayed(HomePageObjects.java:29)
	at uk.co.sytner.hompage.JumpPoint.TC_37_JumpPoints_020_Volkswagen(JumpPoint.java:427)
... Removed 27 stack frames</div></td></tr></table><p class="totop"><a href="#summary">back to summary</a></p><h3 id="m61">uk.co.sytner.hompage.JumpPoint#TC_37_JumpPoints_020_Volkswagen</h3><table class="result"><tr><th>Messages</th></tr><tr><td><div class="messages">2020-09-20 20:18:25,740 INFO  uk.co.sytner.hompage.JumpPoint - JumpPoint Alpine - VP: Verify if Volkswagen jump point is displayed
</div></td></tr><tr><th>Exception</th></tr><tr><td><div class="stacktrace">org.openqa.selenium.TimeoutException: Expected condition failed: waiting for visibility of element located by By.xpath: //div[contains(@class, &apos;jump module volkswagen&apos;)] (tried for 10 second(s) with 500 MILLISECONDS interval)
Build info: version: &apos;3.9.1&apos;, revision: &apos;63f7b50&apos;, time: &apos;2018-02-07T22:25:02.294Z&apos;
System info: host: &apos;S056005530&apos;, ip: &apos;10.0.0.222&apos;, os.name: &apos;Windows 10&apos;, os.arch: &apos;amd64&apos;, os.version: &apos;10.0&apos;, java.version: &apos;1.8.0_261&apos;
Driver info: org.openqa.selenium.chrome.ChromeDriver
Capabilities {acceptInsecureCerts: false, browserName: chrome, browserVersion: 85.0.4183.102, chrome: {chromedriverVersion: 85.0.4183.87 (cd6713ebf92fa..., userDataDir: C:\Users\TRI~1.NGU\AppData\...}, goog:chromeOptions: {debuggerAddress: localhost:58794}, javascriptEnabled: true, networkConnectionEnabled: false, pageLoadStrategy: normal, platform: WINDOWS, platformName: WINDOWS, proxy: Proxy(), setWindowRect: true, strictFileInteractability: false, timeouts: {implicit: 0, pageLoad: 300000, script: 30000}, unhandledPromptBehavior: dismiss and notify, webauthn:virtualAuthenticators: true}
Session ID: 98e910f4238f751e82dbd12355e92feb
	at org.openqa.selenium.support.ui.WebDriverWait.timeoutException(WebDriverWait.java:82)
	at org.openqa.selenium.support.ui.FluentWait.until(FluentWait.java:231)
	at commons.AbstractPage.isElementDisplayed(AbstractPage.java:354)
	at pageobject.HomePageObjects.isSpecificJumpPointDisplayed(HomePageObjects.java:29)
	at uk.co.sytner.hompage.JumpPoint.TC_37_JumpPoints_020_Volkswagen(JumpPoint.java:427)
... Removed 27 stack frames</div></td></tr></table><p class="totop"><a href="#summary">back to summary</a></p><h3 id="m62">uk.co.sytner.hompage.JumpPoint#TC_38_JumpPoints_021_VolkswagenCommercial</h3><table class="result"><tr><th>Messages</th></tr><tr><td><div class="messages">2020-09-20 20:18:55,802 INFO  uk.co.sytner.hompage.JumpPoint - JumpPoint Alpine - VP: Verify if Volkswagen Commercial jump point is displayed
</div></td></tr><tr><th>Exception</th></tr><tr><td><div class="stacktrace">org.openqa.selenium.TimeoutException: Expected condition failed: waiting for visibility of element located by By.xpath: //div[contains(@class, &apos;jump module volkswagen-commercial&apos;)] (tried for 10 second(s) with 500 MILLISECONDS interval)
Build info: version: &apos;3.9.1&apos;, revision: &apos;63f7b50&apos;, time: &apos;2018-02-07T22:25:02.294Z&apos;
System info: host: &apos;S056005530&apos;, ip: &apos;10.0.0.222&apos;, os.name: &apos;Windows 10&apos;, os.arch: &apos;amd64&apos;, os.version: &apos;10.0&apos;, java.version: &apos;1.8.0_261&apos;
Driver info: org.openqa.selenium.chrome.ChromeDriver
Capabilities {acceptInsecureCerts: false, browserName: chrome, browserVersion: 85.0.4183.102, chrome: {chromedriverVersion: 85.0.4183.87 (cd6713ebf92fa..., userDataDir: C:\Users\TRI~1.NGU\AppData\...}, goog:chromeOptions: {debuggerAddress: localhost:58794}, javascriptEnabled: true, networkConnectionEnabled: false, pageLoadStrategy: normal, platform: WINDOWS, platformName: WINDOWS, proxy: Proxy(), setWindowRect: true, strictFileInteractability: false, timeouts: {implicit: 0, pageLoad: 300000, script: 30000}, unhandledPromptBehavior: dismiss and notify, webauthn:virtualAuthenticators: true}
Session ID: 98e910f4238f751e82dbd12355e92feb
	at org.openqa.selenium.support.ui.WebDriverWait.timeoutException(WebDriverWait.java:82)
	at org.openqa.selenium.support.ui.FluentWait.until(FluentWait.java:231)
	at commons.AbstractPage.isElementDisplayed(AbstractPage.java:354)
	at pageobject.HomePageObjects.isSpecificJumpPointDisplayed(HomePageObjects.java:29)
	at uk.co.sytner.hompage.JumpPoint.TC_38_JumpPoints_021_VolkswagenCommercial(JumpPoint.java:448)
... Removed 27 stack frames</div></td></tr></table><p class="totop"><a href="#summary">back to summary</a></p><h3 id="m63">uk.co.sytner.hompage.JumpPoint#TC_38_JumpPoints_021_VolkswagenCommercial</h3><table class="result"><tr><th>Messages</th></tr><tr><td><div class="messages">2020-09-20 20:18:45,759 INFO  uk.co.sytner.hompage.JumpPoint - JumpPoint Alpine - VP: Verify if Volkswagen Commercial jump point is displayed
</div></td></tr><tr><th>Exception</th></tr><tr><td><div class="stacktrace">org.openqa.selenium.TimeoutException: Expected condition failed: waiting for visibility of element located by By.xpath: //div[contains(@class, &apos;jump module volkswagen-commercial&apos;)] (tried for 10 second(s) with 500 MILLISECONDS interval)
Build info: version: &apos;3.9.1&apos;, revision: &apos;63f7b50&apos;, time: &apos;2018-02-07T22:25:02.294Z&apos;
System info: host: &apos;S056005530&apos;, ip: &apos;10.0.0.222&apos;, os.name: &apos;Windows 10&apos;, os.arch: &apos;amd64&apos;, os.version: &apos;10.0&apos;, java.version: &apos;1.8.0_261&apos;
Driver info: org.openqa.selenium.chrome.ChromeDriver
Capabilities {acceptInsecureCerts: false, browserName: chrome, browserVersion: 85.0.4183.102, chrome: {chromedriverVersion: 85.0.4183.87 (cd6713ebf92fa..., userDataDir: C:\Users\TRI~1.NGU\AppData\...}, goog:chromeOptions: {debuggerAddress: localhost:58794}, javascriptEnabled: true, networkConnectionEnabled: false, pageLoadStrategy: normal, platform: WINDOWS, platformName: WINDOWS, proxy: Proxy(), setWindowRect: true, strictFileInteractability: false, timeouts: {implicit: 0, pageLoad: 300000, script: 30000}, unhandledPromptBehavior: dismiss and notify, webauthn:virtualAuthenticators: true}
Session ID: 98e910f4238f751e82dbd12355e92feb
	at org.openqa.selenium.support.ui.WebDriverWait.timeoutException(WebDriverWait.java:82)
	at org.openqa.selenium.support.ui.FluentWait.until(FluentWait.java:231)
	at commons.AbstractPage.isElementDisplayed(AbstractPage.java:354)
	at pageobject.HomePageObjects.isSpecificJumpPointDisplayed(HomePageObjects.java:29)
	at uk.co.sytner.hompage.JumpPoint.TC_38_JumpPoints_021_VolkswagenCommercial(JumpPoint.java:448)
... Removed 27 stack frames</div></td></tr></table><p class="totop"><a href="#summary">back to summary</a></p><h3 id="m64">uk.co.sytner.hompage.JumpPoint#TC_39_JumpPoints_022_Volvo</h3><table class="result"><tr><th>Messages</th></tr><tr><td><div class="messages">2020-09-20 20:19:15,931 INFO  uk.co.sytner.hompage.JumpPoint - JumpPoint Alpine - VP: Verify if Volvo jump point is displayed
<br/>2020-09-20 20:19:15,982 INFO  uk.co.sytner.hompage.JumpPoint - ===PASSED==
<br/>2020-09-20 20:19:15,982 INFO  uk.co.sytner.hompage.JumpPoint - JumpPoint Alpine - Step 01: Move On Volvo jump point
</div></td></tr><tr><th>Exception</th></tr><tr><td><div class="stacktrace">org.openqa.selenium.TimeoutException: Expected condition failed: waiting for visibility of element located by By.xpath: //div[contains(@class, &apos;jump module volvo&apos;)]//span[@class = &apos;content&apos;] (tried for 30 second(s) with 500 MILLISECONDS interval)
Build info: version: &apos;3.9.1&apos;, revision: &apos;63f7b50&apos;, time: &apos;2018-02-07T22:25:02.294Z&apos;
System info: host: &apos;S056005530&apos;, ip: &apos;10.0.0.222&apos;, os.name: &apos;Windows 10&apos;, os.arch: &apos;amd64&apos;, os.version: &apos;10.0&apos;, java.version: &apos;1.8.0_261&apos;
Driver info: org.openqa.selenium.chrome.ChromeDriver
Capabilities {acceptInsecureCerts: false, browserName: chrome, browserVersion: 85.0.4183.102, chrome: {chromedriverVersion: 85.0.4183.87 (cd6713ebf92fa..., userDataDir: C:\Users\TRI~1.NGU\AppData\...}, goog:chromeOptions: {debuggerAddress: localhost:58794}, javascriptEnabled: true, networkConnectionEnabled: false, pageLoadStrategy: normal, platform: WINDOWS, platformName: WINDOWS, proxy: Proxy(), setWindowRect: true, strictFileInteractability: false, timeouts: {implicit: 0, pageLoad: 300000, script: 30000}, unhandledPromptBehavior: dismiss and notify, webauthn:virtualAuthenticators: true}
Session ID: 98e910f4238f751e82dbd12355e92feb
	at org.openqa.selenium.support.ui.WebDriverWait.timeoutException(WebDriverWait.java:82)
	at org.openqa.selenium.support.ui.FluentWait.until(FluentWait.java:231)
	at commons.AbstractPage.hoverMouseToElement(AbstractPage.java:443)
	at pageobject.HomePageObjects.moveToAnyJumpPoint(HomePageObjects.java:34)
	at uk.co.sytner.hompage.JumpPoint.TC_39_JumpPoints_022_Volvo(JumpPoint.java:472)
... Removed 27 stack frames</div></td></tr></table><p class="totop"><a href="#summary">back to summary</a></p><h3 id="m65">uk.co.sytner.hompage.JumpPoint#TC_39_JumpPoints_022_Volvo</h3><table class="result"><tr><th>Messages</th></tr><tr><td><div class="messages">2020-09-20 20:19:46,124 INFO  uk.co.sytner.hompage.JumpPoint - JumpPoint Alpine - VP: Verify if Volvo jump point is displayed
<br/>2020-09-20 20:19:46,159 INFO  uk.co.sytner.hompage.JumpPoint - ===PASSED==
<br/>2020-09-20 20:19:46,159 INFO  uk.co.sytner.hompage.JumpPoint - JumpPoint Alpine - Step 01: Move On Volvo jump point
</div></td></tr><tr><th>Exception</th></tr><tr><td><div class="stacktrace">org.openqa.selenium.TimeoutException: Expected condition failed: waiting for visibility of element located by By.xpath: //div[contains(@class, &apos;jump module volvo&apos;)]//span[@class = &apos;content&apos;] (tried for 30 second(s) with 500 MILLISECONDS interval)
Build info: version: &apos;3.9.1&apos;, revision: &apos;63f7b50&apos;, time: &apos;2018-02-07T22:25:02.294Z&apos;
System info: host: &apos;S056005530&apos;, ip: &apos;10.0.0.222&apos;, os.name: &apos;Windows 10&apos;, os.arch: &apos;amd64&apos;, os.version: &apos;10.0&apos;, java.version: &apos;1.8.0_261&apos;
Driver info: org.openqa.selenium.chrome.ChromeDriver
Capabilities {acceptInsecureCerts: false, browserName: chrome, browserVersion: 85.0.4183.102, chrome: {chromedriverVersion: 85.0.4183.87 (cd6713ebf92fa..., userDataDir: C:\Users\TRI~1.NGU\AppData\...}, goog:chromeOptions: {debuggerAddress: localhost:58794}, javascriptEnabled: true, networkConnectionEnabled: false, pageLoadStrategy: normal, platform: WINDOWS, platformName: WINDOWS, proxy: Proxy(), setWindowRect: true, strictFileInteractability: false, timeouts: {implicit: 0, pageLoad: 300000, script: 30000}, unhandledPromptBehavior: dismiss and notify, webauthn:virtualAuthenticators: true}
Session ID: 98e910f4238f751e82dbd12355e92feb
	at org.openqa.selenium.support.ui.WebDriverWait.timeoutException(WebDriverWait.java:82)
	at org.openqa.selenium.support.ui.FluentWait.until(FluentWait.java:231)
	at commons.AbstractPage.hoverMouseToElement(AbstractPage.java:443)
	at pageobject.HomePageObjects.moveToAnyJumpPoint(HomePageObjects.java:34)
	at uk.co.sytner.hompage.JumpPoint.TC_39_JumpPoints_022_Volvo(JumpPoint.java:472)
... Removed 27 stack frames</div></td></tr></table><p class="totop"><a href="#summary">back to summary</a></p></body></html>