<?xml version="1.0" encoding="UTF-8"?>
<!-- Generated by org.testng.reporters.JUnitReportReporter -->
<testsuite hostname="DESKTOP-4H2CDN2" name="uk.co.sytner.hompage.JumpPoint" tests="24" failures="3" timestamp="15 Aug 2019 03:12:07 GMT" time="359.868" errors="0">
  <testcase name="TC_38_JumpPoints_021_VolkswagenCommercial" time="13.984" classname="uk.co.sytner.hompage.JumpPoint"/>
  <testcase name="TC_30_JumpPoints_013_MercedesBenz" time="14.933" classname="uk.co.sytner.hompage.JumpPoint"/>
  <testcase name="TC_25_JumpPoints_008_LandRover" time="15.111" classname="uk.co.sytner.hompage.JumpPoint">
    <failure type="java.lang.AssertionError" message="expected [true] but found [false]">
      <![CDATA[java.lang.AssertionError: expected [true] but found [false]
	at org.testng.Assert.fail(Assert.java:94)
	at org.testng.Assert.failNotEquals(Assert.java:513)
	at org.testng.Assert.assertTrue(Assert.java:42)
	at org.testng.Assert.assertTrue(Assert.java:52)
	at commons.AbstractTest.checkPassed(AbstractTest.java:63)
	at commons.AbstractTest.verifyTrue(AbstractTest.java:74)
	at uk.co.sytner.hompage.JumpPoint.TC_25_JumpPoints_008_LandRover(JumpPoint.java:187)
	at sun.reflect.NativeMethodAccessorImpl.invoke0(Native Method)
	at sun.reflect.NativeMethodAccessorImpl.invoke(NativeMethodAccessorImpl.java:62)
	at sun.reflect.DelegatingMethodAccessorImpl.invoke(DelegatingMethodAccessorImpl.java:43)
	at java.lang.reflect.Method.invoke(Method.java:498)
	at org.testng.internal.MethodInvocationHelper.invokeMethod(MethodInvocationHelper.java:86)
	at org.testng.internal.Invoker.invokeMethod(Invoker.java:643)
	at org.testng.internal.Invoker.invokeTestMethod(Invoker.java:820)
	at org.testng.internal.Invoker.invokeTestMethods(Invoker.java:1128)
	at org.testng.internal.TestMethodWorker.invokeTestMethods(TestMethodWorker.java:129)
	at org.testng.internal.TestMethodWorker.run(TestMethodWorker.java:112)
	at org.testng.TestRunner.privateRun(TestRunner.java:782)
	at org.testng.TestRunner.run(TestRunner.java:632)
	at org.testng.SuiteRunner.runTest(SuiteRunner.java:366)
	at org.testng.SuiteRunner.runSequentially(SuiteRunner.java:361)
	at org.testng.SuiteRunner.privateRun(SuiteRunner.java:319)
	at org.testng.SuiteRunner.run(SuiteRunner.java:268)
	at org.testng.SuiteRunnerWorker.runSuite(SuiteRunnerWorker.java:52)
	at org.testng.SuiteRunnerWorker.run(SuiteRunnerWorker.java:86)
	at org.testng.TestNG.runSuitesSequentially(TestNG.java:1244)
	at org.testng.TestNG.runSuitesLocally(TestNG.java:1169)
	at org.testng.TestNG.run(TestNG.java:1064)
	at org.apache.maven.surefire.testng.TestNGExecutor.run(TestNGExecutor.java:282)
	at org.apache.maven.surefire.testng.TestNGXmlTestSuite.execute(TestNGXmlTestSuite.java:83)
	at org.apache.maven.surefire.testng.TestNGProvider.invoke(TestNGProvider.java:114)
	at org.apache.maven.surefire.booter.ForkedBooter.invokeProviderInSameClassLoader(ForkedBooter.java:286)
	at org.apache.maven.surefire.booter.ForkedBooter.runSuitesInProcess(ForkedBooter.java:240)
	at org.apache.maven.surefire.booter.ForkedBooter.main(ForkedBooter.java:121)
]]>
    </failure>
  </testcase> <!-- TC_25_JumpPoints_008_LandRover -->
  <testcase name="TC_26_JumpPoints_009_Lamborghini" time="10.654" classname="uk.co.sytner.hompage.JumpPoint"/>
  <testcase name="TC_37_JumpPoints_020_Volkswagen" time="12.999" classname="uk.co.sytner.hompage.JumpPoint"/>
  <testcase name="TC_35_JumpPoints_018_Skoda" time="14.200" classname="uk.co.sytner.hompage.JumpPoint"/>
  <testcase name="TC_28_JumpPoints_011_Maserati" time="17.146" classname="uk.co.sytner.hompage.JumpPoint"/>
  <testcase name="TC_31_JumpPoints_014_Mini" time="18.066" classname="uk.co.sytner.hompage.JumpPoint"/>
  <testcase name="TC_21_JumpPoints_004_BMW" time="13.301" classname="uk.co.sytner.hompage.JumpPoint"/>
  <testcase name="TC_23_JumpPoints_006_AstonMartin" time="10.500" classname="uk.co.sytner.hompage.JumpPoint"/>
  <testcase name="TC_22_JumpPoints_005_Ferrari" time="15.083" classname="uk.co.sytner.hompage.JumpPoint"/>
  <testcase name="TC_39_JumpPoints_022_Volvo" time="14.897" classname="uk.co.sytner.hompage.JumpPoint"/>
  <testcase name="TC_19_JumpPoints_002_Audi" time="17.063" classname="uk.co.sytner.hompage.JumpPoint"/>
  <testcase name="TC_25_JumpPoints_008_LandRover" time="14.076" classname="uk.co.sytner.hompage.JumpPoint">
    <failure type="java.lang.AssertionError" message="expected [true] but found [false]">
      <![CDATA[java.lang.AssertionError: expected [true] but found [false]
	at org.testng.Assert.fail(Assert.java:94)
	at org.testng.Assert.failNotEquals(Assert.java:513)
	at org.testng.Assert.assertTrue(Assert.java:42)
	at org.testng.Assert.assertTrue(Assert.java:52)
	at commons.AbstractTest.checkPassed(AbstractTest.java:63)
	at commons.AbstractTest.verifyTrue(AbstractTest.java:74)
	at uk.co.sytner.hompage.JumpPoint.TC_25_JumpPoints_008_LandRover(JumpPoint.java:187)
	at sun.reflect.NativeMethodAccessorImpl.invoke0(Native Method)
	at sun.reflect.NativeMethodAccessorImpl.invoke(NativeMethodAccessorImpl.java:62)
	at sun.reflect.DelegatingMethodAccessorImpl.invoke(DelegatingMethodAccessorImpl.java:43)
	at java.lang.reflect.Method.invoke(Method.java:498)
	at org.testng.internal.MethodInvocationHelper.invokeMethod(MethodInvocationHelper.java:86)
	at org.testng.internal.Invoker.invokeMethod(Invoker.java:643)
	at org.testng.internal.Invoker.retryFailed(Invoker.java:967)
	at org.testng.internal.Invoker.invokeTestMethods(Invoker.java:1146)
	at org.testng.internal.TestMethodWorker.invokeTestMethods(TestMethodWorker.java:129)
	at org.testng.internal.TestMethodWorker.run(TestMethodWorker.java:112)
	at org.testng.TestRunner.privateRun(TestRunner.java:782)
	at org.testng.TestRunner.run(TestRunner.java:632)
	at org.testng.SuiteRunner.runTest(SuiteRunner.java:366)
	at org.testng.SuiteRunner.runSequentially(SuiteRunner.java:361)
	at org.testng.SuiteRunner.privateRun(SuiteRunner.java:319)
	at org.testng.SuiteRunner.run(SuiteRunner.java:268)
	at org.testng.SuiteRunnerWorker.runSuite(SuiteRunnerWorker.java:52)
	at org.testng.SuiteRunnerWorker.run(SuiteRunnerWorker.java:86)
	at org.testng.TestNG.runSuitesSequentially(TestNG.java:1244)
	at org.testng.TestNG.runSuitesLocally(TestNG.java:1169)
	at org.testng.TestNG.run(TestNG.java:1064)
	at org.apache.maven.surefire.testng.TestNGExecutor.run(TestNGExecutor.java:282)
	at org.apache.maven.surefire.testng.TestNGXmlTestSuite.execute(TestNGXmlTestSuite.java:83)
	at org.apache.maven.surefire.testng.TestNGProvider.invoke(TestNGProvider.java:114)
	at org.apache.maven.surefire.booter.ForkedBooter.invokeProviderInSameClassLoader(ForkedBooter.java:286)
	at org.apache.maven.surefire.booter.ForkedBooter.runSuitesInProcess(ForkedBooter.java:240)
	at org.apache.maven.surefire.booter.ForkedBooter.main(ForkedBooter.java:121)
]]>
    </failure>
  </testcase> <!-- TC_25_JumpPoints_008_LandRover -->
  <testcase name="TC_29_JumpPoints_012_McLaren" time="17.230" classname="uk.co.sytner.hompage.JumpPoint"/>
  <testcase name="TC_34_JumpPoints_017_Seat" time="18.839" classname="uk.co.sytner.hompage.JumpPoint"/>
  <testcase name="TC_36_JumpPoints_019_Smart" time="14.179" classname="uk.co.sytner.hompage.JumpPoint"/>
  <testcase name="TC_20_JumpPoints_003_Bentley" time="16.580" classname="uk.co.sytner.hompage.JumpPoint"/>
  <testcase name="TC_24_JumpPoints_007_Jaguar" time="12.399" classname="uk.co.sytner.hompage.JumpPoint"/>
  <testcase name="TC_33_JumpPoints_016_RollsRoyce" time="12.501" classname="uk.co.sytner.hompage.JumpPoint"/>
  <testcase name="TC_27_JumpPoints_010_SytnerSelect" time="14.873" classname="uk.co.sytner.hompage.JumpPoint"/>
  <testcase name="TC_25_JumpPoints_008_LandRover" time="17.435" classname="uk.co.sytner.hompage.JumpPoint">
    <failure type="java.lang.AssertionError" message="expected [true] but found [false]">
      <![CDATA[java.lang.AssertionError: expected [true] but found [false]
	at org.testng.Assert.fail(Assert.java:94)
	at org.testng.Assert.failNotEquals(Assert.java:513)
	at org.testng.Assert.assertTrue(Assert.java:42)
	at org.testng.Assert.assertTrue(Assert.java:52)
	at commons.AbstractTest.checkPassed(AbstractTest.java:63)
	at commons.AbstractTest.verifyTrue(AbstractTest.java:74)
	at uk.co.sytner.hompage.JumpPoint.TC_25_JumpPoints_008_LandRover(JumpPoint.java:187)
	at sun.reflect.NativeMethodAccessorImpl.invoke0(Native Method)
	at sun.reflect.NativeMethodAccessorImpl.invoke(NativeMethodAccessorImpl.java:62)
	at sun.reflect.DelegatingMethodAccessorImpl.invoke(DelegatingMethodAccessorImpl.java:43)
	at java.lang.reflect.Method.invoke(Method.java:498)
	at org.testng.internal.MethodInvocationHelper.invokeMethod(MethodInvocationHelper.java:86)
	at org.testng.internal.Invoker.invokeMethod(Invoker.java:643)
	at org.testng.internal.Invoker.retryFailed(Invoker.java:967)
	at org.testng.internal.Invoker.invokeTestMethods(Invoker.java:1146)
	at org.testng.internal.TestMethodWorker.invokeTestMethods(TestMethodWorker.java:129)
	at org.testng.internal.TestMethodWorker.run(TestMethodWorker.java:112)
	at org.testng.TestRunner.privateRun(TestRunner.java:782)
	at org.testng.TestRunner.run(TestRunner.java:632)
	at org.testng.SuiteRunner.runTest(SuiteRunner.java:366)
	at org.testng.SuiteRunner.runSequentially(SuiteRunner.java:361)
	at org.testng.SuiteRunner.privateRun(SuiteRunner.java:319)
	at org.testng.SuiteRunner.run(SuiteRunner.java:268)
	at org.testng.SuiteRunnerWorker.runSuite(SuiteRunnerWorker.java:52)
	at org.testng.SuiteRunnerWorker.run(SuiteRunnerWorker.java:86)
	at org.testng.TestNG.runSuitesSequentially(TestNG.java:1244)
	at org.testng.TestNG.runSuitesLocally(TestNG.java:1169)
	at org.testng.TestNG.run(TestNG.java:1064)
	at org.apache.maven.surefire.testng.TestNGExecutor.run(TestNGExecutor.java:282)
	at org.apache.maven.surefire.testng.TestNGXmlTestSuite.execute(TestNGXmlTestSuite.java:83)
	at org.apache.maven.surefire.testng.TestNGProvider.invoke(TestNGProvider.java:114)
	at org.apache.maven.surefire.booter.ForkedBooter.invokeProviderInSameClassLoader(ForkedBooter.java:286)
	at org.apache.maven.surefire.booter.ForkedBooter.runSuitesInProcess(ForkedBooter.java:240)
	at org.apache.maven.surefire.booter.ForkedBooter.main(ForkedBooter.java:121)
]]>
    </failure>
  </testcase> <!-- TC_25_JumpPoints_008_LandRover -->
  <testcase name="TC_18_JumpPoints_001_Alpina" time="15.572" classname="uk.co.sytner.hompage.JumpPoint"/>
  <testcase name="TC_32_JumpPoints_015_Porsche" time="18.247" classname="uk.co.sytner.hompage.JumpPoint"/>
</testsuite> <!-- uk.co.sytner.hompage.JumpPoint -->
