<?xml version="1.0" encoding="UTF-8"?>
<!-- Generated by org.testng.reporters.JUnitXMLReporter -->
<testsuite hostname="S056005530" name="Run test on Chrome browser" tests="66" failures="22" timestamp="21 Sep 2020 00:20:47 GMT" time="1868.029" errors="0">
  <testcase name="TC_18_JumpPoints_001_Alpina" time="30.803" classname="uk.co.sytner.hompage.JumpPoint">
    <skipped/>
  </testcase> <!-- TC_18_JumpPoints_001_Alpina -->
  <testcase name="TC_18_JumpPoints_001_Alpina" time="30.18" classname="uk.co.sytner.hompage.JumpPoint">
    <skipped/>
  </testcase> <!-- TC_18_JumpPoints_001_Alpina -->
  <testcase name="TC_18_JumpPoints_001_Alpina" time="30.273" classname="uk.co.sytner.hompage.JumpPoint">
    <failure type="org.openqa.selenium.TimeoutException" message="Expected condition failed: waiting for visibility of element located by By.xpath: //div[contains(@class, &amp;apos;jump module alpina&amp;apos;)]//span[@class = &amp;apos;content&amp;apos;] (tried for 30 second(s) with 500 MILLISECONDS interval)
Build info: version: &amp;apos;3.9.1&amp;apos;, revision: &amp;apos;63f7b50&amp;apos;, time: &amp;apos;2018-02-07T22:25:02.294Z&amp;apos;
System info: host: &amp;apos;S056005530&amp;apos;, ip: &amp;apos;10.0.0.222&amp;apos;, os.name: &amp;apos;Windows 10&amp;apos;, os.arch: &amp;apos;amd64&amp;apos;, os.version: &amp;apos;10.0&amp;apos;, java.version: &amp;apos;1.8.0_261&amp;apos;
Driver info: org.openqa.selenium.chrome.ChromeDriver
Capabilities {acceptInsecureCerts: false, browserName: chrome, browserVersion: 85.0.4183.102, chrome: {chromedriverVersion: 85.0.4183.87 (cd6713ebf92fa..., userDataDir: C:\Users\TRI~1.NGU\AppData\...}, goog:chromeOptions: {debuggerAddress: localhost:58794}, javascriptEnabled: true, networkConnectionEnabled: false, pageLoadStrategy: normal, platform: WINDOWS, platformName: WINDOWS, proxy: Proxy(), setWindowRect: true, strictFileInteractability: false, timeouts: {implicit: 0, pageLoad: 300000, script: 30000}, unhandledPromptBehavior: dismiss and notify, webauthn:virtualAuthenticators: true}
Session ID: 98e910f4238f751e82dbd12355e92feb">
      <![CDATA[org.openqa.selenium.TimeoutException: Expected condition failed: waiting for visibility of element located by By.xpath: //div[contains(@class, 'jump module alpina')]//span[@class = 'content'] (tried for 30 second(s) with 500 MILLISECONDS interval)
Build info: version: '3.9.1', revision: '63f7b50', time: '2018-02-07T22:25:02.294Z'
System info: host: 'S056005530', ip: '10.0.0.222', os.name: 'Windows 10', os.arch: 'amd64', os.version: '10.0', java.version: '1.8.0_261'
Driver info: org.openqa.selenium.chrome.ChromeDriver
Capabilities {acceptInsecureCerts: false, browserName: chrome, browserVersion: 85.0.4183.102, chrome: {chromedriverVersion: 85.0.4183.87 (cd6713ebf92fa..., userDataDir: C:\Users\TRI~1.NGU\AppData\...}, goog:chromeOptions: {debuggerAddress: localhost:58794}, javascriptEnabled: true, networkConnectionEnabled: false, pageLoadStrategy: normal, platform: WINDOWS, platformName: WINDOWS, proxy: Proxy(), setWindowRect: true, strictFileInteractability: false, timeouts: {implicit: 0, pageLoad: 300000, script: 30000}, unhandledPromptBehavior: dismiss and notify, webauthn:virtualAuthenticators: true}
Session ID: 98e910f4238f751e82dbd12355e92feb
	at org.openqa.selenium.support.ui.WebDriverWait.timeoutException(WebDriverWait.java:82)
	at org.openqa.selenium.support.ui.FluentWait.until(FluentWait.java:231)
	at commons.AbstractPage.hoverMouseToElement(AbstractPage.java:443)
	at pageobject.HomePageObjects.moveToAnyJumpPoint(HomePageObjects.java:34)
	at uk.co.sytner.hompage.JumpPoint.TC_18_JumpPoints_001_Alpina(JumpPoint.java:31)
... Removed 27 stack frames]]>
    </failure>
  </testcase> <!-- TC_18_JumpPoints_001_Alpina -->
  <testcase name="TC_19_JumpPoints_002_Audi" time="30.169" classname="uk.co.sytner.hompage.JumpPoint">
    <skipped/>
  </testcase> <!-- TC_19_JumpPoints_002_Audi -->
  <testcase name="TC_19_JumpPoints_002_Audi" time="30.226" classname="uk.co.sytner.hompage.JumpPoint">
    <skipped/>
  </testcase> <!-- TC_19_JumpPoints_002_Audi -->
  <testcase name="TC_19_JumpPoints_002_Audi" time="30.291" classname="uk.co.sytner.hompage.JumpPoint">
    <failure type="org.openqa.selenium.TimeoutException" message="Expected condition failed: waiting for visibility of element located by By.xpath: //div[contains(@class, &amp;apos;jump module audi&amp;apos;)]//span[@class = &amp;apos;content&amp;apos;] (tried for 30 second(s) with 500 MILLISECONDS interval)
Build info: version: &amp;apos;3.9.1&amp;apos;, revision: &amp;apos;63f7b50&amp;apos;, time: &amp;apos;2018-02-07T22:25:02.294Z&amp;apos;
System info: host: &amp;apos;S056005530&amp;apos;, ip: &amp;apos;10.0.0.222&amp;apos;, os.name: &amp;apos;Windows 10&amp;apos;, os.arch: &amp;apos;amd64&amp;apos;, os.version: &amp;apos;10.0&amp;apos;, java.version: &amp;apos;1.8.0_261&amp;apos;
Driver info: org.openqa.selenium.chrome.ChromeDriver
Capabilities {acceptInsecureCerts: false, browserName: chrome, browserVersion: 85.0.4183.102, chrome: {chromedriverVersion: 85.0.4183.87 (cd6713ebf92fa..., userDataDir: C:\Users\TRI~1.NGU\AppData\...}, goog:chromeOptions: {debuggerAddress: localhost:58794}, javascriptEnabled: true, networkConnectionEnabled: false, pageLoadStrategy: normal, platform: WINDOWS, platformName: WINDOWS, proxy: Proxy(), setWindowRect: true, strictFileInteractability: false, timeouts: {implicit: 0, pageLoad: 300000, script: 30000}, unhandledPromptBehavior: dismiss and notify, webauthn:virtualAuthenticators: true}
Session ID: 98e910f4238f751e82dbd12355e92feb">
      <![CDATA[org.openqa.selenium.TimeoutException: Expected condition failed: waiting for visibility of element located by By.xpath: //div[contains(@class, 'jump module audi')]//span[@class = 'content'] (tried for 30 second(s) with 500 MILLISECONDS interval)
Build info: version: '3.9.1', revision: '63f7b50', time: '2018-02-07T22:25:02.294Z'
System info: host: 'S056005530', ip: '10.0.0.222', os.name: 'Windows 10', os.arch: 'amd64', os.version: '10.0', java.version: '1.8.0_261'
Driver info: org.openqa.selenium.chrome.ChromeDriver
Capabilities {acceptInsecureCerts: false, browserName: chrome, browserVersion: 85.0.4183.102, chrome: {chromedriverVersion: 85.0.4183.87 (cd6713ebf92fa..., userDataDir: C:\Users\TRI~1.NGU\AppData\...}, goog:chromeOptions: {debuggerAddress: localhost:58794}, javascriptEnabled: true, networkConnectionEnabled: false, pageLoadStrategy: normal, platform: WINDOWS, platformName: WINDOWS, proxy: Proxy(), setWindowRect: true, strictFileInteractability: false, timeouts: {implicit: 0, pageLoad: 300000, script: 30000}, unhandledPromptBehavior: dismiss and notify, webauthn:virtualAuthenticators: true}
Session ID: 98e910f4238f751e82dbd12355e92feb
	at org.openqa.selenium.support.ui.WebDriverWait.timeoutException(WebDriverWait.java:82)
	at org.openqa.selenium.support.ui.FluentWait.until(FluentWait.java:231)
	at commons.AbstractPage.hoverMouseToElement(AbstractPage.java:443)
	at pageobject.HomePageObjects.moveToAnyJumpPoint(HomePageObjects.java:34)
	at uk.co.sytner.hompage.JumpPoint.TC_19_JumpPoints_002_Audi(JumpPoint.java:52)
... Removed 27 stack frames]]>
    </failure>
  </testcase> <!-- TC_19_JumpPoints_002_Audi -->
  <testcase name="TC_20_JumpPoints_003_Bentley" time="30.515" classname="uk.co.sytner.hompage.JumpPoint">
    <skipped/>
  </testcase> <!-- TC_20_JumpPoints_003_Bentley -->
  <testcase name="TC_20_JumpPoints_003_Bentley" time="30.335" classname="uk.co.sytner.hompage.JumpPoint">
    <skipped/>
  </testcase> <!-- TC_20_JumpPoints_003_Bentley -->
  <testcase name="TC_20_JumpPoints_003_Bentley" time="30.305" classname="uk.co.sytner.hompage.JumpPoint">
    <failure type="org.openqa.selenium.TimeoutException" message="Expected condition failed: waiting for visibility of element located by By.xpath: //div[contains(@class, &amp;apos;jump module bentley&amp;apos;)]//span[@class = &amp;apos;content&amp;apos;] (tried for 30 second(s) with 500 MILLISECONDS interval)
Build info: version: &amp;apos;3.9.1&amp;apos;, revision: &amp;apos;63f7b50&amp;apos;, time: &amp;apos;2018-02-07T22:25:02.294Z&amp;apos;
System info: host: &amp;apos;S056005530&amp;apos;, ip: &amp;apos;10.0.0.222&amp;apos;, os.name: &amp;apos;Windows 10&amp;apos;, os.arch: &amp;apos;amd64&amp;apos;, os.version: &amp;apos;10.0&amp;apos;, java.version: &amp;apos;1.8.0_261&amp;apos;
Driver info: org.openqa.selenium.chrome.ChromeDriver
Capabilities {acceptInsecureCerts: false, browserName: chrome, browserVersion: 85.0.4183.102, chrome: {chromedriverVersion: 85.0.4183.87 (cd6713ebf92fa..., userDataDir: C:\Users\TRI~1.NGU\AppData\...}, goog:chromeOptions: {debuggerAddress: localhost:58794}, javascriptEnabled: true, networkConnectionEnabled: false, pageLoadStrategy: normal, platform: WINDOWS, platformName: WINDOWS, proxy: Proxy(), setWindowRect: true, strictFileInteractability: false, timeouts: {implicit: 0, pageLoad: 300000, script: 30000}, unhandledPromptBehavior: dismiss and notify, webauthn:virtualAuthenticators: true}
Session ID: 98e910f4238f751e82dbd12355e92feb">
      <![CDATA[org.openqa.selenium.TimeoutException: Expected condition failed: waiting for visibility of element located by By.xpath: //div[contains(@class, 'jump module bentley')]//span[@class = 'content'] (tried for 30 second(s) with 500 MILLISECONDS interval)
Build info: version: '3.9.1', revision: '63f7b50', time: '2018-02-07T22:25:02.294Z'
System info: host: 'S056005530', ip: '10.0.0.222', os.name: 'Windows 10', os.arch: 'amd64', os.version: '10.0', java.version: '1.8.0_261'
Driver info: org.openqa.selenium.chrome.ChromeDriver
Capabilities {acceptInsecureCerts: false, browserName: chrome, browserVersion: 85.0.4183.102, chrome: {chromedriverVersion: 85.0.4183.87 (cd6713ebf92fa..., userDataDir: C:\Users\TRI~1.NGU\AppData\...}, goog:chromeOptions: {debuggerAddress: localhost:58794}, javascriptEnabled: true, networkConnectionEnabled: false, pageLoadStrategy: normal, platform: WINDOWS, platformName: WINDOWS, proxy: Proxy(), setWindowRect: true, strictFileInteractability: false, timeouts: {implicit: 0, pageLoad: 300000, script: 30000}, unhandledPromptBehavior: dismiss and notify, webauthn:virtualAuthenticators: true}
Session ID: 98e910f4238f751e82dbd12355e92feb
	at org.openqa.selenium.support.ui.WebDriverWait.timeoutException(WebDriverWait.java:82)
	at org.openqa.selenium.support.ui.FluentWait.until(FluentWait.java:231)
	at commons.AbstractPage.hoverMouseToElement(AbstractPage.java:443)
	at pageobject.HomePageObjects.moveToAnyJumpPoint(HomePageObjects.java:34)
	at uk.co.sytner.hompage.JumpPoint.TC_20_JumpPoints_003_Bentley(JumpPoint.java:73)
... Removed 27 stack frames]]>
    </failure>
  </testcase> <!-- TC_20_JumpPoints_003_Bentley -->
  <testcase name="TC_21_JumpPoints_004_BMW" time="30.195" classname="uk.co.sytner.hompage.JumpPoint">
    <skipped/>
  </testcase> <!-- TC_21_JumpPoints_004_BMW -->
  <testcase name="TC_21_JumpPoints_004_BMW" time="30.332" classname="uk.co.sytner.hompage.JumpPoint">
    <skipped/>
  </testcase> <!-- TC_21_JumpPoints_004_BMW -->
  <testcase name="TC_21_JumpPoints_004_BMW" time="30.251" classname="uk.co.sytner.hompage.JumpPoint">
    <failure type="org.openqa.selenium.TimeoutException" message="Expected condition failed: waiting for visibility of element located by By.xpath: //div[contains(@class, &amp;apos;jump module bmw&amp;apos;)]//span[@class = &amp;apos;content&amp;apos;] (tried for 30 second(s) with 500 MILLISECONDS interval)
Build info: version: &amp;apos;3.9.1&amp;apos;, revision: &amp;apos;63f7b50&amp;apos;, time: &amp;apos;2018-02-07T22:25:02.294Z&amp;apos;
System info: host: &amp;apos;S056005530&amp;apos;, ip: &amp;apos;10.0.0.222&amp;apos;, os.name: &amp;apos;Windows 10&amp;apos;, os.arch: &amp;apos;amd64&amp;apos;, os.version: &amp;apos;10.0&amp;apos;, java.version: &amp;apos;1.8.0_261&amp;apos;
Driver info: org.openqa.selenium.chrome.ChromeDriver
Capabilities {acceptInsecureCerts: false, browserName: chrome, browserVersion: 85.0.4183.102, chrome: {chromedriverVersion: 85.0.4183.87 (cd6713ebf92fa..., userDataDir: C:\Users\TRI~1.NGU\AppData\...}, goog:chromeOptions: {debuggerAddress: localhost:58794}, javascriptEnabled: true, networkConnectionEnabled: false, pageLoadStrategy: normal, platform: WINDOWS, platformName: WINDOWS, proxy: Proxy(), setWindowRect: true, strictFileInteractability: false, timeouts: {implicit: 0, pageLoad: 300000, script: 30000}, unhandledPromptBehavior: dismiss and notify, webauthn:virtualAuthenticators: true}
Session ID: 98e910f4238f751e82dbd12355e92feb">
      <![CDATA[org.openqa.selenium.TimeoutException: Expected condition failed: waiting for visibility of element located by By.xpath: //div[contains(@class, 'jump module bmw')]//span[@class = 'content'] (tried for 30 second(s) with 500 MILLISECONDS interval)
Build info: version: '3.9.1', revision: '63f7b50', time: '2018-02-07T22:25:02.294Z'
System info: host: 'S056005530', ip: '10.0.0.222', os.name: 'Windows 10', os.arch: 'amd64', os.version: '10.0', java.version: '1.8.0_261'
Driver info: org.openqa.selenium.chrome.ChromeDriver
Capabilities {acceptInsecureCerts: false, browserName: chrome, browserVersion: 85.0.4183.102, chrome: {chromedriverVersion: 85.0.4183.87 (cd6713ebf92fa..., userDataDir: C:\Users\TRI~1.NGU\AppData\...}, goog:chromeOptions: {debuggerAddress: localhost:58794}, javascriptEnabled: true, networkConnectionEnabled: false, pageLoadStrategy: normal, platform: WINDOWS, platformName: WINDOWS, proxy: Proxy(), setWindowRect: true, strictFileInteractability: false, timeouts: {implicit: 0, pageLoad: 300000, script: 30000}, unhandledPromptBehavior: dismiss and notify, webauthn:virtualAuthenticators: true}
Session ID: 98e910f4238f751e82dbd12355e92feb
	at org.openqa.selenium.support.ui.WebDriverWait.timeoutException(WebDriverWait.java:82)
	at org.openqa.selenium.support.ui.FluentWait.until(FluentWait.java:231)
	at commons.AbstractPage.hoverMouseToElement(AbstractPage.java:443)
	at pageobject.HomePageObjects.moveToAnyJumpPoint(HomePageObjects.java:34)
	at uk.co.sytner.hompage.JumpPoint.TC_21_JumpPoints_004_BMW(JumpPoint.java:94)
... Removed 27 stack frames]]>
    </failure>
  </testcase> <!-- TC_21_JumpPoints_004_BMW -->
  <testcase name="TC_22_JumpPoints_005_Ferrari" time="30.122" classname="uk.co.sytner.hompage.JumpPoint">
    <skipped/>
  </testcase> <!-- TC_22_JumpPoints_005_Ferrari -->
  <testcase name="TC_22_JumpPoints_005_Ferrari" time="30.57" classname="uk.co.sytner.hompage.JumpPoint">
    <skipped/>
  </testcase> <!-- TC_22_JumpPoints_005_Ferrari -->
  <testcase name="TC_22_JumpPoints_005_Ferrari" time="30.264" classname="uk.co.sytner.hompage.JumpPoint">
    <failure type="org.openqa.selenium.TimeoutException" message="Expected condition failed: waiting for visibility of element located by By.xpath: //div[contains(@class, &amp;apos;jump module ferrari&amp;apos;)]//span[@class = &amp;apos;content&amp;apos;] (tried for 30 second(s) with 500 MILLISECONDS interval)
Build info: version: &amp;apos;3.9.1&amp;apos;, revision: &amp;apos;63f7b50&amp;apos;, time: &amp;apos;2018-02-07T22:25:02.294Z&amp;apos;
System info: host: &amp;apos;S056005530&amp;apos;, ip: &amp;apos;10.0.0.222&amp;apos;, os.name: &amp;apos;Windows 10&amp;apos;, os.arch: &amp;apos;amd64&amp;apos;, os.version: &amp;apos;10.0&amp;apos;, java.version: &amp;apos;1.8.0_261&amp;apos;
Driver info: org.openqa.selenium.chrome.ChromeDriver
Capabilities {acceptInsecureCerts: false, browserName: chrome, browserVersion: 85.0.4183.102, chrome: {chromedriverVersion: 85.0.4183.87 (cd6713ebf92fa..., userDataDir: C:\Users\TRI~1.NGU\AppData\...}, goog:chromeOptions: {debuggerAddress: localhost:58794}, javascriptEnabled: true, networkConnectionEnabled: false, pageLoadStrategy: normal, platform: WINDOWS, platformName: WINDOWS, proxy: Proxy(), setWindowRect: true, strictFileInteractability: false, timeouts: {implicit: 0, pageLoad: 300000, script: 30000}, unhandledPromptBehavior: dismiss and notify, webauthn:virtualAuthenticators: true}
Session ID: 98e910f4238f751e82dbd12355e92feb">
      <![CDATA[org.openqa.selenium.TimeoutException: Expected condition failed: waiting for visibility of element located by By.xpath: //div[contains(@class, 'jump module ferrari')]//span[@class = 'content'] (tried for 30 second(s) with 500 MILLISECONDS interval)
Build info: version: '3.9.1', revision: '63f7b50', time: '2018-02-07T22:25:02.294Z'
System info: host: 'S056005530', ip: '10.0.0.222', os.name: 'Windows 10', os.arch: 'amd64', os.version: '10.0', java.version: '1.8.0_261'
Driver info: org.openqa.selenium.chrome.ChromeDriver
Capabilities {acceptInsecureCerts: false, browserName: chrome, browserVersion: 85.0.4183.102, chrome: {chromedriverVersion: 85.0.4183.87 (cd6713ebf92fa..., userDataDir: C:\Users\TRI~1.NGU\AppData\...}, goog:chromeOptions: {debuggerAddress: localhost:58794}, javascriptEnabled: true, networkConnectionEnabled: false, pageLoadStrategy: normal, platform: WINDOWS, platformName: WINDOWS, proxy: Proxy(), setWindowRect: true, strictFileInteractability: false, timeouts: {implicit: 0, pageLoad: 300000, script: 30000}, unhandledPromptBehavior: dismiss and notify, webauthn:virtualAuthenticators: true}
Session ID: 98e910f4238f751e82dbd12355e92feb
	at org.openqa.selenium.support.ui.WebDriverWait.timeoutException(WebDriverWait.java:82)
	at org.openqa.selenium.support.ui.FluentWait.until(FluentWait.java:231)
	at commons.AbstractPage.hoverMouseToElement(AbstractPage.java:443)
	at pageobject.HomePageObjects.moveToAnyJumpPoint(HomePageObjects.java:34)
	at uk.co.sytner.hompage.JumpPoint.TC_22_JumpPoints_005_Ferrari(JumpPoint.java:115)
... Removed 27 stack frames]]>
    </failure>
  </testcase> <!-- TC_22_JumpPoints_005_Ferrari -->
  <testcase name="TC_23_JumpPoints_006_AstonMartin" time="30.335" classname="uk.co.sytner.hompage.JumpPoint">
    <skipped/>
  </testcase> <!-- TC_23_JumpPoints_006_AstonMartin -->
  <testcase name="TC_23_JumpPoints_006_AstonMartin" time="11.851" classname="uk.co.sytner.hompage.JumpPoint">
    <skipped/>
  </testcase> <!-- TC_23_JumpPoints_006_AstonMartin -->
  <testcase name="TC_23_JumpPoints_006_AstonMartin" time="30.214" classname="uk.co.sytner.hompage.JumpPoint">
    <failure type="org.openqa.selenium.TimeoutException" message="Expected condition failed: waiting for visibility of element located by By.xpath: //div[contains(@class, &amp;apos;jump module aston-martin&amp;apos;)]//span[@class = &amp;apos;content&amp;apos;] (tried for 30 second(s) with 500 MILLISECONDS interval)
Build info: version: &amp;apos;3.9.1&amp;apos;, revision: &amp;apos;63f7b50&amp;apos;, time: &amp;apos;2018-02-07T22:25:02.294Z&amp;apos;
System info: host: &amp;apos;S056005530&amp;apos;, ip: &amp;apos;10.0.0.222&amp;apos;, os.name: &amp;apos;Windows 10&amp;apos;, os.arch: &amp;apos;amd64&amp;apos;, os.version: &amp;apos;10.0&amp;apos;, java.version: &amp;apos;1.8.0_261&amp;apos;
Driver info: org.openqa.selenium.chrome.ChromeDriver
Capabilities {acceptInsecureCerts: false, browserName: chrome, browserVersion: 85.0.4183.102, chrome: {chromedriverVersion: 85.0.4183.87 (cd6713ebf92fa..., userDataDir: C:\Users\TRI~1.NGU\AppData\...}, goog:chromeOptions: {debuggerAddress: localhost:58794}, javascriptEnabled: true, networkConnectionEnabled: false, pageLoadStrategy: normal, platform: WINDOWS, platformName: WINDOWS, proxy: Proxy(), setWindowRect: true, strictFileInteractability: false, timeouts: {implicit: 0, pageLoad: 300000, script: 30000}, unhandledPromptBehavior: dismiss and notify, webauthn:virtualAuthenticators: true}
Session ID: 98e910f4238f751e82dbd12355e92feb">
      <![CDATA[org.openqa.selenium.TimeoutException: Expected condition failed: waiting for visibility of element located by By.xpath: //div[contains(@class, 'jump module aston-martin')]//span[@class = 'content'] (tried for 30 second(s) with 500 MILLISECONDS interval)
Build info: version: '3.9.1', revision: '63f7b50', time: '2018-02-07T22:25:02.294Z'
System info: host: 'S056005530', ip: '10.0.0.222', os.name: 'Windows 10', os.arch: 'amd64', os.version: '10.0', java.version: '1.8.0_261'
Driver info: org.openqa.selenium.chrome.ChromeDriver
Capabilities {acceptInsecureCerts: false, browserName: chrome, browserVersion: 85.0.4183.102, chrome: {chromedriverVersion: 85.0.4183.87 (cd6713ebf92fa..., userDataDir: C:\Users\TRI~1.NGU\AppData\...}, goog:chromeOptions: {debuggerAddress: localhost:58794}, javascriptEnabled: true, networkConnectionEnabled: false, pageLoadStrategy: normal, platform: WINDOWS, platformName: WINDOWS, proxy: Proxy(), setWindowRect: true, strictFileInteractability: false, timeouts: {implicit: 0, pageLoad: 300000, script: 30000}, unhandledPromptBehavior: dismiss and notify, webauthn:virtualAuthenticators: true}
Session ID: 98e910f4238f751e82dbd12355e92feb
	at org.openqa.selenium.support.ui.WebDriverWait.timeoutException(WebDriverWait.java:82)
	at org.openqa.selenium.support.ui.FluentWait.until(FluentWait.java:231)
	at commons.AbstractPage.hoverMouseToElement(AbstractPage.java:443)
	at pageobject.HomePageObjects.moveToAnyJumpPoint(HomePageObjects.java:34)
	at uk.co.sytner.hompage.JumpPoint.TC_23_JumpPoints_006_AstonMartin(JumpPoint.java:136)
... Removed 27 stack frames]]>
    </failure>
  </testcase> <!-- TC_23_JumpPoints_006_AstonMartin -->
  <testcase name="TC_24_JumpPoints_007_Jaguar" time="30.162" classname="uk.co.sytner.hompage.JumpPoint">
    <skipped/>
  </testcase> <!-- TC_24_JumpPoints_007_Jaguar -->
  <testcase name="TC_24_JumpPoints_007_Jaguar" time="30.111" classname="uk.co.sytner.hompage.JumpPoint">
    <skipped/>
  </testcase> <!-- TC_24_JumpPoints_007_Jaguar -->
  <testcase name="TC_24_JumpPoints_007_Jaguar" time="30.251" classname="uk.co.sytner.hompage.JumpPoint">
    <failure type="org.openqa.selenium.TimeoutException" message="Expected condition failed: waiting for visibility of element located by By.xpath: //div[contains(@class, &amp;apos;jump module jaguar&amp;apos;)]//span[@class = &amp;apos;content&amp;apos;] (tried for 30 second(s) with 500 MILLISECONDS interval)
Build info: version: &amp;apos;3.9.1&amp;apos;, revision: &amp;apos;63f7b50&amp;apos;, time: &amp;apos;2018-02-07T22:25:02.294Z&amp;apos;
System info: host: &amp;apos;S056005530&amp;apos;, ip: &amp;apos;10.0.0.222&amp;apos;, os.name: &amp;apos;Windows 10&amp;apos;, os.arch: &amp;apos;amd64&amp;apos;, os.version: &amp;apos;10.0&amp;apos;, java.version: &amp;apos;1.8.0_261&amp;apos;
Driver info: org.openqa.selenium.chrome.ChromeDriver
Capabilities {acceptInsecureCerts: false, browserName: chrome, browserVersion: 85.0.4183.102, chrome: {chromedriverVersion: 85.0.4183.87 (cd6713ebf92fa..., userDataDir: C:\Users\TRI~1.NGU\AppData\...}, goog:chromeOptions: {debuggerAddress: localhost:58794}, javascriptEnabled: true, networkConnectionEnabled: false, pageLoadStrategy: normal, platform: WINDOWS, platformName: WINDOWS, proxy: Proxy(), setWindowRect: true, strictFileInteractability: false, timeouts: {implicit: 0, pageLoad: 300000, script: 30000}, unhandledPromptBehavior: dismiss and notify, webauthn:virtualAuthenticators: true}
Session ID: 98e910f4238f751e82dbd12355e92feb">
      <![CDATA[org.openqa.selenium.TimeoutException: Expected condition failed: waiting for visibility of element located by By.xpath: //div[contains(@class, 'jump module jaguar')]//span[@class = 'content'] (tried for 30 second(s) with 500 MILLISECONDS interval)
Build info: version: '3.9.1', revision: '63f7b50', time: '2018-02-07T22:25:02.294Z'
System info: host: 'S056005530', ip: '10.0.0.222', os.name: 'Windows 10', os.arch: 'amd64', os.version: '10.0', java.version: '1.8.0_261'
Driver info: org.openqa.selenium.chrome.ChromeDriver
Capabilities {acceptInsecureCerts: false, browserName: chrome, browserVersion: 85.0.4183.102, chrome: {chromedriverVersion: 85.0.4183.87 (cd6713ebf92fa..., userDataDir: C:\Users\TRI~1.NGU\AppData\...}, goog:chromeOptions: {debuggerAddress: localhost:58794}, javascriptEnabled: true, networkConnectionEnabled: false, pageLoadStrategy: normal, platform: WINDOWS, platformName: WINDOWS, proxy: Proxy(), setWindowRect: true, strictFileInteractability: false, timeouts: {implicit: 0, pageLoad: 300000, script: 30000}, unhandledPromptBehavior: dismiss and notify, webauthn:virtualAuthenticators: true}
Session ID: 98e910f4238f751e82dbd12355e92feb
	at org.openqa.selenium.support.ui.WebDriverWait.timeoutException(WebDriverWait.java:82)
	at org.openqa.selenium.support.ui.FluentWait.until(FluentWait.java:231)
	at commons.AbstractPage.hoverMouseToElement(AbstractPage.java:443)
	at pageobject.HomePageObjects.moveToAnyJumpPoint(HomePageObjects.java:34)
	at uk.co.sytner.hompage.JumpPoint.TC_24_JumpPoints_007_Jaguar(JumpPoint.java:157)
... Removed 27 stack frames]]>
    </failure>
  </testcase> <!-- TC_24_JumpPoints_007_Jaguar -->
  <testcase name="TC_25_JumpPoints_008_LandRover" time="30.14" classname="uk.co.sytner.hompage.JumpPoint">
    <skipped/>
  </testcase> <!-- TC_25_JumpPoints_008_LandRover -->
  <testcase name="TC_25_JumpPoints_008_LandRover" time="30.102" classname="uk.co.sytner.hompage.JumpPoint">
    <skipped/>
  </testcase> <!-- TC_25_JumpPoints_008_LandRover -->
  <testcase name="TC_25_JumpPoints_008_LandRover" time="30.098" classname="uk.co.sytner.hompage.JumpPoint">
    <failure type="org.openqa.selenium.TimeoutException" message="Expected condition failed: waiting for visibility of element located by By.xpath: //div[contains(@class, &amp;apos;jump module land-rover&amp;apos;)]//span[@class = &amp;apos;content&amp;apos;] (tried for 30 second(s) with 500 MILLISECONDS interval)
Build info: version: &amp;apos;3.9.1&amp;apos;, revision: &amp;apos;63f7b50&amp;apos;, time: &amp;apos;2018-02-07T22:25:02.294Z&amp;apos;
System info: host: &amp;apos;S056005530&amp;apos;, ip: &amp;apos;10.0.0.222&amp;apos;, os.name: &amp;apos;Windows 10&amp;apos;, os.arch: &amp;apos;amd64&amp;apos;, os.version: &amp;apos;10.0&amp;apos;, java.version: &amp;apos;1.8.0_261&amp;apos;
Driver info: org.openqa.selenium.chrome.ChromeDriver
Capabilities {acceptInsecureCerts: false, browserName: chrome, browserVersion: 85.0.4183.102, chrome: {chromedriverVersion: 85.0.4183.87 (cd6713ebf92fa..., userDataDir: C:\Users\TRI~1.NGU\AppData\...}, goog:chromeOptions: {debuggerAddress: localhost:58794}, javascriptEnabled: true, networkConnectionEnabled: false, pageLoadStrategy: normal, platform: WINDOWS, platformName: WINDOWS, proxy: Proxy(), setWindowRect: true, strictFileInteractability: false, timeouts: {implicit: 0, pageLoad: 300000, script: 30000}, unhandledPromptBehavior: dismiss and notify, webauthn:virtualAuthenticators: true}
Session ID: 98e910f4238f751e82dbd12355e92feb">
      <![CDATA[org.openqa.selenium.TimeoutException: Expected condition failed: waiting for visibility of element located by By.xpath: //div[contains(@class, 'jump module land-rover')]//span[@class = 'content'] (tried for 30 second(s) with 500 MILLISECONDS interval)
Build info: version: '3.9.1', revision: '63f7b50', time: '2018-02-07T22:25:02.294Z'
System info: host: 'S056005530', ip: '10.0.0.222', os.name: 'Windows 10', os.arch: 'amd64', os.version: '10.0', java.version: '1.8.0_261'
Driver info: org.openqa.selenium.chrome.ChromeDriver
Capabilities {acceptInsecureCerts: false, browserName: chrome, browserVersion: 85.0.4183.102, chrome: {chromedriverVersion: 85.0.4183.87 (cd6713ebf92fa..., userDataDir: C:\Users\TRI~1.NGU\AppData\...}, goog:chromeOptions: {debuggerAddress: localhost:58794}, javascriptEnabled: true, networkConnectionEnabled: false, pageLoadStrategy: normal, platform: WINDOWS, platformName: WINDOWS, proxy: Proxy(), setWindowRect: true, strictFileInteractability: false, timeouts: {implicit: 0, pageLoad: 300000, script: 30000}, unhandledPromptBehavior: dismiss and notify, webauthn:virtualAuthenticators: true}
Session ID: 98e910f4238f751e82dbd12355e92feb
	at org.openqa.selenium.support.ui.WebDriverWait.timeoutException(WebDriverWait.java:82)
	at org.openqa.selenium.support.ui.FluentWait.until(FluentWait.java:231)
	at commons.AbstractPage.hoverMouseToElement(AbstractPage.java:443)
	at pageobject.HomePageObjects.moveToAnyJumpPoint(HomePageObjects.java:34)
	at uk.co.sytner.hompage.JumpPoint.TC_25_JumpPoints_008_LandRover(JumpPoint.java:178)
... Removed 27 stack frames]]>
    </failure>
  </testcase> <!-- TC_25_JumpPoints_008_LandRover -->
  <testcase name="TC_26_JumpPoints_009_Lamborghini" time="30.221" classname="uk.co.sytner.hompage.JumpPoint">
    <skipped/>
  </testcase> <!-- TC_26_JumpPoints_009_Lamborghini -->
  <testcase name="TC_26_JumpPoints_009_Lamborghini" time="30.302" classname="uk.co.sytner.hompage.JumpPoint">
    <skipped/>
  </testcase> <!-- TC_26_JumpPoints_009_Lamborghini -->
  <testcase name="TC_26_JumpPoints_009_Lamborghini" time="30.345" classname="uk.co.sytner.hompage.JumpPoint">
    <failure type="org.openqa.selenium.TimeoutException" message="Expected condition failed: waiting for visibility of element located by By.xpath: //div[contains(@class, &amp;apos;jump module lamborghini&amp;apos;)]//span[@class = &amp;apos;content&amp;apos;] (tried for 30 second(s) with 500 MILLISECONDS interval)
Build info: version: &amp;apos;3.9.1&amp;apos;, revision: &amp;apos;63f7b50&amp;apos;, time: &amp;apos;2018-02-07T22:25:02.294Z&amp;apos;
System info: host: &amp;apos;S056005530&amp;apos;, ip: &amp;apos;10.0.0.222&amp;apos;, os.name: &amp;apos;Windows 10&amp;apos;, os.arch: &amp;apos;amd64&amp;apos;, os.version: &amp;apos;10.0&amp;apos;, java.version: &amp;apos;1.8.0_261&amp;apos;
Driver info: org.openqa.selenium.chrome.ChromeDriver
Capabilities {acceptInsecureCerts: false, browserName: chrome, browserVersion: 85.0.4183.102, chrome: {chromedriverVersion: 85.0.4183.87 (cd6713ebf92fa..., userDataDir: C:\Users\TRI~1.NGU\AppData\...}, goog:chromeOptions: {debuggerAddress: localhost:58794}, javascriptEnabled: true, networkConnectionEnabled: false, pageLoadStrategy: normal, platform: WINDOWS, platformName: WINDOWS, proxy: Proxy(), setWindowRect: true, strictFileInteractability: false, timeouts: {implicit: 0, pageLoad: 300000, script: 30000}, unhandledPromptBehavior: dismiss and notify, webauthn:virtualAuthenticators: true}
Session ID: 98e910f4238f751e82dbd12355e92feb">
      <![CDATA[org.openqa.selenium.TimeoutException: Expected condition failed: waiting for visibility of element located by By.xpath: //div[contains(@class, 'jump module lamborghini')]//span[@class = 'content'] (tried for 30 second(s) with 500 MILLISECONDS interval)
Build info: version: '3.9.1', revision: '63f7b50', time: '2018-02-07T22:25:02.294Z'
System info: host: 'S056005530', ip: '10.0.0.222', os.name: 'Windows 10', os.arch: 'amd64', os.version: '10.0', java.version: '1.8.0_261'
Driver info: org.openqa.selenium.chrome.ChromeDriver
Capabilities {acceptInsecureCerts: false, browserName: chrome, browserVersion: 85.0.4183.102, chrome: {chromedriverVersion: 85.0.4183.87 (cd6713ebf92fa..., userDataDir: C:\Users\TRI~1.NGU\AppData\...}, goog:chromeOptions: {debuggerAddress: localhost:58794}, javascriptEnabled: true, networkConnectionEnabled: false, pageLoadStrategy: normal, platform: WINDOWS, platformName: WINDOWS, proxy: Proxy(), setWindowRect: true, strictFileInteractability: false, timeouts: {implicit: 0, pageLoad: 300000, script: 30000}, unhandledPromptBehavior: dismiss and notify, webauthn:virtualAuthenticators: true}
Session ID: 98e910f4238f751e82dbd12355e92feb
	at org.openqa.selenium.support.ui.WebDriverWait.timeoutException(WebDriverWait.java:82)
	at org.openqa.selenium.support.ui.FluentWait.until(FluentWait.java:231)
	at commons.AbstractPage.hoverMouseToElement(AbstractPage.java:443)
	at pageobject.HomePageObjects.moveToAnyJumpPoint(HomePageObjects.java:34)
	at uk.co.sytner.hompage.JumpPoint.TC_26_JumpPoints_009_Lamborghini(JumpPoint.java:199)
... Removed 27 stack frames]]>
    </failure>
  </testcase> <!-- TC_26_JumpPoints_009_Lamborghini -->
  <testcase name="TC_27_JumpPoints_010_SytnerSelect" time="30.432" classname="uk.co.sytner.hompage.JumpPoint">
    <skipped/>
  </testcase> <!-- TC_27_JumpPoints_010_SytnerSelect -->
  <testcase name="TC_27_JumpPoints_010_SytnerSelect" time="30.299" classname="uk.co.sytner.hompage.JumpPoint">
    <skipped/>
  </testcase> <!-- TC_27_JumpPoints_010_SytnerSelect -->
  <testcase name="TC_27_JumpPoints_010_SytnerSelect" time="30.554" classname="uk.co.sytner.hompage.JumpPoint">
    <failure type="org.openqa.selenium.TimeoutException" message="Expected condition failed: waiting for visibility of element located by By.xpath: //div[contains(@class, &amp;apos;jump module sytner-select&amp;apos;)]//span[@class = &amp;apos;content&amp;apos;] (tried for 30 second(s) with 500 MILLISECONDS interval)
Build info: version: &amp;apos;3.9.1&amp;apos;, revision: &amp;apos;63f7b50&amp;apos;, time: &amp;apos;2018-02-07T22:25:02.294Z&amp;apos;
System info: host: &amp;apos;S056005530&amp;apos;, ip: &amp;apos;10.0.0.222&amp;apos;, os.name: &amp;apos;Windows 10&amp;apos;, os.arch: &amp;apos;amd64&amp;apos;, os.version: &amp;apos;10.0&amp;apos;, java.version: &amp;apos;1.8.0_261&amp;apos;
Driver info: org.openqa.selenium.chrome.ChromeDriver
Capabilities {acceptInsecureCerts: false, browserName: chrome, browserVersion: 85.0.4183.102, chrome: {chromedriverVersion: 85.0.4183.87 (cd6713ebf92fa..., userDataDir: C:\Users\TRI~1.NGU\AppData\...}, goog:chromeOptions: {debuggerAddress: localhost:58794}, javascriptEnabled: true, networkConnectionEnabled: false, pageLoadStrategy: normal, platform: WINDOWS, platformName: WINDOWS, proxy: Proxy(), setWindowRect: true, strictFileInteractability: false, timeouts: {implicit: 0, pageLoad: 300000, script: 30000}, unhandledPromptBehavior: dismiss and notify, webauthn:virtualAuthenticators: true}
Session ID: 98e910f4238f751e82dbd12355e92feb">
      <![CDATA[org.openqa.selenium.TimeoutException: Expected condition failed: waiting for visibility of element located by By.xpath: //div[contains(@class, 'jump module sytner-select')]//span[@class = 'content'] (tried for 30 second(s) with 500 MILLISECONDS interval)
Build info: version: '3.9.1', revision: '63f7b50', time: '2018-02-07T22:25:02.294Z'
System info: host: 'S056005530', ip: '10.0.0.222', os.name: 'Windows 10', os.arch: 'amd64', os.version: '10.0', java.version: '1.8.0_261'
Driver info: org.openqa.selenium.chrome.ChromeDriver
Capabilities {acceptInsecureCerts: false, browserName: chrome, browserVersion: 85.0.4183.102, chrome: {chromedriverVersion: 85.0.4183.87 (cd6713ebf92fa..., userDataDir: C:\Users\TRI~1.NGU\AppData\...}, goog:chromeOptions: {debuggerAddress: localhost:58794}, javascriptEnabled: true, networkConnectionEnabled: false, pageLoadStrategy: normal, platform: WINDOWS, platformName: WINDOWS, proxy: Proxy(), setWindowRect: true, strictFileInteractability: false, timeouts: {implicit: 0, pageLoad: 300000, script: 30000}, unhandledPromptBehavior: dismiss and notify, webauthn:virtualAuthenticators: true}
Session ID: 98e910f4238f751e82dbd12355e92feb
	at org.openqa.selenium.support.ui.WebDriverWait.timeoutException(WebDriverWait.java:82)
	at org.openqa.selenium.support.ui.FluentWait.until(FluentWait.java:231)
	at commons.AbstractPage.hoverMouseToElement(AbstractPage.java:443)
	at pageobject.HomePageObjects.moveToAnyJumpPoint(HomePageObjects.java:34)
	at uk.co.sytner.hompage.JumpPoint.TC_27_JumpPoints_010_SytnerSelect(JumpPoint.java:220)
... Removed 27 stack frames]]>
    </failure>
  </testcase> <!-- TC_27_JumpPoints_010_SytnerSelect -->
  <testcase name="TC_28_JumpPoints_011_Maserati" time="30.253" classname="uk.co.sytner.hompage.JumpPoint">
    <skipped/>
  </testcase> <!-- TC_28_JumpPoints_011_Maserati -->
  <testcase name="TC_28_JumpPoints_011_Maserati" time="30.118" classname="uk.co.sytner.hompage.JumpPoint">
    <skipped/>
  </testcase> <!-- TC_28_JumpPoints_011_Maserati -->
  <testcase name="TC_28_JumpPoints_011_Maserati" time="30.288" classname="uk.co.sytner.hompage.JumpPoint">
    <failure type="org.openqa.selenium.TimeoutException" message="Expected condition failed: waiting for visibility of element located by By.xpath: //div[contains(@class, &amp;apos;jump module maserati&amp;apos;)]//span[@class = &amp;apos;content&amp;apos;] (tried for 30 second(s) with 500 MILLISECONDS interval)
Build info: version: &amp;apos;3.9.1&amp;apos;, revision: &amp;apos;63f7b50&amp;apos;, time: &amp;apos;2018-02-07T22:25:02.294Z&amp;apos;
System info: host: &amp;apos;S056005530&amp;apos;, ip: &amp;apos;10.0.0.222&amp;apos;, os.name: &amp;apos;Windows 10&amp;apos;, os.arch: &amp;apos;amd64&amp;apos;, os.version: &amp;apos;10.0&amp;apos;, java.version: &amp;apos;1.8.0_261&amp;apos;
Driver info: org.openqa.selenium.chrome.ChromeDriver
Capabilities {acceptInsecureCerts: false, browserName: chrome, browserVersion: 85.0.4183.102, chrome: {chromedriverVersion: 85.0.4183.87 (cd6713ebf92fa..., userDataDir: C:\Users\TRI~1.NGU\AppData\...}, goog:chromeOptions: {debuggerAddress: localhost:58794}, javascriptEnabled: true, networkConnectionEnabled: false, pageLoadStrategy: normal, platform: WINDOWS, platformName: WINDOWS, proxy: Proxy(), setWindowRect: true, strictFileInteractability: false, timeouts: {implicit: 0, pageLoad: 300000, script: 30000}, unhandledPromptBehavior: dismiss and notify, webauthn:virtualAuthenticators: true}
Session ID: 98e910f4238f751e82dbd12355e92feb">
      <![CDATA[org.openqa.selenium.TimeoutException: Expected condition failed: waiting for visibility of element located by By.xpath: //div[contains(@class, 'jump module maserati')]//span[@class = 'content'] (tried for 30 second(s) with 500 MILLISECONDS interval)
Build info: version: '3.9.1', revision: '63f7b50', time: '2018-02-07T22:25:02.294Z'
System info: host: 'S056005530', ip: '10.0.0.222', os.name: 'Windows 10', os.arch: 'amd64', os.version: '10.0', java.version: '1.8.0_261'
Driver info: org.openqa.selenium.chrome.ChromeDriver
Capabilities {acceptInsecureCerts: false, browserName: chrome, browserVersion: 85.0.4183.102, chrome: {chromedriverVersion: 85.0.4183.87 (cd6713ebf92fa..., userDataDir: C:\Users\TRI~1.NGU\AppData\...}, goog:chromeOptions: {debuggerAddress: localhost:58794}, javascriptEnabled: true, networkConnectionEnabled: false, pageLoadStrategy: normal, platform: WINDOWS, platformName: WINDOWS, proxy: Proxy(), setWindowRect: true, strictFileInteractability: false, timeouts: {implicit: 0, pageLoad: 300000, script: 30000}, unhandledPromptBehavior: dismiss and notify, webauthn:virtualAuthenticators: true}
Session ID: 98e910f4238f751e82dbd12355e92feb
	at org.openqa.selenium.support.ui.WebDriverWait.timeoutException(WebDriverWait.java:82)
	at org.openqa.selenium.support.ui.FluentWait.until(FluentWait.java:231)
	at commons.AbstractPage.hoverMouseToElement(AbstractPage.java:443)
	at pageobject.HomePageObjects.moveToAnyJumpPoint(HomePageObjects.java:34)
	at uk.co.sytner.hompage.JumpPoint.TC_28_JumpPoints_011_Maserati(JumpPoint.java:241)
... Removed 27 stack frames]]>
    </failure>
  </testcase> <!-- TC_28_JumpPoints_011_Maserati -->
  <testcase name="TC_29_JumpPoints_012_McLaren" time="30.205" classname="uk.co.sytner.hompage.JumpPoint">
    <skipped/>
  </testcase> <!-- TC_29_JumpPoints_012_McLaren -->
  <testcase name="TC_29_JumpPoints_012_McLaren" time="30.321" classname="uk.co.sytner.hompage.JumpPoint">
    <skipped/>
  </testcase> <!-- TC_29_JumpPoints_012_McLaren -->
  <testcase name="TC_29_JumpPoints_012_McLaren" time="30.339" classname="uk.co.sytner.hompage.JumpPoint">
    <failure type="org.openqa.selenium.TimeoutException" message="Expected condition failed: waiting for visibility of element located by By.xpath: //div[contains(@class, &amp;apos;jump module mclaren&amp;apos;)]//span[@class = &amp;apos;content&amp;apos;] (tried for 30 second(s) with 500 MILLISECONDS interval)
Build info: version: &amp;apos;3.9.1&amp;apos;, revision: &amp;apos;63f7b50&amp;apos;, time: &amp;apos;2018-02-07T22:25:02.294Z&amp;apos;
System info: host: &amp;apos;S056005530&amp;apos;, ip: &amp;apos;10.0.0.222&amp;apos;, os.name: &amp;apos;Windows 10&amp;apos;, os.arch: &amp;apos;amd64&amp;apos;, os.version: &amp;apos;10.0&amp;apos;, java.version: &amp;apos;1.8.0_261&amp;apos;
Driver info: org.openqa.selenium.chrome.ChromeDriver
Capabilities {acceptInsecureCerts: false, browserName: chrome, browserVersion: 85.0.4183.102, chrome: {chromedriverVersion: 85.0.4183.87 (cd6713ebf92fa..., userDataDir: C:\Users\TRI~1.NGU\AppData\...}, goog:chromeOptions: {debuggerAddress: localhost:58794}, javascriptEnabled: true, networkConnectionEnabled: false, pageLoadStrategy: normal, platform: WINDOWS, platformName: WINDOWS, proxy: Proxy(), setWindowRect: true, strictFileInteractability: false, timeouts: {implicit: 0, pageLoad: 300000, script: 30000}, unhandledPromptBehavior: dismiss and notify, webauthn:virtualAuthenticators: true}
Session ID: 98e910f4238f751e82dbd12355e92feb">
      <![CDATA[org.openqa.selenium.TimeoutException: Expected condition failed: waiting for visibility of element located by By.xpath: //div[contains(@class, 'jump module mclaren')]//span[@class = 'content'] (tried for 30 second(s) with 500 MILLISECONDS interval)
Build info: version: '3.9.1', revision: '63f7b50', time: '2018-02-07T22:25:02.294Z'
System info: host: 'S056005530', ip: '10.0.0.222', os.name: 'Windows 10', os.arch: 'amd64', os.version: '10.0', java.version: '1.8.0_261'
Driver info: org.openqa.selenium.chrome.ChromeDriver
Capabilities {acceptInsecureCerts: false, browserName: chrome, browserVersion: 85.0.4183.102, chrome: {chromedriverVersion: 85.0.4183.87 (cd6713ebf92fa..., userDataDir: C:\Users\TRI~1.NGU\AppData\...}, goog:chromeOptions: {debuggerAddress: localhost:58794}, javascriptEnabled: true, networkConnectionEnabled: false, pageLoadStrategy: normal, platform: WINDOWS, platformName: WINDOWS, proxy: Proxy(), setWindowRect: true, strictFileInteractability: false, timeouts: {implicit: 0, pageLoad: 300000, script: 30000}, unhandledPromptBehavior: dismiss and notify, webauthn:virtualAuthenticators: true}
Session ID: 98e910f4238f751e82dbd12355e92feb
	at org.openqa.selenium.support.ui.WebDriverWait.timeoutException(WebDriverWait.java:82)
	at org.openqa.selenium.support.ui.FluentWait.until(FluentWait.java:231)
	at commons.AbstractPage.hoverMouseToElement(AbstractPage.java:443)
	at pageobject.HomePageObjects.moveToAnyJumpPoint(HomePageObjects.java:34)
	at uk.co.sytner.hompage.JumpPoint.TC_29_JumpPoints_012_McLaren(JumpPoint.java:262)
... Removed 27 stack frames]]>
    </failure>
  </testcase> <!-- TC_29_JumpPoints_012_McLaren -->
  <testcase name="TC_30_JumpPoints_013_MercedesBenz" time="30.51" classname="uk.co.sytner.hompage.JumpPoint">
    <skipped/>
  </testcase> <!-- TC_30_JumpPoints_013_MercedesBenz -->
  <testcase name="TC_30_JumpPoints_013_MercedesBenz" time="30.434" classname="uk.co.sytner.hompage.JumpPoint">
    <skipped/>
  </testcase> <!-- TC_30_JumpPoints_013_MercedesBenz -->
  <testcase name="TC_30_JumpPoints_013_MercedesBenz" time="30.498" classname="uk.co.sytner.hompage.JumpPoint">
    <failure type="org.openqa.selenium.TimeoutException" message="Expected condition failed: waiting for visibility of element located by By.xpath: //div[contains(@class, &amp;apos;jump module mercedes-benz&amp;apos;)]//span[@class = &amp;apos;content&amp;apos;] (tried for 30 second(s) with 500 MILLISECONDS interval)
Build info: version: &amp;apos;3.9.1&amp;apos;, revision: &amp;apos;63f7b50&amp;apos;, time: &amp;apos;2018-02-07T22:25:02.294Z&amp;apos;
System info: host: &amp;apos;S056005530&amp;apos;, ip: &amp;apos;10.0.0.222&amp;apos;, os.name: &amp;apos;Windows 10&amp;apos;, os.arch: &amp;apos;amd64&amp;apos;, os.version: &amp;apos;10.0&amp;apos;, java.version: &amp;apos;1.8.0_261&amp;apos;
Driver info: org.openqa.selenium.chrome.ChromeDriver
Capabilities {acceptInsecureCerts: false, browserName: chrome, browserVersion: 85.0.4183.102, chrome: {chromedriverVersion: 85.0.4183.87 (cd6713ebf92fa..., userDataDir: C:\Users\TRI~1.NGU\AppData\...}, goog:chromeOptions: {debuggerAddress: localhost:58794}, javascriptEnabled: true, networkConnectionEnabled: false, pageLoadStrategy: normal, platform: WINDOWS, platformName: WINDOWS, proxy: Proxy(), setWindowRect: true, strictFileInteractability: false, timeouts: {implicit: 0, pageLoad: 300000, script: 30000}, unhandledPromptBehavior: dismiss and notify, webauthn:virtualAuthenticators: true}
Session ID: 98e910f4238f751e82dbd12355e92feb">
      <![CDATA[org.openqa.selenium.TimeoutException: Expected condition failed: waiting for visibility of element located by By.xpath: //div[contains(@class, 'jump module mercedes-benz')]//span[@class = 'content'] (tried for 30 second(s) with 500 MILLISECONDS interval)
Build info: version: '3.9.1', revision: '63f7b50', time: '2018-02-07T22:25:02.294Z'
System info: host: 'S056005530', ip: '10.0.0.222', os.name: 'Windows 10', os.arch: 'amd64', os.version: '10.0', java.version: '1.8.0_261'
Driver info: org.openqa.selenium.chrome.ChromeDriver
Capabilities {acceptInsecureCerts: false, browserName: chrome, browserVersion: 85.0.4183.102, chrome: {chromedriverVersion: 85.0.4183.87 (cd6713ebf92fa..., userDataDir: C:\Users\TRI~1.NGU\AppData\...}, goog:chromeOptions: {debuggerAddress: localhost:58794}, javascriptEnabled: true, networkConnectionEnabled: false, pageLoadStrategy: normal, platform: WINDOWS, platformName: WINDOWS, proxy: Proxy(), setWindowRect: true, strictFileInteractability: false, timeouts: {implicit: 0, pageLoad: 300000, script: 30000}, unhandledPromptBehavior: dismiss and notify, webauthn:virtualAuthenticators: true}
Session ID: 98e910f4238f751e82dbd12355e92feb
	at org.openqa.selenium.support.ui.WebDriverWait.timeoutException(WebDriverWait.java:82)
	at org.openqa.selenium.support.ui.FluentWait.until(FluentWait.java:231)
	at commons.AbstractPage.hoverMouseToElement(AbstractPage.java:443)
	at pageobject.HomePageObjects.moveToAnyJumpPoint(HomePageObjects.java:34)
	at uk.co.sytner.hompage.JumpPoint.TC_30_JumpPoints_013_MercedesBenz(JumpPoint.java:283)
... Removed 27 stack frames]]>
    </failure>
  </testcase> <!-- TC_30_JumpPoints_013_MercedesBenz -->
  <testcase name="TC_31_JumpPoints_014_Mini" time="30.436" classname="uk.co.sytner.hompage.JumpPoint">
    <skipped/>
  </testcase> <!-- TC_31_JumpPoints_014_Mini -->
  <testcase name="TC_31_JumpPoints_014_Mini" time="30.378" classname="uk.co.sytner.hompage.JumpPoint">
    <skipped/>
  </testcase> <!-- TC_31_JumpPoints_014_Mini -->
  <testcase name="TC_31_JumpPoints_014_Mini" time="30.395" classname="uk.co.sytner.hompage.JumpPoint">
    <failure type="org.openqa.selenium.TimeoutException" message="Expected condition failed: waiting for visibility of element located by By.xpath: //div[contains(@class, &amp;apos;jump module mini&amp;apos;)]//span[@class = &amp;apos;content&amp;apos;] (tried for 30 second(s) with 500 MILLISECONDS interval)
Build info: version: &amp;apos;3.9.1&amp;apos;, revision: &amp;apos;63f7b50&amp;apos;, time: &amp;apos;2018-02-07T22:25:02.294Z&amp;apos;
System info: host: &amp;apos;S056005530&amp;apos;, ip: &amp;apos;10.0.0.222&amp;apos;, os.name: &amp;apos;Windows 10&amp;apos;, os.arch: &amp;apos;amd64&amp;apos;, os.version: &amp;apos;10.0&amp;apos;, java.version: &amp;apos;1.8.0_261&amp;apos;
Driver info: org.openqa.selenium.chrome.ChromeDriver
Capabilities {acceptInsecureCerts: false, browserName: chrome, browserVersion: 85.0.4183.102, chrome: {chromedriverVersion: 85.0.4183.87 (cd6713ebf92fa..., userDataDir: C:\Users\TRI~1.NGU\AppData\...}, goog:chromeOptions: {debuggerAddress: localhost:58794}, javascriptEnabled: true, networkConnectionEnabled: false, pageLoadStrategy: normal, platform: WINDOWS, platformName: WINDOWS, proxy: Proxy(), setWindowRect: true, strictFileInteractability: false, timeouts: {implicit: 0, pageLoad: 300000, script: 30000}, unhandledPromptBehavior: dismiss and notify, webauthn:virtualAuthenticators: true}
Session ID: 98e910f4238f751e82dbd12355e92feb">
      <![CDATA[org.openqa.selenium.TimeoutException: Expected condition failed: waiting for visibility of element located by By.xpath: //div[contains(@class, 'jump module mini')]//span[@class = 'content'] (tried for 30 second(s) with 500 MILLISECONDS interval)
Build info: version: '3.9.1', revision: '63f7b50', time: '2018-02-07T22:25:02.294Z'
System info: host: 'S056005530', ip: '10.0.0.222', os.name: 'Windows 10', os.arch: 'amd64', os.version: '10.0', java.version: '1.8.0_261'
Driver info: org.openqa.selenium.chrome.ChromeDriver
Capabilities {acceptInsecureCerts: false, browserName: chrome, browserVersion: 85.0.4183.102, chrome: {chromedriverVersion: 85.0.4183.87 (cd6713ebf92fa..., userDataDir: C:\Users\TRI~1.NGU\AppData\...}, goog:chromeOptions: {debuggerAddress: localhost:58794}, javascriptEnabled: true, networkConnectionEnabled: false, pageLoadStrategy: normal, platform: WINDOWS, platformName: WINDOWS, proxy: Proxy(), setWindowRect: true, strictFileInteractability: false, timeouts: {implicit: 0, pageLoad: 300000, script: 30000}, unhandledPromptBehavior: dismiss and notify, webauthn:virtualAuthenticators: true}
Session ID: 98e910f4238f751e82dbd12355e92feb
	at org.openqa.selenium.support.ui.WebDriverWait.timeoutException(WebDriverWait.java:82)
	at org.openqa.selenium.support.ui.FluentWait.until(FluentWait.java:231)
	at commons.AbstractPage.hoverMouseToElement(AbstractPage.java:443)
	at pageobject.HomePageObjects.moveToAnyJumpPoint(HomePageObjects.java:34)
	at uk.co.sytner.hompage.JumpPoint.TC_31_JumpPoints_014_Mini(JumpPoint.java:304)
... Removed 27 stack frames]]>
    </failure>
  </testcase> <!-- TC_31_JumpPoints_014_Mini -->
  <testcase name="TC_32_JumpPoints_015_Porsche" time="30.314" classname="uk.co.sytner.hompage.JumpPoint">
    <skipped/>
  </testcase> <!-- TC_32_JumpPoints_015_Porsche -->
  <testcase name="TC_32_JumpPoints_015_Porsche" time="30.226" classname="uk.co.sytner.hompage.JumpPoint">
    <skipped/>
  </testcase> <!-- TC_32_JumpPoints_015_Porsche -->
  <testcase name="TC_32_JumpPoints_015_Porsche" time="30.391" classname="uk.co.sytner.hompage.JumpPoint">
    <failure type="org.openqa.selenium.TimeoutException" message="Expected condition failed: waiting for visibility of element located by By.xpath: //div[contains(@class, &amp;apos;jump module porsche&amp;apos;)]//span[@class = &amp;apos;content&amp;apos;] (tried for 30 second(s) with 500 MILLISECONDS interval)
Build info: version: &amp;apos;3.9.1&amp;apos;, revision: &amp;apos;63f7b50&amp;apos;, time: &amp;apos;2018-02-07T22:25:02.294Z&amp;apos;
System info: host: &amp;apos;S056005530&amp;apos;, ip: &amp;apos;10.0.0.222&amp;apos;, os.name: &amp;apos;Windows 10&amp;apos;, os.arch: &amp;apos;amd64&amp;apos;, os.version: &amp;apos;10.0&amp;apos;, java.version: &amp;apos;1.8.0_261&amp;apos;
Driver info: org.openqa.selenium.chrome.ChromeDriver
Capabilities {acceptInsecureCerts: false, browserName: chrome, browserVersion: 85.0.4183.102, chrome: {chromedriverVersion: 85.0.4183.87 (cd6713ebf92fa..., userDataDir: C:\Users\TRI~1.NGU\AppData\...}, goog:chromeOptions: {debuggerAddress: localhost:58794}, javascriptEnabled: true, networkConnectionEnabled: false, pageLoadStrategy: normal, platform: WINDOWS, platformName: WINDOWS, proxy: Proxy(), setWindowRect: true, strictFileInteractability: false, timeouts: {implicit: 0, pageLoad: 300000, script: 30000}, unhandledPromptBehavior: dismiss and notify, webauthn:virtualAuthenticators: true}
Session ID: 98e910f4238f751e82dbd12355e92feb">
      <![CDATA[org.openqa.selenium.TimeoutException: Expected condition failed: waiting for visibility of element located by By.xpath: //div[contains(@class, 'jump module porsche')]//span[@class = 'content'] (tried for 30 second(s) with 500 MILLISECONDS interval)
Build info: version: '3.9.1', revision: '63f7b50', time: '2018-02-07T22:25:02.294Z'
System info: host: 'S056005530', ip: '10.0.0.222', os.name: 'Windows 10', os.arch: 'amd64', os.version: '10.0', java.version: '1.8.0_261'
Driver info: org.openqa.selenium.chrome.ChromeDriver
Capabilities {acceptInsecureCerts: false, browserName: chrome, browserVersion: 85.0.4183.102, chrome: {chromedriverVersion: 85.0.4183.87 (cd6713ebf92fa..., userDataDir: C:\Users\TRI~1.NGU\AppData\...}, goog:chromeOptions: {debuggerAddress: localhost:58794}, javascriptEnabled: true, networkConnectionEnabled: false, pageLoadStrategy: normal, platform: WINDOWS, platformName: WINDOWS, proxy: Proxy(), setWindowRect: true, strictFileInteractability: false, timeouts: {implicit: 0, pageLoad: 300000, script: 30000}, unhandledPromptBehavior: dismiss and notify, webauthn:virtualAuthenticators: true}
Session ID: 98e910f4238f751e82dbd12355e92feb
	at org.openqa.selenium.support.ui.WebDriverWait.timeoutException(WebDriverWait.java:82)
	at org.openqa.selenium.support.ui.FluentWait.until(FluentWait.java:231)
	at commons.AbstractPage.hoverMouseToElement(AbstractPage.java:443)
	at pageobject.HomePageObjects.moveToAnyJumpPoint(HomePageObjects.java:34)
	at uk.co.sytner.hompage.JumpPoint.TC_32_JumpPoints_015_Porsche(JumpPoint.java:325)
... Removed 27 stack frames]]>
    </failure>
  </testcase> <!-- TC_32_JumpPoints_015_Porsche -->
  <testcase name="TC_33_JumpPoints_016_RollsRoyce" time="30.235" classname="uk.co.sytner.hompage.JumpPoint">
    <skipped/>
  </testcase> <!-- TC_33_JumpPoints_016_RollsRoyce -->
  <testcase name="TC_33_JumpPoints_016_RollsRoyce" time="30.199" classname="uk.co.sytner.hompage.JumpPoint">
    <skipped/>
  </testcase> <!-- TC_33_JumpPoints_016_RollsRoyce -->
  <testcase name="TC_33_JumpPoints_016_RollsRoyce" time="30.17" classname="uk.co.sytner.hompage.JumpPoint">
    <failure type="org.openqa.selenium.TimeoutException" message="Expected condition failed: waiting for visibility of element located by By.xpath: //div[contains(@class, &amp;apos;jump module rolls-royce&amp;apos;)]//span[@class = &amp;apos;content&amp;apos;] (tried for 30 second(s) with 500 MILLISECONDS interval)
Build info: version: &amp;apos;3.9.1&amp;apos;, revision: &amp;apos;63f7b50&amp;apos;, time: &amp;apos;2018-02-07T22:25:02.294Z&amp;apos;
System info: host: &amp;apos;S056005530&amp;apos;, ip: &amp;apos;10.0.0.222&amp;apos;, os.name: &amp;apos;Windows 10&amp;apos;, os.arch: &amp;apos;amd64&amp;apos;, os.version: &amp;apos;10.0&amp;apos;, java.version: &amp;apos;1.8.0_261&amp;apos;
Driver info: org.openqa.selenium.chrome.ChromeDriver
Capabilities {acceptInsecureCerts: false, browserName: chrome, browserVersion: 85.0.4183.102, chrome: {chromedriverVersion: 85.0.4183.87 (cd6713ebf92fa..., userDataDir: C:\Users\TRI~1.NGU\AppData\...}, goog:chromeOptions: {debuggerAddress: localhost:58794}, javascriptEnabled: true, networkConnectionEnabled: false, pageLoadStrategy: normal, platform: WINDOWS, platformName: WINDOWS, proxy: Proxy(), setWindowRect: true, strictFileInteractability: false, timeouts: {implicit: 0, pageLoad: 300000, script: 30000}, unhandledPromptBehavior: dismiss and notify, webauthn:virtualAuthenticators: true}
Session ID: 98e910f4238f751e82dbd12355e92feb">
      <![CDATA[org.openqa.selenium.TimeoutException: Expected condition failed: waiting for visibility of element located by By.xpath: //div[contains(@class, 'jump module rolls-royce')]//span[@class = 'content'] (tried for 30 second(s) with 500 MILLISECONDS interval)
Build info: version: '3.9.1', revision: '63f7b50', time: '2018-02-07T22:25:02.294Z'
System info: host: 'S056005530', ip: '10.0.0.222', os.name: 'Windows 10', os.arch: 'amd64', os.version: '10.0', java.version: '1.8.0_261'
Driver info: org.openqa.selenium.chrome.ChromeDriver
Capabilities {acceptInsecureCerts: false, browserName: chrome, browserVersion: 85.0.4183.102, chrome: {chromedriverVersion: 85.0.4183.87 (cd6713ebf92fa..., userDataDir: C:\Users\TRI~1.NGU\AppData\...}, goog:chromeOptions: {debuggerAddress: localhost:58794}, javascriptEnabled: true, networkConnectionEnabled: false, pageLoadStrategy: normal, platform: WINDOWS, platformName: WINDOWS, proxy: Proxy(), setWindowRect: true, strictFileInteractability: false, timeouts: {implicit: 0, pageLoad: 300000, script: 30000}, unhandledPromptBehavior: dismiss and notify, webauthn:virtualAuthenticators: true}
Session ID: 98e910f4238f751e82dbd12355e92feb
	at org.openqa.selenium.support.ui.WebDriverWait.timeoutException(WebDriverWait.java:82)
	at org.openqa.selenium.support.ui.FluentWait.until(FluentWait.java:231)
	at commons.AbstractPage.hoverMouseToElement(AbstractPage.java:443)
	at pageobject.HomePageObjects.moveToAnyJumpPoint(HomePageObjects.java:34)
	at uk.co.sytner.hompage.JumpPoint.TC_33_JumpPoints_016_RollsRoyce(JumpPoint.java:346)
... Removed 27 stack frames]]>
    </failure>
  </testcase> <!-- TC_33_JumpPoints_016_RollsRoyce -->
  <testcase name="TC_34_JumpPoints_017_Seat" time="30.244" classname="uk.co.sytner.hompage.JumpPoint">
    <skipped/>
  </testcase> <!-- TC_34_JumpPoints_017_Seat -->
  <testcase name="TC_34_JumpPoints_017_Seat" time="30.221" classname="uk.co.sytner.hompage.JumpPoint">
    <skipped/>
  </testcase> <!-- TC_34_JumpPoints_017_Seat -->
  <testcase name="TC_34_JumpPoints_017_Seat" time="30.167" classname="uk.co.sytner.hompage.JumpPoint">
    <failure type="org.openqa.selenium.TimeoutException" message="Expected condition failed: waiting for visibility of element located by By.xpath: //div[contains(@class, &amp;apos;jump module seat&amp;apos;)]//span[@class = &amp;apos;content&amp;apos;] (tried for 30 second(s) with 500 MILLISECONDS interval)
Build info: version: &amp;apos;3.9.1&amp;apos;, revision: &amp;apos;63f7b50&amp;apos;, time: &amp;apos;2018-02-07T22:25:02.294Z&amp;apos;
System info: host: &amp;apos;S056005530&amp;apos;, ip: &amp;apos;10.0.0.222&amp;apos;, os.name: &amp;apos;Windows 10&amp;apos;, os.arch: &amp;apos;amd64&amp;apos;, os.version: &amp;apos;10.0&amp;apos;, java.version: &amp;apos;1.8.0_261&amp;apos;
Driver info: org.openqa.selenium.chrome.ChromeDriver
Capabilities {acceptInsecureCerts: false, browserName: chrome, browserVersion: 85.0.4183.102, chrome: {chromedriverVersion: 85.0.4183.87 (cd6713ebf92fa..., userDataDir: C:\Users\TRI~1.NGU\AppData\...}, goog:chromeOptions: {debuggerAddress: localhost:58794}, javascriptEnabled: true, networkConnectionEnabled: false, pageLoadStrategy: normal, platform: WINDOWS, platformName: WINDOWS, proxy: Proxy(), setWindowRect: true, strictFileInteractability: false, timeouts: {implicit: 0, pageLoad: 300000, script: 30000}, unhandledPromptBehavior: dismiss and notify, webauthn:virtualAuthenticators: true}
Session ID: 98e910f4238f751e82dbd12355e92feb">
      <![CDATA[org.openqa.selenium.TimeoutException: Expected condition failed: waiting for visibility of element located by By.xpath: //div[contains(@class, 'jump module seat')]//span[@class = 'content'] (tried for 30 second(s) with 500 MILLISECONDS interval)
Build info: version: '3.9.1', revision: '63f7b50', time: '2018-02-07T22:25:02.294Z'
System info: host: 'S056005530', ip: '10.0.0.222', os.name: 'Windows 10', os.arch: 'amd64', os.version: '10.0', java.version: '1.8.0_261'
Driver info: org.openqa.selenium.chrome.ChromeDriver
Capabilities {acceptInsecureCerts: false, browserName: chrome, browserVersion: 85.0.4183.102, chrome: {chromedriverVersion: 85.0.4183.87 (cd6713ebf92fa..., userDataDir: C:\Users\TRI~1.NGU\AppData\...}, goog:chromeOptions: {debuggerAddress: localhost:58794}, javascriptEnabled: true, networkConnectionEnabled: false, pageLoadStrategy: normal, platform: WINDOWS, platformName: WINDOWS, proxy: Proxy(), setWindowRect: true, strictFileInteractability: false, timeouts: {implicit: 0, pageLoad: 300000, script: 30000}, unhandledPromptBehavior: dismiss and notify, webauthn:virtualAuthenticators: true}
Session ID: 98e910f4238f751e82dbd12355e92feb
	at org.openqa.selenium.support.ui.WebDriverWait.timeoutException(WebDriverWait.java:82)
	at org.openqa.selenium.support.ui.FluentWait.until(FluentWait.java:231)
	at commons.AbstractPage.hoverMouseToElement(AbstractPage.java:443)
	at pageobject.HomePageObjects.moveToAnyJumpPoint(HomePageObjects.java:34)
	at uk.co.sytner.hompage.JumpPoint.TC_34_JumpPoints_017_Seat(JumpPoint.java:367)
... Removed 27 stack frames]]>
    </failure>
  </testcase> <!-- TC_34_JumpPoints_017_Seat -->
  <testcase name="TC_35_JumpPoints_018_Skoda" time="30.282" classname="uk.co.sytner.hompage.JumpPoint">
    <skipped/>
  </testcase> <!-- TC_35_JumpPoints_018_Skoda -->
  <testcase name="TC_35_JumpPoints_018_Skoda" time="30.564" classname="uk.co.sytner.hompage.JumpPoint">
    <skipped/>
  </testcase> <!-- TC_35_JumpPoints_018_Skoda -->
  <testcase name="TC_35_JumpPoints_018_Skoda" time="30.218" classname="uk.co.sytner.hompage.JumpPoint">
    <failure type="org.openqa.selenium.TimeoutException" message="Expected condition failed: waiting for visibility of element located by By.xpath: //div[contains(@class, &amp;apos;jump module skoda&amp;apos;)]//span[@class = &amp;apos;content&amp;apos;] (tried for 30 second(s) with 500 MILLISECONDS interval)
Build info: version: &amp;apos;3.9.1&amp;apos;, revision: &amp;apos;63f7b50&amp;apos;, time: &amp;apos;2018-02-07T22:25:02.294Z&amp;apos;
System info: host: &amp;apos;S056005530&amp;apos;, ip: &amp;apos;10.0.0.222&amp;apos;, os.name: &amp;apos;Windows 10&amp;apos;, os.arch: &amp;apos;amd64&amp;apos;, os.version: &amp;apos;10.0&amp;apos;, java.version: &amp;apos;1.8.0_261&amp;apos;
Driver info: org.openqa.selenium.chrome.ChromeDriver
Capabilities {acceptInsecureCerts: false, browserName: chrome, browserVersion: 85.0.4183.102, chrome: {chromedriverVersion: 85.0.4183.87 (cd6713ebf92fa..., userDataDir: C:\Users\TRI~1.NGU\AppData\...}, goog:chromeOptions: {debuggerAddress: localhost:58794}, javascriptEnabled: true, networkConnectionEnabled: false, pageLoadStrategy: normal, platform: WINDOWS, platformName: WINDOWS, proxy: Proxy(), setWindowRect: true, strictFileInteractability: false, timeouts: {implicit: 0, pageLoad: 300000, script: 30000}, unhandledPromptBehavior: dismiss and notify, webauthn:virtualAuthenticators: true}
Session ID: 98e910f4238f751e82dbd12355e92feb">
      <![CDATA[org.openqa.selenium.TimeoutException: Expected condition failed: waiting for visibility of element located by By.xpath: //div[contains(@class, 'jump module skoda')]//span[@class = 'content'] (tried for 30 second(s) with 500 MILLISECONDS interval)
Build info: version: '3.9.1', revision: '63f7b50', time: '2018-02-07T22:25:02.294Z'
System info: host: 'S056005530', ip: '10.0.0.222', os.name: 'Windows 10', os.arch: 'amd64', os.version: '10.0', java.version: '1.8.0_261'
Driver info: org.openqa.selenium.chrome.ChromeDriver
Capabilities {acceptInsecureCerts: false, browserName: chrome, browserVersion: 85.0.4183.102, chrome: {chromedriverVersion: 85.0.4183.87 (cd6713ebf92fa..., userDataDir: C:\Users\TRI~1.NGU\AppData\...}, goog:chromeOptions: {debuggerAddress: localhost:58794}, javascriptEnabled: true, networkConnectionEnabled: false, pageLoadStrategy: normal, platform: WINDOWS, platformName: WINDOWS, proxy: Proxy(), setWindowRect: true, strictFileInteractability: false, timeouts: {implicit: 0, pageLoad: 300000, script: 30000}, unhandledPromptBehavior: dismiss and notify, webauthn:virtualAuthenticators: true}
Session ID: 98e910f4238f751e82dbd12355e92feb
	at org.openqa.selenium.support.ui.WebDriverWait.timeoutException(WebDriverWait.java:82)
	at org.openqa.selenium.support.ui.FluentWait.until(FluentWait.java:231)
	at commons.AbstractPage.hoverMouseToElement(AbstractPage.java:443)
	at pageobject.HomePageObjects.moveToAnyJumpPoint(HomePageObjects.java:34)
	at uk.co.sytner.hompage.JumpPoint.TC_35_JumpPoints_018_Skoda(JumpPoint.java:388)
... Removed 27 stack frames]]>
    </failure>
  </testcase> <!-- TC_35_JumpPoints_018_Skoda -->
  <testcase name="TC_36_JumpPoints_019_Smart" time="30.185" classname="uk.co.sytner.hompage.JumpPoint">
    <skipped/>
  </testcase> <!-- TC_36_JumpPoints_019_Smart -->
  <testcase name="TC_36_JumpPoints_019_Smart" time="30.282" classname="uk.co.sytner.hompage.JumpPoint">
    <skipped/>
  </testcase> <!-- TC_36_JumpPoints_019_Smart -->
  <testcase name="TC_36_JumpPoints_019_Smart" time="30.201" classname="uk.co.sytner.hompage.JumpPoint">
    <failure type="org.openqa.selenium.TimeoutException" message="Expected condition failed: waiting for visibility of element located by By.xpath: //div[contains(@class, &amp;apos;jump module smart&amp;apos;)]//span[@class = &amp;apos;content&amp;apos;] (tried for 30 second(s) with 500 MILLISECONDS interval)
Build info: version: &amp;apos;3.9.1&amp;apos;, revision: &amp;apos;63f7b50&amp;apos;, time: &amp;apos;2018-02-07T22:25:02.294Z&amp;apos;
System info: host: &amp;apos;S056005530&amp;apos;, ip: &amp;apos;10.0.0.222&amp;apos;, os.name: &amp;apos;Windows 10&amp;apos;, os.arch: &amp;apos;amd64&amp;apos;, os.version: &amp;apos;10.0&amp;apos;, java.version: &amp;apos;1.8.0_261&amp;apos;
Driver info: org.openqa.selenium.chrome.ChromeDriver
Capabilities {acceptInsecureCerts: false, browserName: chrome, browserVersion: 85.0.4183.102, chrome: {chromedriverVersion: 85.0.4183.87 (cd6713ebf92fa..., userDataDir: C:\Users\TRI~1.NGU\AppData\...}, goog:chromeOptions: {debuggerAddress: localhost:58794}, javascriptEnabled: true, networkConnectionEnabled: false, pageLoadStrategy: normal, platform: WINDOWS, platformName: WINDOWS, proxy: Proxy(), setWindowRect: true, strictFileInteractability: false, timeouts: {implicit: 0, pageLoad: 300000, script: 30000}, unhandledPromptBehavior: dismiss and notify, webauthn:virtualAuthenticators: true}
Session ID: 98e910f4238f751e82dbd12355e92feb">
      <![CDATA[org.openqa.selenium.TimeoutException: Expected condition failed: waiting for visibility of element located by By.xpath: //div[contains(@class, 'jump module smart')]//span[@class = 'content'] (tried for 30 second(s) with 500 MILLISECONDS interval)
Build info: version: '3.9.1', revision: '63f7b50', time: '2018-02-07T22:25:02.294Z'
System info: host: 'S056005530', ip: '10.0.0.222', os.name: 'Windows 10', os.arch: 'amd64', os.version: '10.0', java.version: '1.8.0_261'
Driver info: org.openqa.selenium.chrome.ChromeDriver
Capabilities {acceptInsecureCerts: false, browserName: chrome, browserVersion: 85.0.4183.102, chrome: {chromedriverVersion: 85.0.4183.87 (cd6713ebf92fa..., userDataDir: C:\Users\TRI~1.NGU\AppData\...}, goog:chromeOptions: {debuggerAddress: localhost:58794}, javascriptEnabled: true, networkConnectionEnabled: false, pageLoadStrategy: normal, platform: WINDOWS, platformName: WINDOWS, proxy: Proxy(), setWindowRect: true, strictFileInteractability: false, timeouts: {implicit: 0, pageLoad: 300000, script: 30000}, unhandledPromptBehavior: dismiss and notify, webauthn:virtualAuthenticators: true}
Session ID: 98e910f4238f751e82dbd12355e92feb
	at org.openqa.selenium.support.ui.WebDriverWait.timeoutException(WebDriverWait.java:82)
	at org.openqa.selenium.support.ui.FluentWait.until(FluentWait.java:231)
	at commons.AbstractPage.hoverMouseToElement(AbstractPage.java:443)
	at pageobject.HomePageObjects.moveToAnyJumpPoint(HomePageObjects.java:34)
	at uk.co.sytner.hompage.JumpPoint.TC_36_JumpPoints_019_Smart(JumpPoint.java:409)
... Removed 27 stack frames]]>
    </failure>
  </testcase> <!-- TC_36_JumpPoints_019_Smart -->
  <testcase name="TC_37_JumpPoints_020_Volkswagen" time="10.053" classname="uk.co.sytner.hompage.JumpPoint">
    <skipped/>
  </testcase> <!-- TC_37_JumpPoints_020_Volkswagen -->
  <testcase name="TC_37_JumpPoints_020_Volkswagen" time="10.011" classname="uk.co.sytner.hompage.JumpPoint">
    <skipped/>
  </testcase> <!-- TC_37_JumpPoints_020_Volkswagen -->
  <testcase name="TC_37_JumpPoints_020_Volkswagen" time="10.006" classname="uk.co.sytner.hompage.JumpPoint">
    <failure type="org.openqa.selenium.TimeoutException" message="Expected condition failed: waiting for visibility of element located by By.xpath: //div[contains(@class, &amp;apos;jump module volkswagen&amp;apos;)] (tried for 10 second(s) with 500 MILLISECONDS interval)
Build info: version: &amp;apos;3.9.1&amp;apos;, revision: &amp;apos;63f7b50&amp;apos;, time: &amp;apos;2018-02-07T22:25:02.294Z&amp;apos;
System info: host: &amp;apos;S056005530&amp;apos;, ip: &amp;apos;10.0.0.222&amp;apos;, os.name: &amp;apos;Windows 10&amp;apos;, os.arch: &amp;apos;amd64&amp;apos;, os.version: &amp;apos;10.0&amp;apos;, java.version: &amp;apos;1.8.0_261&amp;apos;
Driver info: org.openqa.selenium.chrome.ChromeDriver
Capabilities {acceptInsecureCerts: false, browserName: chrome, browserVersion: 85.0.4183.102, chrome: {chromedriverVersion: 85.0.4183.87 (cd6713ebf92fa..., userDataDir: C:\Users\TRI~1.NGU\AppData\...}, goog:chromeOptions: {debuggerAddress: localhost:58794}, javascriptEnabled: true, networkConnectionEnabled: false, pageLoadStrategy: normal, platform: WINDOWS, platformName: WINDOWS, proxy: Proxy(), setWindowRect: true, strictFileInteractability: false, timeouts: {implicit: 0, pageLoad: 300000, script: 30000}, unhandledPromptBehavior: dismiss and notify, webauthn:virtualAuthenticators: true}
Session ID: 98e910f4238f751e82dbd12355e92feb">
      <![CDATA[org.openqa.selenium.TimeoutException: Expected condition failed: waiting for visibility of element located by By.xpath: //div[contains(@class, 'jump module volkswagen')] (tried for 10 second(s) with 500 MILLISECONDS interval)
Build info: version: '3.9.1', revision: '63f7b50', time: '2018-02-07T22:25:02.294Z'
System info: host: 'S056005530', ip: '10.0.0.222', os.name: 'Windows 10', os.arch: 'amd64', os.version: '10.0', java.version: '1.8.0_261'
Driver info: org.openqa.selenium.chrome.ChromeDriver
Capabilities {acceptInsecureCerts: false, browserName: chrome, browserVersion: 85.0.4183.102, chrome: {chromedriverVersion: 85.0.4183.87 (cd6713ebf92fa..., userDataDir: C:\Users\TRI~1.NGU\AppData\...}, goog:chromeOptions: {debuggerAddress: localhost:58794}, javascriptEnabled: true, networkConnectionEnabled: false, pageLoadStrategy: normal, platform: WINDOWS, platformName: WINDOWS, proxy: Proxy(), setWindowRect: true, strictFileInteractability: false, timeouts: {implicit: 0, pageLoad: 300000, script: 30000}, unhandledPromptBehavior: dismiss and notify, webauthn:virtualAuthenticators: true}
Session ID: 98e910f4238f751e82dbd12355e92feb
	at org.openqa.selenium.support.ui.WebDriverWait.timeoutException(WebDriverWait.java:82)
	at org.openqa.selenium.support.ui.FluentWait.until(FluentWait.java:231)
	at commons.AbstractPage.isElementDisplayed(AbstractPage.java:354)
	at pageobject.HomePageObjects.isSpecificJumpPointDisplayed(HomePageObjects.java:29)
	at uk.co.sytner.hompage.JumpPoint.TC_37_JumpPoints_020_Volkswagen(JumpPoint.java:427)
... Removed 27 stack frames]]>
    </failure>
  </testcase> <!-- TC_37_JumpPoints_020_Volkswagen -->
  <testcase name="TC_38_JumpPoints_021_VolkswagenCommercial" time="10.044" classname="uk.co.sytner.hompage.JumpPoint">
    <skipped/>
  </testcase> <!-- TC_38_JumpPoints_021_VolkswagenCommercial -->
  <testcase name="TC_38_JumpPoints_021_VolkswagenCommercial" time="10.057" classname="uk.co.sytner.hompage.JumpPoint">
    <skipped/>
  </testcase> <!-- TC_38_JumpPoints_021_VolkswagenCommercial -->
  <testcase name="TC_38_JumpPoints_021_VolkswagenCommercial" time="10.071" classname="uk.co.sytner.hompage.JumpPoint">
    <failure type="org.openqa.selenium.TimeoutException" message="Expected condition failed: waiting for visibility of element located by By.xpath: //div[contains(@class, &amp;apos;jump module volkswagen-commercial&amp;apos;)] (tried for 10 second(s) with 500 MILLISECONDS interval)
Build info: version: &amp;apos;3.9.1&amp;apos;, revision: &amp;apos;63f7b50&amp;apos;, time: &amp;apos;2018-02-07T22:25:02.294Z&amp;apos;
System info: host: &amp;apos;S056005530&amp;apos;, ip: &amp;apos;10.0.0.222&amp;apos;, os.name: &amp;apos;Windows 10&amp;apos;, os.arch: &amp;apos;amd64&amp;apos;, os.version: &amp;apos;10.0&amp;apos;, java.version: &amp;apos;1.8.0_261&amp;apos;
Driver info: org.openqa.selenium.chrome.ChromeDriver
Capabilities {acceptInsecureCerts: false, browserName: chrome, browserVersion: 85.0.4183.102, chrome: {chromedriverVersion: 85.0.4183.87 (cd6713ebf92fa..., userDataDir: C:\Users\TRI~1.NGU\AppData\...}, goog:chromeOptions: {debuggerAddress: localhost:58794}, javascriptEnabled: true, networkConnectionEnabled: false, pageLoadStrategy: normal, platform: WINDOWS, platformName: WINDOWS, proxy: Proxy(), setWindowRect: true, strictFileInteractability: false, timeouts: {implicit: 0, pageLoad: 300000, script: 30000}, unhandledPromptBehavior: dismiss and notify, webauthn:virtualAuthenticators: true}
Session ID: 98e910f4238f751e82dbd12355e92feb">
      <![CDATA[org.openqa.selenium.TimeoutException: Expected condition failed: waiting for visibility of element located by By.xpath: //div[contains(@class, 'jump module volkswagen-commercial')] (tried for 10 second(s) with 500 MILLISECONDS interval)
Build info: version: '3.9.1', revision: '63f7b50', time: '2018-02-07T22:25:02.294Z'
System info: host: 'S056005530', ip: '10.0.0.222', os.name: 'Windows 10', os.arch: 'amd64', os.version: '10.0', java.version: '1.8.0_261'
Driver info: org.openqa.selenium.chrome.ChromeDriver
Capabilities {acceptInsecureCerts: false, browserName: chrome, browserVersion: 85.0.4183.102, chrome: {chromedriverVersion: 85.0.4183.87 (cd6713ebf92fa..., userDataDir: C:\Users\TRI~1.NGU\AppData\...}, goog:chromeOptions: {debuggerAddress: localhost:58794}, javascriptEnabled: true, networkConnectionEnabled: false, pageLoadStrategy: normal, platform: WINDOWS, platformName: WINDOWS, proxy: Proxy(), setWindowRect: true, strictFileInteractability: false, timeouts: {implicit: 0, pageLoad: 300000, script: 30000}, unhandledPromptBehavior: dismiss and notify, webauthn:virtualAuthenticators: true}
Session ID: 98e910f4238f751e82dbd12355e92feb
	at org.openqa.selenium.support.ui.WebDriverWait.timeoutException(WebDriverWait.java:82)
	at org.openqa.selenium.support.ui.FluentWait.until(FluentWait.java:231)
	at commons.AbstractPage.isElementDisplayed(AbstractPage.java:354)
	at pageobject.HomePageObjects.isSpecificJumpPointDisplayed(HomePageObjects.java:29)
	at uk.co.sytner.hompage.JumpPoint.TC_38_JumpPoints_021_VolkswagenCommercial(JumpPoint.java:448)
... Removed 27 stack frames]]>
    </failure>
  </testcase> <!-- TC_38_JumpPoints_021_VolkswagenCommercial -->
  <testcase name="TC_39_JumpPoints_022_Volvo" time="30.193" classname="uk.co.sytner.hompage.JumpPoint">
    <skipped/>
  </testcase> <!-- TC_39_JumpPoints_022_Volvo -->
  <testcase name="TC_39_JumpPoints_022_Volvo" time="30.14" classname="uk.co.sytner.hompage.JumpPoint">
    <skipped/>
  </testcase> <!-- TC_39_JumpPoints_022_Volvo -->
  <testcase name="TC_39_JumpPoints_022_Volvo" time="30.095" classname="uk.co.sytner.hompage.JumpPoint">
    <failure type="org.openqa.selenium.TimeoutException" message="Expected condition failed: waiting for visibility of element located by By.xpath: //div[contains(@class, &amp;apos;jump module volvo&amp;apos;)]//span[@class = &amp;apos;content&amp;apos;] (tried for 30 second(s) with 500 MILLISECONDS interval)
Build info: version: &amp;apos;3.9.1&amp;apos;, revision: &amp;apos;63f7b50&amp;apos;, time: &amp;apos;2018-02-07T22:25:02.294Z&amp;apos;
System info: host: &amp;apos;S056005530&amp;apos;, ip: &amp;apos;10.0.0.222&amp;apos;, os.name: &amp;apos;Windows 10&amp;apos;, os.arch: &amp;apos;amd64&amp;apos;, os.version: &amp;apos;10.0&amp;apos;, java.version: &amp;apos;1.8.0_261&amp;apos;
Driver info: org.openqa.selenium.chrome.ChromeDriver
Capabilities {acceptInsecureCerts: false, browserName: chrome, browserVersion: 85.0.4183.102, chrome: {chromedriverVersion: 85.0.4183.87 (cd6713ebf92fa..., userDataDir: C:\Users\TRI~1.NGU\AppData\...}, goog:chromeOptions: {debuggerAddress: localhost:58794}, javascriptEnabled: true, networkConnectionEnabled: false, pageLoadStrategy: normal, platform: WINDOWS, platformName: WINDOWS, proxy: Proxy(), setWindowRect: true, strictFileInteractability: false, timeouts: {implicit: 0, pageLoad: 300000, script: 30000}, unhandledPromptBehavior: dismiss and notify, webauthn:virtualAuthenticators: true}
Session ID: 98e910f4238f751e82dbd12355e92feb">
      <![CDATA[org.openqa.selenium.TimeoutException: Expected condition failed: waiting for visibility of element located by By.xpath: //div[contains(@class, 'jump module volvo')]//span[@class = 'content'] (tried for 30 second(s) with 500 MILLISECONDS interval)
Build info: version: '3.9.1', revision: '63f7b50', time: '2018-02-07T22:25:02.294Z'
System info: host: 'S056005530', ip: '10.0.0.222', os.name: 'Windows 10', os.arch: 'amd64', os.version: '10.0', java.version: '1.8.0_261'
Driver info: org.openqa.selenium.chrome.ChromeDriver
Capabilities {acceptInsecureCerts: false, browserName: chrome, browserVersion: 85.0.4183.102, chrome: {chromedriverVersion: 85.0.4183.87 (cd6713ebf92fa..., userDataDir: C:\Users\TRI~1.NGU\AppData\...}, goog:chromeOptions: {debuggerAddress: localhost:58794}, javascriptEnabled: true, networkConnectionEnabled: false, pageLoadStrategy: normal, platform: WINDOWS, platformName: WINDOWS, proxy: Proxy(), setWindowRect: true, strictFileInteractability: false, timeouts: {implicit: 0, pageLoad: 300000, script: 30000}, unhandledPromptBehavior: dismiss and notify, webauthn:virtualAuthenticators: true}
Session ID: 98e910f4238f751e82dbd12355e92feb
	at org.openqa.selenium.support.ui.WebDriverWait.timeoutException(WebDriverWait.java:82)
	at org.openqa.selenium.support.ui.FluentWait.until(FluentWait.java:231)
	at commons.AbstractPage.hoverMouseToElement(AbstractPage.java:443)
	at pageobject.HomePageObjects.moveToAnyJumpPoint(HomePageObjects.java:34)
	at uk.co.sytner.hompage.JumpPoint.TC_39_JumpPoints_022_Volvo(JumpPoint.java:472)
... Removed 27 stack frames]]>
    </failure>
  </testcase> <!-- TC_39_JumpPoints_022_Volvo -->
</testsuite> <!-- Run test on Chrome browser -->
